[0.020s] Invoking command in '/home/ares/ares_code_projects/build/my_robot_description': CMAKE_PREFIX_PATH=${CMAKE_PREFIX_PATH}:/home/ares/Desktop/dog/install/omni_mpc_controller:/home/ares/Desktop/dog/install/laser:/home/ares/ares_code_projects/R1/install/omni_mpc_controller:/home/ares/ares_code_projects/R1/install/laser:/opt/ros/humble CONDA_PROMPT_MODIFIER=(base) /usr/bin/cmake /home/ares/ares_code_projects/src/my_robot_description -DR1=ON -DCMAKE_BUILD_TYPE=Release -DAMENT_CMAKE_SYMLINK_INSTALL=1 -DCMAKE_INSTALL_PREFIX=/home/ares/ares_code_projects/install/my_robot_description
[0.313s] -- Found ament_cmake: 1.3.11 (/opt/ros/humble/share/ament_cmake/cmake)
[0.313s] -- Found Python3: /home/ares/miniconda3/bin/python3 (found version "3.13.2") found components: Interpreter 
[0.314s] -- Override CMake install command with custom implementation using symlinks instead of copying resources
[0.409s] -- Configuring done
[0.411s] -- Generating done
[0.412s] -- Build files have been written to: /home/ares/ares_code_projects/build/my_robot_description
[0.415s] Invoked command in '/home/ares/ares_code_projects/build/my_robot_description' returned '0': CMAKE_PREFIX_PATH=${CMAKE_PREFIX_PATH}:/home/ares/Desktop/dog/install/omni_mpc_controller:/home/ares/Desktop/dog/install/laser:/home/ares/ares_code_projects/R1/install/omni_mpc_controller:/home/ares/ares_code_projects/R1/install/laser:/opt/ros/humble CONDA_PROMPT_MODIFIER=(base) /usr/bin/cmake /home/ares/ares_code_projects/src/my_robot_description -DR1=ON -DCMAKE_BUILD_TYPE=Release -DAMENT_CMAKE_SYMLINK_INSTALL=1 -DCMAKE_INSTALL_PREFIX=/home/ares/ares_code_projects/install/my_robot_description
[0.416s] Invoking command in '/home/ares/ares_code_projects/build/my_robot_description': CMAKE_PREFIX_PATH=${CMAKE_PREFIX_PATH}:/home/ares/Desktop/dog/install/omni_mpc_controller:/home/ares/Desktop/dog/install/laser:/home/ares/ares_code_projects/R1/install/omni_mpc_controller:/home/ares/ares_code_projects/R1/install/laser:/opt/ros/humble CONDA_PROMPT_MODIFIER=(base) /usr/bin/cmake --build /home/ares/ares_code_projects/build/my_robot_description -- -j16 -l16
[0.445s] Invoked command in '/home/ares/ares_code_projects/build/my_robot_description' returned '0': CMAKE_PREFIX_PATH=${CMAKE_PREFIX_PATH}:/home/ares/Desktop/dog/install/omni_mpc_controller:/home/ares/Desktop/dog/install/laser:/home/ares/ares_code_projects/R1/install/omni_mpc_controller:/home/ares/ares_code_projects/R1/install/laser:/opt/ros/humble CONDA_PROMPT_MODIFIER=(base) /usr/bin/cmake --build /home/ares/ares_code_projects/build/my_robot_description -- -j16 -l16
[0.451s] Invoking command in '/home/ares/ares_code_projects/build/my_robot_description': CMAKE_PREFIX_PATH=${CMAKE_PREFIX_PATH}:/home/ares/Desktop/dog/install/omni_mpc_controller:/home/ares/Desktop/dog/install/laser:/home/ares/ares_code_projects/R1/install/omni_mpc_controller:/home/ares/ares_code_projects/R1/install/laser:/opt/ros/humble CONDA_PROMPT_MODIFIER=(base) /usr/bin/cmake --install /home/ares/ares_code_projects/build/my_robot_description
[0.454s] -- Install configuration: ""
[0.455s] -- Execute custom install script
[0.455s] -- Symlinking: /home/ares/ares_code_projects/install/my_robot_description/share/my_robot_description//worlds/basketball.world
[0.459s] -- Symlinking: /home/ares/ares_code_projects/install/my_robot_description/share/my_robot_description//worlds/new_vision.world
[0.464s] -- Symlinking: /home/ares/ares_code_projects/install/my_robot_description/share/my_robot_description//worlds/robocon25.world
[0.470s] -- Symlinking: /home/ares/ares_code_projects/install/my_robot_description/share/my_robot_description//models/RoboCon25_Field/materials/scripts/robocon25_field.material
[0.475s] -- Symlinking: /home/ares/ares_code_projects/install/my_robot_description/share/my_robot_description//models/RoboCon25_Field/materials/textures/carpet.jpg
[0.480s] -- Symlinking: /home/ares/ares_code_projects/install/my_robot_description/share/my_robot_description//models/RoboCon25_Field/materials/textures/lines.png
[0.485s] -- Symlinking: /home/ares/ares_code_projects/install/my_robot_description/share/my_robot_description//models/RoboCon25_Field/model.config
[0.492s] -- Symlinking: /home/ares/ares_code_projects/install/my_robot_description/share/my_robot_description//models/RoboCon25_Field/model.sdf
[0.497s] -- Symlinking: /home/ares/ares_code_projects/install/my_robot_description/share/my_robot_description//models/basketball/basketball.sdf
[0.502s] -- Symlinking: /home/ares/ares_code_projects/install/my_robot_description/share/my_robot_description//models/basketball/model.config
[0.506s] -- Symlinking: /home/ares/ares_code_projects/install/my_robot_description/share/my_robot_description//models/basketball/model.dae
[0.510s] -- Symlinking: /home/ares/ares_code_projects/install/my_robot_description/share/my_robot_description//models/hoop1/hoop.sdf
[0.515s] -- Symlinking: /home/ares/ares_code_projects/install/my_robot_description/share/my_robot_description//models/hoop1/model.config
[0.520s] -- Symlinking: /home/ares/ares_code_projects/install/my_robot_description/share/my_robot_description//models/hoop1/model.dae
[0.525s] -- Symlinking: /home/ares/ares_code_projects/install/my_robot_description/share/my_robot_description//models/hoop1/model/BB2140.jpg
[0.530s] -- Symlinking: /home/ares/ares_code_projects/install/my_robot_description/share/my_robot_description//models/hoop1/model/model.config
[0.534s] -- Symlinking: /home/ares/ares_code_projects/install/my_robot_description/share/my_robot_description//models/hoop2/hoop.sdf
[0.542s] -- Symlinking: /home/ares/ares_code_projects/install/my_robot_description/share/my_robot_description//models/hoop2/model.config
[0.549s] -- Symlinking: /home/ares/ares_code_projects/install/my_robot_description/share/my_robot_description//models/hoop2/model.dae
[0.556s] -- Symlinking: /home/ares/ares_code_projects/install/my_robot_description/share/my_robot_description//models/hoop2/model/BB2140.jpg
[0.564s] -- Symlinking: /home/ares/ares_code_projects/install/my_robot_description/share/my_robot_description//models/hoop2/model/model.config
[0.569s] -- Symlinking: /home/ares/ares_code_projects/install/my_robot_description/share/my_robot_description//models/hoopC/model.config
[0.575s] -- Symlinking: /home/ares/ares_code_projects/install/my_robot_description/share/my_robot_description//models/hoopC/model.dae
[0.579s] -- Symlinking: /home/ares/ares_code_projects/install/my_robot_description/share/my_robot_description//models/model.config
[0.584s] -- Symlinking: /home/ares/ares_code_projects/install/my_robot_description/share/my_robot_description//models/robot.model
[0.589s] -- Symlinking: /home/ares/ares_code_projects/install/my_robot_description/share/my_robot_description//urdf/actuator/wheel.urdf.xacro
[0.595s] -- Symlinking: /home/ares/ares_code_projects/install/my_robot_description/share/my_robot_description//urdf/color.xacro
[0.599s] -- Symlinking: /home/ares/ares_code_projects/install/my_robot_description/share/my_robot_description//urdf/common_inertia.xacro
[0.604s] -- Symlinking: /home/ares/ares_code_projects/install/my_robot_description/share/my_robot_description//urdf/my_robot.urdf.xacro
[0.608s] -- Symlinking: /home/ares/ares_code_projects/install/my_robot_description/share/my_robot_description//urdf/my_robot.urdf1.xacro
[0.613s] -- Symlinking: /home/ares/ares_code_projects/install/my_robot_description/share/my_robot_description//urdf/my_robot.urdf_bak.xacro
[0.619s] -- Symlinking: /home/ares/ares_code_projects/install/my_robot_description/share/my_robot_description//urdf/my_robot.urdf_bak1.xacro
[0.626s] -- Symlinking: /home/ares/ares_code_projects/install/my_robot_description/share/my_robot_description//urdf/myrobot_ros2_control.xacro
[0.633s] -- Symlinking: /home/ares/ares_code_projects/install/my_robot_description/share/my_robot_description//urdf/plugin/imu_plugin copy.xacro
[0.641s] -- Symlinking: /home/ares/ares_code_projects/install/my_robot_description/share/my_robot_description//urdf/plugin/imu_plugin.xacro
[0.649s] -- Symlinking: /home/ares/ares_code_projects/install/my_robot_description/share/my_robot_description//urdf/plugin/laser_plugin.xacro
[0.654s] -- Symlinking: /home/ares/ares_code_projects/install/my_robot_description/share/my_robot_description//urdf/plugin/laser_plugin_single.xacro
[0.659s] -- Symlinking: /home/ares/ares_code_projects/install/my_robot_description/share/my_robot_description//urdf/sensor/imu.urdf copy.xacro
[0.665s] -- Symlinking: /home/ares/ares_code_projects/install/my_robot_description/share/my_robot_description//urdf/sensor/imu.urdf.xacro
[0.671s] -- Symlinking: /home/ares/ares_code_projects/install/my_robot_description/share/my_robot_description//urdf/sensor/laser.urdf.xacro
[0.676s] -- Symlinking: /home/ares/ares_code_projects/install/my_robot_description/share/my_robot_description//urdf/sensor/laser_single.urdf.xacro
[0.682s] -- Symlinking: /home/ares/ares_code_projects/install/my_robot_description/share/my_robot_description//urdf/舵轮底盘0.csv
[0.688s] -- Symlinking: /home/ares/ares_code_projects/install/my_robot_description/share/my_robot_description//launch/control.launch.py
[0.693s] -- Symlinking: /home/ares/ares_code_projects/install/my_robot_description/share/my_robot_description//launch/display.launch.xml
[0.699s] -- Symlinking: /home/ares/ares_code_projects/install/my_robot_description/share/my_robot_description//launch/load_world.launch.py
[0.703s] -- Symlinking: /home/ares/ares_code_projects/install/my_robot_description/share/my_robot_description//launch/load_world.launch.xml
[0.708s] -- Symlinking: /home/ares/ares_code_projects/install/my_robot_description/share/my_robot_description//rviz/urdf_config.rviz
[0.713s] -- Symlinking: /home/ares/ares_code_projects/install/my_robot_description/share/my_robot_description//meshes/base_link.STL
[0.718s] -- Symlinking: /home/ares/ares_code_projects/install/my_robot_description/share/my_robot_description//meshes/wheel1.STL
[0.722s] -- Symlinking: /home/ares/ares_code_projects/install/my_robot_description/share/my_robot_description//meshes/wheel1_1.STL
[0.727s] -- Symlinking: /home/ares/ares_code_projects/install/my_robot_description/share/my_robot_description//meshes/wheel2.STL
[0.732s] -- Symlinking: /home/ares/ares_code_projects/install/my_robot_description/share/my_robot_description//meshes/wheel2_2.STL
[0.736s] -- Symlinking: /home/ares/ares_code_projects/install/my_robot_description/share/my_robot_description//meshes/wheel3.STL
[0.741s] -- Symlinking: /home/ares/ares_code_projects/install/my_robot_description/share/my_robot_description//meshes/wheel3_3.STL
[0.746s] -- Symlinking: /home/ares/ares_code_projects/install/my_robot_description/share/my_robot_description//config/joint_names_舵轮底盘0.yaml
[0.751s] -- Symlinking: /home/ares/ares_code_projects/install/my_robot_description/share/ament_index/resource_index/package_run_dependencies/my_robot_description
[0.758s] -- Symlinking: /home/ares/ares_code_projects/install/my_robot_description/share/ament_index/resource_index/parent_prefix_path/my_robot_description
[0.764s] -- Symlinking: /home/ares/ares_code_projects/install/my_robot_description/share/my_robot_description/environment/ament_prefix_path.sh
[0.770s] -- Symlinking: /home/ares/ares_code_projects/install/my_robot_description/share/my_robot_description/environment/ament_prefix_path.dsv
[0.775s] -- Symlinking: /home/ares/ares_code_projects/install/my_robot_description/share/my_robot_description/environment/path.sh
[0.781s] -- Symlinking: /home/ares/ares_code_projects/install/my_robot_description/share/my_robot_description/environment/path.dsv
[0.788s] -- Symlinking: /home/ares/ares_code_projects/install/my_robot_description/share/my_robot_description/local_setup.bash
[0.794s] -- Symlinking: /home/ares/ares_code_projects/install/my_robot_description/share/my_robot_description/local_setup.sh
[0.800s] -- Symlinking: /home/ares/ares_code_projects/install/my_robot_description/share/my_robot_description/local_setup.zsh
[0.805s] -- Symlinking: /home/ares/ares_code_projects/install/my_robot_description/share/my_robot_description/local_setup.dsv
[0.810s] -- Symlinking: /home/ares/ares_code_projects/install/my_robot_description/share/my_robot_description/package.dsv
[0.816s] -- Symlinking: /home/ares/ares_code_projects/install/my_robot_description/share/ament_index/resource_index/packages/my_robot_description
[0.821s] -- Symlinking: /home/ares/ares_code_projects/install/my_robot_description/share/my_robot_description/cmake/my_robot_descriptionConfig.cmake
[0.827s] -- Symlinking: /home/ares/ares_code_projects/install/my_robot_description/share/my_robot_description/cmake/my_robot_descriptionConfig-version.cmake
[0.832s] -- Symlinking: /home/ares/ares_code_projects/install/my_robot_description/share/my_robot_description/package.xml
[0.838s] Invoked command in '/home/ares/ares_code_projects/build/my_robot_description' returned '0': CMAKE_PREFIX_PATH=${CMAKE_PREFIX_PATH}:/home/ares/Desktop/dog/install/omni_mpc_controller:/home/ares/Desktop/dog/install/laser:/home/ares/ares_code_projects/R1/install/omni_mpc_controller:/home/ares/ares_code_projects/R1/install/laser:/opt/ros/humble CONDA_PROMPT_MODIFIER=(base) /usr/bin/cmake --install /home/ares/ares_code_projects/build/my_robot_description
