[0.017s] Invoking command in '/home/ares/ares_code_projects/R2/build/my_robot_description': CMAKE_PREFIX_PATH=${CMAKE_PREFIX_PATH}:/home/ares/ares_code_projects/R1/install/omni_mpc_controller:/home/ares/ares_code_projects/R1/install/laser:/opt/ros/humble CONDA_PROMPT_MODIFIER=(base) /usr/bin/cmake /home/ares/ares_code_projects/R2/src/my_robot_description -DAMENT_CMAKE_SYMLINK_INSTALL=1 -DCMAKE_INSTALL_PREFIX=/home/ares/ares_code_projects/R2/install/my_robot_description
[0.307s] -- The C compiler identification is GNU 11.4.0
[0.307s] -- The CXX compiler identification is GNU 11.4.0
[0.307s] -- Detecting C compiler ABI info
[0.307s] -- Detecting C compiler ABI info - done
[0.307s] -- Check for working C compiler: /usr/bin/cc - skipped
[0.307s] -- Detecting C compile features
[0.307s] -- Detecting C compile features - done
[0.307s] -- Detecting CXX compiler ABI info
[0.307s] -- Detecting CXX compiler ABI info - done
[0.307s] -- Check for working CXX compiler: /usr/bin/c++ - skipped
[0.307s] -- Detecting CXX compile features
[0.307s] -- Detecting CXX compile features - done
[0.307s] -- Found ament_cmake: 1.3.11 (/opt/ros/humble/share/ament_cmake/cmake)
[0.405s] -- Found Python3: /home/ares/miniconda3/bin/python3 (found version "3.13.2") found components: Interpreter 
[0.457s] -- Override CMake install command with custom implementation using symlinks instead of copying resources
[0.548s] -- Configuring done
[0.550s] -- Generating done
[0.550s] -- Build files have been written to: /home/ares/ares_code_projects/R2/build/my_robot_description
[0.552s] Invoked command in '/home/ares/ares_code_projects/R2/build/my_robot_description' returned '0': CMAKE_PREFIX_PATH=${CMAKE_PREFIX_PATH}:/home/ares/ares_code_projects/R1/install/omni_mpc_controller:/home/ares/ares_code_projects/R1/install/laser:/opt/ros/humble CONDA_PROMPT_MODIFIER=(base) /usr/bin/cmake /home/ares/ares_code_projects/R2/src/my_robot_description -DAMENT_CMAKE_SYMLINK_INSTALL=1 -DCMAKE_INSTALL_PREFIX=/home/ares/ares_code_projects/R2/install/my_robot_description
[0.553s] Invoking command in '/home/ares/ares_code_projects/R2/build/my_robot_description': CMAKE_PREFIX_PATH=${CMAKE_PREFIX_PATH}:/home/ares/ares_code_projects/R1/install/omni_mpc_controller:/home/ares/ares_code_projects/R1/install/laser:/opt/ros/humble CONDA_PROMPT_MODIFIER=(base) /usr/bin/cmake --build /home/ares/ares_code_projects/R2/build/my_robot_description -- -j16 -l16
[0.579s] Invoked command in '/home/ares/ares_code_projects/R2/build/my_robot_description' returned '0': CMAKE_PREFIX_PATH=${CMAKE_PREFIX_PATH}:/home/ares/ares_code_projects/R1/install/omni_mpc_controller:/home/ares/ares_code_projects/R1/install/laser:/opt/ros/humble CONDA_PROMPT_MODIFIER=(base) /usr/bin/cmake --build /home/ares/ares_code_projects/R2/build/my_robot_description -- -j16 -l16
[0.585s] Invoking command in '/home/ares/ares_code_projects/R2/build/my_robot_description': CMAKE_PREFIX_PATH=${CMAKE_PREFIX_PATH}:/home/ares/ares_code_projects/R1/install/omni_mpc_controller:/home/ares/ares_code_projects/R1/install/laser:/opt/ros/humble CONDA_PROMPT_MODIFIER=(base) /usr/bin/cmake --install /home/ares/ares_code_projects/R2/build/my_robot_description
[0.589s] -- Install configuration: ""
[0.590s] -- Execute custom install script
[0.590s] -- Symlinking: /home/ares/ares_code_projects/R2/install/my_robot_description/share/my_robot_description//worlds/basketball.world
[0.596s] -- Symlinking: /home/ares/ares_code_projects/R2/install/my_robot_description/share/my_robot_description//worlds/new_vision.world
[0.602s] -- Symlinking: /home/ares/ares_code_projects/R2/install/my_robot_description/share/my_robot_description//worlds/robocon25.world
[0.610s] -- Symlinking: /home/ares/ares_code_projects/R2/install/my_robot_description/share/my_robot_description//models/RoboCon25_Field/materials/scripts/robocon25_field.material
[0.615s] -- Symlinking: /home/ares/ares_code_projects/R2/install/my_robot_description/share/my_robot_description//models/RoboCon25_Field/materials/textures/carpet.jpg
[0.620s] -- Symlinking: /home/ares/ares_code_projects/R2/install/my_robot_description/share/my_robot_description//models/RoboCon25_Field/materials/textures/lines.png
[0.625s] -- Symlinking: /home/ares/ares_code_projects/R2/install/my_robot_description/share/my_robot_description//models/RoboCon25_Field/model.config
[0.633s] -- Symlinking: /home/ares/ares_code_projects/R2/install/my_robot_description/share/my_robot_description//models/RoboCon25_Field/model.sdf
[0.637s] -- Symlinking: /home/ares/ares_code_projects/R2/install/my_robot_description/share/my_robot_description//models/basketball/basketball.sdf
[0.641s] -- Symlinking: /home/ares/ares_code_projects/R2/install/my_robot_description/share/my_robot_description//models/basketball/model.config
[0.645s] -- Symlinking: /home/ares/ares_code_projects/R2/install/my_robot_description/share/my_robot_description//models/basketball/model.dae
[0.650s] -- Symlinking: /home/ares/ares_code_projects/R2/install/my_robot_description/share/my_robot_description//models/hoop1/hoop.sdf
[0.657s] -- Symlinking: /home/ares/ares_code_projects/R2/install/my_robot_description/share/my_robot_description//models/hoop1/model.config
[0.663s] -- Symlinking: /home/ares/ares_code_projects/R2/install/my_robot_description/share/my_robot_description//models/hoop1/model.dae
[0.670s] -- Symlinking: /home/ares/ares_code_projects/R2/install/my_robot_description/share/my_robot_description//models/hoop1/model/BB2140.jpg
[0.676s] -- Symlinking: /home/ares/ares_code_projects/R2/install/my_robot_description/share/my_robot_description//models/hoop1/model/model.config
[0.681s] -- Symlinking: /home/ares/ares_code_projects/R2/install/my_robot_description/share/my_robot_description//models/hoop2/hoop.sdf
[0.687s] -- Symlinking: /home/ares/ares_code_projects/R2/install/my_robot_description/share/my_robot_description//models/hoop2/model.config
[0.692s] -- Symlinking: /home/ares/ares_code_projects/R2/install/my_robot_description/share/my_robot_description//models/hoop2/model.dae
[0.698s] -- Symlinking: /home/ares/ares_code_projects/R2/install/my_robot_description/share/my_robot_description//models/hoop2/model/BB2140.jpg
[0.703s] -- Symlinking: /home/ares/ares_code_projects/R2/install/my_robot_description/share/my_robot_description//models/hoop2/model/model.config
[0.710s] -- Symlinking: /home/ares/ares_code_projects/R2/install/my_robot_description/share/my_robot_description//models/hoopC/model.config
[0.715s] -- Symlinking: /home/ares/ares_code_projects/R2/install/my_robot_description/share/my_robot_description//models/hoopC/model.dae
[0.722s] -- Symlinking: /home/ares/ares_code_projects/R2/install/my_robot_description/share/my_robot_description//models/model.config
[0.727s] -- Symlinking: /home/ares/ares_code_projects/R2/install/my_robot_description/share/my_robot_description//models/robot.model
[0.733s] -- Symlinking: /home/ares/ares_code_projects/R2/install/my_robot_description/share/my_robot_description//urdf/actuator/wheel.urdf.xacro
[0.739s] -- Symlinking: /home/ares/ares_code_projects/R2/install/my_robot_description/share/my_robot_description//urdf/color.xacro
[0.745s] -- Symlinking: /home/ares/ares_code_projects/R2/install/my_robot_description/share/my_robot_description//urdf/common_inertia.xacro
[0.750s] -- Symlinking: /home/ares/ares_code_projects/R2/install/my_robot_description/share/my_robot_description//urdf/my_robot.urdf.xacro
[0.756s] -- Symlinking: /home/ares/ares_code_projects/R2/install/my_robot_description/share/my_robot_description//urdf/my_robot.urdf1.xacro
[0.762s] -- Symlinking: /home/ares/ares_code_projects/R2/install/my_robot_description/share/my_robot_description//urdf/my_robot.urdf_bak.xacro
[0.768s] -- Symlinking: /home/ares/ares_code_projects/R2/install/my_robot_description/share/my_robot_description//urdf/my_robot.urdf_bak1.xacro
[0.775s] -- Symlinking: /home/ares/ares_code_projects/R2/install/my_robot_description/share/my_robot_description//urdf/myrobot_ros2_control.xacro
[0.781s] -- Symlinking: /home/ares/ares_code_projects/R2/install/my_robot_description/share/my_robot_description//urdf/plugin/imu_plugin copy.xacro
[0.785s] -- Symlinking: /home/ares/ares_code_projects/R2/install/my_robot_description/share/my_robot_description//urdf/plugin/imu_plugin.xacro
[0.790s] -- Symlinking: /home/ares/ares_code_projects/R2/install/my_robot_description/share/my_robot_description//urdf/plugin/laser_plugin.xacro
[0.796s] -- Symlinking: /home/ares/ares_code_projects/R2/install/my_robot_description/share/my_robot_description//urdf/plugin/laser_plugin_single.xacro
[0.800s] -- Symlinking: /home/ares/ares_code_projects/R2/install/my_robot_description/share/my_robot_description//urdf/sensor/imu.urdf copy.xacro
[0.804s] -- Symlinking: /home/ares/ares_code_projects/R2/install/my_robot_description/share/my_robot_description//urdf/sensor/imu.urdf.xacro
[0.810s] -- Symlinking: /home/ares/ares_code_projects/R2/install/my_robot_description/share/my_robot_description//urdf/sensor/laser.urdf.xacro
[0.816s] -- Symlinking: /home/ares/ares_code_projects/R2/install/my_robot_description/share/my_robot_description//urdf/sensor/laser_single.urdf.xacro
[0.822s] -- Symlinking: /home/ares/ares_code_projects/R2/install/my_robot_description/share/my_robot_description//urdf/舵轮底盘0.csv
[0.828s] -- Symlinking: /home/ares/ares_code_projects/R2/install/my_robot_description/share/my_robot_description//launch/control.launch.py
[0.833s] -- Symlinking: /home/ares/ares_code_projects/R2/install/my_robot_description/share/my_robot_description//launch/display.launch.xml
[0.841s] -- Symlinking: /home/ares/ares_code_projects/R2/install/my_robot_description/share/my_robot_description//launch/load_world.launch.py
[0.845s] -- Symlinking: /home/ares/ares_code_projects/R2/install/my_robot_description/share/my_robot_description//launch/load_world.launch.xml
[0.849s] -- Symlinking: /home/ares/ares_code_projects/R2/install/my_robot_description/share/my_robot_description//rviz/urdf_config.rviz
[0.854s] -- Symlinking: /home/ares/ares_code_projects/R2/install/my_robot_description/share/my_robot_description//meshes/base_link.STL
[0.860s] -- Symlinking: /home/ares/ares_code_projects/R2/install/my_robot_description/share/my_robot_description//meshes/wheel1.STL
[0.866s] -- Symlinking: /home/ares/ares_code_projects/R2/install/my_robot_description/share/my_robot_description//meshes/wheel1_1.STL
[0.872s] -- Symlinking: /home/ares/ares_code_projects/R2/install/my_robot_description/share/my_robot_description//meshes/wheel2.STL
[0.877s] -- Symlinking: /home/ares/ares_code_projects/R2/install/my_robot_description/share/my_robot_description//meshes/wheel2_2.STL
[0.883s] -- Symlinking: /home/ares/ares_code_projects/R2/install/my_robot_description/share/my_robot_description//meshes/wheel3.STL
[0.888s] -- Symlinking: /home/ares/ares_code_projects/R2/install/my_robot_description/share/my_robot_description//meshes/wheel3_3.STL
[0.893s] -- Symlinking: /home/ares/ares_code_projects/R2/install/my_robot_description/share/my_robot_description//config/joint_names_舵轮底盘0.yaml
[0.898s] -- Symlinking: /home/ares/ares_code_projects/R2/install/my_robot_description/share/ament_index/resource_index/package_run_dependencies/my_robot_description
[0.903s] -- Symlinking: /home/ares/ares_code_projects/R2/install/my_robot_description/share/ament_index/resource_index/parent_prefix_path/my_robot_description
[0.907s] -- Symlinking: /home/ares/ares_code_projects/R2/install/my_robot_description/share/my_robot_description/environment/ament_prefix_path.sh
[0.911s] -- Symlinking: /home/ares/ares_code_projects/R2/install/my_robot_description/share/my_robot_description/environment/ament_prefix_path.dsv
[0.915s] -- Symlinking: /home/ares/ares_code_projects/R2/install/my_robot_description/share/my_robot_description/environment/path.sh
[0.919s] -- Symlinking: /home/ares/ares_code_projects/R2/install/my_robot_description/share/my_robot_description/environment/path.dsv
[0.925s] -- Symlinking: /home/ares/ares_code_projects/R2/install/my_robot_description/share/my_robot_description/local_setup.bash
[0.930s] -- Symlinking: /home/ares/ares_code_projects/R2/install/my_robot_description/share/my_robot_description/local_setup.sh
[0.934s] -- Symlinking: /home/ares/ares_code_projects/R2/install/my_robot_description/share/my_robot_description/local_setup.zsh
[0.938s] -- Symlinking: /home/ares/ares_code_projects/R2/install/my_robot_description/share/my_robot_description/local_setup.dsv
[0.944s] -- Symlinking: /home/ares/ares_code_projects/R2/install/my_robot_description/share/my_robot_description/package.dsv
[0.950s] -- Symlinking: /home/ares/ares_code_projects/R2/install/my_robot_description/share/ament_index/resource_index/packages/my_robot_description
[0.955s] -- Symlinking: /home/ares/ares_code_projects/R2/install/my_robot_description/share/my_robot_description/cmake/my_robot_descriptionConfig.cmake
[0.960s] -- Symlinking: /home/ares/ares_code_projects/R2/install/my_robot_description/share/my_robot_description/cmake/my_robot_descriptionConfig-version.cmake
[0.964s] -- Symlinking: /home/ares/ares_code_projects/R2/install/my_robot_description/share/my_robot_description/package.xml
[0.971s] Invoked command in '/home/ares/ares_code_projects/R2/build/my_robot_description' returned '0': CMAKE_PREFIX_PATH=${CMAKE_PREFIX_PATH}:/home/ares/ares_code_projects/R1/install/omni_mpc_controller:/home/ares/ares_code_projects/R1/install/laser:/opt/ros/humble CONDA_PROMPT_MODIFIER=(base) /usr/bin/cmake --install /home/ares/ares_code_projects/R2/build/my_robot_description
