[0.317s] Invoking command in '/home/ares/ares_code_projects/R1/build/remote_rc_node': CMAKE_PREFIX_PATH=${CMAKE_PREFIX_PATH}:/home/ares/Desktop/dog/install/omni_mpc_controller:/home/ares/Desktop/dog/install/laser:/home/ares/ares_code_projects/R1/install/omni_mpc_controller:/home/ares/ares_code_projects/R1/install/laser:/opt/ros/humble CONDA_PROMPT_MODIFIER=(base) /usr/bin/cmake /home/ares/ares_code_projects/R1/src/remote_rc_node -DCMAKE_BUILD_TYPE=Release -DAMENT_CMAKE_SYMLINK_INSTALL=1 -DCMAKE_INSTALL_PREFIX=/home/ares/ares_code_projects/R1/install/remote_rc_node
[0.361s] -- The CXX compiler identification is GNU 11.4.0
[0.364s] -- Detecting CXX compiler ABI info
[0.419s] -- Detecting CXX compiler ABI info - done
[0.427s] -- Check for working CXX compiler: /usr/bin/c++ - skipped
[0.427s] -- Detecting CXX compile features
[0.427s] -- Detecting CXX compile features - done
[0.428s] -- ===== 开始配置 =====
[0.432s] -- Found ament_cmake: 1.3.11 (/opt/ros/humble/share/ament_cmake/cmake)
[0.723s] -- Found Python3: /home/ares/miniconda3/bin/python3 (found version "3.13.2") found components: Interpreter 
[0.780s] -- Override CMake install command with custom implementation using symlinks instead of copying resources
[0.807s] -- Found rclcpp: 16.0.12 (/opt/ros/humble/share/rclcpp/cmake)
[0.868s] -- Found rosidl_generator_c: 3.1.6 (/opt/ros/humble/share/rosidl_generator_c/cmake)
[0.889s] -- Found rosidl_adapter: 3.1.6 (/opt/ros/humble/share/rosidl_adapter/cmake)
[0.918s] -- Found rosidl_generator_cpp: 3.1.6 (/opt/ros/humble/share/rosidl_generator_cpp/cmake)
[0.961s] -- Using all available rosidl_typesupport_c: rosidl_typesupport_fastrtps_c;rosidl_typesupport_introspection_c
[1.013s] -- Using all available rosidl_typesupport_cpp: rosidl_typesupport_fastrtps_cpp;rosidl_typesupport_introspection_cpp
[1.136s] -- Found rmw_implementation_cmake: 6.1.2 (/opt/ros/humble/share/rmw_implementation_cmake/cmake)
[1.144s] -- Found rmw_fastrtps_cpp: 6.2.7 (/opt/ros/humble/share/rmw_fastrtps_cpp/cmake)
[1.379s] -- Found OpenSSL: /usr/lib/x86_64-linux-gnu/libcrypto.so (found version "3.0.2")  
[1.456s] -- Found FastRTPS: /opt/ros/humble/include  
[1.567s] -- Using RMW implementation 'rmw_fastrtps_cpp' as default
[1.600s] -- Looking for C++ include pthread.h
[1.738s] -- Looking for C++ include pthread.h - found
[1.738s] -- Performing Test CMAKE_HAVE_LIBC_PTHREAD
[1.859s] -- Performing Test CMAKE_HAVE_LIBC_PTHREAD - Success
[1.860s] -- Found Threads: TRUE  
[1.929s] -- Found geometry_msgs: 4.9.0 (/opt/ros/humble/share/geometry_msgs/cmake)
[1.950s] -- Found sensor_msgs: 4.9.0 (/opt/ros/humble/share/sensor_msgs/cmake)
[1.972s] -- Found PkgConfig: /usr/bin/pkg-config (found version "0.29.2") 
[1.975s] -- Checking for module 'libusb-1.0'
[1.989s] --   Found libusb-1.0, version 1.0.25
[2.019s] -- Found ament_lint_auto: 0.12.12 (/opt/ros/humble/share/ament_lint_auto/cmake)
[2.102s] -- Added test 'cppcheck' to perform static code analysis on C / C++ code
[2.102s] -- Configured cppcheck include dirs: $<BUILD_INTERFACE:/home/ares/ares_code_projects/R1/src/remote_rc_node/include>
[2.102s] -- Configured cppcheck exclude dirs and/or files: 
[2.103s] -- Added test 'lint_cmake' to check CMake code style
[2.103s] -- Added test 'uncrustify' to check C / C++ code style
[2.103s] -- Configured uncrustify additional arguments: 
[2.104s] -- Added test 'xmllint' to check XML markup files
[2.105s] -- Configuring done
[2.113s] -- Generating done
[2.116s] -- Build files have been written to: /home/ares/ares_code_projects/R1/build/remote_rc_node
[2.122s] Invoked command in '/home/ares/ares_code_projects/R1/build/remote_rc_node' returned '0': CMAKE_PREFIX_PATH=${CMAKE_PREFIX_PATH}:/home/ares/Desktop/dog/install/omni_mpc_controller:/home/ares/Desktop/dog/install/laser:/home/ares/ares_code_projects/R1/install/omni_mpc_controller:/home/ares/ares_code_projects/R1/install/laser:/opt/ros/humble CONDA_PROMPT_MODIFIER=(base) /usr/bin/cmake /home/ares/ares_code_projects/R1/src/remote_rc_node -DCMAKE_BUILD_TYPE=Release -DAMENT_CMAKE_SYMLINK_INSTALL=1 -DCMAKE_INSTALL_PREFIX=/home/ares/ares_code_projects/R1/install/remote_rc_node
[2.124s] Invoking command in '/home/ares/ares_code_projects/R1/build/remote_rc_node': CMAKE_PREFIX_PATH=${CMAKE_PREFIX_PATH}:/home/ares/Desktop/dog/install/omni_mpc_controller:/home/ares/Desktop/dog/install/laser:/home/ares/ares_code_projects/R1/install/omni_mpc_controller:/home/ares/ares_code_projects/R1/install/laser:/opt/ros/humble CONDA_PROMPT_MODIFIER=(base) /usr/bin/cmake --build /home/ares/ares_code_projects/R1/build/remote_rc_node -- -j16 -l16
[2.155s] [ 50%] [32mBuilding CXX object CMakeFiles/tcp_joy_node.dir/src/tcp_joy_node.cpp.o[0m
[5.302s] [100%] [32m[1mLinking CXX executable tcp_joy_node[0m
[5.387s] [100%] Built target tcp_joy_node
[5.395s] Invoked command in '/home/ares/ares_code_projects/R1/build/remote_rc_node' returned '0': CMAKE_PREFIX_PATH=${CMAKE_PREFIX_PATH}:/home/ares/Desktop/dog/install/omni_mpc_controller:/home/ares/Desktop/dog/install/laser:/home/ares/ares_code_projects/R1/install/omni_mpc_controller:/home/ares/ares_code_projects/R1/install/laser:/opt/ros/humble CONDA_PROMPT_MODIFIER=(base) /usr/bin/cmake --build /home/ares/ares_code_projects/R1/build/remote_rc_node -- -j16 -l16
[5.396s] Invoking command in '/home/ares/ares_code_projects/R1/build/remote_rc_node': CMAKE_PREFIX_PATH=${CMAKE_PREFIX_PATH}:/home/ares/Desktop/dog/install/omni_mpc_controller:/home/ares/Desktop/dog/install/laser:/home/ares/ares_code_projects/R1/install/omni_mpc_controller:/home/ares/ares_code_projects/R1/install/laser:/opt/ros/humble CONDA_PROMPT_MODIFIER=(base) /usr/bin/cmake --install /home/ares/ares_code_projects/R1/build/remote_rc_node
[5.401s] -- Install configuration: "Release"
[5.401s] -- Execute custom install script
[5.402s] -- Symlinking: /home/ares/ares_code_projects/R1/install/remote_rc_node/lib/remote_rc_node/tcp_joy_node
[5.409s] -- Symlinking: /home/ares/ares_code_projects/R1/install/remote_rc_node/share/ament_index/resource_index/package_run_dependencies/remote_rc_node
[5.415s] -- Symlinking: /home/ares/ares_code_projects/R1/install/remote_rc_node/share/ament_index/resource_index/parent_prefix_path/remote_rc_node
[5.420s] -- Symlinking: /home/ares/ares_code_projects/R1/install/remote_rc_node/share/remote_rc_node/environment/ament_prefix_path.sh
[5.426s] -- Symlinking: /home/ares/ares_code_projects/R1/install/remote_rc_node/share/remote_rc_node/environment/ament_prefix_path.dsv
[5.431s] -- Symlinking: /home/ares/ares_code_projects/R1/install/remote_rc_node/share/remote_rc_node/environment/path.sh
[5.439s] -- Symlinking: /home/ares/ares_code_projects/R1/install/remote_rc_node/share/remote_rc_node/environment/path.dsv
[5.445s] -- Symlinking: /home/ares/ares_code_projects/R1/install/remote_rc_node/share/remote_rc_node/local_setup.bash
[5.450s] -- Symlinking: /home/ares/ares_code_projects/R1/install/remote_rc_node/share/remote_rc_node/local_setup.sh
[5.455s] -- Symlinking: /home/ares/ares_code_projects/R1/install/remote_rc_node/share/remote_rc_node/local_setup.zsh
[5.462s] -- Symlinking: /home/ares/ares_code_projects/R1/install/remote_rc_node/share/remote_rc_node/local_setup.dsv
[5.469s] -- Symlinking: /home/ares/ares_code_projects/R1/install/remote_rc_node/share/remote_rc_node/package.dsv
[5.475s] -- Symlinking: /home/ares/ares_code_projects/R1/install/remote_rc_node/share/ament_index/resource_index/packages/remote_rc_node
[5.481s] -- Symlinking: /home/ares/ares_code_projects/R1/install/remote_rc_node/share/remote_rc_node/cmake/remote_rc_nodeConfig.cmake
[5.488s] -- Symlinking: /home/ares/ares_code_projects/R1/install/remote_rc_node/share/remote_rc_node/cmake/remote_rc_nodeConfig-version.cmake
[5.494s] -- Symlinking: /home/ares/ares_code_projects/R1/install/remote_rc_node/share/remote_rc_node/package.xml
[5.501s] Invoked command in '/home/ares/ares_code_projects/R1/build/remote_rc_node' returned '0': CMAKE_PREFIX_PATH=${CMAKE_PREFIX_PATH}:/home/ares/Desktop/dog/install/omni_mpc_controller:/home/ares/Desktop/dog/install/laser:/home/ares/ares_code_projects/R1/install/omni_mpc_controller:/home/ares/ares_code_projects/R1/install/laser:/opt/ros/humble CONDA_PROMPT_MODIFIER=(base) /usr/bin/cmake --install /home/ares/ares_code_projects/R1/build/remote_rc_node
