[0.053s] DEBUG:colcon:Command line arguments: ['/usr/bin/colcon', 'build', '--symlink']
[0.053s] DEBUG:colcon:Parsed command line arguments: Namespace(log_base=None, log_level=None, verb_name='build', build_base='build', install_base='install', merge_install=False, symlink_install=True, test_result_base=None, continue_on_error=False, executor='parallel', parallel_workers=16, event_handlers=None, ignore_user_meta=False, metas=['./colcon.meta'], base_paths=['.'], packages_ignore=None, packages_ignore_regex=None, paths=None, packages_up_to=None, packages_up_to_regex=None, packages_above=None, packages_above_and_dependencies=None, packages_above_depth=None, packages_select_by_dep=None, packages_skip_by_dep=None, packages_skip_up_to=None, packages_select_build_failed=False, packages_skip_build_finished=False, packages_select_test_failures=False, packages_skip_test_passed=False, packages_select=None, packages_skip=None, packages_select_regex=None, packages_skip_regex=None, packages_start=None, packages_end=None, allow_overriding=[], cmake_args=None, cmake_target=None, cmake_target_skip_unavailable=False, cmake_clean_cache=False, cmake_clean_first=False, cmake_force_configure=False, ament_cmake_args=None, catkin_cmake_args=None, catkin_skip_building_tests=False, verb_parser=<colcon_defaults.argument_parser.defaults.DefaultArgumentsDecorator object at 0x7fab81c56710>, verb_extension=<colcon_core.verb.build.BuildVerb object at 0x7fab81c56230>, main=<bound method BuildVerb.main of <colcon_core.verb.build.BuildVerb object at 0x7fab81c56230>>)
[0.143s] Level 1:colcon.colcon_core.package_discovery:discover_packages(colcon_meta) check parameters
[0.143s] Level 1:colcon.colcon_core.package_discovery:discover_packages(recursive) check parameters
[0.143s] Level 1:colcon.colcon_core.package_discovery:discover_packages(ignore) check parameters
[0.143s] Level 1:colcon.colcon_core.package_discovery:discover_packages(path) check parameters
[0.143s] Level 1:colcon.colcon_core.package_discovery:discover_packages(colcon_meta) discover
[0.143s] Level 1:colcon.colcon_core.package_discovery:discover_packages(recursive) discover
[0.143s] INFO:colcon.colcon_core.package_discovery:Crawling recursively for packages in '/home/ares/ares_code_projects/R1'
[0.143s] Level 1:colcon.colcon_core.package_identification:_identify(.) by extensions ['ignore', 'ignore_ament_install']
[0.143s] Level 1:colcon.colcon_core.package_identification:_identify(.) by extension 'ignore'
[0.143s] Level 1:colcon.colcon_core.package_identification:_identify(.) by extension 'ignore_ament_install'
[0.143s] Level 1:colcon.colcon_core.package_identification:_identify(.) by extensions ['colcon_pkg']
[0.143s] Level 1:colcon.colcon_core.package_identification:_identify(.) by extension 'colcon_pkg'
[0.143s] Level 1:colcon.colcon_core.package_identification:_identify(.) by extensions ['colcon_meta']
[0.143s] Level 1:colcon.colcon_core.package_identification:_identify(.) by extension 'colcon_meta'
[0.143s] Level 1:colcon.colcon_core.package_identification:_identify(.) by extensions ['ros']
[0.143s] Level 1:colcon.colcon_core.package_identification:_identify(.) by extension 'ros'
[0.154s] Level 1:colcon.colcon_core.package_identification:_identify(.) by extensions ['cmake', 'python']
[0.154s] Level 1:colcon.colcon_core.package_identification:_identify(.) by extension 'cmake'
[0.154s] Level 1:colcon.colcon_core.package_identification:_identify(.) by extension 'python'
[0.154s] Level 1:colcon.colcon_core.package_identification:_identify(.) by extensions ['python_setup_py']
[0.154s] Level 1:colcon.colcon_core.package_identification:_identify(.) by extension 'python_setup_py'
[0.154s] Level 1:colcon.colcon_core.package_identification:_identify(build) by extensions ['ignore', 'ignore_ament_install']
[0.154s] Level 1:colcon.colcon_core.package_identification:_identify(build) by extension 'ignore'
[0.154s] Level 1:colcon.colcon_core.package_identification:_identify(build) ignored
[0.154s] Level 1:colcon.colcon_core.package_identification:_identify(install) by extensions ['ignore', 'ignore_ament_install']
[0.154s] Level 1:colcon.colcon_core.package_identification:_identify(install) by extension 'ignore'
[0.154s] Level 1:colcon.colcon_core.package_identification:_identify(install) ignored
[0.154s] Level 1:colcon.colcon_core.package_identification:_identify(log) by extensions ['ignore', 'ignore_ament_install']
[0.154s] Level 1:colcon.colcon_core.package_identification:_identify(log) by extension 'ignore'
[0.154s] Level 1:colcon.colcon_core.package_identification:_identify(log) ignored
[0.154s] Level 1:colcon.colcon_core.package_identification:_identify(src) by extensions ['ignore', 'ignore_ament_install']
[0.154s] Level 1:colcon.colcon_core.package_identification:_identify(src) by extension 'ignore'
[0.154s] Level 1:colcon.colcon_core.package_identification:_identify(src) by extension 'ignore_ament_install'
[0.155s] Level 1:colcon.colcon_core.package_identification:_identify(src) by extensions ['colcon_pkg']
[0.155s] Level 1:colcon.colcon_core.package_identification:_identify(src) by extension 'colcon_pkg'
[0.155s] Level 1:colcon.colcon_core.package_identification:_identify(src) by extensions ['colcon_meta']
[0.155s] Level 1:colcon.colcon_core.package_identification:_identify(src) by extension 'colcon_meta'
[0.155s] Level 1:colcon.colcon_core.package_identification:_identify(src) by extensions ['ros']
[0.155s] Level 1:colcon.colcon_core.package_identification:_identify(src) by extension 'ros'
[0.155s] Level 1:colcon.colcon_core.package_identification:_identify(src) by extensions ['cmake', 'python']
[0.155s] Level 1:colcon.colcon_core.package_identification:_identify(src) by extension 'cmake'
[0.155s] Level 1:colcon.colcon_core.package_identification:_identify(src) by extension 'python'
[0.155s] Level 1:colcon.colcon_core.package_identification:_identify(src) by extensions ['python_setup_py']
[0.155s] Level 1:colcon.colcon_core.package_identification:_identify(src) by extension 'python_setup_py'
[0.155s] Level 1:colcon.colcon_core.package_identification:_identify(src/laser) by extensions ['ignore', 'ignore_ament_install']
[0.155s] Level 1:colcon.colcon_core.package_identification:_identify(src/laser) by extension 'ignore'
[0.155s] Level 1:colcon.colcon_core.package_identification:_identify(src/laser) by extension 'ignore_ament_install'
[0.155s] Level 1:colcon.colcon_core.package_identification:_identify(src/laser) by extensions ['colcon_pkg']
[0.155s] Level 1:colcon.colcon_core.package_identification:_identify(src/laser) by extension 'colcon_pkg'
[0.155s] Level 1:colcon.colcon_core.package_identification:_identify(src/laser) by extensions ['colcon_meta']
[0.155s] Level 1:colcon.colcon_core.package_identification:_identify(src/laser) by extension 'colcon_meta'
[0.155s] Level 1:colcon.colcon_core.package_identification:_identify(src/laser) by extensions ['ros']
[0.155s] Level 1:colcon.colcon_core.package_identification:_identify(src/laser) by extension 'ros'
[0.156s] DEBUG:colcon.colcon_core.package_identification:Package 'src/laser' with type 'ros.ament_python' and name 'laser'
[0.156s] Level 1:colcon.colcon_core.package_identification:_identify(src/my_robot_bringup) by extensions ['ignore', 'ignore_ament_install']
[0.156s] Level 1:colcon.colcon_core.package_identification:_identify(src/my_robot_bringup) by extension 'ignore'
[0.156s] Level 1:colcon.colcon_core.package_identification:_identify(src/my_robot_bringup) by extension 'ignore_ament_install'
[0.156s] Level 1:colcon.colcon_core.package_identification:_identify(src/my_robot_bringup) by extensions ['colcon_pkg']
[0.156s] Level 1:colcon.colcon_core.package_identification:_identify(src/my_robot_bringup) by extension 'colcon_pkg'
[0.156s] Level 1:colcon.colcon_core.package_identification:_identify(src/my_robot_bringup) by extensions ['colcon_meta']
[0.156s] Level 1:colcon.colcon_core.package_identification:_identify(src/my_robot_bringup) by extension 'colcon_meta'
[0.156s] Level 1:colcon.colcon_core.package_identification:_identify(src/my_robot_bringup) by extensions ['ros']
[0.156s] Level 1:colcon.colcon_core.package_identification:_identify(src/my_robot_bringup) by extension 'ros'
[0.157s] DEBUG:colcon.colcon_core.package_identification:Package 'src/my_robot_bringup' with type 'ros.ament_cmake' and name 'my_robot_bringup'
[0.157s] Level 1:colcon.colcon_core.package_identification:_identify(src/my_robot_description) by extensions ['ignore', 'ignore_ament_install']
[0.157s] Level 1:colcon.colcon_core.package_identification:_identify(src/my_robot_description) by extension 'ignore'
[0.157s] Level 1:colcon.colcon_core.package_identification:_identify(src/my_robot_description) by extension 'ignore_ament_install'
[0.157s] Level 1:colcon.colcon_core.package_identification:_identify(src/my_robot_description) by extensions ['colcon_pkg']
[0.157s] Level 1:colcon.colcon_core.package_identification:_identify(src/my_robot_description) by extension 'colcon_pkg'
[0.157s] Level 1:colcon.colcon_core.package_identification:_identify(src/my_robot_description) by extensions ['colcon_meta']
[0.157s] Level 1:colcon.colcon_core.package_identification:_identify(src/my_robot_description) by extension 'colcon_meta'
[0.157s] Level 1:colcon.colcon_core.package_identification:_identify(src/my_robot_description) by extensions ['ros']
[0.157s] Level 1:colcon.colcon_core.package_identification:_identify(src/my_robot_description) by extension 'ros'
[0.157s] DEBUG:colcon.colcon_core.package_identification:Package 'src/my_robot_description' with type 'ros.ament_cmake' and name 'my_robot_description'
[0.157s] Level 1:colcon.colcon_core.package_identification:_identify(src/myrobot_controller) by extensions ['ignore', 'ignore_ament_install']
[0.157s] Level 1:colcon.colcon_core.package_identification:_identify(src/myrobot_controller) by extension 'ignore'
[0.157s] Level 1:colcon.colcon_core.package_identification:_identify(src/myrobot_controller) by extension 'ignore_ament_install'
[0.157s] Level 1:colcon.colcon_core.package_identification:_identify(src/myrobot_controller) by extensions ['colcon_pkg']
[0.157s] Level 1:colcon.colcon_core.package_identification:_identify(src/myrobot_controller) by extension 'colcon_pkg'
[0.157s] Level 1:colcon.colcon_core.package_identification:_identify(src/myrobot_controller) by extensions ['colcon_meta']
[0.157s] Level 1:colcon.colcon_core.package_identification:_identify(src/myrobot_controller) by extension 'colcon_meta'
[0.157s] Level 1:colcon.colcon_core.package_identification:_identify(src/myrobot_controller) by extensions ['ros']
[0.157s] Level 1:colcon.colcon_core.package_identification:_identify(src/myrobot_controller) by extension 'ros'
[0.158s] DEBUG:colcon.colcon_core.package_identification:Package 'src/myrobot_controller' with type 'ros.ament_cmake' and name 'myrobot_controller'
[0.158s] Level 1:colcon.colcon_core.package_identification:_identify(src/omni_mpc_controller) by extensions ['ignore', 'ignore_ament_install']
[0.158s] Level 1:colcon.colcon_core.package_identification:_identify(src/omni_mpc_controller) by extension 'ignore'
[0.158s] Level 1:colcon.colcon_core.package_identification:_identify(src/omni_mpc_controller) by extension 'ignore_ament_install'
[0.158s] Level 1:colcon.colcon_core.package_identification:_identify(src/omni_mpc_controller) by extensions ['colcon_pkg']
[0.158s] Level 1:colcon.colcon_core.package_identification:_identify(src/omni_mpc_controller) by extension 'colcon_pkg'
[0.158s] Level 1:colcon.colcon_core.package_identification:_identify(src/omni_mpc_controller) by extensions ['colcon_meta']
[0.158s] Level 1:colcon.colcon_core.package_identification:_identify(src/omni_mpc_controller) by extension 'colcon_meta'
[0.158s] Level 1:colcon.colcon_core.package_identification:_identify(src/omni_mpc_controller) by extensions ['ros']
[0.158s] Level 1:colcon.colcon_core.package_identification:_identify(src/omni_mpc_controller) by extension 'ros'
[0.158s] DEBUG:colcon.colcon_core.package_identification:Package 'src/omni_mpc_controller' with type 'ros.ament_python' and name 'omni_mpc_controller'
[0.159s] Level 1:colcon.colcon_core.package_identification:_identify(src/sim_localization) by extensions ['ignore', 'ignore_ament_install']
[0.159s] Level 1:colcon.colcon_core.package_identification:_identify(src/sim_localization) by extension 'ignore'
[0.159s] Level 1:colcon.colcon_core.package_identification:_identify(src/sim_localization) by extension 'ignore_ament_install'
[0.159s] Level 1:colcon.colcon_core.package_identification:_identify(src/sim_localization) by extensions ['colcon_pkg']
[0.159s] Level 1:colcon.colcon_core.package_identification:_identify(src/sim_localization) by extension 'colcon_pkg'
[0.159s] Level 1:colcon.colcon_core.package_identification:_identify(src/sim_localization) by extensions ['colcon_meta']
[0.159s] Level 1:colcon.colcon_core.package_identification:_identify(src/sim_localization) by extension 'colcon_meta'
[0.159s] Level 1:colcon.colcon_core.package_identification:_identify(src/sim_localization) by extensions ['ros']
[0.159s] Level 1:colcon.colcon_core.package_identification:_identify(src/sim_localization) by extension 'ros'
[0.159s] Level 1:colcon.colcon_core.package_identification:_identify(src/sim_localization) by extensions ['cmake', 'python']
[0.159s] Level 1:colcon.colcon_core.package_identification:_identify(src/sim_localization) by extension 'cmake'
[0.159s] Level 1:colcon.colcon_core.package_identification:_identify(src/sim_localization) by extension 'python'
[0.159s] Level 1:colcon.colcon_core.package_identification:_identify(src/sim_localization) by extensions ['python_setup_py']
[0.159s] Level 1:colcon.colcon_core.package_identification:_identify(src/sim_localization) by extension 'python_setup_py'
[0.159s] Level 1:colcon.colcon_core.package_identification:_identify(src/sllidar_ros2) by extensions ['ignore', 'ignore_ament_install']
[0.159s] Level 1:colcon.colcon_core.package_identification:_identify(src/sllidar_ros2) by extension 'ignore'
[0.159s] Level 1:colcon.colcon_core.package_identification:_identify(src/sllidar_ros2) by extension 'ignore_ament_install'
[0.159s] Level 1:colcon.colcon_core.package_identification:_identify(src/sllidar_ros2) by extensions ['colcon_pkg']
[0.159s] Level 1:colcon.colcon_core.package_identification:_identify(src/sllidar_ros2) by extension 'colcon_pkg'
[0.159s] Level 1:colcon.colcon_core.package_identification:_identify(src/sllidar_ros2) by extensions ['colcon_meta']
[0.159s] Level 1:colcon.colcon_core.package_identification:_identify(src/sllidar_ros2) by extension 'colcon_meta'
[0.159s] Level 1:colcon.colcon_core.package_identification:_identify(src/sllidar_ros2) by extensions ['ros']
[0.159s] Level 1:colcon.colcon_core.package_identification:_identify(src/sllidar_ros2) by extension 'ros'
[0.159s] DEBUG:colcon.colcon_core.package_identification:Package 'src/sllidar_ros2' with type 'ros.ament_cmake' and name 'sllidar_ros2'
[0.159s] Level 1:colcon.colcon_core.package_identification:_identify(src/usb_bulk_node) by extensions ['ignore', 'ignore_ament_install']
[0.159s] Level 1:colcon.colcon_core.package_identification:_identify(src/usb_bulk_node) by extension 'ignore'
[0.159s] Level 1:colcon.colcon_core.package_identification:_identify(src/usb_bulk_node) by extension 'ignore_ament_install'
[0.160s] Level 1:colcon.colcon_core.package_identification:_identify(src/usb_bulk_node) by extensions ['colcon_pkg']
[0.160s] Level 1:colcon.colcon_core.package_identification:_identify(src/usb_bulk_node) by extension 'colcon_pkg'
[0.160s] Level 1:colcon.colcon_core.package_identification:_identify(src/usb_bulk_node) by extensions ['colcon_meta']
[0.160s] Level 1:colcon.colcon_core.package_identification:_identify(src/usb_bulk_node) by extension 'colcon_meta'
[0.160s] Level 1:colcon.colcon_core.package_identification:_identify(src/usb_bulk_node) by extensions ['ros']
[0.160s] Level 1:colcon.colcon_core.package_identification:_identify(src/usb_bulk_node) by extension 'ros'
[0.160s] DEBUG:colcon.colcon_core.package_identification:Package 'src/usb_bulk_node' with type 'ros.ament_cmake' and name 'usb_bulk_node'
[0.160s] Level 1:colcon.colcon_core.package_discovery:discover_packages(recursive) using defaults
[0.160s] Level 1:colcon.colcon_core.package_discovery:discover_packages(ignore) discover
[0.160s] Level 1:colcon.colcon_core.package_discovery:discover_packages(ignore) using defaults
[0.160s] Level 1:colcon.colcon_core.package_discovery:discover_packages(path) discover
[0.160s] Level 1:colcon.colcon_core.package_discovery:discover_packages(path) using defaults
[0.171s] Level 1:colcon.colcon_core.package_discovery:discover_packages(prefix_path) check parameters
[0.171s] Level 1:colcon.colcon_core.package_discovery:discover_packages(prefix_path) discover
[0.172s] WARNING:colcon.colcon_ros.prefix_path.ament:The path '/home/ares/ares_code_projects/R1/install/usb_bulk_node' in the environment variable AMENT_PREFIX_PATH doesn't exist
[0.172s] WARNING:colcon.colcon_ros.prefix_path.ament:The path '/home/ares/ares_code_projects/R1/install/sllidar_ros2' in the environment variable AMENT_PREFIX_PATH doesn't exist
[0.172s] WARNING:colcon.colcon_ros.prefix_path.ament:The path '/home/ares/ares_code_projects/R1/install/omni_mpc_controller' in the environment variable AMENT_PREFIX_PATH doesn't exist
[0.172s] WARNING:colcon.colcon_ros.prefix_path.ament:The path '/home/ares/ares_code_projects/R1/install/myrobot_controller' in the environment variable AMENT_PREFIX_PATH doesn't exist
[0.172s] WARNING:colcon.colcon_ros.prefix_path.ament:The path '/home/ares/ares_code_projects/R1/install/my_robot_bringup' in the environment variable AMENT_PREFIX_PATH doesn't exist
[0.172s] WARNING:colcon.colcon_ros.prefix_path.ament:The path '/home/ares/ares_code_projects/R1/install/my_robot_description' in the environment variable AMENT_PREFIX_PATH doesn't exist
[0.172s] WARNING:colcon.colcon_ros.prefix_path.ament:The path '/home/ares/ares_code_projects/R1/install/laser' in the environment variable AMENT_PREFIX_PATH doesn't exist
[0.172s] WARNING:colcon.colcon_ros.prefix_path.catkin:The path '/home/ares/ares_code_projects/R1/install/usb_bulk_node' in the environment variable CMAKE_PREFIX_PATH doesn't exist
[0.172s] WARNING:colcon.colcon_ros.prefix_path.catkin:The path '/home/ares/ares_code_projects/R1/install/sllidar_ros2' in the environment variable CMAKE_PREFIX_PATH doesn't exist
[0.172s] WARNING:colcon.colcon_ros.prefix_path.catkin:The path '/home/ares/ares_code_projects/R1/install/myrobot_controller' in the environment variable CMAKE_PREFIX_PATH doesn't exist
[0.172s] WARNING:colcon.colcon_ros.prefix_path.catkin:The path '/home/ares/ares_code_projects/R1/install/my_robot_bringup' in the environment variable CMAKE_PREFIX_PATH doesn't exist
[0.172s] WARNING:colcon.colcon_ros.prefix_path.catkin:The path '/home/ares/ares_code_projects/R1/install/my_robot_description' in the environment variable CMAKE_PREFIX_PATH doesn't exist
[0.172s] DEBUG:colcon.colcon_installed_package_information.package_discovery:Found 0 installed packages in /home/ares/ares_code_projects/R1/install
[0.172s] DEBUG:colcon.colcon_installed_package_information.package_discovery:Found 5 installed packages in /home/ares/ros2_ws/install
[0.173s] DEBUG:colcon.colcon_installed_package_information.package_discovery:Found 297 installed packages in /opt/ros/humble
[0.174s] Level 1:colcon.colcon_core.package_discovery:discover_packages(prefix_path) using defaults
[0.192s] Level 5:colcon.colcon_core.verb:set package 'laser' build argument 'cmake_args' from command line to 'None'
[0.193s] Level 5:colcon.colcon_core.verb:set package 'laser' build argument 'cmake_target' from command line to 'None'
[0.193s] Level 5:colcon.colcon_core.verb:set package 'laser' build argument 'cmake_target_skip_unavailable' from command line to 'False'
[0.193s] Level 5:colcon.colcon_core.verb:set package 'laser' build argument 'cmake_clean_cache' from command line to 'False'
[0.193s] Level 5:colcon.colcon_core.verb:set package 'laser' build argument 'cmake_clean_first' from command line to 'False'
[0.193s] Level 5:colcon.colcon_core.verb:set package 'laser' build argument 'cmake_force_configure' from command line to 'False'
[0.193s] Level 5:colcon.colcon_core.verb:set package 'laser' build argument 'ament_cmake_args' from command line to 'None'
[0.193s] Level 5:colcon.colcon_core.verb:set package 'laser' build argument 'catkin_cmake_args' from command line to 'None'
[0.193s] Level 5:colcon.colcon_core.verb:set package 'laser' build argument 'catkin_skip_building_tests' from command line to 'False'
[0.193s] DEBUG:colcon.colcon_core.verb:Building package 'laser' with the following arguments: {'ament_cmake_args': None, 'build_base': '/home/ares/ares_code_projects/R1/build/laser', 'catkin_cmake_args': None, 'catkin_skip_building_tests': False, 'cmake_args': None, 'cmake_clean_cache': False, 'cmake_clean_first': False, 'cmake_force_configure': False, 'cmake_target': None, 'cmake_target_skip_unavailable': False, 'install_base': '/home/ares/ares_code_projects/R1/install/laser', 'merge_install': False, 'path': '/home/ares/ares_code_projects/R1/src/laser', 'symlink_install': True, 'test_result_base': None}
[0.193s] Level 5:colcon.colcon_core.verb:set package 'my_robot_description' build argument 'cmake_args' from command line to 'None'
[0.193s] Level 5:colcon.colcon_core.verb:set package 'my_robot_description' build argument 'cmake_target' from command line to 'None'
[0.193s] Level 5:colcon.colcon_core.verb:set package 'my_robot_description' build argument 'cmake_target_skip_unavailable' from command line to 'False'
[0.193s] Level 5:colcon.colcon_core.verb:set package 'my_robot_description' build argument 'cmake_clean_cache' from command line to 'False'
[0.193s] Level 5:colcon.colcon_core.verb:set package 'my_robot_description' build argument 'cmake_clean_first' from command line to 'False'
[0.193s] Level 5:colcon.colcon_core.verb:set package 'my_robot_description' build argument 'cmake_force_configure' from command line to 'False'
[0.193s] Level 5:colcon.colcon_core.verb:set package 'my_robot_description' build argument 'ament_cmake_args' from command line to 'None'
[0.193s] Level 5:colcon.colcon_core.verb:set package 'my_robot_description' build argument 'catkin_cmake_args' from command line to 'None'
[0.193s] Level 5:colcon.colcon_core.verb:set package 'my_robot_description' build argument 'catkin_skip_building_tests' from command line to 'False'
[0.193s] DEBUG:colcon.colcon_core.verb:Building package 'my_robot_description' with the following arguments: {'ament_cmake_args': None, 'build_base': '/home/ares/ares_code_projects/R1/build/my_robot_description', 'catkin_cmake_args': None, 'catkin_skip_building_tests': False, 'cmake_args': None, 'cmake_clean_cache': False, 'cmake_clean_first': False, 'cmake_force_configure': False, 'cmake_target': None, 'cmake_target_skip_unavailable': False, 'install_base': '/home/ares/ares_code_projects/R1/install/my_robot_description', 'merge_install': False, 'path': '/home/ares/ares_code_projects/R1/src/my_robot_description', 'symlink_install': True, 'test_result_base': None}
[0.193s] Level 5:colcon.colcon_core.verb:set package 'myrobot_controller' build argument 'cmake_args' from command line to 'None'
[0.193s] Level 5:colcon.colcon_core.verb:set package 'myrobot_controller' build argument 'cmake_target' from command line to 'None'
[0.193s] Level 5:colcon.colcon_core.verb:set package 'myrobot_controller' build argument 'cmake_target_skip_unavailable' from command line to 'False'
[0.193s] Level 5:colcon.colcon_core.verb:set package 'myrobot_controller' build argument 'cmake_clean_cache' from command line to 'False'
[0.193s] Level 5:colcon.colcon_core.verb:set package 'myrobot_controller' build argument 'cmake_clean_first' from command line to 'False'
[0.193s] Level 5:colcon.colcon_core.verb:set package 'myrobot_controller' build argument 'cmake_force_configure' from command line to 'False'
[0.193s] Level 5:colcon.colcon_core.verb:set package 'myrobot_controller' build argument 'ament_cmake_args' from command line to 'None'
[0.193s] Level 5:colcon.colcon_core.verb:set package 'myrobot_controller' build argument 'catkin_cmake_args' from command line to 'None'
[0.193s] Level 5:colcon.colcon_core.verb:set package 'myrobot_controller' build argument 'catkin_skip_building_tests' from command line to 'False'
[0.193s] DEBUG:colcon.colcon_core.verb:Building package 'myrobot_controller' with the following arguments: {'ament_cmake_args': None, 'build_base': '/home/ares/ares_code_projects/R1/build/myrobot_controller', 'catkin_cmake_args': None, 'catkin_skip_building_tests': False, 'cmake_args': None, 'cmake_clean_cache': False, 'cmake_clean_first': False, 'cmake_force_configure': False, 'cmake_target': None, 'cmake_target_skip_unavailable': False, 'install_base': '/home/ares/ares_code_projects/R1/install/myrobot_controller', 'merge_install': False, 'path': '/home/ares/ares_code_projects/R1/src/myrobot_controller', 'symlink_install': True, 'test_result_base': None}
[0.193s] Level 5:colcon.colcon_core.verb:set package 'omni_mpc_controller' build argument 'cmake_args' from command line to 'None'
[0.193s] Level 5:colcon.colcon_core.verb:set package 'omni_mpc_controller' build argument 'cmake_target' from command line to 'None'
[0.193s] Level 5:colcon.colcon_core.verb:set package 'omni_mpc_controller' build argument 'cmake_target_skip_unavailable' from command line to 'False'
[0.193s] Level 5:colcon.colcon_core.verb:set package 'omni_mpc_controller' build argument 'cmake_clean_cache' from command line to 'False'
[0.193s] Level 5:colcon.colcon_core.verb:set package 'omni_mpc_controller' build argument 'cmake_clean_first' from command line to 'False'
[0.193s] Level 5:colcon.colcon_core.verb:set package 'omni_mpc_controller' build argument 'cmake_force_configure' from command line to 'False'
[0.193s] Level 5:colcon.colcon_core.verb:set package 'omni_mpc_controller' build argument 'ament_cmake_args' from command line to 'None'
[0.193s] Level 5:colcon.colcon_core.verb:set package 'omni_mpc_controller' build argument 'catkin_cmake_args' from command line to 'None'
[0.193s] Level 5:colcon.colcon_core.verb:set package 'omni_mpc_controller' build argument 'catkin_skip_building_tests' from command line to 'False'
[0.193s] DEBUG:colcon.colcon_core.verb:Building package 'omni_mpc_controller' with the following arguments: {'ament_cmake_args': None, 'build_base': '/home/ares/ares_code_projects/R1/build/omni_mpc_controller', 'catkin_cmake_args': None, 'catkin_skip_building_tests': False, 'cmake_args': None, 'cmake_clean_cache': False, 'cmake_clean_first': False, 'cmake_force_configure': False, 'cmake_target': None, 'cmake_target_skip_unavailable': False, 'install_base': '/home/ares/ares_code_projects/R1/install/omni_mpc_controller', 'merge_install': False, 'path': '/home/ares/ares_code_projects/R1/src/omni_mpc_controller', 'symlink_install': True, 'test_result_base': None}
[0.194s] Level 5:colcon.colcon_core.verb:set package 'sllidar_ros2' build argument 'cmake_args' from command line to 'None'
[0.194s] Level 5:colcon.colcon_core.verb:set package 'sllidar_ros2' build argument 'cmake_target' from command line to 'None'
[0.194s] Level 5:colcon.colcon_core.verb:set package 'sllidar_ros2' build argument 'cmake_target_skip_unavailable' from command line to 'False'
[0.194s] Level 5:colcon.colcon_core.verb:set package 'sllidar_ros2' build argument 'cmake_clean_cache' from command line to 'False'
[0.194s] Level 5:colcon.colcon_core.verb:set package 'sllidar_ros2' build argument 'cmake_clean_first' from command line to 'False'
[0.194s] Level 5:colcon.colcon_core.verb:set package 'sllidar_ros2' build argument 'cmake_force_configure' from command line to 'False'
[0.194s] Level 5:colcon.colcon_core.verb:set package 'sllidar_ros2' build argument 'ament_cmake_args' from command line to 'None'
[0.194s] Level 5:colcon.colcon_core.verb:set package 'sllidar_ros2' build argument 'catkin_cmake_args' from command line to 'None'
[0.194s] Level 5:colcon.colcon_core.verb:set package 'sllidar_ros2' build argument 'catkin_skip_building_tests' from command line to 'False'
[0.194s] DEBUG:colcon.colcon_core.verb:Building package 'sllidar_ros2' with the following arguments: {'ament_cmake_args': None, 'build_base': '/home/ares/ares_code_projects/R1/build/sllidar_ros2', 'catkin_cmake_args': None, 'catkin_skip_building_tests': False, 'cmake_args': None, 'cmake_clean_cache': False, 'cmake_clean_first': False, 'cmake_force_configure': False, 'cmake_target': None, 'cmake_target_skip_unavailable': False, 'install_base': '/home/ares/ares_code_projects/R1/install/sllidar_ros2', 'merge_install': False, 'path': '/home/ares/ares_code_projects/R1/src/sllidar_ros2', 'symlink_install': True, 'test_result_base': None}
[0.194s] Level 5:colcon.colcon_core.verb:set package 'usb_bulk_node' build argument 'cmake_args' from command line to 'None'
[0.194s] Level 5:colcon.colcon_core.verb:set package 'usb_bulk_node' build argument 'cmake_target' from command line to 'None'
[0.194s] Level 5:colcon.colcon_core.verb:set package 'usb_bulk_node' build argument 'cmake_target_skip_unavailable' from command line to 'False'
[0.194s] Level 5:colcon.colcon_core.verb:set package 'usb_bulk_node' build argument 'cmake_clean_cache' from command line to 'False'
[0.194s] Level 5:colcon.colcon_core.verb:set package 'usb_bulk_node' build argument 'cmake_clean_first' from command line to 'False'
[0.194s] Level 5:colcon.colcon_core.verb:set package 'usb_bulk_node' build argument 'cmake_force_configure' from command line to 'False'
[0.194s] Level 5:colcon.colcon_core.verb:set package 'usb_bulk_node' build argument 'ament_cmake_args' from command line to 'None'
[0.194s] Level 5:colcon.colcon_core.verb:set package 'usb_bulk_node' build argument 'catkin_cmake_args' from command line to 'None'
[0.194s] Level 5:colcon.colcon_core.verb:set package 'usb_bulk_node' build argument 'catkin_skip_building_tests' from command line to 'False'
[0.194s] DEBUG:colcon.colcon_core.verb:Building package 'usb_bulk_node' with the following arguments: {'ament_cmake_args': None, 'build_base': '/home/ares/ares_code_projects/R1/build/usb_bulk_node', 'catkin_cmake_args': None, 'catkin_skip_building_tests': False, 'cmake_args': None, 'cmake_clean_cache': False, 'cmake_clean_first': False, 'cmake_force_configure': False, 'cmake_target': None, 'cmake_target_skip_unavailable': False, 'install_base': '/home/ares/ares_code_projects/R1/install/usb_bulk_node', 'merge_install': False, 'path': '/home/ares/ares_code_projects/R1/src/usb_bulk_node', 'symlink_install': True, 'test_result_base': None}
[0.194s] Level 5:colcon.colcon_core.verb:set package 'my_robot_bringup' build argument 'cmake_args' from command line to 'None'
[0.194s] Level 5:colcon.colcon_core.verb:set package 'my_robot_bringup' build argument 'cmake_target' from command line to 'None'
[0.194s] Level 5:colcon.colcon_core.verb:set package 'my_robot_bringup' build argument 'cmake_target_skip_unavailable' from command line to 'False'
[0.194s] Level 5:colcon.colcon_core.verb:set package 'my_robot_bringup' build argument 'cmake_clean_cache' from command line to 'False'
[0.194s] Level 5:colcon.colcon_core.verb:set package 'my_robot_bringup' build argument 'cmake_clean_first' from command line to 'False'
[0.194s] Level 5:colcon.colcon_core.verb:set package 'my_robot_bringup' build argument 'cmake_force_configure' from command line to 'False'
[0.194s] Level 5:colcon.colcon_core.verb:set package 'my_robot_bringup' build argument 'ament_cmake_args' from command line to 'None'
[0.194s] Level 5:colcon.colcon_core.verb:set package 'my_robot_bringup' build argument 'catkin_cmake_args' from command line to 'None'
[0.194s] Level 5:colcon.colcon_core.verb:set package 'my_robot_bringup' build argument 'catkin_skip_building_tests' from command line to 'False'
[0.194s] DEBUG:colcon.colcon_core.verb:Building package 'my_robot_bringup' with the following arguments: {'ament_cmake_args': None, 'build_base': '/home/ares/ares_code_projects/R1/build/my_robot_bringup', 'catkin_cmake_args': None, 'catkin_skip_building_tests': False, 'cmake_args': None, 'cmake_clean_cache': False, 'cmake_clean_first': False, 'cmake_force_configure': False, 'cmake_target': None, 'cmake_target_skip_unavailable': False, 'install_base': '/home/ares/ares_code_projects/R1/install/my_robot_bringup', 'merge_install': False, 'path': '/home/ares/ares_code_projects/R1/src/my_robot_bringup', 'symlink_install': True, 'test_result_base': None}
[0.194s] INFO:colcon.colcon_core.executor:Executing jobs using 'parallel' executor
[0.195s] DEBUG:colcon.colcon_parallel_executor.executor.parallel:run_until_complete
[0.195s] INFO:colcon.colcon_ros.task.ament_cmake.build:Building ROS package in '/home/ares/ares_code_projects/R1/src/my_robot_description' with build type 'ament_cmake'
[0.195s] INFO:colcon.colcon_cmake.task.cmake.build:Building CMake package in '/home/ares/ares_code_projects/R1/src/my_robot_description'
[0.196s] INFO:colcon.colcon_core.plugin_system:Skipping extension 'colcon_core.shell.bat': Not used on non-Windows systems
[0.196s] INFO:colcon.colcon_core.shell:Skip shell extension 'powershell' for command environment: Not usable outside of PowerShell
[0.196s] DEBUG:colcon.colcon_core.shell:Skip shell extension 'dsv' for command environment
[0.198s] INFO:colcon.colcon_ros.task.ament_python.build:Building ROS package in '/home/ares/ares_code_projects/R1/src/laser' with build type 'ament_python'
[0.198s] Level 1:colcon.colcon_core.shell:create_environment_hook('laser', 'ament_prefix_path')
[0.198s] INFO:colcon.colcon_core.shell:Creating environment hook '/home/ares/ares_code_projects/R1/install/laser/share/laser/hook/ament_prefix_path.ps1'
[0.199s] INFO:colcon.colcon_core.shell:Creating environment descriptor '/home/ares/ares_code_projects/R1/install/laser/share/laser/hook/ament_prefix_path.dsv'
[0.199s] INFO:colcon.colcon_core.shell:Creating environment hook '/home/ares/ares_code_projects/R1/install/laser/share/laser/hook/ament_prefix_path.sh'
[0.199s] INFO:colcon.colcon_core.shell:Skip shell extension 'powershell' for command environment: Not usable outside of PowerShell
[0.199s] DEBUG:colcon.colcon_core.shell:Skip shell extension 'dsv' for command environment
[0.201s] INFO:colcon.colcon_ros.task.ament_cmake.build:Building ROS package in '/home/ares/ares_code_projects/R1/src/myrobot_controller' with build type 'ament_cmake'
[0.201s] INFO:colcon.colcon_cmake.task.cmake.build:Building CMake package in '/home/ares/ares_code_projects/R1/src/myrobot_controller'
[0.201s] INFO:colcon.colcon_core.shell:Skip shell extension 'powershell' for command environment: Not usable outside of PowerShell
[0.201s] DEBUG:colcon.colcon_core.shell:Skip shell extension 'dsv' for command environment
[0.203s] INFO:colcon.colcon_ros.task.ament_python.build:Building ROS package in '/home/ares/ares_code_projects/R1/src/omni_mpc_controller' with build type 'ament_python'
[0.203s] Level 1:colcon.colcon_core.shell:create_environment_hook('omni_mpc_controller', 'ament_prefix_path')
[0.203s] INFO:colcon.colcon_core.shell:Creating environment hook '/home/ares/ares_code_projects/R1/install/omni_mpc_controller/share/omni_mpc_controller/hook/ament_prefix_path.ps1'
[0.203s] INFO:colcon.colcon_core.shell:Creating environment descriptor '/home/ares/ares_code_projects/R1/install/omni_mpc_controller/share/omni_mpc_controller/hook/ament_prefix_path.dsv'
[0.203s] INFO:colcon.colcon_core.shell:Creating environment hook '/home/ares/ares_code_projects/R1/install/omni_mpc_controller/share/omni_mpc_controller/hook/ament_prefix_path.sh'
[0.204s] INFO:colcon.colcon_core.shell:Skip shell extension 'powershell' for command environment: Not usable outside of PowerShell
[0.204s] DEBUG:colcon.colcon_core.shell:Skip shell extension 'dsv' for command environment
[0.205s] INFO:colcon.colcon_ros.task.ament_cmake.build:Building ROS package in '/home/ares/ares_code_projects/R1/src/sllidar_ros2' with build type 'ament_cmake'
[0.205s] INFO:colcon.colcon_cmake.task.cmake.build:Building CMake package in '/home/ares/ares_code_projects/R1/src/sllidar_ros2'
[0.205s] INFO:colcon.colcon_core.shell:Skip shell extension 'powershell' for command environment: Not usable outside of PowerShell
[0.205s] DEBUG:colcon.colcon_core.shell:Skip shell extension 'dsv' for command environment
[0.207s] INFO:colcon.colcon_ros.task.ament_cmake.build:Building ROS package in '/home/ares/ares_code_projects/R1/src/usb_bulk_node' with build type 'ament_cmake'
[0.207s] INFO:colcon.colcon_cmake.task.cmake.build:Building CMake package in '/home/ares/ares_code_projects/R1/src/usb_bulk_node'
[0.207s] INFO:colcon.colcon_core.shell:Skip shell extension 'powershell' for command environment: Not usable outside of PowerShell
[0.207s] DEBUG:colcon.colcon_core.shell:Skip shell extension 'dsv' for command environment
[0.211s] DEBUG:colcon.colcon_core.event_handler.log_command:Invoking command in '/home/ares/ares_code_projects/R1/build/my_robot_description': CMAKE_PREFIX_PATH=${CMAKE_PREFIX_PATH}:/home/ares/ares_code_projects/R1/install/omni_mpc_controller:/home/ares/ares_code_projects/R1/install/laser:/opt/ros/humble CONDA_PROMPT_MODIFIER=(base) /usr/bin/cmake /home/ares/ares_code_projects/R1/src/my_robot_description -DAMENT_CMAKE_SYMLINK_INSTALL=1 -DCMAKE_INSTALL_PREFIX=/home/ares/ares_code_projects/R1/install/my_robot_description
[0.349s] INFO:colcon.colcon_core.task.python.build:Building Python package in '/home/ares/ares_code_projects/R1/src/laser'
[0.350s] INFO:colcon.colcon_core.shell:Skip shell extension 'powershell' for command environment: Not usable outside of PowerShell
[0.350s] DEBUG:colcon.colcon_core.shell:Skip shell extension 'dsv' for command environment
[0.353s] DEBUG:colcon.colcon_core.event_handler.log_command:Invoking command in '/home/ares/ares_code_projects/R1/build/myrobot_controller': CMAKE_PREFIX_PATH=${CMAKE_PREFIX_PATH}:/home/ares/ares_code_projects/R1/install/omni_mpc_controller:/home/ares/ares_code_projects/R1/install/laser:/opt/ros/humble CONDA_PROMPT_MODIFIER=(base) /usr/bin/cmake /home/ares/ares_code_projects/R1/src/myrobot_controller -DAMENT_CMAKE_SYMLINK_INSTALL=1 -DCMAKE_INSTALL_PREFIX=/home/ares/ares_code_projects/R1/install/myrobot_controller
[0.494s] INFO:colcon.colcon_core.task.python.build:Building Python package in '/home/ares/ares_code_projects/R1/src/omni_mpc_controller'
[0.494s] INFO:colcon.colcon_core.shell:Skip shell extension 'powershell' for command environment: Not usable outside of PowerShell
[0.494s] DEBUG:colcon.colcon_core.shell:Skip shell extension 'dsv' for command environment
[0.499s] DEBUG:colcon.colcon_core.event_handler.log_command:Invoking command in '/home/ares/ares_code_projects/R1/build/sllidar_ros2': CMAKE_PREFIX_PATH=${CMAKE_PREFIX_PATH}:/home/ares/ares_code_projects/R1/install/omni_mpc_controller:/home/ares/ares_code_projects/R1/install/laser:/opt/ros/humble CONDA_PROMPT_MODIFIER=(base) /usr/bin/cmake /home/ares/ares_code_projects/R1/src/sllidar_ros2 -DAMENT_CMAKE_SYMLINK_INSTALL=1 -DCMAKE_INSTALL_PREFIX=/home/ares/ares_code_projects/R1/install/sllidar_ros2
[0.503s] DEBUG:colcon.colcon_core.event_handler.log_command:Invoking command in '/home/ares/ares_code_projects/R1/build/usb_bulk_node': CMAKE_PREFIX_PATH=${CMAKE_PREFIX_PATH}:/home/ares/ares_code_projects/R1/install/omni_mpc_controller:/home/ares/ares_code_projects/R1/install/laser:/opt/ros/humble CONDA_PROMPT_MODIFIER=(base) /usr/bin/cmake /home/ares/ares_code_projects/R1/src/usb_bulk_node -DAMENT_CMAKE_SYMLINK_INSTALL=1 -DCMAKE_INSTALL_PREFIX=/home/ares/ares_code_projects/R1/install/usb_bulk_node
[0.788s] DEBUG:colcon.colcon_core.event_handler.log_command:Invoking command in '/home/ares/ares_code_projects/R1/build/laser': CONDA_PROMPT_MODIFIER=(base) PYTHONPATH=/home/ares/ares_code_projects/R1/build/laser/prefix_override:/usr/lib/python3/dist-packages/colcon_core/task/python/colcon_distutils_commands:/home/ares/ares_code_projects/R1/install/laser/lib/python3.10/site-packages:${PYTHONPATH} /usr/bin/python3 -W ignore:setup.py install is deprecated -W ignore:easy_install command is deprecated setup.py develop --editable --build-directory /home/ares/ares_code_projects/R1/build/laser/build --no-deps symlink_data
[0.791s] DEBUG:colcon.colcon_core.event_handler.log_command:Invoking command in '/home/ares/ares_code_projects/R1/build/omni_mpc_controller': CONDA_PROMPT_MODIFIER=(base) PYTHONPATH=/home/ares/ares_code_projects/R1/build/omni_mpc_controller/prefix_override:/usr/lib/python3/dist-packages/colcon_core/task/python/colcon_distutils_commands:/home/ares/ares_code_projects/R1/install/omni_mpc_controller/lib/python3.10/site-packages:${PYTHONPATH} /usr/bin/python3 -W ignore:setup.py install is deprecated -W ignore:easy_install command is deprecated setup.py develop --editable --build-directory /home/ares/ares_code_projects/R1/build/omni_mpc_controller/build --no-deps symlink_data
[0.806s] DEBUG:colcon.colcon_core.event_handler.log_command:Invoked command in '/home/ares/ares_code_projects/R1/build/my_robot_description' returned '0': CMAKE_PREFIX_PATH=${CMAKE_PREFIX_PATH}:/home/ares/ares_code_projects/R1/install/omni_mpc_controller:/home/ares/ares_code_projects/R1/install/laser:/opt/ros/humble CONDA_PROMPT_MODIFIER=(base) /usr/bin/cmake /home/ares/ares_code_projects/R1/src/my_robot_description -DAMENT_CMAKE_SYMLINK_INSTALL=1 -DCMAKE_INSTALL_PREFIX=/home/ares/ares_code_projects/R1/install/my_robot_description
[0.808s] DEBUG:colcon.colcon_core.event_handler.log_command:Invoking command in '/home/ares/ares_code_projects/R1/build/my_robot_description': CMAKE_PREFIX_PATH=${CMAKE_PREFIX_PATH}:/home/ares/ares_code_projects/R1/install/omni_mpc_controller:/home/ares/ares_code_projects/R1/install/laser:/opt/ros/humble CONDA_PROMPT_MODIFIER=(base) /usr/bin/cmake --build /home/ares/ares_code_projects/R1/build/my_robot_description -- -j16 -l16
[0.833s] DEBUG:colcon.colcon_core.event_handler.log_command:Invoked command in '/home/ares/ares_code_projects/R1/build/my_robot_description' returned '0': CMAKE_PREFIX_PATH=${CMAKE_PREFIX_PATH}:/home/ares/ares_code_projects/R1/install/omni_mpc_controller:/home/ares/ares_code_projects/R1/install/laser:/opt/ros/humble CONDA_PROMPT_MODIFIER=(base) /usr/bin/cmake --build /home/ares/ares_code_projects/R1/build/my_robot_description -- -j16 -l16
[0.841s] DEBUG:colcon.colcon_core.event_handler.log_command:Invoking command in '/home/ares/ares_code_projects/R1/build/my_robot_description': CMAKE_PREFIX_PATH=${CMAKE_PREFIX_PATH}:/home/ares/ares_code_projects/R1/install/omni_mpc_controller:/home/ares/ares_code_projects/R1/install/laser:/opt/ros/humble CONDA_PROMPT_MODIFIER=(base) /usr/bin/cmake --install /home/ares/ares_code_projects/R1/build/my_robot_description
[1.080s] Level 1:colcon.colcon_core.shell:create_environment_hook('laser', 'pythonpath_develop')
[1.081s] INFO:colcon.colcon_core.shell:Creating environment hook '/home/ares/ares_code_projects/R1/build/laser/share/laser/hook/pythonpath_develop.ps1'
[1.081s] DEBUG:colcon.colcon_core.event_handler.log_command:Invoked command in '/home/ares/ares_code_projects/R1/build/laser' returned '0': CONDA_PROMPT_MODIFIER=(base) PYTHONPATH=/home/ares/ares_code_projects/R1/build/laser/prefix_override:/usr/lib/python3/dist-packages/colcon_core/task/python/colcon_distutils_commands:/home/ares/ares_code_projects/R1/install/laser/lib/python3.10/site-packages:${PYTHONPATH} /usr/bin/python3 -W ignore:setup.py install is deprecated -W ignore:easy_install command is deprecated setup.py develop --editable --build-directory /home/ares/ares_code_projects/R1/build/laser/build --no-deps symlink_data
[1.081s] INFO:colcon.colcon_core.shell:Creating environment descriptor '/home/ares/ares_code_projects/R1/build/laser/share/laser/hook/pythonpath_develop.dsv'
[1.082s] INFO:colcon.colcon_core.shell:Creating environment hook '/home/ares/ares_code_projects/R1/build/laser/share/laser/hook/pythonpath_develop.sh'
[1.084s] Level 1:colcon.colcon_core.environment:checking '/home/ares/ares_code_projects/R1/install/laser' for CMake module files
[1.086s] Level 1:colcon.colcon_core.environment:checking '/home/ares/ares_code_projects/R1/install/laser' for CMake config files
[1.087s] Level 1:colcon.colcon_core.environment:checking '/home/ares/ares_code_projects/R1/install/laser/lib'
[1.087s] Level 1:colcon.colcon_core.environment:checking '/home/ares/ares_code_projects/R1/install/laser/bin'
[1.087s] Level 1:colcon.colcon_core.environment:checking '/home/ares/ares_code_projects/R1/install/laser/lib/pkgconfig/laser.pc'
[1.087s] Level 1:colcon.colcon_core.environment:checking '/home/ares/ares_code_projects/R1/install/laser/lib/python3.10/site-packages'
[1.087s] Level 1:colcon.colcon_core.shell:create_environment_hook('laser', 'pythonpath')
[1.087s] INFO:colcon.colcon_core.shell:Creating environment hook '/home/ares/ares_code_projects/R1/install/laser/share/laser/hook/pythonpath.ps1'
[1.087s] INFO:colcon.colcon_core.shell:Creating environment descriptor '/home/ares/ares_code_projects/R1/install/laser/share/laser/hook/pythonpath.dsv'
[1.087s] INFO:colcon.colcon_core.shell:Creating environment hook '/home/ares/ares_code_projects/R1/install/laser/share/laser/hook/pythonpath.sh'
[1.088s] Level 1:colcon.colcon_core.environment:checking '/home/ares/ares_code_projects/R1/install/laser/bin'
[1.088s] Level 1:colcon.colcon_core.environment:create_environment_scripts_only(laser)
[1.088s] INFO:colcon.colcon_core.shell:Creating package script '/home/ares/ares_code_projects/R1/install/laser/share/laser/package.ps1'
[1.089s] INFO:colcon.colcon_core.shell:Creating package descriptor '/home/ares/ares_code_projects/R1/install/laser/share/laser/package.dsv'
[1.089s] INFO:colcon.colcon_core.shell:Creating package script '/home/ares/ares_code_projects/R1/install/laser/share/laser/package.sh'
[1.089s] INFO:colcon.colcon_core.shell:Creating package script '/home/ares/ares_code_projects/R1/install/laser/share/laser/package.bash'
[1.090s] INFO:colcon.colcon_core.shell:Creating package script '/home/ares/ares_code_projects/R1/install/laser/share/laser/package.zsh'
[1.090s] Level 1:colcon.colcon_core.environment:create_file_with_runtime_dependencies(/home/ares/ares_code_projects/R1/install/laser/share/colcon-core/packages/laser)
[1.107s] Level 1:colcon.colcon_core.shell:create_environment_hook('omni_mpc_controller', 'pythonpath_develop')
[1.107s] INFO:colcon.colcon_core.shell:Creating environment hook '/home/ares/ares_code_projects/R1/build/omni_mpc_controller/share/omni_mpc_controller/hook/pythonpath_develop.ps1'
[1.107s] DEBUG:colcon.colcon_core.event_handler.log_command:Invoked command in '/home/ares/ares_code_projects/R1/build/omni_mpc_controller' returned '0': CONDA_PROMPT_MODIFIER=(base) PYTHONPATH=/home/ares/ares_code_projects/R1/build/omni_mpc_controller/prefix_override:/usr/lib/python3/dist-packages/colcon_core/task/python/colcon_distutils_commands:/home/ares/ares_code_projects/R1/install/omni_mpc_controller/lib/python3.10/site-packages:${PYTHONPATH} /usr/bin/python3 -W ignore:setup.py install is deprecated -W ignore:easy_install command is deprecated setup.py develop --editable --build-directory /home/ares/ares_code_projects/R1/build/omni_mpc_controller/build --no-deps symlink_data
[1.108s] INFO:colcon.colcon_core.shell:Creating environment descriptor '/home/ares/ares_code_projects/R1/build/omni_mpc_controller/share/omni_mpc_controller/hook/pythonpath_develop.dsv'
[1.108s] INFO:colcon.colcon_core.shell:Creating environment hook '/home/ares/ares_code_projects/R1/build/omni_mpc_controller/share/omni_mpc_controller/hook/pythonpath_develop.sh'
[1.108s] Level 1:colcon.colcon_core.environment:checking '/home/ares/ares_code_projects/R1/install/omni_mpc_controller' for CMake module files
[1.108s] Level 1:colcon.colcon_core.environment:checking '/home/ares/ares_code_projects/R1/install/omni_mpc_controller' for CMake config files
[1.109s] Level 1:colcon.colcon_core.environment:checking '/home/ares/ares_code_projects/R1/install/omni_mpc_controller/lib'
[1.109s] Level 1:colcon.colcon_core.environment:checking '/home/ares/ares_code_projects/R1/install/omni_mpc_controller/bin'
[1.109s] Level 1:colcon.colcon_core.environment:checking '/home/ares/ares_code_projects/R1/install/omni_mpc_controller/lib/pkgconfig/omni_mpc_controller.pc'
[1.109s] Level 1:colcon.colcon_core.environment:checking '/home/ares/ares_code_projects/R1/install/omni_mpc_controller/lib/python3.10/site-packages'
[1.109s] Level 1:colcon.colcon_core.shell:create_environment_hook('omni_mpc_controller', 'pythonpath')
[1.109s] INFO:colcon.colcon_core.shell:Creating environment hook '/home/ares/ares_code_projects/R1/install/omni_mpc_controller/share/omni_mpc_controller/hook/pythonpath.ps1'
[1.110s] INFO:colcon.colcon_core.shell:Creating environment descriptor '/home/ares/ares_code_projects/R1/install/omni_mpc_controller/share/omni_mpc_controller/hook/pythonpath.dsv'
[1.110s] INFO:colcon.colcon_core.shell:Creating environment hook '/home/ares/ares_code_projects/R1/install/omni_mpc_controller/share/omni_mpc_controller/hook/pythonpath.sh'
[1.110s] Level 1:colcon.colcon_core.environment:checking '/home/ares/ares_code_projects/R1/install/omni_mpc_controller/bin'
[1.110s] Level 1:colcon.colcon_core.environment:create_environment_scripts_only(omni_mpc_controller)
[1.110s] INFO:colcon.colcon_core.shell:Creating package script '/home/ares/ares_code_projects/R1/install/omni_mpc_controller/share/omni_mpc_controller/package.ps1'
[1.111s] INFO:colcon.colcon_core.shell:Creating package descriptor '/home/ares/ares_code_projects/R1/install/omni_mpc_controller/share/omni_mpc_controller/package.dsv'
[1.112s] INFO:colcon.colcon_core.shell:Creating package script '/home/ares/ares_code_projects/R1/install/omni_mpc_controller/share/omni_mpc_controller/package.sh'
[1.112s] INFO:colcon.colcon_core.shell:Creating package script '/home/ares/ares_code_projects/R1/install/omni_mpc_controller/share/omni_mpc_controller/package.bash'
[1.112s] INFO:colcon.colcon_core.shell:Creating package script '/home/ares/ares_code_projects/R1/install/omni_mpc_controller/share/omni_mpc_controller/package.zsh'
[1.112s] Level 1:colcon.colcon_core.environment:create_file_with_runtime_dependencies(/home/ares/ares_code_projects/R1/install/omni_mpc_controller/share/colcon-core/packages/omni_mpc_controller)
[1.233s] Level 1:colcon.colcon_core.environment:create_environment_scripts_only(my_robot_description)
[1.233s] Level 1:colcon.colcon_core.environment:checking '/home/ares/ares_code_projects/R1/install/my_robot_description' for CMake module files
[1.234s] DEBUG:colcon.colcon_core.event_handler.log_command:Invoked command in '/home/ares/ares_code_projects/R1/build/my_robot_description' returned '0': CMAKE_PREFIX_PATH=${CMAKE_PREFIX_PATH}:/home/ares/ares_code_projects/R1/install/omni_mpc_controller:/home/ares/ares_code_projects/R1/install/laser:/opt/ros/humble CONDA_PROMPT_MODIFIER=(base) /usr/bin/cmake --install /home/ares/ares_code_projects/R1/build/my_robot_description
[1.234s] Level 1:colcon.colcon_core.environment:checking '/home/ares/ares_code_projects/R1/install/my_robot_description' for CMake config files
[1.234s] Level 1:colcon.colcon_core.shell:create_environment_hook('my_robot_description', 'cmake_prefix_path')
[1.234s] INFO:colcon.colcon_core.shell:Creating environment hook '/home/ares/ares_code_projects/R1/install/my_robot_description/share/my_robot_description/hook/cmake_prefix_path.ps1'
[1.235s] INFO:colcon.colcon_core.shell:Creating environment descriptor '/home/ares/ares_code_projects/R1/install/my_robot_description/share/my_robot_description/hook/cmake_prefix_path.dsv'
[1.235s] INFO:colcon.colcon_core.shell:Creating environment hook '/home/ares/ares_code_projects/R1/install/my_robot_description/share/my_robot_description/hook/cmake_prefix_path.sh'
[1.236s] Level 1:colcon.colcon_core.environment:checking '/home/ares/ares_code_projects/R1/install/my_robot_description/bin'
[1.236s] Level 1:colcon.colcon_core.environment:checking '/home/ares/ares_code_projects/R1/install/my_robot_description/lib/pkgconfig/my_robot_description.pc'
[1.236s] Level 1:colcon.colcon_core.environment:checking '/home/ares/ares_code_projects/R1/install/my_robot_description/lib/python3.10/site-packages'
[1.236s] Level 1:colcon.colcon_core.environment:checking '/home/ares/ares_code_projects/R1/install/my_robot_description/bin'
[1.236s] INFO:colcon.colcon_core.shell:Creating package script '/home/ares/ares_code_projects/R1/install/my_robot_description/share/my_robot_description/package.ps1'
[1.236s] INFO:colcon.colcon_core.shell:Creating package descriptor '/home/ares/ares_code_projects/R1/install/my_robot_description/share/my_robot_description/package.dsv'
[1.237s] INFO:colcon.colcon_core.shell:Creating package script '/home/ares/ares_code_projects/R1/install/my_robot_description/share/my_robot_description/package.sh'
[1.237s] INFO:colcon.colcon_core.shell:Creating package script '/home/ares/ares_code_projects/R1/install/my_robot_description/share/my_robot_description/package.bash'
[1.237s] INFO:colcon.colcon_core.shell:Creating package script '/home/ares/ares_code_projects/R1/install/my_robot_description/share/my_robot_description/package.zsh'
[1.237s] Level 1:colcon.colcon_core.environment:create_file_with_runtime_dependencies(/home/ares/ares_code_projects/R1/install/my_robot_description/share/colcon-core/packages/my_robot_description)
[1.237s] Level 1:colcon.colcon_core.environment:create_environment_scripts_only(my_robot_description)
[1.237s] Level 1:colcon.colcon_core.environment:checking '/home/ares/ares_code_projects/R1/install/my_robot_description' for CMake module files
[1.238s] Level 1:colcon.colcon_core.environment:checking '/home/ares/ares_code_projects/R1/install/my_robot_description' for CMake config files
[1.238s] Level 1:colcon.colcon_core.shell:create_environment_hook('my_robot_description', 'cmake_prefix_path')
[1.238s] INFO:colcon.colcon_core.shell:Creating environment hook '/home/ares/ares_code_projects/R1/install/my_robot_description/share/my_robot_description/hook/cmake_prefix_path.ps1'
[1.238s] INFO:colcon.colcon_core.shell:Creating environment descriptor '/home/ares/ares_code_projects/R1/install/my_robot_description/share/my_robot_description/hook/cmake_prefix_path.dsv'
[1.238s] INFO:colcon.colcon_core.shell:Creating environment hook '/home/ares/ares_code_projects/R1/install/my_robot_description/share/my_robot_description/hook/cmake_prefix_path.sh'
[1.238s] Level 1:colcon.colcon_core.environment:checking '/home/ares/ares_code_projects/R1/install/my_robot_description/bin'
[1.239s] Level 1:colcon.colcon_core.environment:checking '/home/ares/ares_code_projects/R1/install/my_robot_description/lib/pkgconfig/my_robot_description.pc'
[1.239s] Level 1:colcon.colcon_core.environment:checking '/home/ares/ares_code_projects/R1/install/my_robot_description/lib/python3.10/site-packages'
[1.239s] Level 1:colcon.colcon_core.environment:checking '/home/ares/ares_code_projects/R1/install/my_robot_description/bin'
[1.239s] INFO:colcon.colcon_core.shell:Creating package script '/home/ares/ares_code_projects/R1/install/my_robot_description/share/my_robot_description/package.ps1'
[1.239s] INFO:colcon.colcon_core.shell:Creating package descriptor '/home/ares/ares_code_projects/R1/install/my_robot_description/share/my_robot_description/package.dsv'
[1.239s] INFO:colcon.colcon_core.shell:Creating package script '/home/ares/ares_code_projects/R1/install/my_robot_description/share/my_robot_description/package.sh'
[1.239s] INFO:colcon.colcon_core.shell:Creating package script '/home/ares/ares_code_projects/R1/install/my_robot_description/share/my_robot_description/package.bash'
[1.240s] INFO:colcon.colcon_core.shell:Creating package script '/home/ares/ares_code_projects/R1/install/my_robot_description/share/my_robot_description/package.zsh'
[1.240s] Level 1:colcon.colcon_core.environment:create_file_with_runtime_dependencies(/home/ares/ares_code_projects/R1/install/my_robot_description/share/colcon-core/packages/my_robot_description)
[1.240s] INFO:colcon.colcon_ros.task.ament_cmake.build:Building ROS package in '/home/ares/ares_code_projects/R1/src/my_robot_bringup' with build type 'ament_cmake'
[1.240s] INFO:colcon.colcon_cmake.task.cmake.build:Building CMake package in '/home/ares/ares_code_projects/R1/src/my_robot_bringup'
[1.240s] INFO:colcon.colcon_core.shell:Skip shell extension 'powershell' for command environment: Not usable outside of PowerShell
[1.240s] DEBUG:colcon.colcon_core.shell:Skip shell extension 'dsv' for command environment
[1.246s] DEBUG:colcon.colcon_core.event_handler.log_command:Invoking command in '/home/ares/ares_code_projects/R1/build/my_robot_bringup': CMAKE_PREFIX_PATH=/home/ares/ares_code_projects/R1/install/my_robot_description:/home/ares/ares_code_projects/R1/install/usb_bulk_node:/home/ares/ares_code_projects/R1/install/sllidar_ros2:/home/ares/ares_code_projects/R1/install/myrobot_controller:/home/ares/ares_code_projects/R1/install/my_robot_bringup:/home/ares/ros2_ws/install/zed_ros2:/home/ares/ros2_ws/install/zed_wrapper:/home/ares/ros2_ws/install/zed_components:/home/ares/ros2_ws/install/hoop_detector:/home/ares/ros2_ws/install/hik_camera:/home/ares/ares_code_projects/R1/install/omni_mpc_controller:/home/ares/ares_code_projects/R1/install/laser:/opt/ros/humble CONDA_PROMPT_MODIFIER=(base) /usr/bin/cmake /home/ares/ares_code_projects/R1/src/my_robot_bringup -DAMENT_CMAKE_SYMLINK_INSTALL=1 -DCMAKE_INSTALL_PREFIX=/home/ares/ares_code_projects/R1/install/my_robot_bringup
[1.383s] DEBUG:colcon.colcon_core.event_handler.log_command:Invoked command in '/home/ares/ares_code_projects/R1/build/sllidar_ros2' returned '0': CMAKE_PREFIX_PATH=${CMAKE_PREFIX_PATH}:/home/ares/ares_code_projects/R1/install/omni_mpc_controller:/home/ares/ares_code_projects/R1/install/laser:/opt/ros/humble CONDA_PROMPT_MODIFIER=(base) /usr/bin/cmake /home/ares/ares_code_projects/R1/src/sllidar_ros2 -DAMENT_CMAKE_SYMLINK_INSTALL=1 -DCMAKE_INSTALL_PREFIX=/home/ares/ares_code_projects/R1/install/sllidar_ros2
[1.384s] DEBUG:colcon.colcon_core.event_handler.log_command:Invoking command in '/home/ares/ares_code_projects/R1/build/sllidar_ros2': CMAKE_PREFIX_PATH=${CMAKE_PREFIX_PATH}:/home/ares/ares_code_projects/R1/install/omni_mpc_controller:/home/ares/ares_code_projects/R1/install/laser:/opt/ros/humble CONDA_PROMPT_MODIFIER=(base) /usr/bin/cmake --build /home/ares/ares_code_projects/R1/build/sllidar_ros2 -- -j16 -l16
[1.385s] DEBUG:colcon.colcon_core.event_handler.log_command:Invoked command in '/home/ares/ares_code_projects/R1/build/usb_bulk_node' returned '0': CMAKE_PREFIX_PATH=${CMAKE_PREFIX_PATH}:/home/ares/ares_code_projects/R1/install/omni_mpc_controller:/home/ares/ares_code_projects/R1/install/laser:/opt/ros/humble CONDA_PROMPT_MODIFIER=(base) /usr/bin/cmake /home/ares/ares_code_projects/R1/src/usb_bulk_node -DAMENT_CMAKE_SYMLINK_INSTALL=1 -DCMAKE_INSTALL_PREFIX=/home/ares/ares_code_projects/R1/install/usb_bulk_node
[1.386s] DEBUG:colcon.colcon_core.event_handler.log_command:Invoking command in '/home/ares/ares_code_projects/R1/build/usb_bulk_node': CMAKE_PREFIX_PATH=${CMAKE_PREFIX_PATH}:/home/ares/ares_code_projects/R1/install/omni_mpc_controller:/home/ares/ares_code_projects/R1/install/laser:/opt/ros/humble CONDA_PROMPT_MODIFIER=(base) /usr/bin/cmake --build /home/ares/ares_code_projects/R1/build/usb_bulk_node -- -j16 -l16
[1.444s] DEBUG:colcon.colcon_core.event_handler.log_command:Invoked command in '/home/ares/ares_code_projects/R1/build/myrobot_controller' returned '0': CMAKE_PREFIX_PATH=${CMAKE_PREFIX_PATH}:/home/ares/ares_code_projects/R1/install/omni_mpc_controller:/home/ares/ares_code_projects/R1/install/laser:/opt/ros/humble CONDA_PROMPT_MODIFIER=(base) /usr/bin/cmake /home/ares/ares_code_projects/R1/src/myrobot_controller -DAMENT_CMAKE_SYMLINK_INSTALL=1 -DCMAKE_INSTALL_PREFIX=/home/ares/ares_code_projects/R1/install/myrobot_controller
[1.447s] DEBUG:colcon.colcon_core.event_handler.log_command:Invoking command in '/home/ares/ares_code_projects/R1/build/myrobot_controller': CMAKE_PREFIX_PATH=${CMAKE_PREFIX_PATH}:/home/ares/ares_code_projects/R1/install/omni_mpc_controller:/home/ares/ares_code_projects/R1/install/laser:/opt/ros/humble CONDA_PROMPT_MODIFIER=(base) /usr/bin/cmake --build /home/ares/ares_code_projects/R1/build/myrobot_controller -- -j16 -l16
[2.254s] DEBUG:colcon.colcon_core.event_handler.log_command:Invoked command in '/home/ares/ares_code_projects/R1/build/my_robot_bringup' returned '0': CMAKE_PREFIX_PATH=/home/ares/ares_code_projects/R1/install/my_robot_description:/home/ares/ares_code_projects/R1/install/usb_bulk_node:/home/ares/ares_code_projects/R1/install/sllidar_ros2:/home/ares/ares_code_projects/R1/install/myrobot_controller:/home/ares/ares_code_projects/R1/install/my_robot_bringup:/home/ares/ros2_ws/install/zed_ros2:/home/ares/ros2_ws/install/zed_wrapper:/home/ares/ros2_ws/install/zed_components:/home/ares/ros2_ws/install/hoop_detector:/home/ares/ros2_ws/install/hik_camera:/home/ares/ares_code_projects/R1/install/omni_mpc_controller:/home/ares/ares_code_projects/R1/install/laser:/opt/ros/humble CONDA_PROMPT_MODIFIER=(base) /usr/bin/cmake /home/ares/ares_code_projects/R1/src/my_robot_bringup -DAMENT_CMAKE_SYMLINK_INSTALL=1 -DCMAKE_INSTALL_PREFIX=/home/ares/ares_code_projects/R1/install/my_robot_bringup
[2.255s] DEBUG:colcon.colcon_core.event_handler.log_command:Invoking command in '/home/ares/ares_code_projects/R1/build/my_robot_bringup': CMAKE_PREFIX_PATH=/home/ares/ares_code_projects/R1/install/my_robot_description:/home/ares/ares_code_projects/R1/install/usb_bulk_node:/home/ares/ares_code_projects/R1/install/sllidar_ros2:/home/ares/ares_code_projects/R1/install/myrobot_controller:/home/ares/ares_code_projects/R1/install/my_robot_bringup:/home/ares/ros2_ws/install/zed_ros2:/home/ares/ros2_ws/install/zed_wrapper:/home/ares/ros2_ws/install/zed_components:/home/ares/ros2_ws/install/hoop_detector:/home/ares/ros2_ws/install/hik_camera:/home/ares/ares_code_projects/R1/install/omni_mpc_controller:/home/ares/ares_code_projects/R1/install/laser:/opt/ros/humble CONDA_PROMPT_MODIFIER=(base) /usr/bin/cmake --build /home/ares/ares_code_projects/R1/build/my_robot_bringup -- -j16 -l16
[2.289s] DEBUG:colcon.colcon_core.event_handler.log_command:Invoked command in '/home/ares/ares_code_projects/R1/build/my_robot_bringup' returned '0': CMAKE_PREFIX_PATH=/home/ares/ares_code_projects/R1/install/my_robot_description:/home/ares/ares_code_projects/R1/install/usb_bulk_node:/home/ares/ares_code_projects/R1/install/sllidar_ros2:/home/ares/ares_code_projects/R1/install/myrobot_controller:/home/ares/ares_code_projects/R1/install/my_robot_bringup:/home/ares/ros2_ws/install/zed_ros2:/home/ares/ros2_ws/install/zed_wrapper:/home/ares/ros2_ws/install/zed_components:/home/ares/ros2_ws/install/hoop_detector:/home/ares/ros2_ws/install/hik_camera:/home/ares/ares_code_projects/R1/install/omni_mpc_controller:/home/ares/ares_code_projects/R1/install/laser:/opt/ros/humble CONDA_PROMPT_MODIFIER=(base) /usr/bin/cmake --build /home/ares/ares_code_projects/R1/build/my_robot_bringup -- -j16 -l16
[2.291s] DEBUG:colcon.colcon_core.event_handler.log_command:Invoking command in '/home/ares/ares_code_projects/R1/build/my_robot_bringup': CMAKE_PREFIX_PATH=/home/ares/ares_code_projects/R1/install/my_robot_description:/home/ares/ares_code_projects/R1/install/usb_bulk_node:/home/ares/ares_code_projects/R1/install/sllidar_ros2:/home/ares/ares_code_projects/R1/install/myrobot_controller:/home/ares/ares_code_projects/R1/install/my_robot_bringup:/home/ares/ros2_ws/install/zed_ros2:/home/ares/ros2_ws/install/zed_wrapper:/home/ares/ros2_ws/install/zed_components:/home/ares/ros2_ws/install/hoop_detector:/home/ares/ros2_ws/install/hik_camera:/home/ares/ares_code_projects/R1/install/omni_mpc_controller:/home/ares/ares_code_projects/R1/install/laser:/opt/ros/humble CONDA_PROMPT_MODIFIER=(base) /usr/bin/cmake --install /home/ares/ares_code_projects/R1/build/my_robot_bringup
[2.435s] Level 1:colcon.colcon_core.environment:create_environment_scripts_only(my_robot_bringup)
[2.436s] Level 1:colcon.colcon_core.environment:checking '/home/ares/ares_code_projects/R1/install/my_robot_bringup' for CMake module files
[2.436s] DEBUG:colcon.colcon_core.event_handler.log_command:Invoked command in '/home/ares/ares_code_projects/R1/build/my_robot_bringup' returned '0': CMAKE_PREFIX_PATH=/home/ares/ares_code_projects/R1/install/my_robot_description:/home/ares/ares_code_projects/R1/install/usb_bulk_node:/home/ares/ares_code_projects/R1/install/sllidar_ros2:/home/ares/ares_code_projects/R1/install/myrobot_controller:/home/ares/ares_code_projects/R1/install/my_robot_bringup:/home/ares/ros2_ws/install/zed_ros2:/home/ares/ros2_ws/install/zed_wrapper:/home/ares/ros2_ws/install/zed_components:/home/ares/ros2_ws/install/hoop_detector:/home/ares/ros2_ws/install/hik_camera:/home/ares/ares_code_projects/R1/install/omni_mpc_controller:/home/ares/ares_code_projects/R1/install/laser:/opt/ros/humble CONDA_PROMPT_MODIFIER=(base) /usr/bin/cmake --install /home/ares/ares_code_projects/R1/build/my_robot_bringup
[2.436s] Level 1:colcon.colcon_core.environment:checking '/home/ares/ares_code_projects/R1/install/my_robot_bringup' for CMake config files
[2.437s] Level 1:colcon.colcon_core.shell:create_environment_hook('my_robot_bringup', 'cmake_prefix_path')
[2.437s] INFO:colcon.colcon_core.shell:Creating environment hook '/home/ares/ares_code_projects/R1/install/my_robot_bringup/share/my_robot_bringup/hook/cmake_prefix_path.ps1'
[2.437s] INFO:colcon.colcon_core.shell:Creating environment descriptor '/home/ares/ares_code_projects/R1/install/my_robot_bringup/share/my_robot_bringup/hook/cmake_prefix_path.dsv'
[2.438s] INFO:colcon.colcon_core.shell:Creating environment hook '/home/ares/ares_code_projects/R1/install/my_robot_bringup/share/my_robot_bringup/hook/cmake_prefix_path.sh'
[2.438s] Level 1:colcon.colcon_core.environment:checking '/home/ares/ares_code_projects/R1/install/my_robot_bringup/bin'
[2.438s] Level 1:colcon.colcon_core.environment:checking '/home/ares/ares_code_projects/R1/install/my_robot_bringup/lib/pkgconfig/my_robot_bringup.pc'
[2.438s] Level 1:colcon.colcon_core.environment:checking '/home/ares/ares_code_projects/R1/install/my_robot_bringup/lib/python3.10/site-packages'
[2.438s] Level 1:colcon.colcon_core.environment:checking '/home/ares/ares_code_projects/R1/install/my_robot_bringup/bin'
[2.438s] INFO:colcon.colcon_core.shell:Creating package script '/home/ares/ares_code_projects/R1/install/my_robot_bringup/share/my_robot_bringup/package.ps1'
[2.439s] INFO:colcon.colcon_core.shell:Creating package descriptor '/home/ares/ares_code_projects/R1/install/my_robot_bringup/share/my_robot_bringup/package.dsv'
[2.439s] INFO:colcon.colcon_core.shell:Creating package script '/home/ares/ares_code_projects/R1/install/my_robot_bringup/share/my_robot_bringup/package.sh'
[2.439s] INFO:colcon.colcon_core.shell:Creating package script '/home/ares/ares_code_projects/R1/install/my_robot_bringup/share/my_robot_bringup/package.bash'
[2.439s] INFO:colcon.colcon_core.shell:Creating package script '/home/ares/ares_code_projects/R1/install/my_robot_bringup/share/my_robot_bringup/package.zsh'
[2.439s] Level 1:colcon.colcon_core.environment:create_file_with_runtime_dependencies(/home/ares/ares_code_projects/R1/install/my_robot_bringup/share/colcon-core/packages/my_robot_bringup)
[2.440s] Level 1:colcon.colcon_core.environment:create_environment_scripts_only(my_robot_bringup)
[2.440s] Level 1:colcon.colcon_core.environment:checking '/home/ares/ares_code_projects/R1/install/my_robot_bringup' for CMake module files
[2.440s] Level 1:colcon.colcon_core.environment:checking '/home/ares/ares_code_projects/R1/install/my_robot_bringup' for CMake config files
[2.440s] Level 1:colcon.colcon_core.shell:create_environment_hook('my_robot_bringup', 'cmake_prefix_path')
[2.440s] INFO:colcon.colcon_core.shell:Creating environment hook '/home/ares/ares_code_projects/R1/install/my_robot_bringup/share/my_robot_bringup/hook/cmake_prefix_path.ps1'
[2.441s] INFO:colcon.colcon_core.shell:Creating environment descriptor '/home/ares/ares_code_projects/R1/install/my_robot_bringup/share/my_robot_bringup/hook/cmake_prefix_path.dsv'
[2.441s] INFO:colcon.colcon_core.shell:Creating environment hook '/home/ares/ares_code_projects/R1/install/my_robot_bringup/share/my_robot_bringup/hook/cmake_prefix_path.sh'
[2.441s] Level 1:colcon.colcon_core.environment:checking '/home/ares/ares_code_projects/R1/install/my_robot_bringup/bin'
[2.441s] Level 1:colcon.colcon_core.environment:checking '/home/ares/ares_code_projects/R1/install/my_robot_bringup/lib/pkgconfig/my_robot_bringup.pc'
[2.441s] Level 1:colcon.colcon_core.environment:checking '/home/ares/ares_code_projects/R1/install/my_robot_bringup/lib/python3.10/site-packages'
[2.441s] Level 1:colcon.colcon_core.environment:checking '/home/ares/ares_code_projects/R1/install/my_robot_bringup/bin'
[2.441s] INFO:colcon.colcon_core.shell:Creating package script '/home/ares/ares_code_projects/R1/install/my_robot_bringup/share/my_robot_bringup/package.ps1'
[2.442s] INFO:colcon.colcon_core.shell:Creating package descriptor '/home/ares/ares_code_projects/R1/install/my_robot_bringup/share/my_robot_bringup/package.dsv'
[2.442s] INFO:colcon.colcon_core.shell:Creating package script '/home/ares/ares_code_projects/R1/install/my_robot_bringup/share/my_robot_bringup/package.sh'
[2.442s] INFO:colcon.colcon_core.shell:Creating package script '/home/ares/ares_code_projects/R1/install/my_robot_bringup/share/my_robot_bringup/package.bash'
[2.442s] INFO:colcon.colcon_core.shell:Creating package script '/home/ares/ares_code_projects/R1/install/my_robot_bringup/share/my_robot_bringup/package.zsh'
[2.443s] Level 1:colcon.colcon_core.environment:create_file_with_runtime_dependencies(/home/ares/ares_code_projects/R1/install/my_robot_bringup/share/colcon-core/packages/my_robot_bringup)
[6.588s] DEBUG:colcon.colcon_core.event_handler.log_command:Invoked command in '/home/ares/ares_code_projects/R1/build/sllidar_ros2' returned '0': CMAKE_PREFIX_PATH=${CMAKE_PREFIX_PATH}:/home/ares/ares_code_projects/R1/install/omni_mpc_controller:/home/ares/ares_code_projects/R1/install/laser:/opt/ros/humble CONDA_PROMPT_MODIFIER=(base) /usr/bin/cmake --build /home/ares/ares_code_projects/R1/build/sllidar_ros2 -- -j16 -l16
[6.589s] DEBUG:colcon.colcon_core.event_handler.log_command:Invoking command in '/home/ares/ares_code_projects/R1/build/sllidar_ros2': CMAKE_PREFIX_PATH=${CMAKE_PREFIX_PATH}:/home/ares/ares_code_projects/R1/install/omni_mpc_controller:/home/ares/ares_code_projects/R1/install/laser:/opt/ros/humble CONDA_PROMPT_MODIFIER=(base) /usr/bin/cmake --install /home/ares/ares_code_projects/R1/build/sllidar_ros2
[6.807s] Level 1:colcon.colcon_core.environment:create_environment_scripts_only(sllidar_ros2)
[6.807s] Level 1:colcon.colcon_core.environment:checking '/home/ares/ares_code_projects/R1/install/sllidar_ros2' for CMake module files
[6.807s] DEBUG:colcon.colcon_core.event_handler.log_command:Invoked command in '/home/ares/ares_code_projects/R1/build/sllidar_ros2' returned '0': CMAKE_PREFIX_PATH=${CMAKE_PREFIX_PATH}:/home/ares/ares_code_projects/R1/install/omni_mpc_controller:/home/ares/ares_code_projects/R1/install/laser:/opt/ros/humble CONDA_PROMPT_MODIFIER=(base) /usr/bin/cmake --install /home/ares/ares_code_projects/R1/build/sllidar_ros2
[6.808s] Level 1:colcon.colcon_core.environment:checking '/home/ares/ares_code_projects/R1/install/sllidar_ros2' for CMake config files
[6.808s] Level 1:colcon.colcon_core.shell:create_environment_hook('sllidar_ros2', 'cmake_prefix_path')
[6.808s] INFO:colcon.colcon_core.shell:Creating environment hook '/home/ares/ares_code_projects/R1/install/sllidar_ros2/share/sllidar_ros2/hook/cmake_prefix_path.ps1'
[6.808s] INFO:colcon.colcon_core.shell:Creating environment descriptor '/home/ares/ares_code_projects/R1/install/sllidar_ros2/share/sllidar_ros2/hook/cmake_prefix_path.dsv'
[6.808s] INFO:colcon.colcon_core.shell:Creating environment hook '/home/ares/ares_code_projects/R1/install/sllidar_ros2/share/sllidar_ros2/hook/cmake_prefix_path.sh'
[6.809s] Level 1:colcon.colcon_core.environment:checking '/home/ares/ares_code_projects/R1/install/sllidar_ros2/lib'
[6.809s] Level 1:colcon.colcon_core.environment:checking '/home/ares/ares_code_projects/R1/install/sllidar_ros2/bin'
[6.809s] Level 1:colcon.colcon_core.environment:checking '/home/ares/ares_code_projects/R1/install/sllidar_ros2/lib/pkgconfig/sllidar_ros2.pc'
[6.809s] Level 1:colcon.colcon_core.environment:checking '/home/ares/ares_code_projects/R1/install/sllidar_ros2/lib/python3.10/site-packages'
[6.809s] Level 1:colcon.colcon_core.environment:checking '/home/ares/ares_code_projects/R1/install/sllidar_ros2/bin'
[6.809s] INFO:colcon.colcon_core.shell:Creating package script '/home/ares/ares_code_projects/R1/install/sllidar_ros2/share/sllidar_ros2/package.ps1'
[6.809s] INFO:colcon.colcon_core.shell:Creating package descriptor '/home/ares/ares_code_projects/R1/install/sllidar_ros2/share/sllidar_ros2/package.dsv'
[6.810s] INFO:colcon.colcon_core.shell:Creating package script '/home/ares/ares_code_projects/R1/install/sllidar_ros2/share/sllidar_ros2/package.sh'
[6.810s] INFO:colcon.colcon_core.shell:Creating package script '/home/ares/ares_code_projects/R1/install/sllidar_ros2/share/sllidar_ros2/package.bash'
[6.810s] INFO:colcon.colcon_core.shell:Creating package script '/home/ares/ares_code_projects/R1/install/sllidar_ros2/share/sllidar_ros2/package.zsh'
[6.810s] Level 1:colcon.colcon_core.environment:create_file_with_runtime_dependencies(/home/ares/ares_code_projects/R1/install/sllidar_ros2/share/colcon-core/packages/sllidar_ros2)
[6.810s] Level 1:colcon.colcon_core.environment:create_environment_scripts_only(sllidar_ros2)
[6.810s] Level 1:colcon.colcon_core.environment:checking '/home/ares/ares_code_projects/R1/install/sllidar_ros2' for CMake module files
[6.811s] Level 1:colcon.colcon_core.environment:checking '/home/ares/ares_code_projects/R1/install/sllidar_ros2' for CMake config files
[6.811s] Level 1:colcon.colcon_core.shell:create_environment_hook('sllidar_ros2', 'cmake_prefix_path')
[6.811s] INFO:colcon.colcon_core.shell:Creating environment hook '/home/ares/ares_code_projects/R1/install/sllidar_ros2/share/sllidar_ros2/hook/cmake_prefix_path.ps1'
[6.811s] INFO:colcon.colcon_core.shell:Creating environment descriptor '/home/ares/ares_code_projects/R1/install/sllidar_ros2/share/sllidar_ros2/hook/cmake_prefix_path.dsv'
[6.811s] INFO:colcon.colcon_core.shell:Creating environment hook '/home/ares/ares_code_projects/R1/install/sllidar_ros2/share/sllidar_ros2/hook/cmake_prefix_path.sh'
[6.812s] Level 1:colcon.colcon_core.environment:checking '/home/ares/ares_code_projects/R1/install/sllidar_ros2/lib'
[6.812s] Level 1:colcon.colcon_core.environment:checking '/home/ares/ares_code_projects/R1/install/sllidar_ros2/bin'
[6.812s] Level 1:colcon.colcon_core.environment:checking '/home/ares/ares_code_projects/R1/install/sllidar_ros2/lib/pkgconfig/sllidar_ros2.pc'
[6.812s] Level 1:colcon.colcon_core.environment:checking '/home/ares/ares_code_projects/R1/install/sllidar_ros2/lib/python3.10/site-packages'
[6.812s] Level 1:colcon.colcon_core.environment:checking '/home/ares/ares_code_projects/R1/install/sllidar_ros2/bin'
[6.812s] INFO:colcon.colcon_core.shell:Creating package script '/home/ares/ares_code_projects/R1/install/sllidar_ros2/share/sllidar_ros2/package.ps1'
[6.812s] INFO:colcon.colcon_core.shell:Creating package descriptor '/home/ares/ares_code_projects/R1/install/sllidar_ros2/share/sllidar_ros2/package.dsv'
[6.813s] INFO:colcon.colcon_core.shell:Creating package script '/home/ares/ares_code_projects/R1/install/sllidar_ros2/share/sllidar_ros2/package.sh'
[6.813s] INFO:colcon.colcon_core.shell:Creating package script '/home/ares/ares_code_projects/R1/install/sllidar_ros2/share/sllidar_ros2/package.bash'
[6.813s] INFO:colcon.colcon_core.shell:Creating package script '/home/ares/ares_code_projects/R1/install/sllidar_ros2/share/sllidar_ros2/package.zsh'
[6.813s] Level 1:colcon.colcon_core.environment:create_file_with_runtime_dependencies(/home/ares/ares_code_projects/R1/install/sllidar_ros2/share/colcon-core/packages/sllidar_ros2)
[7.079s] DEBUG:colcon.colcon_core.event_handler.log_command:Invoked command in '/home/ares/ares_code_projects/R1/build/usb_bulk_node' returned '0': CMAKE_PREFIX_PATH=${CMAKE_PREFIX_PATH}:/home/ares/ares_code_projects/R1/install/omni_mpc_controller:/home/ares/ares_code_projects/R1/install/laser:/opt/ros/humble CONDA_PROMPT_MODIFIER=(base) /usr/bin/cmake --build /home/ares/ares_code_projects/R1/build/usb_bulk_node -- -j16 -l16
[7.080s] DEBUG:colcon.colcon_core.event_handler.log_command:Invoking command in '/home/ares/ares_code_projects/R1/build/usb_bulk_node': CMAKE_PREFIX_PATH=${CMAKE_PREFIX_PATH}:/home/ares/ares_code_projects/R1/install/omni_mpc_controller:/home/ares/ares_code_projects/R1/install/laser:/opt/ros/humble CONDA_PROMPT_MODIFIER=(base) /usr/bin/cmake --install /home/ares/ares_code_projects/R1/build/usb_bulk_node
[7.173s] Level 1:colcon.colcon_core.environment:create_environment_scripts_only(usb_bulk_node)
[7.173s] Level 1:colcon.colcon_core.environment:checking '/home/ares/ares_code_projects/R1/install/usb_bulk_node' for CMake module files
[7.173s] DEBUG:colcon.colcon_core.event_handler.log_command:Invoked command in '/home/ares/ares_code_projects/R1/build/usb_bulk_node' returned '0': CMAKE_PREFIX_PATH=${CMAKE_PREFIX_PATH}:/home/ares/ares_code_projects/R1/install/omni_mpc_controller:/home/ares/ares_code_projects/R1/install/laser:/opt/ros/humble CONDA_PROMPT_MODIFIER=(base) /usr/bin/cmake --install /home/ares/ares_code_projects/R1/build/usb_bulk_node
[7.174s] Level 1:colcon.colcon_core.environment:checking '/home/ares/ares_code_projects/R1/install/usb_bulk_node' for CMake config files
[7.174s] Level 1:colcon.colcon_core.shell:create_environment_hook('usb_bulk_node', 'cmake_prefix_path')
[7.174s] INFO:colcon.colcon_core.shell:Creating environment hook '/home/ares/ares_code_projects/R1/install/usb_bulk_node/share/usb_bulk_node/hook/cmake_prefix_path.ps1'
[7.174s] INFO:colcon.colcon_core.shell:Creating environment descriptor '/home/ares/ares_code_projects/R1/install/usb_bulk_node/share/usb_bulk_node/hook/cmake_prefix_path.dsv'
[7.174s] INFO:colcon.colcon_core.shell:Creating environment hook '/home/ares/ares_code_projects/R1/install/usb_bulk_node/share/usb_bulk_node/hook/cmake_prefix_path.sh'
[7.175s] Level 1:colcon.colcon_core.environment:checking '/home/ares/ares_code_projects/R1/install/usb_bulk_node/lib'
[7.175s] Level 1:colcon.colcon_core.environment:checking '/home/ares/ares_code_projects/R1/install/usb_bulk_node/bin'
[7.175s] Level 1:colcon.colcon_core.environment:checking '/home/ares/ares_code_projects/R1/install/usb_bulk_node/lib/pkgconfig/usb_bulk_node.pc'
[7.175s] Level 1:colcon.colcon_core.environment:checking '/home/ares/ares_code_projects/R1/install/usb_bulk_node/lib/python3.10/site-packages'
[7.175s] Level 1:colcon.colcon_core.environment:checking '/home/ares/ares_code_projects/R1/install/usb_bulk_node/bin'
[7.175s] INFO:colcon.colcon_core.shell:Creating package script '/home/ares/ares_code_projects/R1/install/usb_bulk_node/share/usb_bulk_node/package.ps1'
[7.175s] INFO:colcon.colcon_core.shell:Creating package descriptor '/home/ares/ares_code_projects/R1/install/usb_bulk_node/share/usb_bulk_node/package.dsv'
[7.176s] INFO:colcon.colcon_core.shell:Creating package script '/home/ares/ares_code_projects/R1/install/usb_bulk_node/share/usb_bulk_node/package.sh'
[7.176s] INFO:colcon.colcon_core.shell:Creating package script '/home/ares/ares_code_projects/R1/install/usb_bulk_node/share/usb_bulk_node/package.bash'
[7.176s] INFO:colcon.colcon_core.shell:Creating package script '/home/ares/ares_code_projects/R1/install/usb_bulk_node/share/usb_bulk_node/package.zsh'
[7.176s] Level 1:colcon.colcon_core.environment:create_file_with_runtime_dependencies(/home/ares/ares_code_projects/R1/install/usb_bulk_node/share/colcon-core/packages/usb_bulk_node)
[7.176s] Level 1:colcon.colcon_core.environment:create_environment_scripts_only(usb_bulk_node)
[7.176s] Level 1:colcon.colcon_core.environment:checking '/home/ares/ares_code_projects/R1/install/usb_bulk_node' for CMake module files
[7.177s] Level 1:colcon.colcon_core.environment:checking '/home/ares/ares_code_projects/R1/install/usb_bulk_node' for CMake config files
[7.177s] Level 1:colcon.colcon_core.shell:create_environment_hook('usb_bulk_node', 'cmake_prefix_path')
[7.177s] INFO:colcon.colcon_core.shell:Creating environment hook '/home/ares/ares_code_projects/R1/install/usb_bulk_node/share/usb_bulk_node/hook/cmake_prefix_path.ps1'
[7.177s] INFO:colcon.colcon_core.shell:Creating environment descriptor '/home/ares/ares_code_projects/R1/install/usb_bulk_node/share/usb_bulk_node/hook/cmake_prefix_path.dsv'
[7.177s] INFO:colcon.colcon_core.shell:Creating environment hook '/home/ares/ares_code_projects/R1/install/usb_bulk_node/share/usb_bulk_node/hook/cmake_prefix_path.sh'
[7.177s] Level 1:colcon.colcon_core.environment:checking '/home/ares/ares_code_projects/R1/install/usb_bulk_node/lib'
[7.177s] Level 1:colcon.colcon_core.environment:checking '/home/ares/ares_code_projects/R1/install/usb_bulk_node/bin'
[7.177s] Level 1:colcon.colcon_core.environment:checking '/home/ares/ares_code_projects/R1/install/usb_bulk_node/lib/pkgconfig/usb_bulk_node.pc'
[7.178s] Level 1:colcon.colcon_core.environment:checking '/home/ares/ares_code_projects/R1/install/usb_bulk_node/lib/python3.10/site-packages'
[7.178s] Level 1:colcon.colcon_core.environment:checking '/home/ares/ares_code_projects/R1/install/usb_bulk_node/bin'
[7.178s] INFO:colcon.colcon_core.shell:Creating package script '/home/ares/ares_code_projects/R1/install/usb_bulk_node/share/usb_bulk_node/package.ps1'
[7.178s] INFO:colcon.colcon_core.shell:Creating package descriptor '/home/ares/ares_code_projects/R1/install/usb_bulk_node/share/usb_bulk_node/package.dsv'
[7.178s] INFO:colcon.colcon_core.shell:Creating package script '/home/ares/ares_code_projects/R1/install/usb_bulk_node/share/usb_bulk_node/package.sh'
[7.178s] INFO:colcon.colcon_core.shell:Creating package script '/home/ares/ares_code_projects/R1/install/usb_bulk_node/share/usb_bulk_node/package.bash'
[7.179s] INFO:colcon.colcon_core.shell:Creating package script '/home/ares/ares_code_projects/R1/install/usb_bulk_node/share/usb_bulk_node/package.zsh'
[7.179s] Level 1:colcon.colcon_core.environment:create_file_with_runtime_dependencies(/home/ares/ares_code_projects/R1/install/usb_bulk_node/share/colcon-core/packages/usb_bulk_node)
[7.260s] DEBUG:colcon.colcon_core.event_handler.log_command:Invoked command in '/home/ares/ares_code_projects/R1/build/myrobot_controller' returned '0': CMAKE_PREFIX_PATH=${CMAKE_PREFIX_PATH}:/home/ares/ares_code_projects/R1/install/omni_mpc_controller:/home/ares/ares_code_projects/R1/install/laser:/opt/ros/humble CONDA_PROMPT_MODIFIER=(base) /usr/bin/cmake --build /home/ares/ares_code_projects/R1/build/myrobot_controller -- -j16 -l16
[7.261s] DEBUG:colcon.colcon_core.event_handler.log_command:Invoking command in '/home/ares/ares_code_projects/R1/build/myrobot_controller': CMAKE_PREFIX_PATH=${CMAKE_PREFIX_PATH}:/home/ares/ares_code_projects/R1/install/omni_mpc_controller:/home/ares/ares_code_projects/R1/install/laser:/opt/ros/humble CONDA_PROMPT_MODIFIER=(base) /usr/bin/cmake --install /home/ares/ares_code_projects/R1/build/myrobot_controller
[7.455s] Level 1:colcon.colcon_core.environment:create_environment_scripts_only(myrobot_controller)
[7.455s] Level 1:colcon.colcon_core.environment:checking '/home/ares/ares_code_projects/R1/install/myrobot_controller' for CMake module files
[7.456s] DEBUG:colcon.colcon_core.event_handler.log_command:Invoked command in '/home/ares/ares_code_projects/R1/build/myrobot_controller' returned '0': CMAKE_PREFIX_PATH=${CMAKE_PREFIX_PATH}:/home/ares/ares_code_projects/R1/install/omni_mpc_controller:/home/ares/ares_code_projects/R1/install/laser:/opt/ros/humble CONDA_PROMPT_MODIFIER=(base) /usr/bin/cmake --install /home/ares/ares_code_projects/R1/build/myrobot_controller
[7.456s] Level 1:colcon.colcon_core.environment:checking '/home/ares/ares_code_projects/R1/install/myrobot_controller' for CMake config files
[7.456s] Level 1:colcon.colcon_core.shell:create_environment_hook('myrobot_controller', 'cmake_prefix_path')
[7.456s] INFO:colcon.colcon_core.shell:Creating environment hook '/home/ares/ares_code_projects/R1/install/myrobot_controller/share/myrobot_controller/hook/cmake_prefix_path.ps1'
[7.457s] INFO:colcon.colcon_core.shell:Creating environment descriptor '/home/ares/ares_code_projects/R1/install/myrobot_controller/share/myrobot_controller/hook/cmake_prefix_path.dsv'
[7.457s] INFO:colcon.colcon_core.shell:Creating environment hook '/home/ares/ares_code_projects/R1/install/myrobot_controller/share/myrobot_controller/hook/cmake_prefix_path.sh'
[7.457s] Level 1:colcon.colcon_core.environment:checking '/home/ares/ares_code_projects/R1/install/myrobot_controller/lib'
[7.457s] Level 1:colcon.colcon_core.environment:checking '/home/ares/ares_code_projects/R1/install/myrobot_controller/bin'
[7.457s] Level 1:colcon.colcon_core.environment:checking '/home/ares/ares_code_projects/R1/install/myrobot_controller/lib/pkgconfig/myrobot_controller.pc'
[7.457s] Level 1:colcon.colcon_core.environment:checking '/home/ares/ares_code_projects/R1/install/myrobot_controller/lib/python3.10/site-packages'
[7.457s] Level 1:colcon.colcon_core.environment:checking '/home/ares/ares_code_projects/R1/install/myrobot_controller/bin'
[7.457s] INFO:colcon.colcon_core.shell:Creating package script '/home/ares/ares_code_projects/R1/install/myrobot_controller/share/myrobot_controller/package.ps1'
[7.458s] INFO:colcon.colcon_core.shell:Creating package descriptor '/home/ares/ares_code_projects/R1/install/myrobot_controller/share/myrobot_controller/package.dsv'
[7.458s] INFO:colcon.colcon_core.shell:Creating package script '/home/ares/ares_code_projects/R1/install/myrobot_controller/share/myrobot_controller/package.sh'
[7.458s] INFO:colcon.colcon_core.shell:Creating package script '/home/ares/ares_code_projects/R1/install/myrobot_controller/share/myrobot_controller/package.bash'
[7.458s] INFO:colcon.colcon_core.shell:Creating package script '/home/ares/ares_code_projects/R1/install/myrobot_controller/share/myrobot_controller/package.zsh'
[7.459s] Level 1:colcon.colcon_core.environment:create_file_with_runtime_dependencies(/home/ares/ares_code_projects/R1/install/myrobot_controller/share/colcon-core/packages/myrobot_controller)
[7.459s] Level 1:colcon.colcon_core.environment:create_environment_scripts_only(myrobot_controller)
[7.459s] Level 1:colcon.colcon_core.environment:checking '/home/ares/ares_code_projects/R1/install/myrobot_controller' for CMake module files
[7.459s] Level 1:colcon.colcon_core.environment:checking '/home/ares/ares_code_projects/R1/install/myrobot_controller' for CMake config files
[7.459s] Level 1:colcon.colcon_core.shell:create_environment_hook('myrobot_controller', 'cmake_prefix_path')
[7.460s] INFO:colcon.colcon_core.shell:Creating environment hook '/home/ares/ares_code_projects/R1/install/myrobot_controller/share/myrobot_controller/hook/cmake_prefix_path.ps1'
[7.460s] INFO:colcon.colcon_core.shell:Creating environment descriptor '/home/ares/ares_code_projects/R1/install/myrobot_controller/share/myrobot_controller/hook/cmake_prefix_path.dsv'
[7.460s] INFO:colcon.colcon_core.shell:Creating environment hook '/home/ares/ares_code_projects/R1/install/myrobot_controller/share/myrobot_controller/hook/cmake_prefix_path.sh'
[7.460s] Level 1:colcon.colcon_core.environment:checking '/home/ares/ares_code_projects/R1/install/myrobot_controller/lib'
[7.460s] Level 1:colcon.colcon_core.environment:checking '/home/ares/ares_code_projects/R1/install/myrobot_controller/bin'
[7.460s] Level 1:colcon.colcon_core.environment:checking '/home/ares/ares_code_projects/R1/install/myrobot_controller/lib/pkgconfig/myrobot_controller.pc'
[7.460s] Level 1:colcon.colcon_core.environment:checking '/home/ares/ares_code_projects/R1/install/myrobot_controller/lib/python3.10/site-packages'
[7.460s] Level 1:colcon.colcon_core.environment:checking '/home/ares/ares_code_projects/R1/install/myrobot_controller/bin'
[7.461s] INFO:colcon.colcon_core.shell:Creating package script '/home/ares/ares_code_projects/R1/install/myrobot_controller/share/myrobot_controller/package.ps1'
[7.461s] INFO:colcon.colcon_core.shell:Creating package descriptor '/home/ares/ares_code_projects/R1/install/myrobot_controller/share/myrobot_controller/package.dsv'
[7.461s] INFO:colcon.colcon_core.shell:Creating package script '/home/ares/ares_code_projects/R1/install/myrobot_controller/share/myrobot_controller/package.sh'
[7.461s] INFO:colcon.colcon_core.shell:Creating package script '/home/ares/ares_code_projects/R1/install/myrobot_controller/share/myrobot_controller/package.bash'
[7.461s] INFO:colcon.colcon_core.shell:Creating package script '/home/ares/ares_code_projects/R1/install/myrobot_controller/share/myrobot_controller/package.zsh'
[7.461s] Level 1:colcon.colcon_core.environment:create_file_with_runtime_dependencies(/home/ares/ares_code_projects/R1/install/myrobot_controller/share/colcon-core/packages/myrobot_controller)
[7.462s] DEBUG:colcon.colcon_parallel_executor.executor.parallel:closing loop
[7.462s] DEBUG:colcon.colcon_parallel_executor.executor.parallel:loop closed
[7.462s] DEBUG:colcon.colcon_parallel_executor.executor.parallel:run_until_complete finished with '0'
[7.462s] DEBUG:colcon.colcon_core.event_reactor:joining thread
[7.465s] INFO:colcon.colcon_core.plugin_system:Skipping extension 'colcon_notification.desktop_notification.terminal_notifier': Not used on non-Darwin systems
[7.465s] INFO:colcon.colcon_core.plugin_system:Skipping extension 'colcon_notification.desktop_notification.win32': Not used on non-Windows systems
[7.465s] INFO:colcon.colcon_notification.desktop_notification:Sending desktop notification using 'notify2'
[7.471s] DEBUG:colcon.colcon_core.event_reactor:joined thread
[7.472s] INFO:colcon.colcon_core.shell:Creating prefix script '/home/ares/ares_code_projects/R1/install/local_setup.ps1'
[7.472s] INFO:colcon.colcon_core.shell:Creating prefix util module '/home/ares/ares_code_projects/R1/install/_local_setup_util_ps1.py'
[7.473s] INFO:colcon.colcon_core.shell:Creating prefix chain script '/home/ares/ares_code_projects/R1/install/setup.ps1'
[7.473s] INFO:colcon.colcon_core.shell:Creating prefix script '/home/ares/ares_code_projects/R1/install/local_setup.sh'
[7.474s] INFO:colcon.colcon_core.shell:Creating prefix util module '/home/ares/ares_code_projects/R1/install/_local_setup_util_sh.py'
[7.474s] INFO:colcon.colcon_core.shell:Creating prefix chain script '/home/ares/ares_code_projects/R1/install/setup.sh'
[7.474s] INFO:colcon.colcon_core.shell:Creating prefix script '/home/ares/ares_code_projects/R1/install/local_setup.bash'
[7.475s] INFO:colcon.colcon_core.shell:Creating prefix chain script '/home/ares/ares_code_projects/R1/install/setup.bash'
[7.476s] INFO:colcon.colcon_core.shell:Creating prefix script '/home/ares/ares_code_projects/R1/install/local_setup.zsh'
[7.476s] INFO:colcon.colcon_core.shell:Creating prefix chain script '/home/ares/ares_code_projects/R1/install/setup.zsh'
