[0.295s] Invoking command in '/home/ares/ares_code_projects/build/remote_rc_node': CMAKE_PREFIX_PATH=${CMAKE_PREFIX_PATH}:/home/ares/ares_code_projects/R1/install/omni_mpc_controller:/home/ares/ares_code_projects/R1/install/laser:/home/ares/Desktop/dog/install/omni_mpc_controller:/home/ares/Desktop/dog/install/laser:/opt/ros/humble CONDA_PROMPT_MODIFIER=(base) /usr/bin/cmake /home/ares/ares_code_projects/src/remote_rc_node -DAMENT_CMAKE_SYMLINK_INSTALL=1 -DCMAKE_INSTALL_PREFIX=/home/ares/ares_code_projects/install/remote_rc_node
[0.335s] -- The CXX compiler identification is GNU 11.4.0
[0.340s] -- Detecting CXX compiler ABI info
[0.382s] -- Detecting CXX compiler ABI info - done
[0.386s] -- Check for working CXX compiler: /usr/bin/c++ - skipped
[0.387s] -- Detecting CXX compile features
[0.387s] -- Detecting CXX compile features - done
[0.387s] -- ===== 开始配置 =====
[0.389s] -- Found ament_cmake: 1.3.11 (/opt/ros/humble/share/ament_cmake/cmake)
[0.610s] -- Found Python3: /home/ares/miniconda3/bin/python3 (found version "3.13.2") found components: Interpreter 
[0.654s] -- Override CMake install command with custom implementation using symlinks instead of copying resources
[0.674s] -- Found rclcpp: 16.0.12 (/opt/ros/humble/share/rclcpp/cmake)
[0.699s] -- Found rosidl_generator_c: 3.1.6 (/opt/ros/humble/share/rosidl_generator_c/cmake)
[0.702s] -- Found rosidl_adapter: 3.1.6 (/opt/ros/humble/share/rosidl_adapter/cmake)
[0.707s] -- Found rosidl_generator_cpp: 3.1.6 (/opt/ros/humble/share/rosidl_generator_cpp/cmake)
[0.714s] -- Using all available rosidl_typesupport_c: rosidl_typesupport_fastrtps_c;rosidl_typesupport_introspection_c
[0.723s] -- Using all available rosidl_typesupport_cpp: rosidl_typesupport_fastrtps_cpp;rosidl_typesupport_introspection_cpp
[0.749s] -- Found rmw_implementation_cmake: 6.1.2 (/opt/ros/humble/share/rmw_implementation_cmake/cmake)
[0.750s] -- Found rmw_fastrtps_cpp: 6.2.7 (/opt/ros/humble/share/rmw_fastrtps_cpp/cmake)
[0.801s] -- Found OpenSSL: /usr/lib/x86_64-linux-gnu/libcrypto.so (found version "3.0.2")  
[0.818s] -- Found FastRTPS: /opt/ros/humble/include  
[0.843s] -- Using RMW implementation 'rmw_fastrtps_cpp' as default
[0.848s] -- Looking for C++ include pthread.h
[0.895s] -- Looking for C++ include pthread.h - found
[0.895s] -- Performing Test CMAKE_HAVE_LIBC_PTHREAD
[0.945s] -- Performing Test CMAKE_HAVE_LIBC_PTHREAD - Success
[0.946s] -- Found Threads: TRUE  
[0.974s] -- Found geometry_msgs: 4.9.0 (/opt/ros/humble/share/geometry_msgs/cmake)
[0.981s] -- Found sensor_msgs: 4.9.0 (/opt/ros/humble/share/sensor_msgs/cmake)
[0.991s] -- Found nlohmann_json: /home/ares/miniconda3/share/cmake/nlohmann_json/nlohmann_jsonConfig.cmake (found version "3.11.2") 
[0.994s] -- Found PkgConfig: /usr/bin/pkg-config (found version "0.29.2") 
[0.994s] [31mCMake Error at CMakeLists.txt:24 (message):
[0.994s]   Must select one of the build configurations (R1 or R2)!
[0.994s] 
[0.994s] [0m
[0.995s] -- Configuring incomplete, errors occurred!
[0.995s] See also "/home/ares/ares_code_projects/build/remote_rc_node/CMakeFiles/CMakeOutput.log".
