[0.151s] Invoking command in '/home/ares/ares_code_projects/R1/build/myrobot_controller': CMAKE_PREFIX_PATH=${CMAKE_PREFIX_PATH}:/home/ares/ares_code_projects/R1/install/omni_mpc_controller:/home/ares/ares_code_projects/R1/install/laser:/opt/ros/humble CONDA_PROMPT_MODIFIER=(test) /usr/bin/cmake /home/ares/ares_code_projects/R1/src/myrobot_controller -DAMENT_CMAKE_SYMLINK_INSTALL=1 -DCMAKE_INSTALL_PREFIX=/home/ares/ares_code_projects/R1/install/myrobot_controller
[0.296s] -- The C compiler identification is GNU 11.4.0
[0.296s] -- The CXX compiler identification is GNU 11.4.0
[0.296s] -- Detecting C compiler ABI info
[0.296s] -- Detecting C compiler ABI info - done
[0.296s] -- Check for working C compiler: /usr/bin/cc - skipped
[0.296s] -- Detecting C compile features
[0.296s] -- Detecting C compile features - done
[0.296s] -- Detecting CXX compiler ABI info
[0.312s] -- Detecting CXX compiler ABI info - done
[0.319s] -- Check for working CXX compiler: /usr/bin/c++ - skipped
[0.319s] -- Detecting CXX compile features
[0.320s] -- Detecting CXX compile features - done
[0.322s] -- Found ament_cmake: 1.3.11 (/opt/ros/humble/share/ament_cmake/cmake)
[0.567s] -- Found Python3: /home/ares/miniconda3/envs/test/bin/python3 (found version "3.10.18") found components: Interpreter 
[0.606s] -- Override CMake install command with custom implementation using symlinks instead of copying resources
[0.625s] -- Found rclpy: 3.3.16 (/opt/ros/humble/share/rclpy/cmake)
[0.626s] -- Found std_msgs: 4.9.0 (/opt/ros/humble/share/std_msgs/cmake)
[0.648s] -- Found rosidl_generator_c: 3.1.6 (/opt/ros/humble/share/rosidl_generator_c/cmake)
[0.650s] -- Found rosidl_adapter: 3.1.6 (/opt/ros/humble/share/rosidl_adapter/cmake)
[0.656s] -- Found rosidl_generator_cpp: 3.1.6 (/opt/ros/humble/share/rosidl_generator_cpp/cmake)
[0.663s] -- Using all available rosidl_typesupport_c: rosidl_typesupport_fastrtps_c;rosidl_typesupport_introspection_c
[0.672s] -- Using all available rosidl_typesupport_cpp: rosidl_typesupport_fastrtps_cpp;rosidl_typesupport_introspection_cpp
[0.688s] -- Found geometry_msgs: 4.9.0 (/opt/ros/humble/share/geometry_msgs/cmake)
[0.696s] -- Found rclcpp: 16.0.12 (/opt/ros/humble/share/rclcpp/cmake)
[0.718s] -- Found rmw_implementation_cmake: 6.1.2 (/opt/ros/humble/share/rmw_implementation_cmake/cmake)
[0.720s] -- Found rmw_fastrtps_cpp: 6.2.7 (/opt/ros/humble/share/rmw_fastrtps_cpp/cmake)
[0.772s] -- Found OpenSSL: /usr/lib/x86_64-linux-gnu/libcrypto.so (found version "3.0.2")  
[0.797s] -- Found FastRTPS: /opt/ros/humble/include  
[0.825s] -- Using RMW implementation 'rmw_fastrtps_cpp' as default
[0.831s] -- Looking for pthread.h
[0.874s] -- Looking for pthread.h - found
[0.874s] -- Performing Test CMAKE_HAVE_LIBC_PTHREAD
[0.915s] -- Performing Test CMAKE_HAVE_LIBC_PTHREAD - Success
[0.916s] -- Found Threads: TRUE  
[1.002s] -- Found ament_lint_auto: 0.12.12 (/opt/ros/humble/share/ament_lint_auto/cmake)
[1.059s] -- Added test 'cppcheck' to perform static code analysis on C / C++ code
[1.059s] -- Configured cppcheck include dirs: /home/ares/ares_code_projects/R1/src/myrobot_controller/include
[1.059s] -- Configured cppcheck exclude dirs and/or files: 
[1.060s] -- Added test 'flake8' to check Python code syntax and style conventions
[1.060s] -- Added test 'lint_cmake' to check CMake code style
[1.060s] -- Added test 'pep257' to check Python code against some of the docstring style conventions in PEP 257
[1.061s] -- Added test 'uncrustify' to check C / C++ code style
[1.061s] -- Configured uncrustify additional arguments: 
[1.061s] -- Added test 'xmllint' to check XML markup files
[1.062s] -- Configuring done
[1.067s] -- Generating done
[1.069s] -- Build files have been written to: /home/ares/ares_code_projects/R1/build/myrobot_controller
[1.074s] Invoked command in '/home/ares/ares_code_projects/R1/build/myrobot_controller' returned '0': CMAKE_PREFIX_PATH=${CMAKE_PREFIX_PATH}:/home/ares/ares_code_projects/R1/install/omni_mpc_controller:/home/ares/ares_code_projects/R1/install/laser:/opt/ros/humble CONDA_PROMPT_MODIFIER=(test) /usr/bin/cmake /home/ares/ares_code_projects/R1/src/myrobot_controller -DAMENT_CMAKE_SYMLINK_INSTALL=1 -DCMAKE_INSTALL_PREFIX=/home/ares/ares_code_projects/R1/install/myrobot_controller
[1.076s] Invoking command in '/home/ares/ares_code_projects/R1/build/myrobot_controller': CMAKE_PREFIX_PATH=${CMAKE_PREFIX_PATH}:/home/ares/ares_code_projects/R1/install/omni_mpc_controller:/home/ares/ares_code_projects/R1/install/laser:/opt/ros/humble CONDA_PROMPT_MODIFIER=(test) /usr/bin/cmake --build /home/ares/ares_code_projects/R1/build/myrobot_controller -- -j16 -l16
[1.102s] [ 50%] [32mBuilding CXX object CMakeFiles/simple_controller.dir/src/simple_controller.cpp.o[0m
[1.106s] [ 50%] Built target ament_cmake_python_symlink_myrobot_controller
[1.240s] running egg_info
[1.263s] creating myrobot_controller.egg-info
[1.263s] writing myrobot_controller.egg-info/PKG-INFO
[1.263s] writing dependency_links to myrobot_controller.egg-info/dependency_links.txt
[1.263s] writing top-level names to myrobot_controller.egg-info/top_level.txt
[1.263s] writing manifest file 'myrobot_controller.egg-info/SOURCES.txt'
[1.330s] reading manifest file 'myrobot_controller.egg-info/SOURCES.txt'
[1.331s] writing manifest file 'myrobot_controller.egg-info/SOURCES.txt'
[1.410s] [ 50%] Built target ament_cmake_python_build_myrobot_controller_egg
[6.803s] [100%] [32m[1mLinking CXX executable simple_controller[0m
[7.019s] [100%] Built target simple_controller
[7.026s] Invoked command in '/home/ares/ares_code_projects/R1/build/myrobot_controller' returned '0': CMAKE_PREFIX_PATH=${CMAKE_PREFIX_PATH}:/home/ares/ares_code_projects/R1/install/omni_mpc_controller:/home/ares/ares_code_projects/R1/install/laser:/opt/ros/humble CONDA_PROMPT_MODIFIER=(test) /usr/bin/cmake --build /home/ares/ares_code_projects/R1/build/myrobot_controller -- -j16 -l16
[7.027s] Invoking command in '/home/ares/ares_code_projects/R1/build/myrobot_controller': CMAKE_PREFIX_PATH=${CMAKE_PREFIX_PATH}:/home/ares/ares_code_projects/R1/install/omni_mpc_controller:/home/ares/ares_code_projects/R1/install/laser:/opt/ros/humble CONDA_PROMPT_MODIFIER=(test) /usr/bin/cmake --install /home/ares/ares_code_projects/R1/build/myrobot_controller
[7.031s] -- Install configuration: ""
[7.032s] -- Execute custom install script
[7.032s] -- Symlinking: /home/ares/ares_code_projects/R1/install/myrobot_controller/share/myrobot_controller/environment/pythonpath.sh
[7.037s] -- Symlinking: /home/ares/ares_code_projects/R1/install/myrobot_controller/share/myrobot_controller/environment/pythonpath.dsv
[7.043s] -- Symlinking: /home/ares/ares_code_projects/R1/install/myrobot_controller/lib/python3.10/site-packages/myrobot_controller-0.0.0-py3.10.egg-info/PKG-INFO
[7.048s] -- Symlinking: /home/ares/ares_code_projects/R1/install/myrobot_controller/lib/python3.10/site-packages/myrobot_controller-0.0.0-py3.10.egg-info/SOURCES.txt
[7.053s] -- Symlinking: /home/ares/ares_code_projects/R1/install/myrobot_controller/lib/python3.10/site-packages/myrobot_controller-0.0.0-py3.10.egg-info/dependency_links.txt
[7.058s] -- Symlinking: /home/ares/ares_code_projects/R1/install/myrobot_controller/lib/python3.10/site-packages/myrobot_controller-0.0.0-py3.10.egg-info/top_level.txt
[7.062s] -- Symlinking: /home/ares/ares_code_projects/R1/install/myrobot_controller/lib/python3.10/site-packages/myrobot_controller/__init__.py
[7.066s] -- Symlinking: /home/ares/ares_code_projects/R1/install/myrobot_controller/lib/python3.10/site-packages/myrobot_controller/read_imu_yaw.py
[7.071s] -- Symlinking: /home/ares/ares_code_projects/R1/install/myrobot_controller/lib/python3.10/site-packages/myrobot_controller/read_laser copy.py
[7.077s] -- Symlinking: /home/ares/ares_code_projects/R1/install/myrobot_controller/lib/python3.10/site-packages/myrobot_controller/read_laser.py
[7.081s] -- Symlinking: /home/ares/ares_code_projects/R1/install/myrobot_controller/lib/python3.10/site-packages/myrobot_controller/simple_controller.py
[7.086s] -- Symlinking: /home/ares/ares_code_projects/R1/install/myrobot_controller/lib/python3.10/site-packages/myrobot_controller/test_cmd.py
[7.090s] -- Symlinking: /home/ares/ares_code_projects/R1/install/myrobot_controller/include/include/myrobot_controller/simple_controller.hpp
[7.095s] -- Symlinking: /home/ares/ares_code_projects/R1/install/myrobot_controller/lib/myrobot_controller/simple_controller
[7.099s] -- Symlinking: /home/ares/ares_code_projects/R1/install/myrobot_controller/share/myrobot_controller/config/joy_config.yaml
[7.103s] -- Symlinking: /home/ares/ares_code_projects/R1/install/myrobot_controller/share/myrobot_controller/config/joy_teleop.yaml
[7.106s] -- Symlinking: /home/ares/ares_code_projects/R1/install/myrobot_controller/share/myrobot_controller/config/myrobot_controllers.yaml
[7.110s] -- Symlinking: /home/ares/ares_code_projects/R1/install/myrobot_controller/share/myrobot_controller/launch/controller.launch.py
[7.116s] -- Symlinking: /home/ares/ares_code_projects/R1/install/myrobot_controller/share/myrobot_controller/launch/joystick_teleop.launch.py
[7.122s] -- Symlinking: /home/ares/ares_code_projects/R1/install/myrobot_controller/lib/myrobot_controller/simple_controller.py
[7.126s] -- Symlinking: /home/ares/ares_code_projects/R1/install/myrobot_controller/share/ament_index/resource_index/package_run_dependencies/myrobot_controller
[7.131s] -- Symlinking: /home/ares/ares_code_projects/R1/install/myrobot_controller/share/ament_index/resource_index/parent_prefix_path/myrobot_controller
[7.137s] -- Symlinking: /home/ares/ares_code_projects/R1/install/myrobot_controller/share/myrobot_controller/environment/ament_prefix_path.sh
[7.141s] -- Symlinking: /home/ares/ares_code_projects/R1/install/myrobot_controller/share/myrobot_controller/environment/ament_prefix_path.dsv
[7.146s] -- Symlinking: /home/ares/ares_code_projects/R1/install/myrobot_controller/share/myrobot_controller/environment/path.sh
[7.151s] -- Symlinking: /home/ares/ares_code_projects/R1/install/myrobot_controller/share/myrobot_controller/environment/path.dsv
[7.155s] -- Symlinking: /home/ares/ares_code_projects/R1/install/myrobot_controller/share/myrobot_controller/local_setup.bash
[7.160s] -- Symlinking: /home/ares/ares_code_projects/R1/install/myrobot_controller/share/myrobot_controller/local_setup.sh
[7.165s] -- Symlinking: /home/ares/ares_code_projects/R1/install/myrobot_controller/share/myrobot_controller/local_setup.zsh
[7.171s] -- Symlinking: /home/ares/ares_code_projects/R1/install/myrobot_controller/share/myrobot_controller/local_setup.dsv
[7.177s] -- Symlinking: /home/ares/ares_code_projects/R1/install/myrobot_controller/share/myrobot_controller/package.dsv
[7.181s] -- Symlinking: /home/ares/ares_code_projects/R1/install/myrobot_controller/share/ament_index/resource_index/packages/myrobot_controller
[7.185s] -- Symlinking: /home/ares/ares_code_projects/R1/install/myrobot_controller/share/myrobot_controller/cmake/myrobot_controllerConfig.cmake
[7.189s] -- Symlinking: /home/ares/ares_code_projects/R1/install/myrobot_controller/share/myrobot_controller/cmake/myrobot_controllerConfig-version.cmake
[7.193s] -- Symlinking: /home/ares/ares_code_projects/R1/install/myrobot_controller/share/myrobot_controller/package.xml
[7.218s] Listing '/home/ares/ares_code_projects/R1/install/myrobot_controller/lib/python3.10/site-packages/myrobot_controller'...
[7.218s] Compiling '/home/ares/ares_code_projects/R1/install/myrobot_controller/lib/python3.10/site-packages/myrobot_controller/__init__.py'...
[7.218s] Compiling '/home/ares/ares_code_projects/R1/install/myrobot_controller/lib/python3.10/site-packages/myrobot_controller/read_imu_yaw.py'...
[7.218s] Compiling '/home/ares/ares_code_projects/R1/install/myrobot_controller/lib/python3.10/site-packages/myrobot_controller/read_laser copy.py'...
[7.218s] Compiling '/home/ares/ares_code_projects/R1/install/myrobot_controller/lib/python3.10/site-packages/myrobot_controller/read_laser.py'...
[7.218s] Compiling '/home/ares/ares_code_projects/R1/install/myrobot_controller/lib/python3.10/site-packages/myrobot_controller/simple_controller.py'...
[7.218s] Compiling '/home/ares/ares_code_projects/R1/install/myrobot_controller/lib/python3.10/site-packages/myrobot_controller/test_cmd.py'...
[7.223s] Invoked command in '/home/ares/ares_code_projects/R1/build/myrobot_controller' returned '0': CMAKE_PREFIX_PATH=${CMAKE_PREFIX_PATH}:/home/ares/ares_code_projects/R1/install/omni_mpc_controller:/home/ares/ares_code_projects/R1/install/laser:/opt/ros/humble CONDA_PROMPT_MODIFIER=(test) /usr/bin/cmake --install /home/ares/ares_code_projects/R1/build/myrobot_controller
