[0.005s] Invoking command in '/home/ares/ares_code_projects/R2/build/my_robot_bringup': AMENT_PREFIX_PATH=/home/ares/ares_code_projects/R2/install/my_robot_description:${AMENT_PREFIX_PATH} CMAKE_PREFIX_PATH=/home/ares/ares_code_projects/R2/install/my_robot_description:/home/ares/ares_code_projects/R1/install/usb_bulk_node:/home/ares/ares_code_projects/R1/install/sllidar_ros2:/home/ares/ares_code_projects/R1/install/myrobot_controller:/home/ares/ares_code_projects/R1/install/my_robot_bringup:/home/ares/ares_code_projects/R1/install/my_robot_description:/home/ares/ros2_ws/install/zed_ros2:/home/ares/ros2_ws/install/zed_wrapper:/home/ares/ros2_ws/install/zed_components:/home/ares/ros2_ws/install/hoop_detector:/home/ares/ros2_ws/install/hik_camera:/home/ares/ares_code_projects/R1/install/omni_mpc_controller:/home/ares/ares_code_projects/R1/install/laser:/opt/ros/humble CONDA_PROMPT_MODIFIER=(base) /usr/bin/cmake --build /home/ares/ares_code_projects/R2/build/my_robot_bringup -- -j16 -l16
[0.035s] Invoked command in '/home/ares/ares_code_projects/R2/build/my_robot_bringup' returned '0': AMENT_PREFIX_PATH=/home/ares/ares_code_projects/R2/install/my_robot_description:${AMENT_PREFIX_PATH} CMAKE_PREFIX_PATH=/home/ares/ares_code_projects/R2/install/my_robot_description:/home/ares/ares_code_projects/R1/install/usb_bulk_node:/home/ares/ares_code_projects/R1/install/sllidar_ros2:/home/ares/ares_code_projects/R1/install/myrobot_controller:/home/ares/ares_code_projects/R1/install/my_robot_bringup:/home/ares/ares_code_projects/R1/install/my_robot_description:/home/ares/ros2_ws/install/zed_ros2:/home/ares/ros2_ws/install/zed_wrapper:/home/ares/ros2_ws/install/zed_components:/home/ares/ros2_ws/install/hoop_detector:/home/ares/ros2_ws/install/hik_camera:/home/ares/ares_code_projects/R1/install/omni_mpc_controller:/home/ares/ares_code_projects/R1/install/laser:/opt/ros/humble CONDA_PROMPT_MODIFIER=(base) /usr/bin/cmake --build /home/ares/ares_code_projects/R2/build/my_robot_bringup -- -j16 -l16
[0.035s] Invoking command in '/home/ares/ares_code_projects/R2/build/my_robot_bringup': AMENT_PREFIX_PATH=/home/ares/ares_code_projects/R2/install/my_robot_description:${AMENT_PREFIX_PATH} CMAKE_PREFIX_PATH=/home/ares/ares_code_projects/R2/install/my_robot_description:/home/ares/ares_code_projects/R1/install/usb_bulk_node:/home/ares/ares_code_projects/R1/install/sllidar_ros2:/home/ares/ares_code_projects/R1/install/myrobot_controller:/home/ares/ares_code_projects/R1/install/my_robot_bringup:/home/ares/ares_code_projects/R1/install/my_robot_description:/home/ares/ros2_ws/install/zed_ros2:/home/ares/ros2_ws/install/zed_wrapper:/home/ares/ros2_ws/install/zed_components:/home/ares/ros2_ws/install/hoop_detector:/home/ares/ros2_ws/install/hik_camera:/home/ares/ares_code_projects/R1/install/omni_mpc_controller:/home/ares/ares_code_projects/R1/install/laser:/opt/ros/humble CONDA_PROMPT_MODIFIER=(base) /usr/bin/cmake --install /home/ares/ares_code_projects/R2/build/my_robot_bringup
[0.043s] -- Install configuration: ""
[0.043s] -- Execute custom install script
[0.043s] -- Up-to-date symlink: /home/ares/ares_code_projects/R2/install/my_robot_bringup/share/my_robot_bringup/launch/my_robot.launch.py
[0.043s] -- Up-to-date symlink: /home/ares/ares_code_projects/R2/install/my_robot_bringup/share/my_robot_bringup/launch/my_robot_gazebo.launch.xml
[0.043s] -- Up-to-date symlink: /home/ares/ares_code_projects/R2/install/my_robot_bringup/share/my_robot_bringup/launch/wheel_test.launch.py
[0.043s] -- Up-to-date symlink: /home/ares/ares_code_projects/R2/install/my_robot_bringup/share/my_robot_bringup/rviz/urdf_config.rviz
[0.043s] -- Up-to-date symlink: /home/ares/ares_code_projects/R2/install/my_robot_bringup/share/my_robot_bringup/src/robot_controller.py
[0.043s] -- Up-to-date symlink: /home/ares/ares_code_projects/R2/install/my_robot_bringup/share/ament_index/resource_index/package_run_dependencies/my_robot_bringup
[0.043s] -- Up-to-date symlink: /home/ares/ares_code_projects/R2/install/my_robot_bringup/share/ament_index/resource_index/parent_prefix_path/my_robot_bringup
[0.043s] -- Up-to-date symlink: /home/ares/ares_code_projects/R2/install/my_robot_bringup/share/my_robot_bringup/environment/ament_prefix_path.sh
[0.043s] -- Up-to-date symlink: /home/ares/ares_code_projects/R2/install/my_robot_bringup/share/my_robot_bringup/environment/ament_prefix_path.dsv
[0.043s] -- Up-to-date symlink: /home/ares/ares_code_projects/R2/install/my_robot_bringup/share/my_robot_bringup/environment/path.sh
[0.043s] -- Up-to-date symlink: /home/ares/ares_code_projects/R2/install/my_robot_bringup/share/my_robot_bringup/environment/path.dsv
[0.043s] -- Up-to-date symlink: /home/ares/ares_code_projects/R2/install/my_robot_bringup/share/my_robot_bringup/local_setup.bash
[0.043s] -- Up-to-date symlink: /home/ares/ares_code_projects/R2/install/my_robot_bringup/share/my_robot_bringup/local_setup.sh
[0.043s] -- Up-to-date symlink: /home/ares/ares_code_projects/R2/install/my_robot_bringup/share/my_robot_bringup/local_setup.zsh
[0.043s] -- Up-to-date symlink: /home/ares/ares_code_projects/R2/install/my_robot_bringup/share/my_robot_bringup/local_setup.dsv
[0.043s] -- Symlinking: /home/ares/ares_code_projects/R2/install/my_robot_bringup/share/my_robot_bringup/package.dsv
[0.045s] -- Up-to-date symlink: /home/ares/ares_code_projects/R2/install/my_robot_bringup/share/ament_index/resource_index/packages/my_robot_bringup
[0.046s] -- Up-to-date symlink: /home/ares/ares_code_projects/R2/install/my_robot_bringup/share/my_robot_bringup/cmake/my_robot_bringupConfig.cmake
[0.046s] -- Up-to-date symlink: /home/ares/ares_code_projects/R2/install/my_robot_bringup/share/my_robot_bringup/cmake/my_robot_bringupConfig-version.cmake
[0.046s] -- Up-to-date symlink: /home/ares/ares_code_projects/R2/install/my_robot_bringup/share/my_robot_bringup/package.xml
[0.047s] Invoked command in '/home/ares/ares_code_projects/R2/build/my_robot_bringup' returned '0': AMENT_PREFIX_PATH=/home/ares/ares_code_projects/R2/install/my_robot_description:${AMENT_PREFIX_PATH} CMAKE_PREFIX_PATH=/home/ares/ares_code_projects/R2/install/my_robot_description:/home/ares/ares_code_projects/R1/install/usb_bulk_node:/home/ares/ares_code_projects/R1/install/sllidar_ros2:/home/ares/ares_code_projects/R1/install/myrobot_controller:/home/ares/ares_code_projects/R1/install/my_robot_bringup:/home/ares/ares_code_projects/R1/install/my_robot_description:/home/ares/ros2_ws/install/zed_ros2:/home/ares/ros2_ws/install/zed_wrapper:/home/ares/ros2_ws/install/zed_components:/home/ares/ros2_ws/install/hoop_detector:/home/ares/ros2_ws/install/hik_camera:/home/ares/ares_code_projects/R1/install/omni_mpc_controller:/home/ares/ares_code_projects/R1/install/laser:/opt/ros/humble CONDA_PROMPT_MODIFIER=(base) /usr/bin/cmake --install /home/ares/ares_code_projects/R2/build/my_robot_bringup
