[0.153s] Invoking command in '/home/ares/ares_code_projects/build/myrobot_controller': CMAKE_PREFIX_PATH=${CMAKE_PREFIX_PATH}:/home/ares/ares_code_projects/install/omni_mpc_controller:/home/ares/ares_code_projects/install/laser:/opt/ros/humble CONDA_PROMPT_MODIFIER=(base) /usr/bin/cmake /home/ares/ares_code_projects/src/myrobot_controller -DR1=ON -DCMAKE_BUILD_TYPE=Release -DAMENT_CMAKE_SYMLINK_INSTALL=1 -DCMAKE_INSTALL_PREFIX=/home/ares/ares_code_projects/install/myrobot_controller
[0.298s] -- The C compiler identification is GNU 11.4.0
[0.298s] -- The CXX compiler identification is GNU 11.4.0
[0.298s] -- Detecting C compiler ABI info
[0.298s] -- Detecting C compiler ABI info - done
[0.298s] -- Check for working C compiler: /usr/bin/cc - skipped
[0.298s] -- Detecting C compile features
[0.298s] -- Detecting C compile features - done
[0.298s] -- Detecting CXX compiler ABI info
[0.322s] -- Detecting CXX compiler ABI info - done
[0.329s] -- Check for working CXX compiler: /usr/bin/c++ - skipped
[0.329s] -- Detecting CXX compile features
[0.329s] -- Detecting CXX compile features - done
[0.332s] -- Found ament_cmake: 1.3.11 (/opt/ros/humble/share/ament_cmake/cmake)
[0.608s] -- Found Python3: /home/ares/miniconda3/bin/python3 (found version "3.13.2") found components: Interpreter 
[0.677s] -- Override CMake install command with custom implementation using symlinks instead of copying resources
[0.695s] -- Found rclpy: 3.3.16 (/opt/ros/humble/share/rclpy/cmake)
[0.697s] -- Found std_msgs: 4.9.0 (/opt/ros/humble/share/std_msgs/cmake)
[0.727s] -- Found rosidl_generator_c: 3.1.6 (/opt/ros/humble/share/rosidl_generator_c/cmake)
[0.730s] -- Found rosidl_adapter: 3.1.6 (/opt/ros/humble/share/rosidl_adapter/cmake)
[0.735s] -- Found rosidl_generator_cpp: 3.1.6 (/opt/ros/humble/share/rosidl_generator_cpp/cmake)
[0.742s] -- Using all available rosidl_typesupport_c: rosidl_typesupport_fastrtps_c;rosidl_typesupport_introspection_c
[0.752s] -- Using all available rosidl_typesupport_cpp: rosidl_typesupport_fastrtps_cpp;rosidl_typesupport_introspection_cpp
[0.767s] -- Found geometry_msgs: 4.9.0 (/opt/ros/humble/share/geometry_msgs/cmake)
[0.775s] -- Found rclcpp: 16.0.12 (/opt/ros/humble/share/rclcpp/cmake)
[0.797s] -- Found rmw_implementation_cmake: 6.1.2 (/opt/ros/humble/share/rmw_implementation_cmake/cmake)
[0.799s] -- Found rmw_fastrtps_cpp: 6.2.7 (/opt/ros/humble/share/rmw_fastrtps_cpp/cmake)
[0.845s] -- Found OpenSSL: /usr/lib/x86_64-linux-gnu/libcrypto.so (found version "3.0.2")  
[0.861s] -- Found FastRTPS: /opt/ros/humble/include  
[0.886s] -- Using RMW implementation 'rmw_fastrtps_cpp' as default
[0.891s] -- Looking for pthread.h
[0.930s] -- Looking for pthread.h - found
[0.930s] -- Performing Test CMAKE_HAVE_LIBC_PTHREAD
[0.970s] -- Performing Test CMAKE_HAVE_LIBC_PTHREAD - Success
[0.970s] -- Found Threads: TRUE  
[1.067s] -- Found ament_lint_auto: 0.12.12 (/opt/ros/humble/share/ament_lint_auto/cmake)
[1.129s] -- Added test 'cppcheck' to perform static code analysis on C / C++ code
[1.129s] -- Configured cppcheck include dirs: /home/ares/ares_code_projects/src/myrobot_controller/include
[1.129s] -- Configured cppcheck exclude dirs and/or files: 
[1.129s] -- Added test 'flake8' to check Python code syntax and style conventions
[1.130s] -- Added test 'lint_cmake' to check CMake code style
[1.130s] -- Added test 'pep257' to check Python code against some of the docstring style conventions in PEP 257
[1.131s] -- Added test 'uncrustify' to check C / C++ code style
[1.131s] -- Configured uncrustify additional arguments: 
[1.131s] -- Added test 'xmllint' to check XML markup files
[1.132s] -- Configuring done
[1.136s] -- Generating done
[1.139s] -- Build files have been written to: /home/ares/ares_code_projects/build/myrobot_controller
[1.144s] Invoked command in '/home/ares/ares_code_projects/build/myrobot_controller' returned '0': CMAKE_PREFIX_PATH=${CMAKE_PREFIX_PATH}:/home/ares/ares_code_projects/install/omni_mpc_controller:/home/ares/ares_code_projects/install/laser:/opt/ros/humble CONDA_PROMPT_MODIFIER=(base) /usr/bin/cmake /home/ares/ares_code_projects/src/myrobot_controller -DR1=ON -DCMAKE_BUILD_TYPE=Release -DAMENT_CMAKE_SYMLINK_INSTALL=1 -DCMAKE_INSTALL_PREFIX=/home/ares/ares_code_projects/install/myrobot_controller
[1.145s] Invoking command in '/home/ares/ares_code_projects/build/myrobot_controller': CMAKE_PREFIX_PATH=${CMAKE_PREFIX_PATH}:/home/ares/ares_code_projects/install/omni_mpc_controller:/home/ares/ares_code_projects/install/laser:/opt/ros/humble CONDA_PROMPT_MODIFIER=(base) /usr/bin/cmake --build /home/ares/ares_code_projects/build/myrobot_controller -- -j16 -l16
[1.174s] [ 50%] [32mBuilding CXX object CMakeFiles/simple_controller.dir/src/simple_controller.cpp.o[0m
[1.175s] [ 50%] Built target ament_cmake_python_symlink_myrobot_controller
[1.569s] running egg_info
[1.682s] creating myrobot_controller.egg-info
[1.682s] writing myrobot_controller.egg-info/PKG-INFO
[1.682s] writing dependency_links to myrobot_controller.egg-info/dependency_links.txt
[1.683s] writing top-level names to myrobot_controller.egg-info/top_level.txt
[1.683s] writing manifest file 'myrobot_controller.egg-info/SOURCES.txt'
[1.896s] reading manifest file 'myrobot_controller.egg-info/SOURCES.txt'
[1.897s] writing manifest file 'myrobot_controller.egg-info/SOURCES.txt'
[1.999s] [ 50%] Built target ament_cmake_python_build_myrobot_controller_egg
[6.894s] [100%] [32m[1mLinking CXX executable simple_controller[0m
[7.091s] [100%] Built target simple_controller
[7.098s] Invoked command in '/home/ares/ares_code_projects/build/myrobot_controller' returned '0': CMAKE_PREFIX_PATH=${CMAKE_PREFIX_PATH}:/home/ares/ares_code_projects/install/omni_mpc_controller:/home/ares/ares_code_projects/install/laser:/opt/ros/humble CONDA_PROMPT_MODIFIER=(base) /usr/bin/cmake --build /home/ares/ares_code_projects/build/myrobot_controller -- -j16 -l16
[7.099s] Invoking command in '/home/ares/ares_code_projects/build/myrobot_controller': CMAKE_PREFIX_PATH=${CMAKE_PREFIX_PATH}:/home/ares/ares_code_projects/install/omni_mpc_controller:/home/ares/ares_code_projects/install/laser:/opt/ros/humble CONDA_PROMPT_MODIFIER=(base) /usr/bin/cmake --install /home/ares/ares_code_projects/build/myrobot_controller
[7.103s] -- Install configuration: ""
[7.103s] -- Execute custom install script
[7.103s] -- Symlinking: /home/ares/ares_code_projects/install/myrobot_controller/share/myrobot_controller/environment/pythonpath.sh
[7.108s] -- Symlinking: /home/ares/ares_code_projects/install/myrobot_controller/share/myrobot_controller/environment/pythonpath.dsv
[7.113s] -- Symlinking: /home/ares/ares_code_projects/install/myrobot_controller/lib/python3.13/site-packages/myrobot_controller-0.0.0-py3.13.egg-info/PKG-INFO
[7.117s] -- Symlinking: /home/ares/ares_code_projects/install/myrobot_controller/lib/python3.13/site-packages/myrobot_controller-0.0.0-py3.13.egg-info/SOURCES.txt
[7.122s] -- Symlinking: /home/ares/ares_code_projects/install/myrobot_controller/lib/python3.13/site-packages/myrobot_controller-0.0.0-py3.13.egg-info/dependency_links.txt
[7.126s] -- Symlinking: /home/ares/ares_code_projects/install/myrobot_controller/lib/python3.13/site-packages/myrobot_controller-0.0.0-py3.13.egg-info/top_level.txt
[7.130s] -- Symlinking: /home/ares/ares_code_projects/install/myrobot_controller/lib/python3.13/site-packages/myrobot_controller/__init__.py
[7.134s] -- Symlinking: /home/ares/ares_code_projects/install/myrobot_controller/lib/python3.13/site-packages/myrobot_controller/read_imu_yaw.py
[7.138s] -- Symlinking: /home/ares/ares_code_projects/install/myrobot_controller/lib/python3.13/site-packages/myrobot_controller/read_laser copy.py
[7.142s] -- Symlinking: /home/ares/ares_code_projects/install/myrobot_controller/lib/python3.13/site-packages/myrobot_controller/read_laser.py
[7.146s] -- Symlinking: /home/ares/ares_code_projects/install/myrobot_controller/lib/python3.13/site-packages/myrobot_controller/simple_controller.py
[7.150s] -- Symlinking: /home/ares/ares_code_projects/install/myrobot_controller/lib/python3.13/site-packages/myrobot_controller/test_cmd.py
[7.154s] -- Symlinking: /home/ares/ares_code_projects/install/myrobot_controller/include/include/myrobot_controller/simple_controller.hpp
[7.158s] -- Symlinking: /home/ares/ares_code_projects/install/myrobot_controller/lib/myrobot_controller/simple_controller
[7.162s] -- Symlinking: /home/ares/ares_code_projects/install/myrobot_controller/share/myrobot_controller/config/joy_config.yaml
[7.166s] -- Symlinking: /home/ares/ares_code_projects/install/myrobot_controller/share/myrobot_controller/config/joy_teleop.yaml
[7.170s] -- Symlinking: /home/ares/ares_code_projects/install/myrobot_controller/share/myrobot_controller/config/myrobot_controllers.yaml
[7.174s] -- Symlinking: /home/ares/ares_code_projects/install/myrobot_controller/share/myrobot_controller/launch/controller.launch.py
[7.179s] -- Symlinking: /home/ares/ares_code_projects/install/myrobot_controller/share/myrobot_controller/launch/joystick_teleop.launch.py
[7.183s] -- Symlinking: /home/ares/ares_code_projects/install/myrobot_controller/lib/myrobot_controller/simple_controller.py
[7.189s] -- Symlinking: /home/ares/ares_code_projects/install/myrobot_controller/share/ament_index/resource_index/package_run_dependencies/myrobot_controller
[7.194s] -- Symlinking: /home/ares/ares_code_projects/install/myrobot_controller/share/ament_index/resource_index/parent_prefix_path/myrobot_controller
[7.198s] -- Symlinking: /home/ares/ares_code_projects/install/myrobot_controller/share/myrobot_controller/environment/ament_prefix_path.sh
[7.202s] -- Symlinking: /home/ares/ares_code_projects/install/myrobot_controller/share/myrobot_controller/environment/ament_prefix_path.dsv
[7.206s] -- Symlinking: /home/ares/ares_code_projects/install/myrobot_controller/share/myrobot_controller/environment/path.sh
[7.212s] -- Symlinking: /home/ares/ares_code_projects/install/myrobot_controller/share/myrobot_controller/environment/path.dsv
[7.217s] -- Symlinking: /home/ares/ares_code_projects/install/myrobot_controller/share/myrobot_controller/local_setup.bash
[7.223s] -- Symlinking: /home/ares/ares_code_projects/install/myrobot_controller/share/myrobot_controller/local_setup.sh
[7.228s] -- Symlinking: /home/ares/ares_code_projects/install/myrobot_controller/share/myrobot_controller/local_setup.zsh
[7.232s] -- Symlinking: /home/ares/ares_code_projects/install/myrobot_controller/share/myrobot_controller/local_setup.dsv
[7.237s] -- Symlinking: /home/ares/ares_code_projects/install/myrobot_controller/share/myrobot_controller/package.dsv
[7.241s] -- Symlinking: /home/ares/ares_code_projects/install/myrobot_controller/share/ament_index/resource_index/packages/myrobot_controller
[7.245s] -- Symlinking: /home/ares/ares_code_projects/install/myrobot_controller/share/myrobot_controller/cmake/myrobot_controllerConfig.cmake
[7.250s] -- Symlinking: /home/ares/ares_code_projects/install/myrobot_controller/share/myrobot_controller/cmake/myrobot_controllerConfig-version.cmake
[7.255s] -- Symlinking: /home/ares/ares_code_projects/install/myrobot_controller/share/myrobot_controller/package.xml
[7.283s] Listing '/home/ares/ares_code_projects/install/myrobot_controller/lib/python3.13/site-packages/myrobot_controller'...
[7.283s] Compiling '/home/ares/ares_code_projects/install/myrobot_controller/lib/python3.13/site-packages/myrobot_controller/__init__.py'...
[7.283s] Compiling '/home/ares/ares_code_projects/install/myrobot_controller/lib/python3.13/site-packages/myrobot_controller/read_imu_yaw.py'...
[7.283s] Compiling '/home/ares/ares_code_projects/install/myrobot_controller/lib/python3.13/site-packages/myrobot_controller/read_laser copy.py'...
[7.283s] Compiling '/home/ares/ares_code_projects/install/myrobot_controller/lib/python3.13/site-packages/myrobot_controller/read_laser.py'...
[7.283s] Compiling '/home/ares/ares_code_projects/install/myrobot_controller/lib/python3.13/site-packages/myrobot_controller/simple_controller.py'...
[7.283s] Compiling '/home/ares/ares_code_projects/install/myrobot_controller/lib/python3.13/site-packages/myrobot_controller/test_cmd.py'...
[7.287s] Invoked command in '/home/ares/ares_code_projects/build/myrobot_controller' returned '0': CMAKE_PREFIX_PATH=${CMAKE_PREFIX_PATH}:/home/ares/ares_code_projects/install/omni_mpc_controller:/home/ares/ares_code_projects/install/laser:/opt/ros/humble CONDA_PROMPT_MODIFIER=(base) /usr/bin/cmake --install /home/ares/ares_code_projects/build/myrobot_controller
