[0.019s] Invoking command in '/home/ares/ares_code_projects/build/my_robot_description': CMAKE_PREFIX_PATH=${CMAKE_PREFIX_PATH}:/home/ares/ares_code_projects/install/omni_mpc_controller:/home/ares/ares_code_projects/install/laser:/opt/ros/humble CONDA_PROMPT_MODIFIER=(base) /usr/bin/cmake /home/ares/ares_code_projects/src/my_robot_description -DR1=ON -DCMAKE_BUILD_TYPE=Release -DAMENT_CMAKE_SYMLINK_INSTALL=1 -DCMAKE_INSTALL_PREFIX=/home/ares/ares_code_projects/install/my_robot_description
[0.304s] -- The C compiler identification is GNU 11.4.0
[0.304s] -- The CXX compiler identification is GNU 11.4.0
[0.304s] -- Detecting C compiler ABI info
[0.304s] -- Detecting C compiler ABI info - done
[0.304s] -- Check for working C compiler: /usr/bin/cc - skipped
[0.304s] -- Detecting C compile features
[0.304s] -- Detecting C compile features - done
[0.304s] -- Detecting CXX compiler ABI info
[0.304s] -- Detecting CXX compiler ABI info - done
[0.304s] -- Check for working CXX compiler: /usr/bin/c++ - skipped
[0.304s] -- Detecting CXX compile features
[0.304s] -- Detecting CXX compile features - done
[0.304s] -- Found ament_cmake: 1.3.11 (/opt/ros/humble/share/ament_cmake/cmake)
[0.405s] -- Found Python3: /home/ares/miniconda3/bin/python3 (found version "3.13.2") found components: Interpreter 
[0.458s] -- Override CMake install command with custom implementation using symlinks instead of copying resources
[0.536s] -- Configuring done
[0.538s] -- Generating done
[0.540s] -- Build files have been written to: /home/ares/ares_code_projects/build/my_robot_description
[0.545s] Invoked command in '/home/ares/ares_code_projects/build/my_robot_description' returned '0': CMAKE_PREFIX_PATH=${CMAKE_PREFIX_PATH}:/home/ares/ares_code_projects/install/omni_mpc_controller:/home/ares/ares_code_projects/install/laser:/opt/ros/humble CONDA_PROMPT_MODIFIER=(base) /usr/bin/cmake /home/ares/ares_code_projects/src/my_robot_description -DR1=ON -DCMAKE_BUILD_TYPE=Release -DAMENT_CMAKE_SYMLINK_INSTALL=1 -DCMAKE_INSTALL_PREFIX=/home/ares/ares_code_projects/install/my_robot_description
[0.546s] Invoking command in '/home/ares/ares_code_projects/build/my_robot_description': CMAKE_PREFIX_PATH=${CMAKE_PREFIX_PATH}:/home/ares/ares_code_projects/install/omni_mpc_controller:/home/ares/ares_code_projects/install/laser:/opt/ros/humble CONDA_PROMPT_MODIFIER=(base) /usr/bin/cmake --build /home/ares/ares_code_projects/build/my_robot_description -- -j16 -l16
[0.573s] Invoked command in '/home/ares/ares_code_projects/build/my_robot_description' returned '0': CMAKE_PREFIX_PATH=${CMAKE_PREFIX_PATH}:/home/ares/ares_code_projects/install/omni_mpc_controller:/home/ares/ares_code_projects/install/laser:/opt/ros/humble CONDA_PROMPT_MODIFIER=(base) /usr/bin/cmake --build /home/ares/ares_code_projects/build/my_robot_description -- -j16 -l16
[0.582s] Invoking command in '/home/ares/ares_code_projects/build/my_robot_description': CMAKE_PREFIX_PATH=${CMAKE_PREFIX_PATH}:/home/ares/ares_code_projects/install/omni_mpc_controller:/home/ares/ares_code_projects/install/laser:/opt/ros/humble CONDA_PROMPT_MODIFIER=(base) /usr/bin/cmake --install /home/ares/ares_code_projects/build/my_robot_description
[0.587s] -- Install configuration: ""
[0.587s] -- Execute custom install script
[0.587s] -- Symlinking: /home/ares/ares_code_projects/install/my_robot_description/share/my_robot_description//worlds/basketball.world
[0.594s] -- Symlinking: /home/ares/ares_code_projects/install/my_robot_description/share/my_robot_description//worlds/new_vision.world
[0.601s] -- Symlinking: /home/ares/ares_code_projects/install/my_robot_description/share/my_robot_description//worlds/robocon25.world
[0.608s] -- Symlinking: /home/ares/ares_code_projects/install/my_robot_description/share/my_robot_description//models/RoboCon25_Field/materials/scripts/robocon25_field.material
[0.615s] -- Symlinking: /home/ares/ares_code_projects/install/my_robot_description/share/my_robot_description//models/RoboCon25_Field/materials/textures/carpet.jpg
[0.620s] -- Symlinking: /home/ares/ares_code_projects/install/my_robot_description/share/my_robot_description//models/RoboCon25_Field/materials/textures/lines.png
[0.624s] -- Symlinking: /home/ares/ares_code_projects/install/my_robot_description/share/my_robot_description//models/RoboCon25_Field/model.config
[0.629s] -- Symlinking: /home/ares/ares_code_projects/install/my_robot_description/share/my_robot_description//models/RoboCon25_Field/model.sdf
[0.635s] -- Symlinking: /home/ares/ares_code_projects/install/my_robot_description/share/my_robot_description//models/basketball/basketball.sdf
[0.640s] -- Symlinking: /home/ares/ares_code_projects/install/my_robot_description/share/my_robot_description//models/basketball/model.config
[0.645s] -- Symlinking: /home/ares/ares_code_projects/install/my_robot_description/share/my_robot_description//models/basketball/model.dae
[0.652s] -- Symlinking: /home/ares/ares_code_projects/install/my_robot_description/share/my_robot_description//models/hoop1/hoop.sdf
[0.658s] -- Symlinking: /home/ares/ares_code_projects/install/my_robot_description/share/my_robot_description//models/hoop1/model.config
[0.664s] -- Symlinking: /home/ares/ares_code_projects/install/my_robot_description/share/my_robot_description//models/hoop1/model.dae
[0.671s] -- Symlinking: /home/ares/ares_code_projects/install/my_robot_description/share/my_robot_description//models/hoop1/model/BB2140.jpg
[0.678s] -- Symlinking: /home/ares/ares_code_projects/install/my_robot_description/share/my_robot_description//models/hoop1/model/model.config
[0.685s] -- Symlinking: /home/ares/ares_code_projects/install/my_robot_description/share/my_robot_description//models/hoop2/hoop.sdf
[0.692s] -- Symlinking: /home/ares/ares_code_projects/install/my_robot_description/share/my_robot_description//models/hoop2/model.config
[0.699s] -- Symlinking: /home/ares/ares_code_projects/install/my_robot_description/share/my_robot_description//models/hoop2/model.dae
[0.707s] -- Symlinking: /home/ares/ares_code_projects/install/my_robot_description/share/my_robot_description//models/hoop2/model/BB2140.jpg
[0.711s] -- Symlinking: /home/ares/ares_code_projects/install/my_robot_description/share/my_robot_description//models/hoop2/model/model.config
[0.716s] -- Symlinking: /home/ares/ares_code_projects/install/my_robot_description/share/my_robot_description//models/hoopC/model.config
[0.720s] -- Symlinking: /home/ares/ares_code_projects/install/my_robot_description/share/my_robot_description//models/hoopC/model.dae
[0.726s] -- Symlinking: /home/ares/ares_code_projects/install/my_robot_description/share/my_robot_description//models/model.config
[0.731s] -- Symlinking: /home/ares/ares_code_projects/install/my_robot_description/share/my_robot_description//models/robot.model
[0.738s] -- Symlinking: /home/ares/ares_code_projects/install/my_robot_description/share/my_robot_description//urdf/actuator/wheel.urdf.xacro
[0.742s] -- Symlinking: /home/ares/ares_code_projects/install/my_robot_description/share/my_robot_description//urdf/color.xacro
[0.747s] -- Symlinking: /home/ares/ares_code_projects/install/my_robot_description/share/my_robot_description//urdf/common_inertia.xacro
[0.754s] -- Symlinking: /home/ares/ares_code_projects/install/my_robot_description/share/my_robot_description//urdf/my_robot.urdf.xacro
[0.761s] -- Symlinking: /home/ares/ares_code_projects/install/my_robot_description/share/my_robot_description//urdf/my_robot.urdf1.xacro
[0.767s] -- Symlinking: /home/ares/ares_code_projects/install/my_robot_description/share/my_robot_description//urdf/my_robot.urdf_bak.xacro
[0.774s] -- Symlinking: /home/ares/ares_code_projects/install/my_robot_description/share/my_robot_description//urdf/my_robot.urdf_bak1.xacro
[0.780s] -- Symlinking: /home/ares/ares_code_projects/install/my_robot_description/share/my_robot_description//urdf/myrobot_ros2_control.xacro
[0.785s] -- Symlinking: /home/ares/ares_code_projects/install/my_robot_description/share/my_robot_description//urdf/plugin/imu_plugin copy.xacro
[0.792s] -- Symlinking: /home/ares/ares_code_projects/install/my_robot_description/share/my_robot_description//urdf/plugin/imu_plugin.xacro
[0.798s] -- Symlinking: /home/ares/ares_code_projects/install/my_robot_description/share/my_robot_description//urdf/plugin/laser_plugin.xacro
[0.805s] -- Symlinking: /home/ares/ares_code_projects/install/my_robot_description/share/my_robot_description//urdf/plugin/laser_plugin_single.xacro
[0.812s] -- Symlinking: /home/ares/ares_code_projects/install/my_robot_description/share/my_robot_description//urdf/sensor/imu.urdf copy.xacro
[0.817s] -- Symlinking: /home/ares/ares_code_projects/install/my_robot_description/share/my_robot_description//urdf/sensor/imu.urdf.xacro
[0.822s] -- Symlinking: /home/ares/ares_code_projects/install/my_robot_description/share/my_robot_description//urdf/sensor/laser.urdf.xacro
[0.827s] -- Symlinking: /home/ares/ares_code_projects/install/my_robot_description/share/my_robot_description//urdf/sensor/laser_single.urdf.xacro
[0.832s] -- Symlinking: /home/ares/ares_code_projects/install/my_robot_description/share/my_robot_description//urdf/舵轮底盘0.csv
[0.837s] -- Symlinking: /home/ares/ares_code_projects/install/my_robot_description/share/my_robot_description//launch/control.launch.py
[0.841s] -- Symlinking: /home/ares/ares_code_projects/install/my_robot_description/share/my_robot_description//launch/display.launch.xml
[0.846s] -- Symlinking: /home/ares/ares_code_projects/install/my_robot_description/share/my_robot_description//launch/load_world.launch.py
[0.851s] -- Symlinking: /home/ares/ares_code_projects/install/my_robot_description/share/my_robot_description//launch/load_world.launch.xml
[0.855s] -- Symlinking: /home/ares/ares_code_projects/install/my_robot_description/share/my_robot_description//rviz/urdf_config.rviz
[0.861s] -- Symlinking: /home/ares/ares_code_projects/install/my_robot_description/share/my_robot_description//meshes/base_link.STL
[0.865s] -- Symlinking: /home/ares/ares_code_projects/install/my_robot_description/share/my_robot_description//meshes/wheel1.STL
[0.869s] -- Symlinking: /home/ares/ares_code_projects/install/my_robot_description/share/my_robot_description//meshes/wheel1_1.STL
[0.873s] -- Symlinking: /home/ares/ares_code_projects/install/my_robot_description/share/my_robot_description//meshes/wheel2.STL
[0.877s] -- Symlinking: /home/ares/ares_code_projects/install/my_robot_description/share/my_robot_description//meshes/wheel2_2.STL
[0.881s] -- Symlinking: /home/ares/ares_code_projects/install/my_robot_description/share/my_robot_description//meshes/wheel3.STL
[0.886s] -- Symlinking: /home/ares/ares_code_projects/install/my_robot_description/share/my_robot_description//meshes/wheel3_3.STL
[0.891s] -- Symlinking: /home/ares/ares_code_projects/install/my_robot_description/share/my_robot_description//config/joint_names_舵轮底盘0.yaml
[0.895s] -- Symlinking: /home/ares/ares_code_projects/install/my_robot_description/share/ament_index/resource_index/package_run_dependencies/my_robot_description
[0.899s] -- Symlinking: /home/ares/ares_code_projects/install/my_robot_description/share/ament_index/resource_index/parent_prefix_path/my_robot_description
[0.903s] -- Symlinking: /home/ares/ares_code_projects/install/my_robot_description/share/my_robot_description/environment/ament_prefix_path.sh
[0.907s] -- Symlinking: /home/ares/ares_code_projects/install/my_robot_description/share/my_robot_description/environment/ament_prefix_path.dsv
[0.911s] -- Symlinking: /home/ares/ares_code_projects/install/my_robot_description/share/my_robot_description/environment/path.sh
[0.916s] -- Symlinking: /home/ares/ares_code_projects/install/my_robot_description/share/my_robot_description/environment/path.dsv
[0.920s] -- Symlinking: /home/ares/ares_code_projects/install/my_robot_description/share/my_robot_description/local_setup.bash
[0.925s] -- Symlinking: /home/ares/ares_code_projects/install/my_robot_description/share/my_robot_description/local_setup.sh
[0.929s] -- Symlinking: /home/ares/ares_code_projects/install/my_robot_description/share/my_robot_description/local_setup.zsh
[0.933s] -- Symlinking: /home/ares/ares_code_projects/install/my_robot_description/share/my_robot_description/local_setup.dsv
[0.937s] -- Symlinking: /home/ares/ares_code_projects/install/my_robot_description/share/my_robot_description/package.dsv
[0.944s] -- Symlinking: /home/ares/ares_code_projects/install/my_robot_description/share/ament_index/resource_index/packages/my_robot_description
[0.949s] -- Symlinking: /home/ares/ares_code_projects/install/my_robot_description/share/my_robot_description/cmake/my_robot_descriptionConfig.cmake
[0.954s] -- Symlinking: /home/ares/ares_code_projects/install/my_robot_description/share/my_robot_description/cmake/my_robot_descriptionConfig-version.cmake
[0.958s] -- Symlinking: /home/ares/ares_code_projects/install/my_robot_description/share/my_robot_description/package.xml
[0.964s] Invoked command in '/home/ares/ares_code_projects/build/my_robot_description' returned '0': CMAKE_PREFIX_PATH=${CMAKE_PREFIX_PATH}:/home/ares/ares_code_projects/install/omni_mpc_controller:/home/ares/ares_code_projects/install/laser:/opt/ros/humble CONDA_PROMPT_MODIFIER=(base) /usr/bin/cmake --install /home/ares/ares_code_projects/build/my_robot_description
