[0.016s] Invoking command in '/home/ares/ares_code_projects/R1/build/my_robot_description': CMAKE_PREFIX_PATH=${CMAKE_PREFIX_PATH}:/home/ares/ares_code_projects/R1/install/omni_mpc_controller:/home/ares/ares_code_projects/R1/install/laser:/opt/ros/humble CONDA_PROMPT_MODIFIER=(base) /usr/bin/cmake /home/ares/ares_code_projects/R1/src/my_robot_description -DAMENT_CMAKE_SYMLINK_INSTALL=1 -DCMAKE_INSTALL_PREFIX=/home/ares/ares_code_projects/R1/install/my_robot_description
[0.304s] -- The C compiler identification is GNU 11.4.0
[0.305s] -- The CXX compiler identification is GNU 11.4.0
[0.305s] -- Detecting C compiler ABI info
[0.305s] -- Detecting C compiler ABI info - done
[0.305s] -- Check for working C compiler: /usr/bin/cc - skipped
[0.305s] -- Detecting C compile features
[0.305s] -- Detecting C compile features - done
[0.305s] -- Detecting CXX compiler ABI info
[0.305s] -- Detecting CXX compiler ABI info - done
[0.305s] -- Check for working CXX compiler: /usr/bin/c++ - skipped
[0.305s] -- Detecting CXX compile features
[0.305s] -- Detecting CXX compile features - done
[0.305s] -- Found ament_cmake: 1.3.11 (/opt/ros/humble/share/ament_cmake/cmake)
[0.443s] -- Found Python3: /home/ares/miniconda3/bin/python3 (found version "3.13.2") found components: Interpreter 
[0.496s] -- Override CMake install command with custom implementation using symlinks instead of copying resources
[0.605s] -- Configuring done
[0.607s] -- Generating done
[0.608s] -- Build files have been written to: /home/ares/ares_code_projects/R1/build/my_robot_description
[0.610s] Invoked command in '/home/ares/ares_code_projects/R1/build/my_robot_description' returned '0': CMAKE_PREFIX_PATH=${CMAKE_PREFIX_PATH}:/home/ares/ares_code_projects/R1/install/omni_mpc_controller:/home/ares/ares_code_projects/R1/install/laser:/opt/ros/humble CONDA_PROMPT_MODIFIER=(base) /usr/bin/cmake /home/ares/ares_code_projects/R1/src/my_robot_description -DAMENT_CMAKE_SYMLINK_INSTALL=1 -DCMAKE_INSTALL_PREFIX=/home/ares/ares_code_projects/R1/install/my_robot_description
[0.612s] Invoking command in '/home/ares/ares_code_projects/R1/build/my_robot_description': CMAKE_PREFIX_PATH=${CMAKE_PREFIX_PATH}:/home/ares/ares_code_projects/R1/install/omni_mpc_controller:/home/ares/ares_code_projects/R1/install/laser:/opt/ros/humble CONDA_PROMPT_MODIFIER=(base) /usr/bin/cmake --build /home/ares/ares_code_projects/R1/build/my_robot_description -- -j16 -l16
[0.638s] Invoked command in '/home/ares/ares_code_projects/R1/build/my_robot_description' returned '0': CMAKE_PREFIX_PATH=${CMAKE_PREFIX_PATH}:/home/ares/ares_code_projects/R1/install/omni_mpc_controller:/home/ares/ares_code_projects/R1/install/laser:/opt/ros/humble CONDA_PROMPT_MODIFIER=(base) /usr/bin/cmake --build /home/ares/ares_code_projects/R1/build/my_robot_description -- -j16 -l16
[0.645s] Invoking command in '/home/ares/ares_code_projects/R1/build/my_robot_description': CMAKE_PREFIX_PATH=${CMAKE_PREFIX_PATH}:/home/ares/ares_code_projects/R1/install/omni_mpc_controller:/home/ares/ares_code_projects/R1/install/laser:/opt/ros/humble CONDA_PROMPT_MODIFIER=(base) /usr/bin/cmake --install /home/ares/ares_code_projects/R1/build/my_robot_description
[0.651s] -- Install configuration: ""
[0.652s] -- Execute custom install script
[0.652s] -- Symlinking: /home/ares/ares_code_projects/R1/install/my_robot_description/share/my_robot_description//worlds/basketball.world
[0.658s] -- Symlinking: /home/ares/ares_code_projects/R1/install/my_robot_description/share/my_robot_description//worlds/new_vision.world
[0.663s] -- Symlinking: /home/ares/ares_code_projects/R1/install/my_robot_description/share/my_robot_description//worlds/robocon25.world
[0.668s] -- Symlinking: /home/ares/ares_code_projects/R1/install/my_robot_description/share/my_robot_description//models/RoboCon25_Field/materials/scripts/robocon25_field.material
[0.673s] -- Symlinking: /home/ares/ares_code_projects/R1/install/my_robot_description/share/my_robot_description//models/RoboCon25_Field/materials/textures/carpet.jpg
[0.680s] -- Symlinking: /home/ares/ares_code_projects/R1/install/my_robot_description/share/my_robot_description//models/RoboCon25_Field/materials/textures/lines.png
[0.687s] -- Symlinking: /home/ares/ares_code_projects/R1/install/my_robot_description/share/my_robot_description//models/RoboCon25_Field/model.config
[0.692s] -- Symlinking: /home/ares/ares_code_projects/R1/install/my_robot_description/share/my_robot_description//models/RoboCon25_Field/model.sdf
[0.698s] -- Symlinking: /home/ares/ares_code_projects/R1/install/my_robot_description/share/my_robot_description//models/basketball/basketball.sdf
[0.704s] -- Symlinking: /home/ares/ares_code_projects/R1/install/my_robot_description/share/my_robot_description//models/basketball/model.config
[0.709s] -- Symlinking: /home/ares/ares_code_projects/R1/install/my_robot_description/share/my_robot_description//models/basketball/model.dae
[0.716s] -- Symlinking: /home/ares/ares_code_projects/R1/install/my_robot_description/share/my_robot_description//models/hoop1/hoop.sdf
[0.721s] -- Symlinking: /home/ares/ares_code_projects/R1/install/my_robot_description/share/my_robot_description//models/hoop1/model.config
[0.728s] -- Symlinking: /home/ares/ares_code_projects/R1/install/my_robot_description/share/my_robot_description//models/hoop1/model.dae
[0.735s] -- Symlinking: /home/ares/ares_code_projects/R1/install/my_robot_description/share/my_robot_description//models/hoop1/model/BB2140.jpg
[0.740s] -- Symlinking: /home/ares/ares_code_projects/R1/install/my_robot_description/share/my_robot_description//models/hoop1/model/model.config
[0.747s] -- Symlinking: /home/ares/ares_code_projects/R1/install/my_robot_description/share/my_robot_description//models/hoop2/hoop.sdf
[0.753s] -- Symlinking: /home/ares/ares_code_projects/R1/install/my_robot_description/share/my_robot_description//models/hoop2/model.config
[0.760s] -- Symlinking: /home/ares/ares_code_projects/R1/install/my_robot_description/share/my_robot_description//models/hoop2/model.dae
[0.765s] -- Symlinking: /home/ares/ares_code_projects/R1/install/my_robot_description/share/my_robot_description//models/hoop2/model/BB2140.jpg
[0.772s] -- Symlinking: /home/ares/ares_code_projects/R1/install/my_robot_description/share/my_robot_description//models/hoop2/model/model.config
[0.778s] -- Symlinking: /home/ares/ares_code_projects/R1/install/my_robot_description/share/my_robot_description//models/hoopC/model.config
[0.782s] -- Symlinking: /home/ares/ares_code_projects/R1/install/my_robot_description/share/my_robot_description//models/hoopC/model.dae
[0.788s] -- Symlinking: /home/ares/ares_code_projects/R1/install/my_robot_description/share/my_robot_description//models/model.config
[0.793s] -- Symlinking: /home/ares/ares_code_projects/R1/install/my_robot_description/share/my_robot_description//models/robot.model
[0.798s] -- Symlinking: /home/ares/ares_code_projects/R1/install/my_robot_description/share/my_robot_description//urdf/actuator/wheel.urdf.xacro
[0.805s] -- Symlinking: /home/ares/ares_code_projects/R1/install/my_robot_description/share/my_robot_description//urdf/color.xacro
[0.812s] -- Symlinking: /home/ares/ares_code_projects/R1/install/my_robot_description/share/my_robot_description//urdf/common_inertia.xacro
[0.817s] -- Symlinking: /home/ares/ares_code_projects/R1/install/my_robot_description/share/my_robot_description//urdf/my_robot.urdf.xacro
[0.822s] -- Symlinking: /home/ares/ares_code_projects/R1/install/my_robot_description/share/my_robot_description//urdf/my_robot.urdf1.xacro
[0.828s] -- Symlinking: /home/ares/ares_code_projects/R1/install/my_robot_description/share/my_robot_description//urdf/my_robot.urdf_bak.xacro
[0.832s] -- Symlinking: /home/ares/ares_code_projects/R1/install/my_robot_description/share/my_robot_description//urdf/my_robot.urdf_bak1.xacro
[0.837s] -- Symlinking: /home/ares/ares_code_projects/R1/install/my_robot_description/share/my_robot_description//urdf/myrobot_ros2_control.xacro
[0.844s] -- Symlinking: /home/ares/ares_code_projects/R1/install/my_robot_description/share/my_robot_description//urdf/plugin/imu_plugin copy.xacro
[0.848s] -- Symlinking: /home/ares/ares_code_projects/R1/install/my_robot_description/share/my_robot_description//urdf/plugin/imu_plugin.xacro
[0.853s] -- Symlinking: /home/ares/ares_code_projects/R1/install/my_robot_description/share/my_robot_description//urdf/plugin/laser_plugin.xacro
[0.857s] -- Symlinking: /home/ares/ares_code_projects/R1/install/my_robot_description/share/my_robot_description//urdf/plugin/laser_plugin_single.xacro
[0.862s] -- Symlinking: /home/ares/ares_code_projects/R1/install/my_robot_description/share/my_robot_description//urdf/sensor/imu.urdf copy.xacro
[0.867s] -- Symlinking: /home/ares/ares_code_projects/R1/install/my_robot_description/share/my_robot_description//urdf/sensor/imu.urdf.xacro
[0.871s] -- Symlinking: /home/ares/ares_code_projects/R1/install/my_robot_description/share/my_robot_description//urdf/sensor/laser.urdf.xacro
[0.876s] -- Symlinking: /home/ares/ares_code_projects/R1/install/my_robot_description/share/my_robot_description//urdf/sensor/laser_single.urdf.xacro
[0.883s] -- Symlinking: /home/ares/ares_code_projects/R1/install/my_robot_description/share/my_robot_description//urdf/舵轮底盘0.csv
[0.888s] -- Symlinking: /home/ares/ares_code_projects/R1/install/my_robot_description/share/my_robot_description//launch/control.launch.py
[0.893s] -- Symlinking: /home/ares/ares_code_projects/R1/install/my_robot_description/share/my_robot_description//launch/display.launch.xml
[0.899s] -- Symlinking: /home/ares/ares_code_projects/R1/install/my_robot_description/share/my_robot_description//launch/load_world.launch.py
[0.905s] -- Symlinking: /home/ares/ares_code_projects/R1/install/my_robot_description/share/my_robot_description//launch/load_world.launch.xml
[0.910s] -- Symlinking: /home/ares/ares_code_projects/R1/install/my_robot_description/share/my_robot_description//rviz/urdf_config.rviz
[0.915s] -- Symlinking: /home/ares/ares_code_projects/R1/install/my_robot_description/share/my_robot_description//meshes/base_link.STL
[0.920s] -- Symlinking: /home/ares/ares_code_projects/R1/install/my_robot_description/share/my_robot_description//meshes/wheel1.STL
[0.925s] -- Symlinking: /home/ares/ares_code_projects/R1/install/my_robot_description/share/my_robot_description//meshes/wheel1_1.STL
[0.931s] -- Symlinking: /home/ares/ares_code_projects/R1/install/my_robot_description/share/my_robot_description//meshes/wheel2.STL
[0.935s] -- Symlinking: /home/ares/ares_code_projects/R1/install/my_robot_description/share/my_robot_description//meshes/wheel2_2.STL
[0.939s] -- Symlinking: /home/ares/ares_code_projects/R1/install/my_robot_description/share/my_robot_description//meshes/wheel3.STL
[0.945s] -- Symlinking: /home/ares/ares_code_projects/R1/install/my_robot_description/share/my_robot_description//meshes/wheel3_3.STL
[0.950s] -- Symlinking: /home/ares/ares_code_projects/R1/install/my_robot_description/share/my_robot_description//config/joint_names_舵轮底盘0.yaml
[0.956s] -- Symlinking: /home/ares/ares_code_projects/R1/install/my_robot_description/share/ament_index/resource_index/package_run_dependencies/my_robot_description
[0.961s] -- Symlinking: /home/ares/ares_code_projects/R1/install/my_robot_description/share/ament_index/resource_index/parent_prefix_path/my_robot_description
[0.965s] -- Symlinking: /home/ares/ares_code_projects/R1/install/my_robot_description/share/my_robot_description/environment/ament_prefix_path.sh
[0.970s] -- Symlinking: /home/ares/ares_code_projects/R1/install/my_robot_description/share/my_robot_description/environment/ament_prefix_path.dsv
[0.977s] -- Symlinking: /home/ares/ares_code_projects/R1/install/my_robot_description/share/my_robot_description/environment/path.sh
[0.983s] -- Symlinking: /home/ares/ares_code_projects/R1/install/my_robot_description/share/my_robot_description/environment/path.dsv
[0.988s] -- Symlinking: /home/ares/ares_code_projects/R1/install/my_robot_description/share/my_robot_description/local_setup.bash
[0.994s] -- Symlinking: /home/ares/ares_code_projects/R1/install/my_robot_description/share/my_robot_description/local_setup.sh
[1.001s] -- Symlinking: /home/ares/ares_code_projects/R1/install/my_robot_description/share/my_robot_description/local_setup.zsh
[1.007s] -- Symlinking: /home/ares/ares_code_projects/R1/install/my_robot_description/share/my_robot_description/local_setup.dsv
[1.013s] -- Symlinking: /home/ares/ares_code_projects/R1/install/my_robot_description/share/my_robot_description/package.dsv
[1.018s] -- Symlinking: /home/ares/ares_code_projects/R1/install/my_robot_description/share/ament_index/resource_index/packages/my_robot_description
[1.022s] -- Symlinking: /home/ares/ares_code_projects/R1/install/my_robot_description/share/my_robot_description/cmake/my_robot_descriptionConfig.cmake
[1.028s] -- Symlinking: /home/ares/ares_code_projects/R1/install/my_robot_description/share/my_robot_description/cmake/my_robot_descriptionConfig-version.cmake
[1.032s] -- Symlinking: /home/ares/ares_code_projects/R1/install/my_robot_description/share/my_robot_description/package.xml
[1.038s] Invoked command in '/home/ares/ares_code_projects/R1/build/my_robot_description' returned '0': CMAKE_PREFIX_PATH=${CMAKE_PREFIX_PATH}:/home/ares/ares_code_projects/R1/install/omni_mpc_controller:/home/ares/ares_code_projects/R1/install/laser:/opt/ros/humble CONDA_PROMPT_MODIFIER=(base) /usr/bin/cmake --install /home/ares/ares_code_projects/R1/build/my_robot_description
