[0.159s] Invoking command in '/home/ares/ares_code_projects/build/myrobot_controller': CMAKE_PREFIX_PATH=${CMAKE_PREFIX_PATH}:/home/ares/Desktop/dog/install/omni_mpc_controller:/home/ares/Desktop/dog/install/laser:/home/ares/ares_code_projects/R1/install/omni_mpc_controller:/home/ares/ares_code_projects/R1/install/laser:/opt/ros/humble CONDA_PROMPT_MODIFIER=(base) /usr/bin/cmake /home/ares/ares_code_projects/src/myrobot_controller -DR1=ON -DCMAKE_BUILD_TYPE=Release -DAMENT_CMAKE_SYMLINK_INSTALL=1 -DCMAKE_INSTALL_PREFIX=/home/ares/ares_code_projects/install/myrobot_controller
[0.308s] -- Found ament_cmake: 1.3.11 (/opt/ros/humble/share/ament_cmake/cmake)
[0.309s] -- Override CMake install command with custom implementation using symlinks instead of copying resources
[0.309s] -- Found rclpy: 3.3.16 (/opt/ros/humble/share/rclpy/cmake)
[0.309s] -- Found std_msgs: 4.9.0 (/opt/ros/humble/share/std_msgs/cmake)
[0.309s] -- Found rosidl_generator_c: 3.1.6 (/opt/ros/humble/share/rosidl_generator_c/cmake)
[0.310s] -- Found rosidl_adapter: 3.1.6 (/opt/ros/humble/share/rosidl_adapter/cmake)
[0.310s] -- Found rosidl_generator_cpp: 3.1.6 (/opt/ros/humble/share/rosidl_generator_cpp/cmake)
[0.310s] -- Using all available rosidl_typesupport_c: rosidl_typesupport_fastrtps_c;rosidl_typesupport_introspection_c
[0.310s] -- Using all available rosidl_typesupport_cpp: rosidl_typesupport_fastrtps_cpp;rosidl_typesupport_introspection_cpp
[0.310s] -- Found geometry_msgs: 4.9.0 (/opt/ros/humble/share/geometry_msgs/cmake)
[0.311s] -- Found rclcpp: 16.0.12 (/opt/ros/humble/share/rclcpp/cmake)
[0.319s] -- Found rmw_implementation_cmake: 6.1.2 (/opt/ros/humble/share/rmw_implementation_cmake/cmake)
[0.320s] -- Found rmw_fastrtps_cpp: 6.2.7 (/opt/ros/humble/share/rmw_fastrtps_cpp/cmake)
[0.382s] -- Using RMW implementation 'rmw_fastrtps_cpp' as default
[0.487s] -- Found ament_lint_auto: 0.12.12 (/opt/ros/humble/share/ament_lint_auto/cmake)
[0.557s] -- Added test 'cppcheck' to perform static code analysis on C / C++ code
[0.557s] -- Configured cppcheck include dirs: /home/ares/ares_code_projects/src/myrobot_controller/include
[0.557s] -- Configured cppcheck exclude dirs and/or files: 
[0.558s] -- Added test 'flake8' to check Python code syntax and style conventions
[0.558s] -- Added test 'lint_cmake' to check CMake code style
[0.559s] -- Added test 'pep257' to check Python code against some of the docstring style conventions in PEP 257
[0.559s] -- Added test 'uncrustify' to check C / C++ code style
[0.559s] -- Configured uncrustify additional arguments: 
[0.560s] -- Added test 'xmllint' to check XML markup files
[0.561s] -- Configuring done
[0.567s] -- Generating done
[0.569s] -- Build files have been written to: /home/ares/ares_code_projects/build/myrobot_controller
[0.574s] Invoked command in '/home/ares/ares_code_projects/build/myrobot_controller' returned '0': CMAKE_PREFIX_PATH=${CMAKE_PREFIX_PATH}:/home/ares/Desktop/dog/install/omni_mpc_controller:/home/ares/Desktop/dog/install/laser:/home/ares/ares_code_projects/R1/install/omni_mpc_controller:/home/ares/ares_code_projects/R1/install/laser:/opt/ros/humble CONDA_PROMPT_MODIFIER=(base) /usr/bin/cmake /home/ares/ares_code_projects/src/myrobot_controller -DR1=ON -DCMAKE_BUILD_TYPE=Release -DAMENT_CMAKE_SYMLINK_INSTALL=1 -DCMAKE_INSTALL_PREFIX=/home/ares/ares_code_projects/install/myrobot_controller
[0.575s] Invoking command in '/home/ares/ares_code_projects/build/myrobot_controller': CMAKE_PREFIX_PATH=${CMAKE_PREFIX_PATH}:/home/ares/Desktop/dog/install/omni_mpc_controller:/home/ares/Desktop/dog/install/laser:/home/ares/ares_code_projects/R1/install/omni_mpc_controller:/home/ares/ares_code_projects/R1/install/laser:/opt/ros/humble CONDA_PROMPT_MODIFIER=(base) /usr/bin/cmake --build /home/ares/ares_code_projects/build/myrobot_controller -- -j16 -l16
[0.607s] [ 50%] [32mBuilding CXX object CMakeFiles/simple_controller.dir/src/simple_controller.cpp.o[0m
[0.612s] [ 50%] Built target ament_cmake_python_symlink_myrobot_controller
[0.757s] running egg_info
[0.768s] creating myrobot_controller.egg-info
[0.768s] writing myrobot_controller.egg-info/PKG-INFO
[0.768s] writing dependency_links to myrobot_controller.egg-info/dependency_links.txt
[0.768s] writing top-level names to myrobot_controller.egg-info/top_level.txt
[0.768s] writing manifest file 'myrobot_controller.egg-info/SOURCES.txt'
[0.795s] reading manifest file 'myrobot_controller.egg-info/SOURCES.txt'
[0.795s] writing manifest file 'myrobot_controller.egg-info/SOURCES.txt'
[0.816s] [ 50%] Built target ament_cmake_python_build_myrobot_controller_egg
[6.581s] [100%] [32m[1mLinking CXX executable simple_controller[0m
[6.807s] [100%] Built target simple_controller
[6.814s] Invoked command in '/home/ares/ares_code_projects/build/myrobot_controller' returned '0': CMAKE_PREFIX_PATH=${CMAKE_PREFIX_PATH}:/home/ares/Desktop/dog/install/omni_mpc_controller:/home/ares/Desktop/dog/install/laser:/home/ares/ares_code_projects/R1/install/omni_mpc_controller:/home/ares/ares_code_projects/R1/install/laser:/opt/ros/humble CONDA_PROMPT_MODIFIER=(base) /usr/bin/cmake --build /home/ares/ares_code_projects/build/myrobot_controller -- -j16 -l16
[6.815s] Invoking command in '/home/ares/ares_code_projects/build/myrobot_controller': CMAKE_PREFIX_PATH=${CMAKE_PREFIX_PATH}:/home/ares/Desktop/dog/install/omni_mpc_controller:/home/ares/Desktop/dog/install/laser:/home/ares/ares_code_projects/R1/install/omni_mpc_controller:/home/ares/ares_code_projects/R1/install/laser:/opt/ros/humble CONDA_PROMPT_MODIFIER=(base) /usr/bin/cmake --install /home/ares/ares_code_projects/build/myrobot_controller
[6.818s] -- Install configuration: ""
[6.818s] -- Execute custom install script
[6.819s] -- Symlinking: /home/ares/ares_code_projects/install/myrobot_controller/share/myrobot_controller/environment/pythonpath.sh
[6.824s] -- Symlinking: /home/ares/ares_code_projects/install/myrobot_controller/share/myrobot_controller/environment/pythonpath.dsv
[6.829s] -- Symlinking: /home/ares/ares_code_projects/install/myrobot_controller/lib/python3.13/site-packages/myrobot_controller-0.0.0-py3.13.egg-info/PKG-INFO
[6.833s] -- Symlinking: /home/ares/ares_code_projects/install/myrobot_controller/lib/python3.13/site-packages/myrobot_controller-0.0.0-py3.13.egg-info/SOURCES.txt
[6.837s] -- Symlinking: /home/ares/ares_code_projects/install/myrobot_controller/lib/python3.13/site-packages/myrobot_controller-0.0.0-py3.13.egg-info/dependency_links.txt
[6.841s] -- Symlinking: /home/ares/ares_code_projects/install/myrobot_controller/lib/python3.13/site-packages/myrobot_controller-0.0.0-py3.13.egg-info/top_level.txt
[6.846s] -- Symlinking: /home/ares/ares_code_projects/install/myrobot_controller/lib/python3.13/site-packages/myrobot_controller/__init__.py
[6.851s] -- Symlinking: /home/ares/ares_code_projects/install/myrobot_controller/lib/python3.13/site-packages/myrobot_controller/read_imu_yaw.py
[6.856s] -- Symlinking: /home/ares/ares_code_projects/install/myrobot_controller/lib/python3.13/site-packages/myrobot_controller/read_laser copy.py
[6.862s] -- Symlinking: /home/ares/ares_code_projects/install/myrobot_controller/lib/python3.13/site-packages/myrobot_controller/read_laser.py
[6.866s] -- Symlinking: /home/ares/ares_code_projects/install/myrobot_controller/lib/python3.13/site-packages/myrobot_controller/simple_controller.py
[6.871s] -- Symlinking: /home/ares/ares_code_projects/install/myrobot_controller/lib/python3.13/site-packages/myrobot_controller/test_cmd.py
[6.875s] -- Symlinking: /home/ares/ares_code_projects/install/myrobot_controller/include/include/myrobot_controller/simple_controller.hpp
[6.880s] -- Symlinking: /home/ares/ares_code_projects/install/myrobot_controller/lib/myrobot_controller/simple_controller
[6.885s] -- Symlinking: /home/ares/ares_code_projects/install/myrobot_controller/share/myrobot_controller/config/joy_config.yaml
[6.891s] -- Symlinking: /home/ares/ares_code_projects/install/myrobot_controller/share/myrobot_controller/config/joy_teleop.yaml
[6.896s] -- Symlinking: /home/ares/ares_code_projects/install/myrobot_controller/share/myrobot_controller/config/myrobot_controllers.yaml
[6.902s] -- Symlinking: /home/ares/ares_code_projects/install/myrobot_controller/share/myrobot_controller/launch/controller.launch.py
[6.906s] -- Symlinking: /home/ares/ares_code_projects/install/myrobot_controller/share/myrobot_controller/launch/joystick_teleop.launch.py
[6.911s] -- Symlinking: /home/ares/ares_code_projects/install/myrobot_controller/lib/myrobot_controller/simple_controller.py
[6.917s] -- Symlinking: /home/ares/ares_code_projects/install/myrobot_controller/share/ament_index/resource_index/package_run_dependencies/myrobot_controller
[6.922s] -- Symlinking: /home/ares/ares_code_projects/install/myrobot_controller/share/ament_index/resource_index/parent_prefix_path/myrobot_controller
[6.926s] -- Symlinking: /home/ares/ares_code_projects/install/myrobot_controller/share/myrobot_controller/environment/ament_prefix_path.sh
[6.930s] -- Symlinking: /home/ares/ares_code_projects/install/myrobot_controller/share/myrobot_controller/environment/ament_prefix_path.dsv
[6.935s] -- Symlinking: /home/ares/ares_code_projects/install/myrobot_controller/share/myrobot_controller/environment/path.sh
[6.939s] -- Symlinking: /home/ares/ares_code_projects/install/myrobot_controller/share/myrobot_controller/environment/path.dsv
[6.943s] -- Symlinking: /home/ares/ares_code_projects/install/myrobot_controller/share/myrobot_controller/local_setup.bash
[6.947s] -- Symlinking: /home/ares/ares_code_projects/install/myrobot_controller/share/myrobot_controller/local_setup.sh
[6.952s] -- Symlinking: /home/ares/ares_code_projects/install/myrobot_controller/share/myrobot_controller/local_setup.zsh
[6.957s] -- Symlinking: /home/ares/ares_code_projects/install/myrobot_controller/share/myrobot_controller/local_setup.dsv
[6.962s] -- Symlinking: /home/ares/ares_code_projects/install/myrobot_controller/share/myrobot_controller/package.dsv
[6.968s] -- Symlinking: /home/ares/ares_code_projects/install/myrobot_controller/share/ament_index/resource_index/packages/myrobot_controller
[6.974s] -- Symlinking: /home/ares/ares_code_projects/install/myrobot_controller/share/myrobot_controller/cmake/myrobot_controllerConfig.cmake
[6.979s] -- Symlinking: /home/ares/ares_code_projects/install/myrobot_controller/share/myrobot_controller/cmake/myrobot_controllerConfig-version.cmake
[6.984s] -- Symlinking: /home/ares/ares_code_projects/install/myrobot_controller/share/myrobot_controller/package.xml
[7.009s] Listing '/home/ares/ares_code_projects/install/myrobot_controller/lib/python3.13/site-packages/myrobot_controller'...
[7.009s] Compiling '/home/ares/ares_code_projects/install/myrobot_controller/lib/python3.13/site-packages/myrobot_controller/__init__.py'...
[7.009s] Compiling '/home/ares/ares_code_projects/install/myrobot_controller/lib/python3.13/site-packages/myrobot_controller/read_imu_yaw.py'...
[7.009s] Compiling '/home/ares/ares_code_projects/install/myrobot_controller/lib/python3.13/site-packages/myrobot_controller/read_laser copy.py'...
[7.010s] Compiling '/home/ares/ares_code_projects/install/myrobot_controller/lib/python3.13/site-packages/myrobot_controller/read_laser.py'...
[7.010s] Compiling '/home/ares/ares_code_projects/install/myrobot_controller/lib/python3.13/site-packages/myrobot_controller/simple_controller.py'...
[7.010s] Compiling '/home/ares/ares_code_projects/install/myrobot_controller/lib/python3.13/site-packages/myrobot_controller/test_cmd.py'...
[7.014s] Invoked command in '/home/ares/ares_code_projects/build/myrobot_controller' returned '0': CMAKE_PREFIX_PATH=${CMAKE_PREFIX_PATH}:/home/ares/Desktop/dog/install/omni_mpc_controller:/home/ares/Desktop/dog/install/laser:/home/ares/ares_code_projects/R1/install/omni_mpc_controller:/home/ares/ares_code_projects/R1/install/laser:/opt/ros/humble CONDA_PROMPT_MODIFIER=(base) /usr/bin/cmake --install /home/ares/ares_code_projects/build/myrobot_controller
