-- ===== 开始配置 =====
-- Found ament_cmake: 1.3.11 (/opt/ros/humble/share/ament_cmake/cmake)
-- Override CMake install command with custom implementation using symlinks instead of copying resources
-- Found rclcpp: 16.0.12 (/opt/ros/humble/share/rclcpp/cmake)
-- Found rosidl_generator_c: 3.1.6 (/opt/ros/humble/share/rosidl_generator_c/cmake)
-- Found rosidl_adapter: 3.1.6 (/opt/ros/humble/share/rosidl_adapter/cmake)
-- Found rosidl_generator_cpp: 3.1.6 (/opt/ros/humble/share/rosidl_generator_cpp/cmake)
-- Using all available rosidl_typesupport_c: rosidl_typesupport_fastrtps_c;rosidl_typesupport_introspection_c
-- Using all available rosidl_typesupport_cpp: rosidl_typesupport_fastrtps_cpp;rosidl_typesupport_introspection_cpp
-- Found rmw_implementation_cmake: 6.1.2 (/opt/ros/humble/share/rmw_implementation_cmake/cmake)
-- Found rmw_fastrtps_cpp: 6.2.7 (/opt/ros/humble/share/rmw_fastrtps_cpp/cmake)
-- Using RMW implementation 'rmw_fastrtps_cpp' as default
-- Found geometry_msgs: 4.9.0 (/opt/ros/humble/share/geometry_msgs/cmake)
-- Found ament_lint_auto: 0.12.12 (/opt/ros/humble/share/ament_lint_auto/cmake)
-- Added test 'cppcheck' to perform static code analysis on C / C++ code
-- Configured cppcheck include dirs: /home/ares/ares_code_projects/R1/src/usb_bulk_node/include/usb_bulk_node
-- Configured cppcheck exclude dirs and/or files: 
-- Added test 'lint_cmake' to check CMake code style
-- Added test 'uncrustify' to check C / C++ code style
-- Configured uncrustify additional arguments: 
-- Added test 'xmllint' to check XML markup files
-- Configuring done
-- Generating done
-- Build files have been written to: /home/ares/ares_code_projects/R1/build/usb_bulk_node
[35m[1mConsolidate compiler generated dependencies of target usb_bulk_node[0m
[ 66%] [32mBuilding CXX object CMakeFiles/usb_bulk_node.dir/src/usb_bulk_node.cpp.o[0m
[ 66%] [32mBuilding CXX object CMakeFiles/usb_bulk_node.dir/src/ares_protocol.cpp.o[0m
[100%] [32m[1mLinking CXX executable usb_bulk_node[0m
[100%] Built target usb_bulk_node
-- Install configuration: "Release"
-- Execute custom install script
-- Up-to-date symlink: /home/ares/ares_code_projects/R1/install/usb_bulk_node/lib/usb_bulk_node/usb_bulk_node
-- Up-to-date symlink: /home/ares/ares_code_projects/R1/install/usb_bulk_node/share/ament_index/resource_index/package_run_dependencies/usb_bulk_node
-- Up-to-date symlink: /home/ares/ares_code_projects/R1/install/usb_bulk_node/share/ament_index/resource_index/parent_prefix_path/usb_bulk_node
-- Up-to-date symlink: /home/ares/ares_code_projects/R1/install/usb_bulk_node/share/usb_bulk_node/environment/ament_prefix_path.sh
-- Up-to-date symlink: /home/ares/ares_code_projects/R1/install/usb_bulk_node/share/usb_bulk_node/environment/ament_prefix_path.dsv
-- Up-to-date symlink: /home/ares/ares_code_projects/R1/install/usb_bulk_node/share/usb_bulk_node/environment/path.sh
-- Up-to-date symlink: /home/ares/ares_code_projects/R1/install/usb_bulk_node/share/usb_bulk_node/environment/path.dsv
-- Up-to-date symlink: /home/ares/ares_code_projects/R1/install/usb_bulk_node/share/usb_bulk_node/local_setup.bash
-- Up-to-date symlink: /home/ares/ares_code_projects/R1/install/usb_bulk_node/share/usb_bulk_node/local_setup.sh
-- Up-to-date symlink: /home/ares/ares_code_projects/R1/install/usb_bulk_node/share/usb_bulk_node/local_setup.zsh
-- Up-to-date symlink: /home/ares/ares_code_projects/R1/install/usb_bulk_node/share/usb_bulk_node/local_setup.dsv
-- Symlinking: /home/ares/ares_code_projects/R1/install/usb_bulk_node/share/usb_bulk_node/package.dsv
-- Up-to-date symlink: /home/ares/ares_code_projects/R1/install/usb_bulk_node/share/ament_index/resource_index/packages/usb_bulk_node
-- Up-to-date symlink: /home/ares/ares_code_projects/R1/install/usb_bulk_node/share/usb_bulk_node/cmake/usb_bulk_nodeConfig.cmake
-- Up-to-date symlink: /home/ares/ares_code_projects/R1/install/usb_bulk_node/share/usb_bulk_node/cmake/usb_bulk_nodeConfig-version.cmake
-- Up-to-date symlink: /home/ares/ares_code_projects/R1/install/usb_bulk_node/share/usb_bulk_node/package.xml
