running develop
running egg_info
creating laser.egg-info
writing laser.egg-info/PKG-INFO
writing dependency_links to laser.egg-info/dependency_links.txt
writing entry points to laser.egg-info/entry_points.txt
writing requirements to laser.egg-info/requires.txt
writing top-level names to laser.egg-info/top_level.txt
writing manifest file 'laser.egg-info/SOURCES.txt'
reading manifest file 'laser.egg-info/SOURCES.txt'
writing manifest file 'laser.egg-info/SOURCES.txt'
running build_ext
Creating /home/ares/ares_code_projects/R1/install/laser/lib/python3.10/site-packages/laser.egg-link (link to .)
Installing Real script to /home/ares/ares_code_projects/R1/install/laser/lib/laser
Installing ros2publisher script to /home/ares/ares_code_projects/R1/install/laser/lib/laser

Installed /home/ares/ares_code_projects/R1/build/laser
running symlink_data
creating /home/ares/ares_code_projects/R1/install/laser/share/ament_index
creating /home/ares/ares_code_projects/R1/install/laser/share/ament_index/resource_index
creating /home/ares/ares_code_projects/R1/install/laser/share/ament_index/resource_index/packages
symbolically linking /home/ares/ares_code_projects/R1/build/laser/resource/laser -> /home/ares/ares_code_projects/R1/install/laser/share/ament_index/resource_index/packages
symbolically linking /home/ares/ares_code_projects/R1/build/laser/package.xml -> /home/ares/ares_code_projects/R1/install/laser/share/laser
creating /home/ares/ares_code_projects/R1/install/laser/share/laser/config
symbolically linking /home/ares/ares_code_projects/R1/build/laser/config/params.yaml -> /home/ares/ares_code_projects/R1/install/laser/share/laser/config
creating /home/ares/ares_code_projects/R1/install/laser/share/laser/launch
symbolically linking /home/ares/ares_code_projects/R1/build/laser/launch/laser_launch.py -> /home/ares/ares_code_projects/R1/install/laser/share/laser/launch
symbolically linking /home/ares/ares_code_projects/R1/build/laser/launch/start.launch.py -> /home/ares/ares_code_projects/R1/install/laser/share/laser/launch
symbolically linking /home/ares/ares_code_projects/R1/build/laser/launch/all_nodes.launch.py -> /home/ares/ares_code_projects/R1/install/laser/share/laser/launch
