[0.300s] Invoking command in '/home/ares/ares_code_projects/build/sllidar_ros2': CMAKE_PREFIX_PATH=${CMAKE_PREFIX_PATH}:/home/ares/Desktop/dog/install/omni_mpc_controller:/home/ares/Desktop/dog/install/laser:/home/ares/ares_code_projects/R1/install/omni_mpc_controller:/home/ares/ares_code_projects/R1/install/laser:/opt/ros/humble CONDA_PROMPT_MODIFIER=(base) /usr/bin/cmake /home/ares/ares_code_projects/src/sllidar_ros2 -DR1=ON -DCMAKE_BUILD_TYPE=Release -DAMENT_CMAKE_SYMLINK_INSTALL=1 -DCMAKE_INSTALL_PREFIX=/home/ares/ares_code_projects/install/sllidar_ros2
[0.307s] -- Found ament_cmake: 1.3.11 (/opt/ros/humble/share/ament_cmake/cmake)
[0.583s] -- Found Python3: /home/ares/miniconda3/bin/python3 (found version "3.13.2") found components: Interpreter 
[0.654s] -- Override CMake install command with custom implementation using symlinks instead of copying resources
[0.674s] -- Found rclcpp: 16.0.12 (/opt/ros/humble/share/rclcpp/cmake)
[0.703s] -- Found rosidl_generator_c: 3.1.6 (/opt/ros/humble/share/rosidl_generator_c/cmake)
[0.708s] -- Found rosidl_adapter: 3.1.6 (/opt/ros/humble/share/rosidl_adapter/cmake)
[0.715s] -- Found rosidl_generator_cpp: 3.1.6 (/opt/ros/humble/share/rosidl_generator_cpp/cmake)
[0.723s] -- Using all available rosidl_typesupport_c: rosidl_typesupport_fastrtps_c;rosidl_typesupport_introspection_c
[0.734s] -- Using all available rosidl_typesupport_cpp: rosidl_typesupport_fastrtps_cpp;rosidl_typesupport_introspection_cpp
[0.770s] -- Found rmw_implementation_cmake: 6.1.2 (/opt/ros/humble/share/rmw_implementation_cmake/cmake)
[0.772s] -- Found rmw_fastrtps_cpp: 6.2.7 (/opt/ros/humble/share/rmw_fastrtps_cpp/cmake)
[0.827s] -- Found OpenSSL: /usr/lib/x86_64-linux-gnu/libcrypto.so (found version "3.0.2")  
[0.853s] -- Found FastRTPS: /opt/ros/humble/include  
[0.882s] -- Using RMW implementation 'rmw_fastrtps_cpp' as default
[0.888s] -- Looking for pthread.h
[0.937s] -- Looking for pthread.h - found
[0.937s] -- Performing Test CMAKE_HAVE_LIBC_PTHREAD
[0.988s] -- Performing Test CMAKE_HAVE_LIBC_PTHREAD - Success
[0.989s] -- Found Threads: TRUE  
[1.044s] -- Found sensor_msgs: 4.9.0 (/opt/ros/humble/share/sensor_msgs/cmake)
[1.062s] -- Found std_srvs: 4.9.0 (/opt/ros/humble/share/std_srvs/cmake)
[1.131s] -- Configuring done
[1.138s] -- Generating done
[1.141s] -- Build files have been written to: /home/ares/ares_code_projects/build/sllidar_ros2
[1.147s] Invoked command in '/home/ares/ares_code_projects/build/sllidar_ros2' returned '0': CMAKE_PREFIX_PATH=${CMAKE_PREFIX_PATH}:/home/ares/Desktop/dog/install/omni_mpc_controller:/home/ares/Desktop/dog/install/laser:/home/ares/ares_code_projects/R1/install/omni_mpc_controller:/home/ares/ares_code_projects/R1/install/laser:/opt/ros/humble CONDA_PROMPT_MODIFIER=(base) /usr/bin/cmake /home/ares/ares_code_projects/src/sllidar_ros2 -DR1=ON -DCMAKE_BUILD_TYPE=Release -DAMENT_CMAKE_SYMLINK_INSTALL=1 -DCMAKE_INSTALL_PREFIX=/home/ares/ares_code_projects/install/sllidar_ros2
[1.148s] Invoking command in '/home/ares/ares_code_projects/build/sllidar_ros2': CMAKE_PREFIX_PATH=${CMAKE_PREFIX_PATH}:/home/ares/Desktop/dog/install/omni_mpc_controller:/home/ares/Desktop/dog/install/laser:/home/ares/ares_code_projects/R1/install/omni_mpc_controller:/home/ares/ares_code_projects/R1/install/laser:/opt/ros/humble CONDA_PROMPT_MODIFIER=(base) /usr/bin/cmake --build /home/ares/ares_code_projects/build/sllidar_ros2 -- -j16 -l16
[1.186s] [  5%] [32mBuilding CXX object CMakeFiles/sllidar_client.dir/src/sllidar_client.cpp.o[0m
[1.186s] [ 20%] [32mBuilding CXX object CMakeFiles/sllidar_node.dir/sdk/src/arch/linux/net_socket.cpp.o[0m
[1.187s] [ 20%] [32mBuilding CXX object CMakeFiles/sllidar_node.dir/sdk/src/arch/linux/timer.cpp.o[0m
[1.187s] [ 20%] [32mBuilding CXX object CMakeFiles/sllidar_node.dir/sdk/src/dataunpacker/dataunpacker.cpp.o[0m
[1.187s] [ 25%] [32mBuilding CXX object CMakeFiles/sllidar_node.dir/sdk/src/arch/linux/net_serial.cpp.o[0m
[1.188s] [ 30%] [32mBuilding CXX object CMakeFiles/sllidar_node.dir/src/sllidar_node.cpp.o[0m
[1.189s] [ 35%] [32mBuilding CXX object CMakeFiles/sllidar_node.dir/sdk/src/dataunpacker/unpacker/handler_normalnode.cpp.o[0m
[1.189s] [ 40%] [32mBuilding CXX object CMakeFiles/sllidar_node.dir/sdk/src/dataunpacker/unpacker/handler_hqnode.cpp.o[0m
[1.189s] [ 45%] [32mBuilding CXX object CMakeFiles/sllidar_node.dir/sdk/src/dataunpacker/unpacker/handler_capsules.cpp.o[0m
[1.190s] [ 55%] [32mBuilding CXX object CMakeFiles/sllidar_node.dir/sdk/src/rplidar_driver.cpp.o[0m
[1.190s] [ 55%] [32mBuilding CXX object CMakeFiles/sllidar_node.dir/sdk/src/hal/thread.cpp.o[0m
[1.197s] [ 60%] [32mBuilding CXX object CMakeFiles/sllidar_node.dir/sdk/src/sl_async_transceiver.cpp.o[0m
[1.202s] [ 65%] [32mBuilding CXX object CMakeFiles/sllidar_node.dir/sdk/src/sl_crc.cpp.o[0m
[1.210s] [ 70%] [32mBuilding CXX object CMakeFiles/sllidar_node.dir/sdk/src/sl_lidar_driver.cpp.o[0m
[1.211s] [ 75%] [32mBuilding CXX object CMakeFiles/sllidar_node.dir/sdk/src/sl_lidarprotocol_codec.cpp.o[0m
[1.220s] [ 80%] [32mBuilding CXX object CMakeFiles/sllidar_node.dir/sdk/src/sl_serial_channel.cpp.o[0m
[1.280s] [ 85%] [32mBuilding CXX object CMakeFiles/sllidar_node.dir/sdk/src/sl_tcp_channel.cpp.o[0m
[1.611s] [ 90%] [32mBuilding CXX object CMakeFiles/sllidar_node.dir/sdk/src/sl_udp_channel.cpp.o[0m
[1.846s] In file included from [01m[K/home/ares/ares_code_projects/src/sllidar_ros2/./sdk/src/arch/linux/arch_linux.h:42[m[K,
[1.846s]                  from [01m[K/home/ares/ares_code_projects/src/sllidar_ros2/./sdk/src/sdkcommon.h:41[m[K,
[1.846s]                  from [01m[K/home/ares/ares_code_projects/src/sllidar_ros2/sdk/src/arch/linux/net_socket.cpp:10[m[K:
[1.846s] [01m[K/home/ares/ares_code_projects/src/sllidar_ros2/sdk/src/arch/linux/net_socket.cpp:[m[K In member function ‘[01m[Kvirtual u_result rp::arch::net::DGramSocketImpl::sendTo(const rp::net::SocketAddress*, const void*, size_t)[m[K’:
[1.846s] [01m[K/home/ares/ares_code_projects/src/sllidar_ros2/sdk/src/arch/linux/net_socket.cpp:733:24:[m[K [01;35m[Kwarning: [m[Kcomparison of integer expressions of different signedness: ‘[01m[Kint[m[K’ and ‘[01m[Ksize_t[m[K’ {aka ‘[01m[Klong unsigned int[m[K’} [[01;35m[K]8;;https://gcc.gnu.org/onlinedocs/gcc/Warning-Options.html#index-Wsign-compare-Wsign-compare]8;;[m[K]
[1.846s]   733 |             assert([01;35m[Kans == len[m[K);
[1.847s]       |                    [01;35m[K~~~~^~~~~~[m[K
[2.091s] [01m[K/home/ares/ares_code_projects/src/sllidar_ros2/sdk/src/arch/linux/net_serial.cpp:[m[K In member function ‘[01m[Kvirtual void rp::arch::net::raw_serial::cancelOperation()[m[K’:
[2.091s] [01m[K/home/ares/ares_code_projects/src/sllidar_ros2/sdk/src/arch/linux/net_serial.cpp:427:5:[m[K [01;35m[Kwarning: [m[Kvalue computed is not used [[01;35m[K]8;;https://gcc.gnu.org/onlinedocs/gcc/Warning-Options.html#index-Wunused-value-Wunused-value]8;;[m[K]
[2.091s]   427 |     [01;35m[K(int)::write(_selfpipe[1], "x", 1)[m[K;
[2.091s]       |     [01;35m[K^~~~~~~~~~~~~~~~~~~~~~~~~~~~~~~~~~[m[K
[4.760s] [ 95%] [32m[1mLinking CXX executable sllidar_node[0m
[4.921s] [ 95%] Built target sllidar_node
[6.370s] [100%] [32m[1mLinking CXX executable sllidar_client[0m
[6.596s] [100%] Built target sllidar_client
[6.605s] Invoked command in '/home/ares/ares_code_projects/build/sllidar_ros2' returned '0': CMAKE_PREFIX_PATH=${CMAKE_PREFIX_PATH}:/home/ares/Desktop/dog/install/omni_mpc_controller:/home/ares/Desktop/dog/install/laser:/home/ares/ares_code_projects/R1/install/omni_mpc_controller:/home/ares/ares_code_projects/R1/install/laser:/opt/ros/humble CONDA_PROMPT_MODIFIER=(base) /usr/bin/cmake --build /home/ares/ares_code_projects/build/sllidar_ros2 -- -j16 -l16
[6.606s] Invoking command in '/home/ares/ares_code_projects/build/sllidar_ros2': CMAKE_PREFIX_PATH=${CMAKE_PREFIX_PATH}:/home/ares/Desktop/dog/install/omni_mpc_controller:/home/ares/Desktop/dog/install/laser:/home/ares/ares_code_projects/R1/install/omni_mpc_controller:/home/ares/ares_code_projects/R1/install/laser:/opt/ros/humble CONDA_PROMPT_MODIFIER=(base) /usr/bin/cmake --install /home/ares/ares_code_projects/build/sllidar_ros2
[6.611s] -- Install configuration: ""
[6.611s] -- Execute custom install script
[6.611s] -- Symlinking: /home/ares/ares_code_projects/install/sllidar_ros2/share/sllidar_ros2/launch/sllidar_a1_launch.py
[6.617s] -- Symlinking: /home/ares/ares_code_projects/install/sllidar_ros2/share/sllidar_ros2/launch/sllidar_a2m12_launch .py
[6.623s] -- Symlinking: /home/ares/ares_code_projects/install/sllidar_ros2/share/sllidar_ros2/launch/sllidar_a2m7_launch.py
[6.628s] -- Symlinking: /home/ares/ares_code_projects/install/sllidar_ros2/share/sllidar_ros2/launch/sllidar_a2m8_launch.py
[6.635s] -- Symlinking: /home/ares/ares_code_projects/install/sllidar_ros2/share/sllidar_ros2/launch/sllidar_a3_launch.py
[6.640s] -- Symlinking: /home/ares/ares_code_projects/install/sllidar_ros2/share/sllidar_ros2/launch/sllidar_c1_launch.py
[6.646s] -- Symlinking: /home/ares/ares_code_projects/install/sllidar_ros2/share/sllidar_ros2/launch/sllidar_s1_launch.py
[6.653s] -- Symlinking: /home/ares/ares_code_projects/install/sllidar_ros2/share/sllidar_ros2/launch/sllidar_s1_tcp_launch.py
[6.659s] -- Symlinking: /home/ares/ares_code_projects/install/sllidar_ros2/share/sllidar_ros2/launch/sllidar_s2_launch.py
[6.666s] -- Symlinking: /home/ares/ares_code_projects/install/sllidar_ros2/share/sllidar_ros2/launch/sllidar_s2e_launch.py
[6.673s] -- Symlinking: /home/ares/ares_code_projects/install/sllidar_ros2/share/sllidar_ros2/launch/sllidar_s3_launch.py
[6.679s] -- Symlinking: /home/ares/ares_code_projects/install/sllidar_ros2/share/sllidar_ros2/launch/sllidar_t1_launch.py
[6.684s] -- Symlinking: /home/ares/ares_code_projects/install/sllidar_ros2/share/sllidar_ros2/launch/view_sllidar_a1_launch.py
[6.688s] -- Symlinking: /home/ares/ares_code_projects/install/sllidar_ros2/share/sllidar_ros2/launch/view_sllidar_a2m12_launch.py
[6.693s] -- Symlinking: /home/ares/ares_code_projects/install/sllidar_ros2/share/sllidar_ros2/launch/view_sllidar_a2m7_launch.py
[6.699s] -- Symlinking: /home/ares/ares_code_projects/install/sllidar_ros2/share/sllidar_ros2/launch/view_sllidar_a2m8_launch.py
[6.703s] -- Symlinking: /home/ares/ares_code_projects/install/sllidar_ros2/share/sllidar_ros2/launch/view_sllidar_a3_launch.py
[6.707s] -- Symlinking: /home/ares/ares_code_projects/install/sllidar_ros2/share/sllidar_ros2/launch/view_sllidar_c1_launch.py
[6.711s] -- Symlinking: /home/ares/ares_code_projects/install/sllidar_ros2/share/sllidar_ros2/launch/view_sllidar_s1_launch.py
[6.716s] -- Symlinking: /home/ares/ares_code_projects/install/sllidar_ros2/share/sllidar_ros2/launch/view_sllidar_s1_tcp_launch.py
[6.721s] -- Symlinking: /home/ares/ares_code_projects/install/sllidar_ros2/share/sllidar_ros2/launch/view_sllidar_s2_launch.py
[6.726s] -- Symlinking: /home/ares/ares_code_projects/install/sllidar_ros2/share/sllidar_ros2/launch/view_sllidar_s2e_launch.py
[6.730s] -- Symlinking: /home/ares/ares_code_projects/install/sllidar_ros2/share/sllidar_ros2/launch/view_sllidar_s3_launch.py
[6.735s] -- Symlinking: /home/ares/ares_code_projects/install/sllidar_ros2/share/sllidar_ros2/launch/view_sllidar_t1_launch.py
[6.739s] -- Symlinking: /home/ares/ares_code_projects/install/sllidar_ros2/share/sllidar_ros2/rviz/sllidar_ros2.rviz
[6.743s] -- Symlinking: /home/ares/ares_code_projects/install/sllidar_ros2/lib/sllidar_ros2/sllidar_node
[6.748s] -- Symlinking: /home/ares/ares_code_projects/install/sllidar_ros2/lib/sllidar_ros2/sllidar_client
[6.752s] -- Symlinking: /home/ares/ares_code_projects/install/sllidar_ros2/share/ament_index/resource_index/package_run_dependencies/sllidar_ros2
[6.757s] -- Symlinking: /home/ares/ares_code_projects/install/sllidar_ros2/share/ament_index/resource_index/parent_prefix_path/sllidar_ros2
[6.761s] -- Symlinking: /home/ares/ares_code_projects/install/sllidar_ros2/share/sllidar_ros2/environment/ament_prefix_path.sh
[6.766s] -- Symlinking: /home/ares/ares_code_projects/install/sllidar_ros2/share/sllidar_ros2/environment/ament_prefix_path.dsv
[6.771s] -- Symlinking: /home/ares/ares_code_projects/install/sllidar_ros2/share/sllidar_ros2/environment/path.sh
[6.776s] -- Symlinking: /home/ares/ares_code_projects/install/sllidar_ros2/share/sllidar_ros2/environment/path.dsv
[6.781s] -- Symlinking: /home/ares/ares_code_projects/install/sllidar_ros2/share/sllidar_ros2/local_setup.bash
[6.785s] -- Symlinking: /home/ares/ares_code_projects/install/sllidar_ros2/share/sllidar_ros2/local_setup.sh
[6.790s] -- Symlinking: /home/ares/ares_code_projects/install/sllidar_ros2/share/sllidar_ros2/local_setup.zsh
[6.796s] -- Symlinking: /home/ares/ares_code_projects/install/sllidar_ros2/share/sllidar_ros2/local_setup.dsv
[6.800s] -- Symlinking: /home/ares/ares_code_projects/install/sllidar_ros2/share/sllidar_ros2/package.dsv
[6.804s] -- Symlinking: /home/ares/ares_code_projects/install/sllidar_ros2/share/ament_index/resource_index/packages/sllidar_ros2
[6.809s] -- Symlinking: /home/ares/ares_code_projects/install/sllidar_ros2/share/sllidar_ros2/cmake/ament_cmake_export_dependencies-extras.cmake
[6.813s] -- Symlinking: /home/ares/ares_code_projects/install/sllidar_ros2/share/sllidar_ros2/cmake/ament_cmake_export_include_directories-extras.cmake
[6.818s] -- Symlinking: /home/ares/ares_code_projects/install/sllidar_ros2/share/sllidar_ros2/cmake/sllidar_ros2Config.cmake
[6.822s] -- Symlinking: /home/ares/ares_code_projects/install/sllidar_ros2/share/sllidar_ros2/cmake/sllidar_ros2Config-version.cmake
[6.826s] -- Symlinking: /home/ares/ares_code_projects/install/sllidar_ros2/share/sllidar_ros2/package.xml
[6.832s] Invoked command in '/home/ares/ares_code_projects/build/sllidar_ros2' returned '0': CMAKE_PREFIX_PATH=${CMAKE_PREFIX_PATH}:/home/ares/Desktop/dog/install/omni_mpc_controller:/home/ares/Desktop/dog/install/laser:/home/ares/ares_code_projects/R1/install/omni_mpc_controller:/home/ares/ares_code_projects/R1/install/laser:/opt/ros/humble CONDA_PROMPT_MODIFIER=(base) /usr/bin/cmake --install /home/ares/ares_code_projects/build/sllidar_ros2
