[0.054s] DEBUG:colcon:Command line arguments: ['/usr/bin/colcon', 'build', '--symlink-install', '--cmake-args=-DCMAKE_BUILD_TYPE=Release', '--parallel-workers', '16']
[0.054s] DEBUG:colcon:Parsed command line arguments: Namespace(log_base=None, log_level=None, verb_name='build', build_base='build', install_base='install', merge_install=False, symlink_install=True, test_result_base=None, continue_on_error=False, executor='parallel', parallel_workers=16, event_handlers=None, ignore_user_meta=False, metas=['./colcon.meta'], base_paths=['.'], packages_ignore=None, packages_ignore_regex=None, paths=None, packages_up_to=None, packages_up_to_regex=None, packages_above=None, packages_above_and_dependencies=None, packages_above_depth=None, packages_select_by_dep=None, packages_skip_by_dep=None, packages_skip_up_to=None, packages_select_build_failed=False, packages_skip_build_finished=False, packages_select_test_failures=False, packages_skip_test_passed=False, packages_select=None, packages_skip=None, packages_select_regex=None, packages_skip_regex=None, packages_start=None, packages_end=None, allow_overriding=[], cmake_args=['-DCMAKE_BUILD_TYPE=Release'], cmake_target=None, cmake_target_skip_unavailable=False, cmake_clean_cache=False, cmake_clean_first=False, cmake_force_configure=False, ament_cmake_args=None, catkin_cmake_args=None, catkin_skip_building_tests=False, verb_parser=<colcon_defaults.argument_parser.defaults.DefaultArgumentsDecorator object at 0x77407b4674c0>, verb_extension=<colcon_core.verb.build.BuildVerb object at 0x77407b466fe0>, main=<bound method BuildVerb.main of <colcon_core.verb.build.BuildVerb object at 0x77407b466fe0>>)
[0.145s] Level 1:colcon.colcon_core.package_discovery:discover_packages(colcon_meta) check parameters
[0.145s] Level 1:colcon.colcon_core.package_discovery:discover_packages(recursive) check parameters
[0.145s] Level 1:colcon.colcon_core.package_discovery:discover_packages(ignore) check parameters
[0.145s] Level 1:colcon.colcon_core.package_discovery:discover_packages(path) check parameters
[0.145s] Level 1:colcon.colcon_core.package_discovery:discover_packages(colcon_meta) discover
[0.145s] Level 1:colcon.colcon_core.package_discovery:discover_packages(recursive) discover
[0.145s] INFO:colcon.colcon_core.package_discovery:Crawling recursively for packages in '/home/ares/ares_code_projects/R1'
[0.145s] Level 1:colcon.colcon_core.package_identification:_identify(.) by extensions ['ignore', 'ignore_ament_install']
[0.145s] Level 1:colcon.colcon_core.package_identification:_identify(.) by extension 'ignore'
[0.145s] Level 1:colcon.colcon_core.package_identification:_identify(.) by extension 'ignore_ament_install'
[0.145s] Level 1:colcon.colcon_core.package_identification:_identify(.) by extensions ['colcon_pkg']
[0.145s] Level 1:colcon.colcon_core.package_identification:_identify(.) by extension 'colcon_pkg'
[0.145s] Level 1:colcon.colcon_core.package_identification:_identify(.) by extensions ['colcon_meta']
[0.145s] Level 1:colcon.colcon_core.package_identification:_identify(.) by extension 'colcon_meta'
[0.145s] Level 1:colcon.colcon_core.package_identification:_identify(.) by extensions ['ros']
[0.145s] Level 1:colcon.colcon_core.package_identification:_identify(.) by extension 'ros'
[0.152s] Level 1:colcon.colcon_core.package_identification:_identify(.) by extensions ['cmake', 'python']
[0.152s] Level 1:colcon.colcon_core.package_identification:_identify(.) by extension 'cmake'
[0.152s] Level 1:colcon.colcon_core.package_identification:_identify(.) by extension 'python'
[0.152s] Level 1:colcon.colcon_core.package_identification:_identify(.) by extensions ['python_setup_py']
[0.152s] Level 1:colcon.colcon_core.package_identification:_identify(.) by extension 'python_setup_py'
[0.152s] Level 1:colcon.colcon_core.package_identification:_identify(build) by extensions ['ignore', 'ignore_ament_install']
[0.152s] Level 1:colcon.colcon_core.package_identification:_identify(build) by extension 'ignore'
[0.152s] Level 1:colcon.colcon_core.package_identification:_identify(build) ignored
[0.152s] Level 1:colcon.colcon_core.package_identification:_identify(install) by extensions ['ignore', 'ignore_ament_install']
[0.152s] Level 1:colcon.colcon_core.package_identification:_identify(install) by extension 'ignore'
[0.152s] Level 1:colcon.colcon_core.package_identification:_identify(install) ignored
[0.152s] Level 1:colcon.colcon_core.package_identification:_identify(log) by extensions ['ignore', 'ignore_ament_install']
[0.152s] Level 1:colcon.colcon_core.package_identification:_identify(log) by extension 'ignore'
[0.152s] Level 1:colcon.colcon_core.package_identification:_identify(log) ignored
[0.152s] Level 1:colcon.colcon_core.package_identification:_identify(src) by extensions ['ignore', 'ignore_ament_install']
[0.152s] Level 1:colcon.colcon_core.package_identification:_identify(src) by extension 'ignore'
[0.152s] Level 1:colcon.colcon_core.package_identification:_identify(src) by extension 'ignore_ament_install'
[0.152s] Level 1:colcon.colcon_core.package_identification:_identify(src) by extensions ['colcon_pkg']
[0.152s] Level 1:colcon.colcon_core.package_identification:_identify(src) by extension 'colcon_pkg'
[0.152s] Level 1:colcon.colcon_core.package_identification:_identify(src) by extensions ['colcon_meta']
[0.152s] Level 1:colcon.colcon_core.package_identification:_identify(src) by extension 'colcon_meta'
[0.152s] Level 1:colcon.colcon_core.package_identification:_identify(src) by extensions ['ros']
[0.152s] Level 1:colcon.colcon_core.package_identification:_identify(src) by extension 'ros'
[0.152s] Level 1:colcon.colcon_core.package_identification:_identify(src) by extensions ['cmake', 'python']
[0.152s] Level 1:colcon.colcon_core.package_identification:_identify(src) by extension 'cmake'
[0.152s] Level 1:colcon.colcon_core.package_identification:_identify(src) by extension 'python'
[0.152s] Level 1:colcon.colcon_core.package_identification:_identify(src) by extensions ['python_setup_py']
[0.152s] Level 1:colcon.colcon_core.package_identification:_identify(src) by extension 'python_setup_py'
[0.152s] Level 1:colcon.colcon_core.package_identification:_identify(src/laser) by extensions ['ignore', 'ignore_ament_install']
[0.152s] Level 1:colcon.colcon_core.package_identification:_identify(src/laser) by extension 'ignore'
[0.152s] Level 1:colcon.colcon_core.package_identification:_identify(src/laser) by extension 'ignore_ament_install'
[0.152s] Level 1:colcon.colcon_core.package_identification:_identify(src/laser) by extensions ['colcon_pkg']
[0.152s] Level 1:colcon.colcon_core.package_identification:_identify(src/laser) by extension 'colcon_pkg'
[0.152s] Level 1:colcon.colcon_core.package_identification:_identify(src/laser) by extensions ['colcon_meta']
[0.152s] Level 1:colcon.colcon_core.package_identification:_identify(src/laser) by extension 'colcon_meta'
[0.153s] Level 1:colcon.colcon_core.package_identification:_identify(src/laser) by extensions ['ros']
[0.153s] Level 1:colcon.colcon_core.package_identification:_identify(src/laser) by extension 'ros'
[0.154s] DEBUG:colcon.colcon_core.package_identification:Package 'src/laser' with type 'ros.ament_python' and name 'laser'
[0.154s] Level 1:colcon.colcon_core.package_identification:_identify(src/my_robot_bringup) by extensions ['ignore', 'ignore_ament_install']
[0.154s] Level 1:colcon.colcon_core.package_identification:_identify(src/my_robot_bringup) by extension 'ignore'
[0.154s] Level 1:colcon.colcon_core.package_identification:_identify(src/my_robot_bringup) by extension 'ignore_ament_install'
[0.154s] Level 1:colcon.colcon_core.package_identification:_identify(src/my_robot_bringup) by extensions ['colcon_pkg']
[0.154s] Level 1:colcon.colcon_core.package_identification:_identify(src/my_robot_bringup) by extension 'colcon_pkg'
[0.154s] Level 1:colcon.colcon_core.package_identification:_identify(src/my_robot_bringup) by extensions ['colcon_meta']
[0.154s] Level 1:colcon.colcon_core.package_identification:_identify(src/my_robot_bringup) by extension 'colcon_meta'
[0.154s] Level 1:colcon.colcon_core.package_identification:_identify(src/my_robot_bringup) by extensions ['ros']
[0.154s] Level 1:colcon.colcon_core.package_identification:_identify(src/my_robot_bringup) by extension 'ros'
[0.159s] DEBUG:colcon.colcon_core.package_identification:Package 'src/my_robot_bringup' with type 'ros.ament_cmake' and name 'my_robot_bringup'
[0.159s] Level 1:colcon.colcon_core.package_identification:_identify(src/my_robot_description) by extensions ['ignore', 'ignore_ament_install']
[0.159s] Level 1:colcon.colcon_core.package_identification:_identify(src/my_robot_description) by extension 'ignore'
[0.159s] Level 1:colcon.colcon_core.package_identification:_identify(src/my_robot_description) by extension 'ignore_ament_install'
[0.159s] Level 1:colcon.colcon_core.package_identification:_identify(src/my_robot_description) by extensions ['colcon_pkg']
[0.159s] Level 1:colcon.colcon_core.package_identification:_identify(src/my_robot_description) by extension 'colcon_pkg'
[0.159s] Level 1:colcon.colcon_core.package_identification:_identify(src/my_robot_description) by extensions ['colcon_meta']
[0.159s] Level 1:colcon.colcon_core.package_identification:_identify(src/my_robot_description) by extension 'colcon_meta'
[0.159s] Level 1:colcon.colcon_core.package_identification:_identify(src/my_robot_description) by extensions ['ros']
[0.159s] Level 1:colcon.colcon_core.package_identification:_identify(src/my_robot_description) by extension 'ros'
[0.159s] DEBUG:colcon.colcon_core.package_identification:Package 'src/my_robot_description' with type 'ros.ament_cmake' and name 'my_robot_description'
[0.160s] Level 1:colcon.colcon_core.package_identification:_identify(src/myrobot_controller) by extensions ['ignore', 'ignore_ament_install']
[0.160s] Level 1:colcon.colcon_core.package_identification:_identify(src/myrobot_controller) by extension 'ignore'
[0.160s] Level 1:colcon.colcon_core.package_identification:_identify(src/myrobot_controller) by extension 'ignore_ament_install'
[0.160s] Level 1:colcon.colcon_core.package_identification:_identify(src/myrobot_controller) by extensions ['colcon_pkg']
[0.160s] Level 1:colcon.colcon_core.package_identification:_identify(src/myrobot_controller) by extension 'colcon_pkg'
[0.160s] Level 1:colcon.colcon_core.package_identification:_identify(src/myrobot_controller) by extensions ['colcon_meta']
[0.160s] Level 1:colcon.colcon_core.package_identification:_identify(src/myrobot_controller) by extension 'colcon_meta'
[0.160s] Level 1:colcon.colcon_core.package_identification:_identify(src/myrobot_controller) by extensions ['ros']
[0.160s] Level 1:colcon.colcon_core.package_identification:_identify(src/myrobot_controller) by extension 'ros'
[0.160s] DEBUG:colcon.colcon_core.package_identification:Package 'src/myrobot_controller' with type 'ros.ament_cmake' and name 'myrobot_controller'
[0.160s] Level 1:colcon.colcon_core.package_identification:_identify(src/omni_mpc_controller) by extensions ['ignore', 'ignore_ament_install']
[0.160s] Level 1:colcon.colcon_core.package_identification:_identify(src/omni_mpc_controller) by extension 'ignore'
[0.160s] Level 1:colcon.colcon_core.package_identification:_identify(src/omni_mpc_controller) by extension 'ignore_ament_install'
[0.160s] Level 1:colcon.colcon_core.package_identification:_identify(src/omni_mpc_controller) by extensions ['colcon_pkg']
[0.160s] Level 1:colcon.colcon_core.package_identification:_identify(src/omni_mpc_controller) by extension 'colcon_pkg'
[0.160s] Level 1:colcon.colcon_core.package_identification:_identify(src/omni_mpc_controller) by extensions ['colcon_meta']
[0.160s] Level 1:colcon.colcon_core.package_identification:_identify(src/omni_mpc_controller) by extension 'colcon_meta'
[0.160s] Level 1:colcon.colcon_core.package_identification:_identify(src/omni_mpc_controller) by extensions ['ros']
[0.160s] Level 1:colcon.colcon_core.package_identification:_identify(src/omni_mpc_controller) by extension 'ros'
[0.161s] DEBUG:colcon.colcon_core.package_identification:Package 'src/omni_mpc_controller' with type 'ros.ament_python' and name 'omni_mpc_controller'
[0.161s] Level 1:colcon.colcon_core.package_identification:_identify(src/remote_rc_node) by extensions ['ignore', 'ignore_ament_install']
[0.161s] Level 1:colcon.colcon_core.package_identification:_identify(src/remote_rc_node) by extension 'ignore'
[0.161s] Level 1:colcon.colcon_core.package_identification:_identify(src/remote_rc_node) by extension 'ignore_ament_install'
[0.161s] Level 1:colcon.colcon_core.package_identification:_identify(src/remote_rc_node) by extensions ['colcon_pkg']
[0.161s] Level 1:colcon.colcon_core.package_identification:_identify(src/remote_rc_node) by extension 'colcon_pkg'
[0.161s] Level 1:colcon.colcon_core.package_identification:_identify(src/remote_rc_node) by extensions ['colcon_meta']
[0.161s] Level 1:colcon.colcon_core.package_identification:_identify(src/remote_rc_node) by extension 'colcon_meta'
[0.161s] Level 1:colcon.colcon_core.package_identification:_identify(src/remote_rc_node) by extensions ['ros']
[0.161s] Level 1:colcon.colcon_core.package_identification:_identify(src/remote_rc_node) by extension 'ros'
[0.161s] DEBUG:colcon.colcon_core.package_identification:Package 'src/remote_rc_node' with type 'ros.ament_cmake' and name 'remote_rc_node'
[0.161s] Level 1:colcon.colcon_core.package_identification:_identify(src/sim_localization) by extensions ['ignore', 'ignore_ament_install']
[0.162s] Level 1:colcon.colcon_core.package_identification:_identify(src/sim_localization) by extension 'ignore'
[0.162s] Level 1:colcon.colcon_core.package_identification:_identify(src/sim_localization) by extension 'ignore_ament_install'
[0.162s] Level 1:colcon.colcon_core.package_identification:_identify(src/sim_localization) by extensions ['colcon_pkg']
[0.162s] Level 1:colcon.colcon_core.package_identification:_identify(src/sim_localization) by extension 'colcon_pkg'
[0.162s] Level 1:colcon.colcon_core.package_identification:_identify(src/sim_localization) by extensions ['colcon_meta']
[0.162s] Level 1:colcon.colcon_core.package_identification:_identify(src/sim_localization) by extension 'colcon_meta'
[0.162s] Level 1:colcon.colcon_core.package_identification:_identify(src/sim_localization) by extensions ['ros']
[0.162s] Level 1:colcon.colcon_core.package_identification:_identify(src/sim_localization) by extension 'ros'
[0.162s] Level 1:colcon.colcon_core.package_identification:_identify(src/sim_localization) by extensions ['cmake', 'python']
[0.162s] Level 1:colcon.colcon_core.package_identification:_identify(src/sim_localization) by extension 'cmake'
[0.162s] Level 1:colcon.colcon_core.package_identification:_identify(src/sim_localization) by extension 'python'
[0.162s] Level 1:colcon.colcon_core.package_identification:_identify(src/sim_localization) by extensions ['python_setup_py']
[0.162s] Level 1:colcon.colcon_core.package_identification:_identify(src/sim_localization) by extension 'python_setup_py'
[0.162s] Level 1:colcon.colcon_core.package_identification:_identify(src/sllidar_ros2) by extensions ['ignore', 'ignore_ament_install']
[0.162s] Level 1:colcon.colcon_core.package_identification:_identify(src/sllidar_ros2) by extension 'ignore'
[0.162s] Level 1:colcon.colcon_core.package_identification:_identify(src/sllidar_ros2) by extension 'ignore_ament_install'
[0.162s] Level 1:colcon.colcon_core.package_identification:_identify(src/sllidar_ros2) by extensions ['colcon_pkg']
[0.162s] Level 1:colcon.colcon_core.package_identification:_identify(src/sllidar_ros2) by extension 'colcon_pkg'
[0.162s] Level 1:colcon.colcon_core.package_identification:_identify(src/sllidar_ros2) by extensions ['colcon_meta']
[0.162s] Level 1:colcon.colcon_core.package_identification:_identify(src/sllidar_ros2) by extension 'colcon_meta'
[0.162s] Level 1:colcon.colcon_core.package_identification:_identify(src/sllidar_ros2) by extensions ['ros']
[0.162s] Level 1:colcon.colcon_core.package_identification:_identify(src/sllidar_ros2) by extension 'ros'
[0.162s] DEBUG:colcon.colcon_core.package_identification:Package 'src/sllidar_ros2' with type 'ros.ament_cmake' and name 'sllidar_ros2'
[0.163s] Level 1:colcon.colcon_core.package_identification:_identify(src/usb_bulk_node) by extensions ['ignore', 'ignore_ament_install']
[0.163s] Level 1:colcon.colcon_core.package_identification:_identify(src/usb_bulk_node) by extension 'ignore'
[0.163s] Level 1:colcon.colcon_core.package_identification:_identify(src/usb_bulk_node) by extension 'ignore_ament_install'
[0.163s] Level 1:colcon.colcon_core.package_identification:_identify(src/usb_bulk_node) by extensions ['colcon_pkg']
[0.163s] Level 1:colcon.colcon_core.package_identification:_identify(src/usb_bulk_node) by extension 'colcon_pkg'
[0.163s] Level 1:colcon.colcon_core.package_identification:_identify(src/usb_bulk_node) by extensions ['colcon_meta']
[0.163s] Level 1:colcon.colcon_core.package_identification:_identify(src/usb_bulk_node) by extension 'colcon_meta'
[0.163s] Level 1:colcon.colcon_core.package_identification:_identify(src/usb_bulk_node) by extensions ['ros']
[0.163s] Level 1:colcon.colcon_core.package_identification:_identify(src/usb_bulk_node) by extension 'ros'
[0.163s] DEBUG:colcon.colcon_core.package_identification:Package 'src/usb_bulk_node' with type 'ros.ament_cmake' and name 'usb_bulk_node'
[0.163s] Level 1:colcon.colcon_core.package_discovery:discover_packages(recursive) using defaults
[0.163s] Level 1:colcon.colcon_core.package_discovery:discover_packages(ignore) discover
[0.163s] Level 1:colcon.colcon_core.package_discovery:discover_packages(ignore) using defaults
[0.163s] Level 1:colcon.colcon_core.package_discovery:discover_packages(path) discover
[0.163s] Level 1:colcon.colcon_core.package_discovery:discover_packages(path) using defaults
[0.175s] Level 1:colcon.colcon_core.package_discovery:discover_packages(prefix_path) check parameters
[0.175s] Level 1:colcon.colcon_core.package_discovery:discover_packages(prefix_path) discover
[0.176s] DEBUG:colcon.colcon_installed_package_information.package_discovery:Found 8 installed packages in /home/ares/ares_code_projects/R1/install
[0.176s] DEBUG:colcon.colcon_installed_package_information.package_discovery:Found 5 installed packages in /home/ares/ros2_ws/install
[0.176s] DEBUG:colcon.colcon_installed_package_information.package_discovery:Found 8 installed packages in /home/ares/Desktop/dog/install
[0.177s] DEBUG:colcon.colcon_installed_package_information.package_discovery:Found 297 installed packages in /opt/ros/humble
[0.178s] Level 1:colcon.colcon_core.package_discovery:discover_packages(prefix_path) using defaults
[0.195s] Level 5:colcon.colcon_core.verb:set package 'laser' build argument 'cmake_args' from command line to '['-DCMAKE_BUILD_TYPE=Release']'
[0.196s] Level 5:colcon.colcon_core.verb:set package 'laser' build argument 'cmake_target' from command line to 'None'
[0.196s] Level 5:colcon.colcon_core.verb:set package 'laser' build argument 'cmake_target_skip_unavailable' from command line to 'False'
[0.196s] Level 5:colcon.colcon_core.verb:set package 'laser' build argument 'cmake_clean_cache' from command line to 'False'
[0.196s] Level 5:colcon.colcon_core.verb:set package 'laser' build argument 'cmake_clean_first' from command line to 'False'
[0.196s] Level 5:colcon.colcon_core.verb:set package 'laser' build argument 'cmake_force_configure' from command line to 'False'
[0.196s] Level 5:colcon.colcon_core.verb:set package 'laser' build argument 'ament_cmake_args' from command line to 'None'
[0.196s] Level 5:colcon.colcon_core.verb:set package 'laser' build argument 'catkin_cmake_args' from command line to 'None'
[0.196s] Level 5:colcon.colcon_core.verb:set package 'laser' build argument 'catkin_skip_building_tests' from command line to 'False'
[0.196s] DEBUG:colcon.colcon_core.verb:Building package 'laser' with the following arguments: {'ament_cmake_args': None, 'build_base': '/home/ares/ares_code_projects/R1/build/laser', 'catkin_cmake_args': None, 'catkin_skip_building_tests': False, 'cmake_args': ['-DCMAKE_BUILD_TYPE=Release'], 'cmake_clean_cache': False, 'cmake_clean_first': False, 'cmake_force_configure': False, 'cmake_target': None, 'cmake_target_skip_unavailable': False, 'install_base': '/home/ares/ares_code_projects/R1/install/laser', 'merge_install': False, 'path': '/home/ares/ares_code_projects/R1/src/laser', 'symlink_install': True, 'test_result_base': None}
[0.196s] Level 5:colcon.colcon_core.verb:set package 'my_robot_description' build argument 'cmake_args' from command line to '['-DCMAKE_BUILD_TYPE=Release']'
[0.196s] Level 5:colcon.colcon_core.verb:set package 'my_robot_description' build argument 'cmake_target' from command line to 'None'
[0.196s] Level 5:colcon.colcon_core.verb:set package 'my_robot_description' build argument 'cmake_target_skip_unavailable' from command line to 'False'
[0.196s] Level 5:colcon.colcon_core.verb:set package 'my_robot_description' build argument 'cmake_clean_cache' from command line to 'False'
[0.196s] Level 5:colcon.colcon_core.verb:set package 'my_robot_description' build argument 'cmake_clean_first' from command line to 'False'
[0.196s] Level 5:colcon.colcon_core.verb:set package 'my_robot_description' build argument 'cmake_force_configure' from command line to 'False'
[0.196s] Level 5:colcon.colcon_core.verb:set package 'my_robot_description' build argument 'ament_cmake_args' from command line to 'None'
[0.196s] Level 5:colcon.colcon_core.verb:set package 'my_robot_description' build argument 'catkin_cmake_args' from command line to 'None'
[0.196s] Level 5:colcon.colcon_core.verb:set package 'my_robot_description' build argument 'catkin_skip_building_tests' from command line to 'False'
[0.196s] DEBUG:colcon.colcon_core.verb:Building package 'my_robot_description' with the following arguments: {'ament_cmake_args': None, 'build_base': '/home/ares/ares_code_projects/R1/build/my_robot_description', 'catkin_cmake_args': None, 'catkin_skip_building_tests': False, 'cmake_args': ['-DCMAKE_BUILD_TYPE=Release'], 'cmake_clean_cache': False, 'cmake_clean_first': False, 'cmake_force_configure': False, 'cmake_target': None, 'cmake_target_skip_unavailable': False, 'install_base': '/home/ares/ares_code_projects/R1/install/my_robot_description', 'merge_install': False, 'path': '/home/ares/ares_code_projects/R1/src/my_robot_description', 'symlink_install': True, 'test_result_base': None}
[0.196s] Level 5:colcon.colcon_core.verb:set package 'myrobot_controller' build argument 'cmake_args' from command line to '['-DCMAKE_BUILD_TYPE=Release']'
[0.196s] Level 5:colcon.colcon_core.verb:set package 'myrobot_controller' build argument 'cmake_target' from command line to 'None'
[0.196s] Level 5:colcon.colcon_core.verb:set package 'myrobot_controller' build argument 'cmake_target_skip_unavailable' from command line to 'False'
[0.196s] Level 5:colcon.colcon_core.verb:set package 'myrobot_controller' build argument 'cmake_clean_cache' from command line to 'False'
[0.196s] Level 5:colcon.colcon_core.verb:set package 'myrobot_controller' build argument 'cmake_clean_first' from command line to 'False'
[0.196s] Level 5:colcon.colcon_core.verb:set package 'myrobot_controller' build argument 'cmake_force_configure' from command line to 'False'
[0.196s] Level 5:colcon.colcon_core.verb:set package 'myrobot_controller' build argument 'ament_cmake_args' from command line to 'None'
[0.196s] Level 5:colcon.colcon_core.verb:set package 'myrobot_controller' build argument 'catkin_cmake_args' from command line to 'None'
[0.196s] Level 5:colcon.colcon_core.verb:set package 'myrobot_controller' build argument 'catkin_skip_building_tests' from command line to 'False'
[0.196s] DEBUG:colcon.colcon_core.verb:Building package 'myrobot_controller' with the following arguments: {'ament_cmake_args': None, 'build_base': '/home/ares/ares_code_projects/R1/build/myrobot_controller', 'catkin_cmake_args': None, 'catkin_skip_building_tests': False, 'cmake_args': ['-DCMAKE_BUILD_TYPE=Release'], 'cmake_clean_cache': False, 'cmake_clean_first': False, 'cmake_force_configure': False, 'cmake_target': None, 'cmake_target_skip_unavailable': False, 'install_base': '/home/ares/ares_code_projects/R1/install/myrobot_controller', 'merge_install': False, 'path': '/home/ares/ares_code_projects/R1/src/myrobot_controller', 'symlink_install': True, 'test_result_base': None}
[0.196s] Level 5:colcon.colcon_core.verb:set package 'omni_mpc_controller' build argument 'cmake_args' from command line to '['-DCMAKE_BUILD_TYPE=Release']'
[0.196s] Level 5:colcon.colcon_core.verb:set package 'omni_mpc_controller' build argument 'cmake_target' from command line to 'None'
[0.196s] Level 5:colcon.colcon_core.verb:set package 'omni_mpc_controller' build argument 'cmake_target_skip_unavailable' from command line to 'False'
[0.196s] Level 5:colcon.colcon_core.verb:set package 'omni_mpc_controller' build argument 'cmake_clean_cache' from command line to 'False'
[0.196s] Level 5:colcon.colcon_core.verb:set package 'omni_mpc_controller' build argument 'cmake_clean_first' from command line to 'False'
[0.196s] Level 5:colcon.colcon_core.verb:set package 'omni_mpc_controller' build argument 'cmake_force_configure' from command line to 'False'
[0.196s] Level 5:colcon.colcon_core.verb:set package 'omni_mpc_controller' build argument 'ament_cmake_args' from command line to 'None'
[0.196s] Level 5:colcon.colcon_core.verb:set package 'omni_mpc_controller' build argument 'catkin_cmake_args' from command line to 'None'
[0.196s] Level 5:colcon.colcon_core.verb:set package 'omni_mpc_controller' build argument 'catkin_skip_building_tests' from command line to 'False'
[0.196s] DEBUG:colcon.colcon_core.verb:Building package 'omni_mpc_controller' with the following arguments: {'ament_cmake_args': None, 'build_base': '/home/ares/ares_code_projects/R1/build/omni_mpc_controller', 'catkin_cmake_args': None, 'catkin_skip_building_tests': False, 'cmake_args': ['-DCMAKE_BUILD_TYPE=Release'], 'cmake_clean_cache': False, 'cmake_clean_first': False, 'cmake_force_configure': False, 'cmake_target': None, 'cmake_target_skip_unavailable': False, 'install_base': '/home/ares/ares_code_projects/R1/install/omni_mpc_controller', 'merge_install': False, 'path': '/home/ares/ares_code_projects/R1/src/omni_mpc_controller', 'symlink_install': True, 'test_result_base': None}
[0.197s] Level 5:colcon.colcon_core.verb:set package 'remote_rc_node' build argument 'cmake_args' from command line to '['-DCMAKE_BUILD_TYPE=Release']'
[0.197s] Level 5:colcon.colcon_core.verb:set package 'remote_rc_node' build argument 'cmake_target' from command line to 'None'
[0.197s] Level 5:colcon.colcon_core.verb:set package 'remote_rc_node' build argument 'cmake_target_skip_unavailable' from command line to 'False'
[0.197s] Level 5:colcon.colcon_core.verb:set package 'remote_rc_node' build argument 'cmake_clean_cache' from command line to 'False'
[0.197s] Level 5:colcon.colcon_core.verb:set package 'remote_rc_node' build argument 'cmake_clean_first' from command line to 'False'
[0.197s] Level 5:colcon.colcon_core.verb:set package 'remote_rc_node' build argument 'cmake_force_configure' from command line to 'False'
[0.197s] Level 5:colcon.colcon_core.verb:set package 'remote_rc_node' build argument 'ament_cmake_args' from command line to 'None'
[0.197s] Level 5:colcon.colcon_core.verb:set package 'remote_rc_node' build argument 'catkin_cmake_args' from command line to 'None'
[0.197s] Level 5:colcon.colcon_core.verb:set package 'remote_rc_node' build argument 'catkin_skip_building_tests' from command line to 'False'
[0.197s] DEBUG:colcon.colcon_core.verb:Building package 'remote_rc_node' with the following arguments: {'ament_cmake_args': None, 'build_base': '/home/ares/ares_code_projects/R1/build/remote_rc_node', 'catkin_cmake_args': None, 'catkin_skip_building_tests': False, 'cmake_args': ['-DCMAKE_BUILD_TYPE=Release'], 'cmake_clean_cache': False, 'cmake_clean_first': False, 'cmake_force_configure': False, 'cmake_target': None, 'cmake_target_skip_unavailable': False, 'install_base': '/home/ares/ares_code_projects/R1/install/remote_rc_node', 'merge_install': False, 'path': '/home/ares/ares_code_projects/R1/src/remote_rc_node', 'symlink_install': True, 'test_result_base': None}
[0.197s] Level 5:colcon.colcon_core.verb:set package 'sllidar_ros2' build argument 'cmake_args' from command line to '['-DCMAKE_BUILD_TYPE=Release']'
[0.197s] Level 5:colcon.colcon_core.verb:set package 'sllidar_ros2' build argument 'cmake_target' from command line to 'None'
[0.197s] Level 5:colcon.colcon_core.verb:set package 'sllidar_ros2' build argument 'cmake_target_skip_unavailable' from command line to 'False'
[0.197s] Level 5:colcon.colcon_core.verb:set package 'sllidar_ros2' build argument 'cmake_clean_cache' from command line to 'False'
[0.197s] Level 5:colcon.colcon_core.verb:set package 'sllidar_ros2' build argument 'cmake_clean_first' from command line to 'False'
[0.197s] Level 5:colcon.colcon_core.verb:set package 'sllidar_ros2' build argument 'cmake_force_configure' from command line to 'False'
[0.197s] Level 5:colcon.colcon_core.verb:set package 'sllidar_ros2' build argument 'ament_cmake_args' from command line to 'None'
[0.197s] Level 5:colcon.colcon_core.verb:set package 'sllidar_ros2' build argument 'catkin_cmake_args' from command line to 'None'
[0.197s] Level 5:colcon.colcon_core.verb:set package 'sllidar_ros2' build argument 'catkin_skip_building_tests' from command line to 'False'
[0.197s] DEBUG:colcon.colcon_core.verb:Building package 'sllidar_ros2' with the following arguments: {'ament_cmake_args': None, 'build_base': '/home/ares/ares_code_projects/R1/build/sllidar_ros2', 'catkin_cmake_args': None, 'catkin_skip_building_tests': False, 'cmake_args': ['-DCMAKE_BUILD_TYPE=Release'], 'cmake_clean_cache': False, 'cmake_clean_first': False, 'cmake_force_configure': False, 'cmake_target': None, 'cmake_target_skip_unavailable': False, 'install_base': '/home/ares/ares_code_projects/R1/install/sllidar_ros2', 'merge_install': False, 'path': '/home/ares/ares_code_projects/R1/src/sllidar_ros2', 'symlink_install': True, 'test_result_base': None}
[0.197s] Level 5:colcon.colcon_core.verb:set package 'usb_bulk_node' build argument 'cmake_args' from command line to '['-DCMAKE_BUILD_TYPE=Release']'
[0.197s] Level 5:colcon.colcon_core.verb:set package 'usb_bulk_node' build argument 'cmake_target' from command line to 'None'
[0.197s] Level 5:colcon.colcon_core.verb:set package 'usb_bulk_node' build argument 'cmake_target_skip_unavailable' from command line to 'False'
[0.197s] Level 5:colcon.colcon_core.verb:set package 'usb_bulk_node' build argument 'cmake_clean_cache' from command line to 'False'
[0.197s] Level 5:colcon.colcon_core.verb:set package 'usb_bulk_node' build argument 'cmake_clean_first' from command line to 'False'
[0.197s] Level 5:colcon.colcon_core.verb:set package 'usb_bulk_node' build argument 'cmake_force_configure' from command line to 'False'
[0.197s] Level 5:colcon.colcon_core.verb:set package 'usb_bulk_node' build argument 'ament_cmake_args' from command line to 'None'
[0.197s] Level 5:colcon.colcon_core.verb:set package 'usb_bulk_node' build argument 'catkin_cmake_args' from command line to 'None'
[0.197s] Level 5:colcon.colcon_core.verb:set package 'usb_bulk_node' build argument 'catkin_skip_building_tests' from command line to 'False'
[0.197s] DEBUG:colcon.colcon_core.verb:Building package 'usb_bulk_node' with the following arguments: {'ament_cmake_args': None, 'build_base': '/home/ares/ares_code_projects/R1/build/usb_bulk_node', 'catkin_cmake_args': None, 'catkin_skip_building_tests': False, 'cmake_args': ['-DCMAKE_BUILD_TYPE=Release'], 'cmake_clean_cache': False, 'cmake_clean_first': False, 'cmake_force_configure': False, 'cmake_target': None, 'cmake_target_skip_unavailable': False, 'install_base': '/home/ares/ares_code_projects/R1/install/usb_bulk_node', 'merge_install': False, 'path': '/home/ares/ares_code_projects/R1/src/usb_bulk_node', 'symlink_install': True, 'test_result_base': None}
[0.198s] Level 5:colcon.colcon_core.verb:set package 'my_robot_bringup' build argument 'cmake_args' from command line to '['-DCMAKE_BUILD_TYPE=Release']'
[0.198s] Level 5:colcon.colcon_core.verb:set package 'my_robot_bringup' build argument 'cmake_target' from command line to 'None'
[0.198s] Level 5:colcon.colcon_core.verb:set package 'my_robot_bringup' build argument 'cmake_target_skip_unavailable' from command line to 'False'
[0.198s] Level 5:colcon.colcon_core.verb:set package 'my_robot_bringup' build argument 'cmake_clean_cache' from command line to 'False'
[0.198s] Level 5:colcon.colcon_core.verb:set package 'my_robot_bringup' build argument 'cmake_clean_first' from command line to 'False'
[0.198s] Level 5:colcon.colcon_core.verb:set package 'my_robot_bringup' build argument 'cmake_force_configure' from command line to 'False'
[0.198s] Level 5:colcon.colcon_core.verb:set package 'my_robot_bringup' build argument 'ament_cmake_args' from command line to 'None'
[0.198s] Level 5:colcon.colcon_core.verb:set package 'my_robot_bringup' build argument 'catkin_cmake_args' from command line to 'None'
[0.198s] Level 5:colcon.colcon_core.verb:set package 'my_robot_bringup' build argument 'catkin_skip_building_tests' from command line to 'False'
[0.198s] DEBUG:colcon.colcon_core.verb:Building package 'my_robot_bringup' with the following arguments: {'ament_cmake_args': None, 'build_base': '/home/ares/ares_code_projects/R1/build/my_robot_bringup', 'catkin_cmake_args': None, 'catkin_skip_building_tests': False, 'cmake_args': ['-DCMAKE_BUILD_TYPE=Release'], 'cmake_clean_cache': False, 'cmake_clean_first': False, 'cmake_force_configure': False, 'cmake_target': None, 'cmake_target_skip_unavailable': False, 'install_base': '/home/ares/ares_code_projects/R1/install/my_robot_bringup', 'merge_install': False, 'path': '/home/ares/ares_code_projects/R1/src/my_robot_bringup', 'symlink_install': True, 'test_result_base': None}
[0.198s] INFO:colcon.colcon_core.executor:Executing jobs using 'parallel' executor
[0.198s] DEBUG:colcon.colcon_parallel_executor.executor.parallel:run_until_complete
[0.198s] INFO:colcon.colcon_ros.task.ament_cmake.build:Building ROS package in '/home/ares/ares_code_projects/R1/src/my_robot_description' with build type 'ament_cmake'
[0.198s] INFO:colcon.colcon_cmake.task.cmake.build:Building CMake package in '/home/ares/ares_code_projects/R1/src/my_robot_description'
[0.200s] INFO:colcon.colcon_core.plugin_system:Skipping extension 'colcon_core.shell.bat': Not used on non-Windows systems
[0.200s] INFO:colcon.colcon_core.shell:Skip shell extension 'powershell' for command environment: Not usable outside of PowerShell
[0.200s] DEBUG:colcon.colcon_core.shell:Skip shell extension 'dsv' for command environment
[0.202s] INFO:colcon.colcon_ros.task.ament_python.build:Building ROS package in '/home/ares/ares_code_projects/R1/src/laser' with build type 'ament_python'
[0.202s] Level 1:colcon.colcon_core.shell:create_environment_hook('laser', 'ament_prefix_path')
[0.202s] INFO:colcon.colcon_core.shell:Creating environment hook '/home/ares/ares_code_projects/R1/install/laser/share/laser/hook/ament_prefix_path.ps1'
[0.203s] INFO:colcon.colcon_core.shell:Creating environment descriptor '/home/ares/ares_code_projects/R1/install/laser/share/laser/hook/ament_prefix_path.dsv'
[0.203s] INFO:colcon.colcon_core.shell:Creating environment hook '/home/ares/ares_code_projects/R1/install/laser/share/laser/hook/ament_prefix_path.sh'
[0.203s] INFO:colcon.colcon_core.shell:Skip shell extension 'powershell' for command environment: Not usable outside of PowerShell
[0.203s] DEBUG:colcon.colcon_core.shell:Skip shell extension 'dsv' for command environment
[0.205s] INFO:colcon.colcon_ros.task.ament_cmake.build:Building ROS package in '/home/ares/ares_code_projects/R1/src/myrobot_controller' with build type 'ament_cmake'
[0.205s] INFO:colcon.colcon_cmake.task.cmake.build:Building CMake package in '/home/ares/ares_code_projects/R1/src/myrobot_controller'
[0.205s] INFO:colcon.colcon_core.shell:Skip shell extension 'powershell' for command environment: Not usable outside of PowerShell
[0.205s] DEBUG:colcon.colcon_core.shell:Skip shell extension 'dsv' for command environment
[0.207s] INFO:colcon.colcon_ros.task.ament_python.build:Building ROS package in '/home/ares/ares_code_projects/R1/src/omni_mpc_controller' with build type 'ament_python'
[0.207s] Level 1:colcon.colcon_core.shell:create_environment_hook('omni_mpc_controller', 'ament_prefix_path')
[0.208s] INFO:colcon.colcon_core.shell:Creating environment hook '/home/ares/ares_code_projects/R1/install/omni_mpc_controller/share/omni_mpc_controller/hook/ament_prefix_path.ps1'
[0.208s] INFO:colcon.colcon_core.shell:Creating environment descriptor '/home/ares/ares_code_projects/R1/install/omni_mpc_controller/share/omni_mpc_controller/hook/ament_prefix_path.dsv'
[0.208s] INFO:colcon.colcon_core.shell:Creating environment hook '/home/ares/ares_code_projects/R1/install/omni_mpc_controller/share/omni_mpc_controller/hook/ament_prefix_path.sh'
[0.208s] INFO:colcon.colcon_core.shell:Skip shell extension 'powershell' for command environment: Not usable outside of PowerShell
[0.208s] DEBUG:colcon.colcon_core.shell:Skip shell extension 'dsv' for command environment
[0.210s] INFO:colcon.colcon_ros.task.ament_cmake.build:Building ROS package in '/home/ares/ares_code_projects/R1/src/remote_rc_node' with build type 'ament_cmake'
[0.210s] INFO:colcon.colcon_cmake.task.cmake.build:Building CMake package in '/home/ares/ares_code_projects/R1/src/remote_rc_node'
[0.210s] INFO:colcon.colcon_core.shell:Skip shell extension 'powershell' for command environment: Not usable outside of PowerShell
[0.210s] DEBUG:colcon.colcon_core.shell:Skip shell extension 'dsv' for command environment
[0.212s] INFO:colcon.colcon_ros.task.ament_cmake.build:Building ROS package in '/home/ares/ares_code_projects/R1/src/sllidar_ros2' with build type 'ament_cmake'
[0.212s] INFO:colcon.colcon_cmake.task.cmake.build:Building CMake package in '/home/ares/ares_code_projects/R1/src/sllidar_ros2'
[0.213s] INFO:colcon.colcon_core.shell:Skip shell extension 'powershell' for command environment: Not usable outside of PowerShell
[0.213s] DEBUG:colcon.colcon_core.shell:Skip shell extension 'dsv' for command environment
[0.215s] INFO:colcon.colcon_ros.task.ament_cmake.build:Building ROS package in '/home/ares/ares_code_projects/R1/src/usb_bulk_node' with build type 'ament_cmake'
[0.215s] INFO:colcon.colcon_cmake.task.cmake.build:Building CMake package in '/home/ares/ares_code_projects/R1/src/usb_bulk_node'
[0.215s] INFO:colcon.colcon_core.shell:Skip shell extension 'powershell' for command environment: Not usable outside of PowerShell
[0.215s] DEBUG:colcon.colcon_core.shell:Skip shell extension 'dsv' for command environment
[0.220s] DEBUG:colcon.colcon_core.event_handler.log_command:Invoking command in '/home/ares/ares_code_projects/R1/build/my_robot_description': CMAKE_PREFIX_PATH=${CMAKE_PREFIX_PATH}:/home/ares/Desktop/dog/install/omni_mpc_controller:/home/ares/Desktop/dog/install/laser:/home/ares/ares_code_projects/R1/install/omni_mpc_controller:/home/ares/ares_code_projects/R1/install/laser:/opt/ros/humble CONDA_PROMPT_MODIFIER=(base) /usr/bin/cmake --build /home/ares/ares_code_projects/R1/build/my_robot_description -- -j16 -l16
[0.358s] INFO:colcon.colcon_core.task.python.build:Building Python package in '/home/ares/ares_code_projects/R1/src/laser'
[0.358s] INFO:colcon.colcon_core.shell:Skip shell extension 'powershell' for command environment: Not usable outside of PowerShell
[0.358s] DEBUG:colcon.colcon_core.shell:Skip shell extension 'dsv' for command environment
[0.362s] DEBUG:colcon.colcon_core.event_handler.log_command:Invoking command in '/home/ares/ares_code_projects/R1/build/myrobot_controller': CMAKE_PREFIX_PATH=${CMAKE_PREFIX_PATH}:/home/ares/Desktop/dog/install/omni_mpc_controller:/home/ares/Desktop/dog/install/laser:/home/ares/ares_code_projects/R1/install/omni_mpc_controller:/home/ares/ares_code_projects/R1/install/laser:/opt/ros/humble CONDA_PROMPT_MODIFIER=(base) /usr/bin/cmake --build /home/ares/ares_code_projects/R1/build/myrobot_controller -- -j16 -l16
[0.501s] INFO:colcon.colcon_core.task.python.build:Building Python package in '/home/ares/ares_code_projects/R1/src/omni_mpc_controller'
[0.501s] INFO:colcon.colcon_core.shell:Skip shell extension 'powershell' for command environment: Not usable outside of PowerShell
[0.502s] DEBUG:colcon.colcon_core.shell:Skip shell extension 'dsv' for command environment
[0.506s] DEBUG:colcon.colcon_core.event_handler.log_command:Invoking command in '/home/ares/ares_code_projects/R1/build/remote_rc_node': CMAKE_PREFIX_PATH=${CMAKE_PREFIX_PATH}:/home/ares/Desktop/dog/install/omni_mpc_controller:/home/ares/Desktop/dog/install/laser:/home/ares/ares_code_projects/R1/install/omni_mpc_controller:/home/ares/ares_code_projects/R1/install/laser:/opt/ros/humble CONDA_PROMPT_MODIFIER=(base) /usr/bin/cmake --build /home/ares/ares_code_projects/R1/build/remote_rc_node -- -j16 -l16
[0.508s] DEBUG:colcon.colcon_core.event_handler.log_command:Invoking command in '/home/ares/ares_code_projects/R1/build/sllidar_ros2': CMAKE_PREFIX_PATH=${CMAKE_PREFIX_PATH}:/home/ares/Desktop/dog/install/omni_mpc_controller:/home/ares/Desktop/dog/install/laser:/home/ares/ares_code_projects/R1/install/omni_mpc_controller:/home/ares/ares_code_projects/R1/install/laser:/opt/ros/humble CONDA_PROMPT_MODIFIER=(base) /usr/bin/cmake --build /home/ares/ares_code_projects/R1/build/sllidar_ros2 -- -j16 -l16
[0.511s] DEBUG:colcon.colcon_core.event_handler.log_command:Invoking command in '/home/ares/ares_code_projects/R1/build/usb_bulk_node': CMAKE_PREFIX_PATH=${CMAKE_PREFIX_PATH}:/home/ares/Desktop/dog/install/omni_mpc_controller:/home/ares/Desktop/dog/install/laser:/home/ares/ares_code_projects/R1/install/omni_mpc_controller:/home/ares/ares_code_projects/R1/install/laser:/opt/ros/humble CONDA_PROMPT_MODIFIER=(base) /usr/bin/cmake --build /home/ares/ares_code_projects/R1/build/usb_bulk_node -- -j16 -l16
[0.511s] DEBUG:colcon.colcon_core.event_handler.log_command:Invoked command in '/home/ares/ares_code_projects/R1/build/my_robot_description' returned '0': CMAKE_PREFIX_PATH=${CMAKE_PREFIX_PATH}:/home/ares/Desktop/dog/install/omni_mpc_controller:/home/ares/Desktop/dog/install/laser:/home/ares/ares_code_projects/R1/install/omni_mpc_controller:/home/ares/ares_code_projects/R1/install/laser:/opt/ros/humble CONDA_PROMPT_MODIFIER=(base) /usr/bin/cmake --build /home/ares/ares_code_projects/R1/build/my_robot_description -- -j16 -l16
[0.517s] DEBUG:colcon.colcon_core.event_handler.log_command:Invoking command in '/home/ares/ares_code_projects/R1/build/my_robot_description': CMAKE_PREFIX_PATH=${CMAKE_PREFIX_PATH}:/home/ares/Desktop/dog/install/omni_mpc_controller:/home/ares/Desktop/dog/install/laser:/home/ares/ares_code_projects/R1/install/omni_mpc_controller:/home/ares/ares_code_projects/R1/install/laser:/opt/ros/humble CONDA_PROMPT_MODIFIER=(base) /usr/bin/cmake --install /home/ares/ares_code_projects/R1/build/my_robot_description
[0.532s] Level 1:colcon.colcon_core.environment:create_environment_scripts_only(my_robot_description)
[0.533s] DEBUG:colcon.colcon_core.event_handler.log_command:Invoked command in '/home/ares/ares_code_projects/R1/build/my_robot_description' returned '0': CMAKE_PREFIX_PATH=${CMAKE_PREFIX_PATH}:/home/ares/Desktop/dog/install/omni_mpc_controller:/home/ares/Desktop/dog/install/laser:/home/ares/ares_code_projects/R1/install/omni_mpc_controller:/home/ares/ares_code_projects/R1/install/laser:/opt/ros/humble CONDA_PROMPT_MODIFIER=(base) /usr/bin/cmake --install /home/ares/ares_code_projects/R1/build/my_robot_description
[0.534s] Level 1:colcon.colcon_core.environment:checking '/home/ares/ares_code_projects/R1/install/my_robot_description' for CMake module files
[0.535s] Level 1:colcon.colcon_core.environment:checking '/home/ares/ares_code_projects/R1/install/my_robot_description' for CMake config files
[0.535s] Level 1:colcon.colcon_core.shell:create_environment_hook('my_robot_description', 'cmake_prefix_path')
[0.535s] INFO:colcon.colcon_core.shell:Creating environment hook '/home/ares/ares_code_projects/R1/install/my_robot_description/share/my_robot_description/hook/cmake_prefix_path.ps1'
[0.536s] INFO:colcon.colcon_core.shell:Creating environment descriptor '/home/ares/ares_code_projects/R1/install/my_robot_description/share/my_robot_description/hook/cmake_prefix_path.dsv'
[0.536s] INFO:colcon.colcon_core.shell:Creating environment hook '/home/ares/ares_code_projects/R1/install/my_robot_description/share/my_robot_description/hook/cmake_prefix_path.sh'
[0.537s] Level 1:colcon.colcon_core.environment:checking '/home/ares/ares_code_projects/R1/install/my_robot_description/bin'
[0.537s] Level 1:colcon.colcon_core.environment:checking '/home/ares/ares_code_projects/R1/install/my_robot_description/lib/pkgconfig/my_robot_description.pc'
[0.537s] Level 1:colcon.colcon_core.environment:checking '/home/ares/ares_code_projects/R1/install/my_robot_description/lib/python3.10/site-packages'
[0.537s] Level 1:colcon.colcon_core.environment:checking '/home/ares/ares_code_projects/R1/install/my_robot_description/bin'
[0.537s] INFO:colcon.colcon_core.shell:Creating package script '/home/ares/ares_code_projects/R1/install/my_robot_description/share/my_robot_description/package.ps1'
[0.538s] INFO:colcon.colcon_core.shell:Creating package descriptor '/home/ares/ares_code_projects/R1/install/my_robot_description/share/my_robot_description/package.dsv'
[0.538s] INFO:colcon.colcon_core.shell:Creating package script '/home/ares/ares_code_projects/R1/install/my_robot_description/share/my_robot_description/package.sh'
[0.539s] INFO:colcon.colcon_core.shell:Creating package script '/home/ares/ares_code_projects/R1/install/my_robot_description/share/my_robot_description/package.bash'
[0.539s] INFO:colcon.colcon_core.shell:Creating package script '/home/ares/ares_code_projects/R1/install/my_robot_description/share/my_robot_description/package.zsh'
[0.539s] Level 1:colcon.colcon_core.environment:create_file_with_runtime_dependencies(/home/ares/ares_code_projects/R1/install/my_robot_description/share/colcon-core/packages/my_robot_description)
[0.540s] Level 1:colcon.colcon_core.environment:create_environment_scripts_only(my_robot_description)
[0.540s] Level 1:colcon.colcon_core.environment:checking '/home/ares/ares_code_projects/R1/install/my_robot_description' for CMake module files
[0.541s] Level 1:colcon.colcon_core.environment:checking '/home/ares/ares_code_projects/R1/install/my_robot_description' for CMake config files
[0.541s] Level 1:colcon.colcon_core.shell:create_environment_hook('my_robot_description', 'cmake_prefix_path')
[0.541s] INFO:colcon.colcon_core.shell:Creating environment hook '/home/ares/ares_code_projects/R1/install/my_robot_description/share/my_robot_description/hook/cmake_prefix_path.ps1'
[0.542s] INFO:colcon.colcon_core.shell:Creating environment descriptor '/home/ares/ares_code_projects/R1/install/my_robot_description/share/my_robot_description/hook/cmake_prefix_path.dsv'
[0.542s] INFO:colcon.colcon_core.shell:Creating environment hook '/home/ares/ares_code_projects/R1/install/my_robot_description/share/my_robot_description/hook/cmake_prefix_path.sh'
[0.543s] Level 1:colcon.colcon_core.environment:checking '/home/ares/ares_code_projects/R1/install/my_robot_description/bin'
[0.543s] Level 1:colcon.colcon_core.environment:checking '/home/ares/ares_code_projects/R1/install/my_robot_description/lib/pkgconfig/my_robot_description.pc'
[0.543s] Level 1:colcon.colcon_core.environment:checking '/home/ares/ares_code_projects/R1/install/my_robot_description/lib/python3.10/site-packages'
[0.543s] Level 1:colcon.colcon_core.environment:checking '/home/ares/ares_code_projects/R1/install/my_robot_description/bin'
[0.544s] INFO:colcon.colcon_core.shell:Creating package script '/home/ares/ares_code_projects/R1/install/my_robot_description/share/my_robot_description/package.ps1'
[0.544s] INFO:colcon.colcon_core.shell:Creating package descriptor '/home/ares/ares_code_projects/R1/install/my_robot_description/share/my_robot_description/package.dsv'
[0.545s] INFO:colcon.colcon_core.shell:Creating package script '/home/ares/ares_code_projects/R1/install/my_robot_description/share/my_robot_description/package.sh'
[0.545s] INFO:colcon.colcon_core.shell:Creating package script '/home/ares/ares_code_projects/R1/install/my_robot_description/share/my_robot_description/package.bash'
[0.546s] INFO:colcon.colcon_core.shell:Creating package script '/home/ares/ares_code_projects/R1/install/my_robot_description/share/my_robot_description/package.zsh'
[0.546s] Level 1:colcon.colcon_core.environment:create_file_with_runtime_dependencies(/home/ares/ares_code_projects/R1/install/my_robot_description/share/colcon-core/packages/my_robot_description)
[0.546s] INFO:colcon.colcon_ros.task.ament_cmake.build:Building ROS package in '/home/ares/ares_code_projects/R1/src/my_robot_bringup' with build type 'ament_cmake'
[0.546s] INFO:colcon.colcon_cmake.task.cmake.build:Building CMake package in '/home/ares/ares_code_projects/R1/src/my_robot_bringup'
[0.546s] INFO:colcon.colcon_core.shell:Skip shell extension 'powershell' for command environment: Not usable outside of PowerShell
[0.546s] DEBUG:colcon.colcon_core.shell:Skip shell extension 'dsv' for command environment
[0.550s] DEBUG:colcon.colcon_core.event_handler.log_command:Invoked command in '/home/ares/ares_code_projects/R1/build/sllidar_ros2' returned '0': CMAKE_PREFIX_PATH=${CMAKE_PREFIX_PATH}:/home/ares/Desktop/dog/install/omni_mpc_controller:/home/ares/Desktop/dog/install/laser:/home/ares/ares_code_projects/R1/install/omni_mpc_controller:/home/ares/ares_code_projects/R1/install/laser:/opt/ros/humble CONDA_PROMPT_MODIFIER=(base) /usr/bin/cmake --build /home/ares/ares_code_projects/R1/build/sllidar_ros2 -- -j16 -l16
[0.551s] DEBUG:colcon.colcon_core.event_handler.log_command:Invoking command in '/home/ares/ares_code_projects/R1/build/sllidar_ros2': CMAKE_PREFIX_PATH=${CMAKE_PREFIX_PATH}:/home/ares/Desktop/dog/install/omni_mpc_controller:/home/ares/Desktop/dog/install/laser:/home/ares/ares_code_projects/R1/install/omni_mpc_controller:/home/ares/ares_code_projects/R1/install/laser:/opt/ros/humble CONDA_PROMPT_MODIFIER=(base) /usr/bin/cmake --install /home/ares/ares_code_projects/R1/build/sllidar_ros2
[0.555s] DEBUG:colcon.colcon_core.event_handler.log_command:Invoking command in '/home/ares/ares_code_projects/R1/build/my_robot_bringup': CMAKE_PREFIX_PATH=/home/ares/ares_code_projects/R1/install/my_robot_description:/home/ares/ares_code_projects/R1/install/remote_rc_node:/home/ares/Desktop/dog/install/usb_bulk_node:/home/ares/Desktop/dog/install/sllidar_ros2:/home/ares/Desktop/dog/install/myrobot_controller:/home/ares/Desktop/dog/install/my_robot_bringup:/home/ares/Desktop/dog/install/my_robot_description:/home/ares/Desktop/dog/install/laser_position:/home/ares/ares_code_projects/R1/install/usb_bulk_node:/home/ares/ares_code_projects/R1/install/sllidar_ros2:/home/ares/ares_code_projects/R1/install/myrobot_controller:/home/ares/ares_code_projects/R1/install/my_robot_bringup:/home/ares/ros2_ws/install/zed_ros2:/home/ares/ros2_ws/install/zed_wrapper:/home/ares/ros2_ws/install/zed_components:/home/ares/ros2_ws/install/hoop_detector:/home/ares/ros2_ws/install/hik_camera:/home/ares/Desktop/dog/install/omni_mpc_controller:/home/ares/Desktop/dog/install/laser:/home/ares/ares_code_projects/R1/install/omni_mpc_controller:/home/ares/ares_code_projects/R1/install/laser:/opt/ros/humble CONDA_PROMPT_MODIFIER=(base) /usr/bin/cmake --build /home/ares/ares_code_projects/R1/build/my_robot_bringup -- -j16 -l16
[0.555s] DEBUG:colcon.colcon_core.event_handler.log_command:Invoked command in '/home/ares/ares_code_projects/R1/build/usb_bulk_node' returned '0': CMAKE_PREFIX_PATH=${CMAKE_PREFIX_PATH}:/home/ares/Desktop/dog/install/omni_mpc_controller:/home/ares/Desktop/dog/install/laser:/home/ares/ares_code_projects/R1/install/omni_mpc_controller:/home/ares/ares_code_projects/R1/install/laser:/opt/ros/humble CONDA_PROMPT_MODIFIER=(base) /usr/bin/cmake --build /home/ares/ares_code_projects/R1/build/usb_bulk_node -- -j16 -l16
[0.555s] DEBUG:colcon.colcon_core.event_handler.log_command:Invoking command in '/home/ares/ares_code_projects/R1/build/usb_bulk_node': CMAKE_PREFIX_PATH=${CMAKE_PREFIX_PATH}:/home/ares/Desktop/dog/install/omni_mpc_controller:/home/ares/Desktop/dog/install/laser:/home/ares/ares_code_projects/R1/install/omni_mpc_controller:/home/ares/ares_code_projects/R1/install/laser:/opt/ros/humble CONDA_PROMPT_MODIFIER=(base) /usr/bin/cmake --install /home/ares/ares_code_projects/R1/build/usb_bulk_node
[0.566s] Level 1:colcon.colcon_core.environment:create_environment_scripts_only(sllidar_ros2)
[0.566s] Level 1:colcon.colcon_core.environment:checking '/home/ares/ares_code_projects/R1/install/sllidar_ros2' for CMake module files
[0.567s] DEBUG:colcon.colcon_core.event_handler.log_command:Invoked command in '/home/ares/ares_code_projects/R1/build/sllidar_ros2' returned '0': CMAKE_PREFIX_PATH=${CMAKE_PREFIX_PATH}:/home/ares/Desktop/dog/install/omni_mpc_controller:/home/ares/Desktop/dog/install/laser:/home/ares/ares_code_projects/R1/install/omni_mpc_controller:/home/ares/ares_code_projects/R1/install/laser:/opt/ros/humble CONDA_PROMPT_MODIFIER=(base) /usr/bin/cmake --install /home/ares/ares_code_projects/R1/build/sllidar_ros2
[0.567s] Level 1:colcon.colcon_core.environment:checking '/home/ares/ares_code_projects/R1/install/sllidar_ros2' for CMake config files
[0.568s] Level 1:colcon.colcon_core.shell:create_environment_hook('sllidar_ros2', 'cmake_prefix_path')
[0.568s] INFO:colcon.colcon_core.shell:Creating environment hook '/home/ares/ares_code_projects/R1/install/sllidar_ros2/share/sllidar_ros2/hook/cmake_prefix_path.ps1'
[0.568s] INFO:colcon.colcon_core.shell:Creating environment descriptor '/home/ares/ares_code_projects/R1/install/sllidar_ros2/share/sllidar_ros2/hook/cmake_prefix_path.dsv'
[0.569s] INFO:colcon.colcon_core.shell:Creating environment hook '/home/ares/ares_code_projects/R1/install/sllidar_ros2/share/sllidar_ros2/hook/cmake_prefix_path.sh'
[0.569s] Level 1:colcon.colcon_core.environment:checking '/home/ares/ares_code_projects/R1/install/sllidar_ros2/lib'
[0.569s] Level 1:colcon.colcon_core.environment:checking '/home/ares/ares_code_projects/R1/install/sllidar_ros2/bin'
[0.569s] Level 1:colcon.colcon_core.environment:checking '/home/ares/ares_code_projects/R1/install/sllidar_ros2/lib/pkgconfig/sllidar_ros2.pc'
[0.569s] Level 1:colcon.colcon_core.environment:checking '/home/ares/ares_code_projects/R1/install/sllidar_ros2/lib/python3.10/site-packages'
[0.569s] Level 1:colcon.colcon_core.environment:checking '/home/ares/ares_code_projects/R1/install/sllidar_ros2/bin'
[0.570s] INFO:colcon.colcon_core.shell:Creating package script '/home/ares/ares_code_projects/R1/install/sllidar_ros2/share/sllidar_ros2/package.ps1'
[0.570s] INFO:colcon.colcon_core.shell:Creating package descriptor '/home/ares/ares_code_projects/R1/install/sllidar_ros2/share/sllidar_ros2/package.dsv'
[0.570s] INFO:colcon.colcon_core.shell:Creating package script '/home/ares/ares_code_projects/R1/install/sllidar_ros2/share/sllidar_ros2/package.sh'
[0.570s] INFO:colcon.colcon_core.shell:Creating package script '/home/ares/ares_code_projects/R1/install/sllidar_ros2/share/sllidar_ros2/package.bash'
[0.570s] INFO:colcon.colcon_core.shell:Creating package script '/home/ares/ares_code_projects/R1/install/sllidar_ros2/share/sllidar_ros2/package.zsh'
[0.570s] Level 1:colcon.colcon_core.environment:create_file_with_runtime_dependencies(/home/ares/ares_code_projects/R1/install/sllidar_ros2/share/colcon-core/packages/sllidar_ros2)
[0.571s] Level 1:colcon.colcon_core.environment:create_environment_scripts_only(sllidar_ros2)
[0.571s] Level 1:colcon.colcon_core.environment:checking '/home/ares/ares_code_projects/R1/install/sllidar_ros2' for CMake module files
[0.571s] Level 1:colcon.colcon_core.environment:checking '/home/ares/ares_code_projects/R1/install/sllidar_ros2' for CMake config files
[0.571s] Level 1:colcon.colcon_core.shell:create_environment_hook('sllidar_ros2', 'cmake_prefix_path')
[0.571s] INFO:colcon.colcon_core.shell:Creating environment hook '/home/ares/ares_code_projects/R1/install/sllidar_ros2/share/sllidar_ros2/hook/cmake_prefix_path.ps1'
[0.572s] INFO:colcon.colcon_core.shell:Creating environment descriptor '/home/ares/ares_code_projects/R1/install/sllidar_ros2/share/sllidar_ros2/hook/cmake_prefix_path.dsv'
[0.572s] INFO:colcon.colcon_core.shell:Creating environment hook '/home/ares/ares_code_projects/R1/install/sllidar_ros2/share/sllidar_ros2/hook/cmake_prefix_path.sh'
[0.572s] Level 1:colcon.colcon_core.environment:checking '/home/ares/ares_code_projects/R1/install/sllidar_ros2/lib'
[0.572s] Level 1:colcon.colcon_core.environment:checking '/home/ares/ares_code_projects/R1/install/sllidar_ros2/bin'
[0.572s] Level 1:colcon.colcon_core.environment:checking '/home/ares/ares_code_projects/R1/install/sllidar_ros2/lib/pkgconfig/sllidar_ros2.pc'
[0.572s] Level 1:colcon.colcon_core.environment:checking '/home/ares/ares_code_projects/R1/install/sllidar_ros2/lib/python3.10/site-packages'
[0.572s] Level 1:colcon.colcon_core.environment:checking '/home/ares/ares_code_projects/R1/install/sllidar_ros2/bin'
[0.572s] INFO:colcon.colcon_core.shell:Creating package script '/home/ares/ares_code_projects/R1/install/sllidar_ros2/share/sllidar_ros2/package.ps1'
[0.573s] INFO:colcon.colcon_core.shell:Creating package descriptor '/home/ares/ares_code_projects/R1/install/sllidar_ros2/share/sllidar_ros2/package.dsv'
[0.573s] INFO:colcon.colcon_core.shell:Creating package script '/home/ares/ares_code_projects/R1/install/sllidar_ros2/share/sllidar_ros2/package.sh'
[0.573s] INFO:colcon.colcon_core.shell:Creating package script '/home/ares/ares_code_projects/R1/install/sllidar_ros2/share/sllidar_ros2/package.bash'
[0.573s] INFO:colcon.colcon_core.shell:Creating package script '/home/ares/ares_code_projects/R1/install/sllidar_ros2/share/sllidar_ros2/package.zsh'
[0.573s] Level 1:colcon.colcon_core.environment:create_file_with_runtime_dependencies(/home/ares/ares_code_projects/R1/install/sllidar_ros2/share/colcon-core/packages/sllidar_ros2)
[0.575s] DEBUG:colcon.colcon_core.event_handler.log_command:Invoked command in '/home/ares/ares_code_projects/R1/build/myrobot_controller' returned '0': CMAKE_PREFIX_PATH=${CMAKE_PREFIX_PATH}:/home/ares/Desktop/dog/install/omni_mpc_controller:/home/ares/Desktop/dog/install/laser:/home/ares/ares_code_projects/R1/install/omni_mpc_controller:/home/ares/ares_code_projects/R1/install/laser:/opt/ros/humble CONDA_PROMPT_MODIFIER=(base) /usr/bin/cmake --build /home/ares/ares_code_projects/R1/build/myrobot_controller -- -j16 -l16
[0.575s] DEBUG:colcon.colcon_core.event_handler.log_command:Invoking command in '/home/ares/ares_code_projects/R1/build/myrobot_controller': CMAKE_PREFIX_PATH=${CMAKE_PREFIX_PATH}:/home/ares/Desktop/dog/install/omni_mpc_controller:/home/ares/Desktop/dog/install/laser:/home/ares/ares_code_projects/R1/install/omni_mpc_controller:/home/ares/ares_code_projects/R1/install/laser:/opt/ros/humble CONDA_PROMPT_MODIFIER=(base) /usr/bin/cmake --install /home/ares/ares_code_projects/R1/build/myrobot_controller
[0.576s] Level 1:colcon.colcon_core.environment:create_environment_scripts_only(usb_bulk_node)
[0.576s] Level 1:colcon.colcon_core.environment:checking '/home/ares/ares_code_projects/R1/install/usb_bulk_node' for CMake module files
[0.576s] DEBUG:colcon.colcon_core.event_handler.log_command:Invoked command in '/home/ares/ares_code_projects/R1/build/usb_bulk_node' returned '0': CMAKE_PREFIX_PATH=${CMAKE_PREFIX_PATH}:/home/ares/Desktop/dog/install/omni_mpc_controller:/home/ares/Desktop/dog/install/laser:/home/ares/ares_code_projects/R1/install/omni_mpc_controller:/home/ares/ares_code_projects/R1/install/laser:/opt/ros/humble CONDA_PROMPT_MODIFIER=(base) /usr/bin/cmake --install /home/ares/ares_code_projects/R1/build/usb_bulk_node
[0.577s] Level 1:colcon.colcon_core.environment:checking '/home/ares/ares_code_projects/R1/install/usb_bulk_node' for CMake config files
[0.577s] Level 1:colcon.colcon_core.shell:create_environment_hook('usb_bulk_node', 'cmake_prefix_path')
[0.577s] INFO:colcon.colcon_core.shell:Creating environment hook '/home/ares/ares_code_projects/R1/install/usb_bulk_node/share/usb_bulk_node/hook/cmake_prefix_path.ps1'
[0.577s] INFO:colcon.colcon_core.shell:Creating environment descriptor '/home/ares/ares_code_projects/R1/install/usb_bulk_node/share/usb_bulk_node/hook/cmake_prefix_path.dsv'
[0.578s] INFO:colcon.colcon_core.shell:Creating environment hook '/home/ares/ares_code_projects/R1/install/usb_bulk_node/share/usb_bulk_node/hook/cmake_prefix_path.sh'
[0.578s] Level 1:colcon.colcon_core.environment:checking '/home/ares/ares_code_projects/R1/install/usb_bulk_node/lib'
[0.578s] Level 1:colcon.colcon_core.environment:checking '/home/ares/ares_code_projects/R1/install/usb_bulk_node/bin'
[0.578s] Level 1:colcon.colcon_core.environment:checking '/home/ares/ares_code_projects/R1/install/usb_bulk_node/lib/pkgconfig/usb_bulk_node.pc'
[0.578s] Level 1:colcon.colcon_core.environment:checking '/home/ares/ares_code_projects/R1/install/usb_bulk_node/lib/python3.10/site-packages'
[0.578s] Level 1:colcon.colcon_core.environment:checking '/home/ares/ares_code_projects/R1/install/usb_bulk_node/bin'
[0.579s] INFO:colcon.colcon_core.shell:Creating package script '/home/ares/ares_code_projects/R1/install/usb_bulk_node/share/usb_bulk_node/package.ps1'
[0.579s] INFO:colcon.colcon_core.shell:Creating package descriptor '/home/ares/ares_code_projects/R1/install/usb_bulk_node/share/usb_bulk_node/package.dsv'
[0.579s] INFO:colcon.colcon_core.shell:Creating package script '/home/ares/ares_code_projects/R1/install/usb_bulk_node/share/usb_bulk_node/package.sh'
[0.580s] INFO:colcon.colcon_core.shell:Creating package script '/home/ares/ares_code_projects/R1/install/usb_bulk_node/share/usb_bulk_node/package.bash'
[0.580s] INFO:colcon.colcon_core.shell:Creating package script '/home/ares/ares_code_projects/R1/install/usb_bulk_node/share/usb_bulk_node/package.zsh'
[0.580s] Level 1:colcon.colcon_core.environment:create_file_with_runtime_dependencies(/home/ares/ares_code_projects/R1/install/usb_bulk_node/share/colcon-core/packages/usb_bulk_node)
[0.581s] Level 1:colcon.colcon_core.environment:create_environment_scripts_only(usb_bulk_node)
[0.581s] Level 1:colcon.colcon_core.environment:checking '/home/ares/ares_code_projects/R1/install/usb_bulk_node' for CMake module files
[0.581s] Level 1:colcon.colcon_core.environment:checking '/home/ares/ares_code_projects/R1/install/usb_bulk_node' for CMake config files
[0.581s] Level 1:colcon.colcon_core.shell:create_environment_hook('usb_bulk_node', 'cmake_prefix_path')
[0.581s] INFO:colcon.colcon_core.shell:Creating environment hook '/home/ares/ares_code_projects/R1/install/usb_bulk_node/share/usb_bulk_node/hook/cmake_prefix_path.ps1'
[0.582s] INFO:colcon.colcon_core.shell:Creating environment descriptor '/home/ares/ares_code_projects/R1/install/usb_bulk_node/share/usb_bulk_node/hook/cmake_prefix_path.dsv'
[0.582s] INFO:colcon.colcon_core.shell:Creating environment hook '/home/ares/ares_code_projects/R1/install/usb_bulk_node/share/usb_bulk_node/hook/cmake_prefix_path.sh'
[0.583s] Level 1:colcon.colcon_core.environment:checking '/home/ares/ares_code_projects/R1/install/usb_bulk_node/lib'
[0.583s] Level 1:colcon.colcon_core.environment:checking '/home/ares/ares_code_projects/R1/install/usb_bulk_node/bin'
[0.583s] Level 1:colcon.colcon_core.environment:checking '/home/ares/ares_code_projects/R1/install/usb_bulk_node/lib/pkgconfig/usb_bulk_node.pc'
[0.583s] Level 1:colcon.colcon_core.environment:checking '/home/ares/ares_code_projects/R1/install/usb_bulk_node/lib/python3.10/site-packages'
[0.583s] Level 1:colcon.colcon_core.environment:checking '/home/ares/ares_code_projects/R1/install/usb_bulk_node/bin'
[0.583s] INFO:colcon.colcon_core.shell:Creating package script '/home/ares/ares_code_projects/R1/install/usb_bulk_node/share/usb_bulk_node/package.ps1'
[0.584s] INFO:colcon.colcon_core.shell:Creating package descriptor '/home/ares/ares_code_projects/R1/install/usb_bulk_node/share/usb_bulk_node/package.dsv'
[0.584s] INFO:colcon.colcon_core.shell:Creating package script '/home/ares/ares_code_projects/R1/install/usb_bulk_node/share/usb_bulk_node/package.sh'
[0.585s] INFO:colcon.colcon_core.shell:Creating package script '/home/ares/ares_code_projects/R1/install/usb_bulk_node/share/usb_bulk_node/package.bash'
[0.585s] INFO:colcon.colcon_core.shell:Creating package script '/home/ares/ares_code_projects/R1/install/usb_bulk_node/share/usb_bulk_node/package.zsh'
[0.585s] Level 1:colcon.colcon_core.environment:create_file_with_runtime_dependencies(/home/ares/ares_code_projects/R1/install/usb_bulk_node/share/colcon-core/packages/usb_bulk_node)
[0.587s] DEBUG:colcon.colcon_core.event_handler.log_command:Invoked command in '/home/ares/ares_code_projects/R1/build/my_robot_bringup' returned '0': CMAKE_PREFIX_PATH=/home/ares/ares_code_projects/R1/install/my_robot_description:/home/ares/ares_code_projects/R1/install/remote_rc_node:/home/ares/Desktop/dog/install/usb_bulk_node:/home/ares/Desktop/dog/install/sllidar_ros2:/home/ares/Desktop/dog/install/myrobot_controller:/home/ares/Desktop/dog/install/my_robot_bringup:/home/ares/Desktop/dog/install/my_robot_description:/home/ares/Desktop/dog/install/laser_position:/home/ares/ares_code_projects/R1/install/usb_bulk_node:/home/ares/ares_code_projects/R1/install/sllidar_ros2:/home/ares/ares_code_projects/R1/install/myrobot_controller:/home/ares/ares_code_projects/R1/install/my_robot_bringup:/home/ares/ros2_ws/install/zed_ros2:/home/ares/ros2_ws/install/zed_wrapper:/home/ares/ros2_ws/install/zed_components:/home/ares/ros2_ws/install/hoop_detector:/home/ares/ros2_ws/install/hik_camera:/home/ares/Desktop/dog/install/omni_mpc_controller:/home/ares/Desktop/dog/install/laser:/home/ares/ares_code_projects/R1/install/omni_mpc_controller:/home/ares/ares_code_projects/R1/install/laser:/opt/ros/humble CONDA_PROMPT_MODIFIER=(base) /usr/bin/cmake --build /home/ares/ares_code_projects/R1/build/my_robot_bringup -- -j16 -l16
[0.587s] DEBUG:colcon.colcon_core.event_handler.log_command:Invoking command in '/home/ares/ares_code_projects/R1/build/my_robot_bringup': CMAKE_PREFIX_PATH=/home/ares/ares_code_projects/R1/install/my_robot_description:/home/ares/ares_code_projects/R1/install/remote_rc_node:/home/ares/Desktop/dog/install/usb_bulk_node:/home/ares/Desktop/dog/install/sllidar_ros2:/home/ares/Desktop/dog/install/myrobot_controller:/home/ares/Desktop/dog/install/my_robot_bringup:/home/ares/Desktop/dog/install/my_robot_description:/home/ares/Desktop/dog/install/laser_position:/home/ares/ares_code_projects/R1/install/usb_bulk_node:/home/ares/ares_code_projects/R1/install/sllidar_ros2:/home/ares/ares_code_projects/R1/install/myrobot_controller:/home/ares/ares_code_projects/R1/install/my_robot_bringup:/home/ares/ros2_ws/install/zed_ros2:/home/ares/ros2_ws/install/zed_wrapper:/home/ares/ros2_ws/install/zed_components:/home/ares/ros2_ws/install/hoop_detector:/home/ares/ros2_ws/install/hik_camera:/home/ares/Desktop/dog/install/omni_mpc_controller:/home/ares/Desktop/dog/install/laser:/home/ares/ares_code_projects/R1/install/omni_mpc_controller:/home/ares/ares_code_projects/R1/install/laser:/opt/ros/humble CONDA_PROMPT_MODIFIER=(base) /usr/bin/cmake --install /home/ares/ares_code_projects/R1/build/my_robot_bringup
[0.598s] Level 1:colcon.colcon_core.environment:create_environment_scripts_only(my_robot_bringup)
[0.598s] Level 1:colcon.colcon_core.environment:checking '/home/ares/ares_code_projects/R1/install/my_robot_bringup' for CMake module files
[0.598s] DEBUG:colcon.colcon_core.event_handler.log_command:Invoked command in '/home/ares/ares_code_projects/R1/build/my_robot_bringup' returned '0': CMAKE_PREFIX_PATH=/home/ares/ares_code_projects/R1/install/my_robot_description:/home/ares/ares_code_projects/R1/install/remote_rc_node:/home/ares/Desktop/dog/install/usb_bulk_node:/home/ares/Desktop/dog/install/sllidar_ros2:/home/ares/Desktop/dog/install/myrobot_controller:/home/ares/Desktop/dog/install/my_robot_bringup:/home/ares/Desktop/dog/install/my_robot_description:/home/ares/Desktop/dog/install/laser_position:/home/ares/ares_code_projects/R1/install/usb_bulk_node:/home/ares/ares_code_projects/R1/install/sllidar_ros2:/home/ares/ares_code_projects/R1/install/myrobot_controller:/home/ares/ares_code_projects/R1/install/my_robot_bringup:/home/ares/ros2_ws/install/zed_ros2:/home/ares/ros2_ws/install/zed_wrapper:/home/ares/ros2_ws/install/zed_components:/home/ares/ros2_ws/install/hoop_detector:/home/ares/ros2_ws/install/hik_camera:/home/ares/Desktop/dog/install/omni_mpc_controller:/home/ares/Desktop/dog/install/laser:/home/ares/ares_code_projects/R1/install/omni_mpc_controller:/home/ares/ares_code_projects/R1/install/laser:/opt/ros/humble CONDA_PROMPT_MODIFIER=(base) /usr/bin/cmake --install /home/ares/ares_code_projects/R1/build/my_robot_bringup
[0.599s] Level 1:colcon.colcon_core.environment:checking '/home/ares/ares_code_projects/R1/install/my_robot_bringup' for CMake config files
[0.599s] Level 1:colcon.colcon_core.shell:create_environment_hook('my_robot_bringup', 'cmake_prefix_path')
[0.599s] INFO:colcon.colcon_core.shell:Creating environment hook '/home/ares/ares_code_projects/R1/install/my_robot_bringup/share/my_robot_bringup/hook/cmake_prefix_path.ps1'
[0.599s] INFO:colcon.colcon_core.shell:Creating environment descriptor '/home/ares/ares_code_projects/R1/install/my_robot_bringup/share/my_robot_bringup/hook/cmake_prefix_path.dsv'
[0.600s] INFO:colcon.colcon_core.shell:Creating environment hook '/home/ares/ares_code_projects/R1/install/my_robot_bringup/share/my_robot_bringup/hook/cmake_prefix_path.sh'
[0.600s] Level 1:colcon.colcon_core.environment:checking '/home/ares/ares_code_projects/R1/install/my_robot_bringup/bin'
[0.600s] Level 1:colcon.colcon_core.environment:checking '/home/ares/ares_code_projects/R1/install/my_robot_bringup/lib/pkgconfig/my_robot_bringup.pc'
[0.600s] Level 1:colcon.colcon_core.environment:checking '/home/ares/ares_code_projects/R1/install/my_robot_bringup/lib/python3.10/site-packages'
[0.600s] Level 1:colcon.colcon_core.environment:checking '/home/ares/ares_code_projects/R1/install/my_robot_bringup/bin'
[0.600s] INFO:colcon.colcon_core.shell:Creating package script '/home/ares/ares_code_projects/R1/install/my_robot_bringup/share/my_robot_bringup/package.ps1'
[0.601s] INFO:colcon.colcon_core.shell:Creating package descriptor '/home/ares/ares_code_projects/R1/install/my_robot_bringup/share/my_robot_bringup/package.dsv'
[0.601s] INFO:colcon.colcon_core.shell:Creating package script '/home/ares/ares_code_projects/R1/install/my_robot_bringup/share/my_robot_bringup/package.sh'
[0.601s] INFO:colcon.colcon_core.shell:Creating package script '/home/ares/ares_code_projects/R1/install/my_robot_bringup/share/my_robot_bringup/package.bash'
[0.601s] INFO:colcon.colcon_core.shell:Creating package script '/home/ares/ares_code_projects/R1/install/my_robot_bringup/share/my_robot_bringup/package.zsh'
[0.601s] Level 1:colcon.colcon_core.environment:create_file_with_runtime_dependencies(/home/ares/ares_code_projects/R1/install/my_robot_bringup/share/colcon-core/packages/my_robot_bringup)
[0.602s] Level 1:colcon.colcon_core.environment:create_environment_scripts_only(my_robot_bringup)
[0.602s] Level 1:colcon.colcon_core.environment:checking '/home/ares/ares_code_projects/R1/install/my_robot_bringup' for CMake module files
[0.602s] Level 1:colcon.colcon_core.environment:checking '/home/ares/ares_code_projects/R1/install/my_robot_bringup' for CMake config files
[0.602s] Level 1:colcon.colcon_core.shell:create_environment_hook('my_robot_bringup', 'cmake_prefix_path')
[0.602s] INFO:colcon.colcon_core.shell:Creating environment hook '/home/ares/ares_code_projects/R1/install/my_robot_bringup/share/my_robot_bringup/hook/cmake_prefix_path.ps1'
[0.602s] INFO:colcon.colcon_core.shell:Creating environment descriptor '/home/ares/ares_code_projects/R1/install/my_robot_bringup/share/my_robot_bringup/hook/cmake_prefix_path.dsv'
[0.603s] INFO:colcon.colcon_core.shell:Creating environment hook '/home/ares/ares_code_projects/R1/install/my_robot_bringup/share/my_robot_bringup/hook/cmake_prefix_path.sh'
[0.603s] Level 1:colcon.colcon_core.environment:checking '/home/ares/ares_code_projects/R1/install/my_robot_bringup/bin'
[0.603s] Level 1:colcon.colcon_core.environment:checking '/home/ares/ares_code_projects/R1/install/my_robot_bringup/lib/pkgconfig/my_robot_bringup.pc'
[0.603s] Level 1:colcon.colcon_core.environment:checking '/home/ares/ares_code_projects/R1/install/my_robot_bringup/lib/python3.10/site-packages'
[0.603s] Level 1:colcon.colcon_core.environment:checking '/home/ares/ares_code_projects/R1/install/my_robot_bringup/bin'
[0.603s] INFO:colcon.colcon_core.shell:Creating package script '/home/ares/ares_code_projects/R1/install/my_robot_bringup/share/my_robot_bringup/package.ps1'
[0.603s] INFO:colcon.colcon_core.shell:Creating package descriptor '/home/ares/ares_code_projects/R1/install/my_robot_bringup/share/my_robot_bringup/package.dsv'
[0.604s] INFO:colcon.colcon_core.shell:Creating package script '/home/ares/ares_code_projects/R1/install/my_robot_bringup/share/my_robot_bringup/package.sh'
[0.604s] INFO:colcon.colcon_core.shell:Creating package script '/home/ares/ares_code_projects/R1/install/my_robot_bringup/share/my_robot_bringup/package.bash'
[0.604s] INFO:colcon.colcon_core.shell:Creating package script '/home/ares/ares_code_projects/R1/install/my_robot_bringup/share/my_robot_bringup/package.zsh'
[0.604s] Level 1:colcon.colcon_core.environment:create_file_with_runtime_dependencies(/home/ares/ares_code_projects/R1/install/my_robot_bringup/share/colcon-core/packages/my_robot_bringup)
[0.617s] Level 1:colcon.colcon_core.environment:create_environment_scripts_only(myrobot_controller)
[0.617s] Level 1:colcon.colcon_core.environment:checking '/home/ares/ares_code_projects/R1/install/myrobot_controller' for CMake module files
[0.617s] DEBUG:colcon.colcon_core.event_handler.log_command:Invoked command in '/home/ares/ares_code_projects/R1/build/myrobot_controller' returned '0': CMAKE_PREFIX_PATH=${CMAKE_PREFIX_PATH}:/home/ares/Desktop/dog/install/omni_mpc_controller:/home/ares/Desktop/dog/install/laser:/home/ares/ares_code_projects/R1/install/omni_mpc_controller:/home/ares/ares_code_projects/R1/install/laser:/opt/ros/humble CONDA_PROMPT_MODIFIER=(base) /usr/bin/cmake --install /home/ares/ares_code_projects/R1/build/myrobot_controller
[0.617s] Level 1:colcon.colcon_core.environment:checking '/home/ares/ares_code_projects/R1/install/myrobot_controller' for CMake config files
[0.618s] Level 1:colcon.colcon_core.shell:create_environment_hook('myrobot_controller', 'cmake_prefix_path')
[0.618s] INFO:colcon.colcon_core.shell:Creating environment hook '/home/ares/ares_code_projects/R1/install/myrobot_controller/share/myrobot_controller/hook/cmake_prefix_path.ps1'
[0.618s] INFO:colcon.colcon_core.shell:Creating environment descriptor '/home/ares/ares_code_projects/R1/install/myrobot_controller/share/myrobot_controller/hook/cmake_prefix_path.dsv'
[0.619s] INFO:colcon.colcon_core.shell:Creating environment hook '/home/ares/ares_code_projects/R1/install/myrobot_controller/share/myrobot_controller/hook/cmake_prefix_path.sh'
[0.619s] Level 1:colcon.colcon_core.environment:checking '/home/ares/ares_code_projects/R1/install/myrobot_controller/lib'
[0.619s] Level 1:colcon.colcon_core.environment:checking '/home/ares/ares_code_projects/R1/install/myrobot_controller/bin'
[0.619s] Level 1:colcon.colcon_core.environment:checking '/home/ares/ares_code_projects/R1/install/myrobot_controller/lib/pkgconfig/myrobot_controller.pc'
[0.620s] Level 1:colcon.colcon_core.environment:checking '/home/ares/ares_code_projects/R1/install/myrobot_controller/lib/python3.10/site-packages'
[0.620s] Level 1:colcon.colcon_core.environment:checking '/home/ares/ares_code_projects/R1/install/myrobot_controller/bin'
[0.620s] INFO:colcon.colcon_core.shell:Creating package script '/home/ares/ares_code_projects/R1/install/myrobot_controller/share/myrobot_controller/package.ps1'
[0.620s] INFO:colcon.colcon_core.shell:Creating package descriptor '/home/ares/ares_code_projects/R1/install/myrobot_controller/share/myrobot_controller/package.dsv'
[0.621s] INFO:colcon.colcon_core.shell:Creating package script '/home/ares/ares_code_projects/R1/install/myrobot_controller/share/myrobot_controller/package.sh'
[0.621s] INFO:colcon.colcon_core.shell:Creating package script '/home/ares/ares_code_projects/R1/install/myrobot_controller/share/myrobot_controller/package.bash'
[0.621s] INFO:colcon.colcon_core.shell:Creating package script '/home/ares/ares_code_projects/R1/install/myrobot_controller/share/myrobot_controller/package.zsh'
[0.622s] Level 1:colcon.colcon_core.environment:create_file_with_runtime_dependencies(/home/ares/ares_code_projects/R1/install/myrobot_controller/share/colcon-core/packages/myrobot_controller)
[0.622s] Level 1:colcon.colcon_core.environment:create_environment_scripts_only(myrobot_controller)
[0.622s] Level 1:colcon.colcon_core.environment:checking '/home/ares/ares_code_projects/R1/install/myrobot_controller' for CMake module files
[0.623s] Level 1:colcon.colcon_core.environment:checking '/home/ares/ares_code_projects/R1/install/myrobot_controller' for CMake config files
[0.623s] Level 1:colcon.colcon_core.shell:create_environment_hook('myrobot_controller', 'cmake_prefix_path')
[0.623s] INFO:colcon.colcon_core.shell:Creating environment hook '/home/ares/ares_code_projects/R1/install/myrobot_controller/share/myrobot_controller/hook/cmake_prefix_path.ps1'
[0.624s] INFO:colcon.colcon_core.shell:Creating environment descriptor '/home/ares/ares_code_projects/R1/install/myrobot_controller/share/myrobot_controller/hook/cmake_prefix_path.dsv'
[0.624s] INFO:colcon.colcon_core.shell:Creating environment hook '/home/ares/ares_code_projects/R1/install/myrobot_controller/share/myrobot_controller/hook/cmake_prefix_path.sh'
[0.624s] Level 1:colcon.colcon_core.environment:checking '/home/ares/ares_code_projects/R1/install/myrobot_controller/lib'
[0.624s] Level 1:colcon.colcon_core.environment:checking '/home/ares/ares_code_projects/R1/install/myrobot_controller/bin'
[0.624s] Level 1:colcon.colcon_core.environment:checking '/home/ares/ares_code_projects/R1/install/myrobot_controller/lib/pkgconfig/myrobot_controller.pc'
[0.624s] Level 1:colcon.colcon_core.environment:checking '/home/ares/ares_code_projects/R1/install/myrobot_controller/lib/python3.10/site-packages'
[0.625s] Level 1:colcon.colcon_core.environment:checking '/home/ares/ares_code_projects/R1/install/myrobot_controller/bin'
[0.625s] INFO:colcon.colcon_core.shell:Creating package script '/home/ares/ares_code_projects/R1/install/myrobot_controller/share/myrobot_controller/package.ps1'
[0.625s] INFO:colcon.colcon_core.shell:Creating package descriptor '/home/ares/ares_code_projects/R1/install/myrobot_controller/share/myrobot_controller/package.dsv'
[0.625s] INFO:colcon.colcon_core.shell:Creating package script '/home/ares/ares_code_projects/R1/install/myrobot_controller/share/myrobot_controller/package.sh'
[0.626s] INFO:colcon.colcon_core.shell:Creating package script '/home/ares/ares_code_projects/R1/install/myrobot_controller/share/myrobot_controller/package.bash'
[0.626s] INFO:colcon.colcon_core.shell:Creating package script '/home/ares/ares_code_projects/R1/install/myrobot_controller/share/myrobot_controller/package.zsh'
[0.626s] Level 1:colcon.colcon_core.environment:create_file_with_runtime_dependencies(/home/ares/ares_code_projects/R1/install/myrobot_controller/share/colcon-core/packages/myrobot_controller)
[0.763s] DEBUG:colcon.colcon_core.event_handler.log_command:Invoking command in '/home/ares/ares_code_projects/R1/build/laser': CONDA_PROMPT_MODIFIER=(base) PYTHONPATH=/home/ares/ares_code_projects/R1/build/laser/prefix_override:/usr/lib/python3/dist-packages/colcon_core/task/python/colcon_distutils_commands:/home/ares/ares_code_projects/R1/install/laser/lib/python3.10/site-packages:${PYTHONPATH} /usr/bin/python3 -W ignore:setup.py install is deprecated -W ignore:easy_install command is deprecated setup.py develop --editable --build-directory /home/ares/ares_code_projects/R1/build/laser/build --no-deps symlink_data
[0.764s] DEBUG:colcon.colcon_core.event_handler.log_command:Invoking command in '/home/ares/ares_code_projects/R1/build/omni_mpc_controller': CONDA_PROMPT_MODIFIER=(base) PYTHONPATH=/home/ares/ares_code_projects/R1/build/omni_mpc_controller/prefix_override:/usr/lib/python3/dist-packages/colcon_core/task/python/colcon_distutils_commands:/home/ares/ares_code_projects/R1/install/omni_mpc_controller/lib/python3.10/site-packages:${PYTHONPATH} /usr/bin/python3 -W ignore:setup.py install is deprecated -W ignore:easy_install command is deprecated setup.py develop --editable --build-directory /home/ares/ares_code_projects/R1/build/omni_mpc_controller/build --no-deps symlink_data
[1.048s] Level 1:colcon.colcon_core.shell:create_environment_hook('omni_mpc_controller', 'pythonpath_develop')
[1.048s] INFO:colcon.colcon_core.shell:Creating environment hook '/home/ares/ares_code_projects/R1/build/omni_mpc_controller/share/omni_mpc_controller/hook/pythonpath_develop.ps1'
[1.048s] DEBUG:colcon.colcon_core.event_handler.log_command:Invoked command in '/home/ares/ares_code_projects/R1/build/omni_mpc_controller' returned '0': CONDA_PROMPT_MODIFIER=(base) PYTHONPATH=/home/ares/ares_code_projects/R1/build/omni_mpc_controller/prefix_override:/usr/lib/python3/dist-packages/colcon_core/task/python/colcon_distutils_commands:/home/ares/ares_code_projects/R1/install/omni_mpc_controller/lib/python3.10/site-packages:${PYTHONPATH} /usr/bin/python3 -W ignore:setup.py install is deprecated -W ignore:easy_install command is deprecated setup.py develop --editable --build-directory /home/ares/ares_code_projects/R1/build/omni_mpc_controller/build --no-deps symlink_data
[1.049s] INFO:colcon.colcon_core.shell:Creating environment descriptor '/home/ares/ares_code_projects/R1/build/omni_mpc_controller/share/omni_mpc_controller/hook/pythonpath_develop.dsv'
[1.049s] INFO:colcon.colcon_core.shell:Creating environment hook '/home/ares/ares_code_projects/R1/build/omni_mpc_controller/share/omni_mpc_controller/hook/pythonpath_develop.sh'
[1.049s] Level 1:colcon.colcon_core.environment:checking '/home/ares/ares_code_projects/R1/install/omni_mpc_controller' for CMake module files
[1.049s] Level 1:colcon.colcon_core.environment:checking '/home/ares/ares_code_projects/R1/install/omni_mpc_controller' for CMake config files
[1.050s] Level 1:colcon.colcon_core.environment:checking '/home/ares/ares_code_projects/R1/install/omni_mpc_controller/lib'
[1.050s] Level 1:colcon.colcon_core.environment:checking '/home/ares/ares_code_projects/R1/install/omni_mpc_controller/bin'
[1.050s] Level 1:colcon.colcon_core.environment:checking '/home/ares/ares_code_projects/R1/install/omni_mpc_controller/lib/pkgconfig/omni_mpc_controller.pc'
[1.050s] Level 1:colcon.colcon_core.environment:checking '/home/ares/ares_code_projects/R1/install/omni_mpc_controller/lib/python3.10/site-packages'
[1.050s] Level 1:colcon.colcon_core.shell:create_environment_hook('omni_mpc_controller', 'pythonpath')
[1.050s] INFO:colcon.colcon_core.shell:Creating environment hook '/home/ares/ares_code_projects/R1/install/omni_mpc_controller/share/omni_mpc_controller/hook/pythonpath.ps1'
[1.050s] INFO:colcon.colcon_core.shell:Creating environment descriptor '/home/ares/ares_code_projects/R1/install/omni_mpc_controller/share/omni_mpc_controller/hook/pythonpath.dsv'
[1.050s] INFO:colcon.colcon_core.shell:Creating environment hook '/home/ares/ares_code_projects/R1/install/omni_mpc_controller/share/omni_mpc_controller/hook/pythonpath.sh'
[1.051s] Level 1:colcon.colcon_core.environment:checking '/home/ares/ares_code_projects/R1/install/omni_mpc_controller/bin'
[1.051s] Level 1:colcon.colcon_core.environment:create_environment_scripts_only(omni_mpc_controller)
[1.051s] INFO:colcon.colcon_core.shell:Creating package script '/home/ares/ares_code_projects/R1/install/omni_mpc_controller/share/omni_mpc_controller/package.ps1'
[1.051s] INFO:colcon.colcon_core.shell:Creating package descriptor '/home/ares/ares_code_projects/R1/install/omni_mpc_controller/share/omni_mpc_controller/package.dsv'
[1.051s] INFO:colcon.colcon_core.shell:Creating package script '/home/ares/ares_code_projects/R1/install/omni_mpc_controller/share/omni_mpc_controller/package.sh'
[1.052s] INFO:colcon.colcon_core.shell:Creating package script '/home/ares/ares_code_projects/R1/install/omni_mpc_controller/share/omni_mpc_controller/package.bash'
[1.052s] INFO:colcon.colcon_core.shell:Creating package script '/home/ares/ares_code_projects/R1/install/omni_mpc_controller/share/omni_mpc_controller/package.zsh'
[1.052s] Level 1:colcon.colcon_core.environment:create_file_with_runtime_dependencies(/home/ares/ares_code_projects/R1/install/omni_mpc_controller/share/colcon-core/packages/omni_mpc_controller)
[1.052s] Level 1:colcon.colcon_core.shell:create_environment_hook('laser', 'pythonpath_develop')
[1.053s] INFO:colcon.colcon_core.shell:Creating environment hook '/home/ares/ares_code_projects/R1/build/laser/share/laser/hook/pythonpath_develop.ps1'
[1.053s] DEBUG:colcon.colcon_core.event_handler.log_command:Invoked command in '/home/ares/ares_code_projects/R1/build/laser' returned '0': CONDA_PROMPT_MODIFIER=(base) PYTHONPATH=/home/ares/ares_code_projects/R1/build/laser/prefix_override:/usr/lib/python3/dist-packages/colcon_core/task/python/colcon_distutils_commands:/home/ares/ares_code_projects/R1/install/laser/lib/python3.10/site-packages:${PYTHONPATH} /usr/bin/python3 -W ignore:setup.py install is deprecated -W ignore:easy_install command is deprecated setup.py develop --editable --build-directory /home/ares/ares_code_projects/R1/build/laser/build --no-deps symlink_data
[1.053s] INFO:colcon.colcon_core.shell:Creating environment descriptor '/home/ares/ares_code_projects/R1/build/laser/share/laser/hook/pythonpath_develop.dsv'
[1.053s] INFO:colcon.colcon_core.shell:Creating environment hook '/home/ares/ares_code_projects/R1/build/laser/share/laser/hook/pythonpath_develop.sh'
[1.054s] Level 1:colcon.colcon_core.environment:checking '/home/ares/ares_code_projects/R1/install/laser' for CMake module files
[1.054s] Level 1:colcon.colcon_core.environment:checking '/home/ares/ares_code_projects/R1/install/laser' for CMake config files
[1.055s] Level 1:colcon.colcon_core.environment:checking '/home/ares/ares_code_projects/R1/install/laser/lib'
[1.055s] Level 1:colcon.colcon_core.environment:checking '/home/ares/ares_code_projects/R1/install/laser/bin'
[1.055s] Level 1:colcon.colcon_core.environment:checking '/home/ares/ares_code_projects/R1/install/laser/lib/pkgconfig/laser.pc'
[1.055s] Level 1:colcon.colcon_core.environment:checking '/home/ares/ares_code_projects/R1/install/laser/lib/python3.10/site-packages'
[1.055s] Level 1:colcon.colcon_core.shell:create_environment_hook('laser', 'pythonpath')
[1.055s] INFO:colcon.colcon_core.shell:Creating environment hook '/home/ares/ares_code_projects/R1/install/laser/share/laser/hook/pythonpath.ps1'
[1.056s] INFO:colcon.colcon_core.shell:Creating environment descriptor '/home/ares/ares_code_projects/R1/install/laser/share/laser/hook/pythonpath.dsv'
[1.056s] INFO:colcon.colcon_core.shell:Creating environment hook '/home/ares/ares_code_projects/R1/install/laser/share/laser/hook/pythonpath.sh'
[1.056s] Level 1:colcon.colcon_core.environment:checking '/home/ares/ares_code_projects/R1/install/laser/bin'
[1.056s] Level 1:colcon.colcon_core.environment:create_environment_scripts_only(laser)
[1.057s] INFO:colcon.colcon_core.shell:Creating package script '/home/ares/ares_code_projects/R1/install/laser/share/laser/package.ps1'
[1.057s] INFO:colcon.colcon_core.shell:Creating package descriptor '/home/ares/ares_code_projects/R1/install/laser/share/laser/package.dsv'
[1.057s] INFO:colcon.colcon_core.shell:Creating package script '/home/ares/ares_code_projects/R1/install/laser/share/laser/package.sh'
[1.057s] INFO:colcon.colcon_core.shell:Creating package script '/home/ares/ares_code_projects/R1/install/laser/share/laser/package.bash'
[1.058s] INFO:colcon.colcon_core.shell:Creating package script '/home/ares/ares_code_projects/R1/install/laser/share/laser/package.zsh'
[1.058s] Level 1:colcon.colcon_core.environment:create_file_with_runtime_dependencies(/home/ares/ares_code_projects/R1/install/laser/share/colcon-core/packages/laser)
[5.221s] DEBUG:colcon.colcon_core.event_handler.log_command:Invoked command in '/home/ares/ares_code_projects/R1/build/remote_rc_node' returned '0': CMAKE_PREFIX_PATH=${CMAKE_PREFIX_PATH}:/home/ares/Desktop/dog/install/omni_mpc_controller:/home/ares/Desktop/dog/install/laser:/home/ares/ares_code_projects/R1/install/omni_mpc_controller:/home/ares/ares_code_projects/R1/install/laser:/opt/ros/humble CONDA_PROMPT_MODIFIER=(base) /usr/bin/cmake --build /home/ares/ares_code_projects/R1/build/remote_rc_node -- -j16 -l16
[5.222s] DEBUG:colcon.colcon_core.event_handler.log_command:Invoking command in '/home/ares/ares_code_projects/R1/build/remote_rc_node': CMAKE_PREFIX_PATH=${CMAKE_PREFIX_PATH}:/home/ares/Desktop/dog/install/omni_mpc_controller:/home/ares/Desktop/dog/install/laser:/home/ares/ares_code_projects/R1/install/omni_mpc_controller:/home/ares/ares_code_projects/R1/install/laser:/opt/ros/humble CONDA_PROMPT_MODIFIER=(base) /usr/bin/cmake --install /home/ares/ares_code_projects/R1/build/remote_rc_node
[5.233s] Level 1:colcon.colcon_core.environment:create_environment_scripts_only(remote_rc_node)
[5.233s] Level 1:colcon.colcon_core.environment:checking '/home/ares/ares_code_projects/R1/install/remote_rc_node' for CMake module files
[5.233s] DEBUG:colcon.colcon_core.event_handler.log_command:Invoked command in '/home/ares/ares_code_projects/R1/build/remote_rc_node' returned '0': CMAKE_PREFIX_PATH=${CMAKE_PREFIX_PATH}:/home/ares/Desktop/dog/install/omni_mpc_controller:/home/ares/Desktop/dog/install/laser:/home/ares/ares_code_projects/R1/install/omni_mpc_controller:/home/ares/ares_code_projects/R1/install/laser:/opt/ros/humble CONDA_PROMPT_MODIFIER=(base) /usr/bin/cmake --install /home/ares/ares_code_projects/R1/build/remote_rc_node
[5.234s] Level 1:colcon.colcon_core.environment:checking '/home/ares/ares_code_projects/R1/install/remote_rc_node' for CMake config files
[5.234s] Level 1:colcon.colcon_core.shell:create_environment_hook('remote_rc_node', 'cmake_prefix_path')
[5.234s] INFO:colcon.colcon_core.shell:Creating environment hook '/home/ares/ares_code_projects/R1/install/remote_rc_node/share/remote_rc_node/hook/cmake_prefix_path.ps1'
[5.234s] INFO:colcon.colcon_core.shell:Creating environment descriptor '/home/ares/ares_code_projects/R1/install/remote_rc_node/share/remote_rc_node/hook/cmake_prefix_path.dsv'
[5.234s] INFO:colcon.colcon_core.shell:Creating environment hook '/home/ares/ares_code_projects/R1/install/remote_rc_node/share/remote_rc_node/hook/cmake_prefix_path.sh'
[5.235s] Level 1:colcon.colcon_core.environment:checking '/home/ares/ares_code_projects/R1/install/remote_rc_node/lib'
[5.235s] Level 1:colcon.colcon_core.environment:checking '/home/ares/ares_code_projects/R1/install/remote_rc_node/bin'
[5.235s] Level 1:colcon.colcon_core.environment:checking '/home/ares/ares_code_projects/R1/install/remote_rc_node/lib/pkgconfig/remote_rc_node.pc'
[5.235s] Level 1:colcon.colcon_core.environment:checking '/home/ares/ares_code_projects/R1/install/remote_rc_node/lib/python3.10/site-packages'
[5.235s] Level 1:colcon.colcon_core.environment:checking '/home/ares/ares_code_projects/R1/install/remote_rc_node/bin'
[5.235s] INFO:colcon.colcon_core.shell:Creating package script '/home/ares/ares_code_projects/R1/install/remote_rc_node/share/remote_rc_node/package.ps1'
[5.236s] INFO:colcon.colcon_core.shell:Creating package descriptor '/home/ares/ares_code_projects/R1/install/remote_rc_node/share/remote_rc_node/package.dsv'
[5.236s] INFO:colcon.colcon_core.shell:Creating package script '/home/ares/ares_code_projects/R1/install/remote_rc_node/share/remote_rc_node/package.sh'
[5.236s] INFO:colcon.colcon_core.shell:Creating package script '/home/ares/ares_code_projects/R1/install/remote_rc_node/share/remote_rc_node/package.bash'
[5.236s] INFO:colcon.colcon_core.shell:Creating package script '/home/ares/ares_code_projects/R1/install/remote_rc_node/share/remote_rc_node/package.zsh'
[5.236s] Level 1:colcon.colcon_core.environment:create_file_with_runtime_dependencies(/home/ares/ares_code_projects/R1/install/remote_rc_node/share/colcon-core/packages/remote_rc_node)
[5.237s] Level 1:colcon.colcon_core.environment:create_environment_scripts_only(remote_rc_node)
[5.237s] Level 1:colcon.colcon_core.environment:checking '/home/ares/ares_code_projects/R1/install/remote_rc_node' for CMake module files
[5.237s] Level 1:colcon.colcon_core.environment:checking '/home/ares/ares_code_projects/R1/install/remote_rc_node' for CMake config files
[5.237s] Level 1:colcon.colcon_core.shell:create_environment_hook('remote_rc_node', 'cmake_prefix_path')
[5.237s] INFO:colcon.colcon_core.shell:Creating environment hook '/home/ares/ares_code_projects/R1/install/remote_rc_node/share/remote_rc_node/hook/cmake_prefix_path.ps1'
[5.238s] INFO:colcon.colcon_core.shell:Creating environment descriptor '/home/ares/ares_code_projects/R1/install/remote_rc_node/share/remote_rc_node/hook/cmake_prefix_path.dsv'
[5.238s] INFO:colcon.colcon_core.shell:Creating environment hook '/home/ares/ares_code_projects/R1/install/remote_rc_node/share/remote_rc_node/hook/cmake_prefix_path.sh'
[5.238s] Level 1:colcon.colcon_core.environment:checking '/home/ares/ares_code_projects/R1/install/remote_rc_node/lib'
[5.238s] Level 1:colcon.colcon_core.environment:checking '/home/ares/ares_code_projects/R1/install/remote_rc_node/bin'
[5.238s] Level 1:colcon.colcon_core.environment:checking '/home/ares/ares_code_projects/R1/install/remote_rc_node/lib/pkgconfig/remote_rc_node.pc'
[5.238s] Level 1:colcon.colcon_core.environment:checking '/home/ares/ares_code_projects/R1/install/remote_rc_node/lib/python3.10/site-packages'
[5.239s] Level 1:colcon.colcon_core.environment:checking '/home/ares/ares_code_projects/R1/install/remote_rc_node/bin'
[5.239s] INFO:colcon.colcon_core.shell:Creating package script '/home/ares/ares_code_projects/R1/install/remote_rc_node/share/remote_rc_node/package.ps1'
[5.239s] INFO:colcon.colcon_core.shell:Creating package descriptor '/home/ares/ares_code_projects/R1/install/remote_rc_node/share/remote_rc_node/package.dsv'
[5.239s] INFO:colcon.colcon_core.shell:Creating package script '/home/ares/ares_code_projects/R1/install/remote_rc_node/share/remote_rc_node/package.sh'
[5.239s] INFO:colcon.colcon_core.shell:Creating package script '/home/ares/ares_code_projects/R1/install/remote_rc_node/share/remote_rc_node/package.bash'
[5.240s] INFO:colcon.colcon_core.shell:Creating package script '/home/ares/ares_code_projects/R1/install/remote_rc_node/share/remote_rc_node/package.zsh'
[5.240s] Level 1:colcon.colcon_core.environment:create_file_with_runtime_dependencies(/home/ares/ares_code_projects/R1/install/remote_rc_node/share/colcon-core/packages/remote_rc_node)
[5.240s] DEBUG:colcon.colcon_parallel_executor.executor.parallel:closing loop
[5.240s] DEBUG:colcon.colcon_parallel_executor.executor.parallel:loop closed
[5.240s] DEBUG:colcon.colcon_parallel_executor.executor.parallel:run_until_complete finished with '0'
[5.240s] DEBUG:colcon.colcon_core.event_reactor:joining thread
[5.243s] INFO:colcon.colcon_core.plugin_system:Skipping extension 'colcon_notification.desktop_notification.terminal_notifier': Not used on non-Darwin systems
[5.243s] INFO:colcon.colcon_core.plugin_system:Skipping extension 'colcon_notification.desktop_notification.win32': Not used on non-Windows systems
[5.243s] INFO:colcon.colcon_notification.desktop_notification:Sending desktop notification using 'notify2'
[5.248s] DEBUG:colcon.colcon_core.event_reactor:joined thread
[5.248s] INFO:colcon.colcon_core.shell:Creating prefix script '/home/ares/ares_code_projects/R1/install/local_setup.ps1'
[5.249s] INFO:colcon.colcon_core.shell:Creating prefix util module '/home/ares/ares_code_projects/R1/install/_local_setup_util_ps1.py'
[5.250s] INFO:colcon.colcon_core.shell:Creating prefix chain script '/home/ares/ares_code_projects/R1/install/setup.ps1'
[5.250s] INFO:colcon.colcon_core.shell:Creating prefix script '/home/ares/ares_code_projects/R1/install/local_setup.sh'
[5.251s] INFO:colcon.colcon_core.shell:Creating prefix util module '/home/ares/ares_code_projects/R1/install/_local_setup_util_sh.py'
[5.251s] INFO:colcon.colcon_core.shell:Creating prefix chain script '/home/ares/ares_code_projects/R1/install/setup.sh'
[5.252s] INFO:colcon.colcon_core.shell:Creating prefix script '/home/ares/ares_code_projects/R1/install/local_setup.bash'
[5.252s] INFO:colcon.colcon_core.shell:Creating prefix chain script '/home/ares/ares_code_projects/R1/install/setup.bash'
[5.253s] INFO:colcon.colcon_core.shell:Creating prefix script '/home/ares/ares_code_projects/R1/install/local_setup.zsh'
[5.253s] INFO:colcon.colcon_core.shell:Creating prefix chain script '/home/ares/ares_code_projects/R1/install/setup.zsh'
