[0.291s] Invoking command in '/home/ares/ares_code_projects/R1/build/usb_bulk_node': CMAKE_PREFIX_PATH=${CMAKE_PREFIX_PATH}:/home/ares/ares_code_projects/R1/install/omni_mpc_controller:/home/ares/ares_code_projects/R1/install/laser:/opt/ros/humble CONDA_PROMPT_MODIFIER=(test) /usr/bin/cmake /home/ares/ares_code_projects/R1/src/usb_bulk_node -DAMENT_CMAKE_SYMLINK_INSTALL=1 -DCMAKE_INSTALL_PREFIX=/home/ares/ares_code_projects/R1/install/usb_bulk_node
[0.327s] -- The CXX compiler identification is GNU 11.4.0
[0.332s] -- Detecting CXX compiler ABI info
[0.377s] -- Detecting CXX compiler ABI info - done
[0.383s] -- Check for working CXX compiler: /usr/bin/c++ - skipped
[0.383s] -- Detecting CXX compile features
[0.383s] -- Detecting CXX compile features - done
[0.384s] -- ===== 开始配置 =====
[0.386s] -- Found ament_cmake: 1.3.11 (/opt/ros/humble/share/ament_cmake/cmake)
[0.634s] -- Found Python3: /home/ares/miniconda3/envs/test/bin/python3 (found version "3.10.18") found components: Interpreter 
[0.677s] -- Override CMake install command with custom implementation using symlinks instead of copying resources
[0.704s] -- Found rclcpp: 16.0.12 (/opt/ros/humble/share/rclcpp/cmake)
[0.746s] -- Found rosidl_generator_c: 3.1.6 (/opt/ros/humble/share/rosidl_generator_c/cmake)
[0.751s] -- Found rosidl_adapter: 3.1.6 (/opt/ros/humble/share/rosidl_adapter/cmake)
[0.759s] -- Found rosidl_generator_cpp: 3.1.6 (/opt/ros/humble/share/rosidl_generator_cpp/cmake)
[0.768s] -- Using all available rosidl_typesupport_c: rosidl_typesupport_fastrtps_c;rosidl_typesupport_introspection_c
[0.777s] -- Using all available rosidl_typesupport_cpp: rosidl_typesupport_fastrtps_cpp;rosidl_typesupport_introspection_cpp
[0.808s] -- Found rmw_implementation_cmake: 6.1.2 (/opt/ros/humble/share/rmw_implementation_cmake/cmake)
[0.809s] -- Found rmw_fastrtps_cpp: 6.2.7 (/opt/ros/humble/share/rmw_fastrtps_cpp/cmake)
[0.861s] -- Found OpenSSL: /usr/lib/x86_64-linux-gnu/libcrypto.so (found version "3.0.2")  
[0.881s] -- Found FastRTPS: /opt/ros/humble/include  
[0.906s] -- Using RMW implementation 'rmw_fastrtps_cpp' as default
[0.911s] -- Looking for C++ include pthread.h
[0.961s] -- Looking for C++ include pthread.h - found
[0.961s] -- Performing Test CMAKE_HAVE_LIBC_PTHREAD
[1.014s] -- Performing Test CMAKE_HAVE_LIBC_PTHREAD - Success
[1.015s] -- Found Threads: TRUE  
[1.047s] -- Found geometry_msgs: 4.9.0 (/opt/ros/humble/share/geometry_msgs/cmake)
[1.056s] -- Found PkgConfig: /usr/bin/pkg-config (found version "0.29.2") 
[1.057s] -- Checking for module 'libusb-1.0'
[1.066s] --   Found libusb-1.0, version 1.0.25
[1.085s] -- Found ament_lint_auto: 0.12.12 (/opt/ros/humble/share/ament_lint_auto/cmake)
[1.142s] -- Added test 'cppcheck' to perform static code analysis on C / C++ code
[1.142s] -- Configured cppcheck include dirs: /home/ares/ares_code_projects/R1/src/usb_bulk_node/include/usb_bulk_node
[1.142s] -- Configured cppcheck exclude dirs and/or files: 
[1.143s] -- Added test 'lint_cmake' to check CMake code style
[1.143s] -- Added test 'uncrustify' to check C / C++ code style
[1.143s] -- Configured uncrustify additional arguments: 
[1.144s] -- Added test 'xmllint' to check XML markup files
[1.144s] -- Configuring done
[1.149s] -- Generating done
[1.150s] -- Build files have been written to: /home/ares/ares_code_projects/R1/build/usb_bulk_node
[1.157s] Invoked command in '/home/ares/ares_code_projects/R1/build/usb_bulk_node' returned '0': CMAKE_PREFIX_PATH=${CMAKE_PREFIX_PATH}:/home/ares/ares_code_projects/R1/install/omni_mpc_controller:/home/ares/ares_code_projects/R1/install/laser:/opt/ros/humble CONDA_PROMPT_MODIFIER=(test) /usr/bin/cmake /home/ares/ares_code_projects/R1/src/usb_bulk_node -DAMENT_CMAKE_SYMLINK_INSTALL=1 -DCMAKE_INSTALL_PREFIX=/home/ares/ares_code_projects/R1/install/usb_bulk_node
[1.158s] Invoking command in '/home/ares/ares_code_projects/R1/build/usb_bulk_node': CMAKE_PREFIX_PATH=${CMAKE_PREFIX_PATH}:/home/ares/ares_code_projects/R1/install/omni_mpc_controller:/home/ares/ares_code_projects/R1/install/laser:/opt/ros/humble CONDA_PROMPT_MODIFIER=(test) /usr/bin/cmake --build /home/ares/ares_code_projects/R1/build/usb_bulk_node -- -j16 -l16
[1.187s] [ 33%] [32mBuilding CXX object CMakeFiles/usb_bulk_node.dir/src/ares_protocol.cpp.o[0m
[1.192s] [ 66%] [32mBuilding CXX object CMakeFiles/usb_bulk_node.dir/src/usb_bulk_node.cpp.o[0m
[6.807s] [100%] [32m[1mLinking CXX executable usb_bulk_node[0m
[7.035s] [100%] Built target usb_bulk_node
[7.041s] Invoked command in '/home/ares/ares_code_projects/R1/build/usb_bulk_node' returned '0': CMAKE_PREFIX_PATH=${CMAKE_PREFIX_PATH}:/home/ares/ares_code_projects/R1/install/omni_mpc_controller:/home/ares/ares_code_projects/R1/install/laser:/opt/ros/humble CONDA_PROMPT_MODIFIER=(test) /usr/bin/cmake --build /home/ares/ares_code_projects/R1/build/usb_bulk_node -- -j16 -l16
[7.042s] Invoking command in '/home/ares/ares_code_projects/R1/build/usb_bulk_node': CMAKE_PREFIX_PATH=${CMAKE_PREFIX_PATH}:/home/ares/ares_code_projects/R1/install/omni_mpc_controller:/home/ares/ares_code_projects/R1/install/laser:/opt/ros/humble CONDA_PROMPT_MODIFIER=(test) /usr/bin/cmake --install /home/ares/ares_code_projects/R1/build/usb_bulk_node
[7.047s] -- Install configuration: ""
[7.047s] -- Execute custom install script
[7.047s] -- Symlinking: /home/ares/ares_code_projects/R1/install/usb_bulk_node/lib/usb_bulk_node/usb_bulk_node
[7.051s] -- Symlinking: /home/ares/ares_code_projects/R1/install/usb_bulk_node/share/ament_index/resource_index/package_run_dependencies/usb_bulk_node
[7.055s] -- Symlinking: /home/ares/ares_code_projects/R1/install/usb_bulk_node/share/ament_index/resource_index/parent_prefix_path/usb_bulk_node
[7.060s] -- Symlinking: /home/ares/ares_code_projects/R1/install/usb_bulk_node/share/usb_bulk_node/environment/ament_prefix_path.sh
[7.064s] -- Symlinking: /home/ares/ares_code_projects/R1/install/usb_bulk_node/share/usb_bulk_node/environment/ament_prefix_path.dsv
[7.070s] -- Symlinking: /home/ares/ares_code_projects/R1/install/usb_bulk_node/share/usb_bulk_node/environment/path.sh
[7.075s] -- Symlinking: /home/ares/ares_code_projects/R1/install/usb_bulk_node/share/usb_bulk_node/environment/path.dsv
[7.079s] -- Symlinking: /home/ares/ares_code_projects/R1/install/usb_bulk_node/share/usb_bulk_node/local_setup.bash
[7.085s] -- Symlinking: /home/ares/ares_code_projects/R1/install/usb_bulk_node/share/usb_bulk_node/local_setup.sh
[7.089s] -- Symlinking: /home/ares/ares_code_projects/R1/install/usb_bulk_node/share/usb_bulk_node/local_setup.zsh
[7.092s] -- Symlinking: /home/ares/ares_code_projects/R1/install/usb_bulk_node/share/usb_bulk_node/local_setup.dsv
[7.096s] -- Symlinking: /home/ares/ares_code_projects/R1/install/usb_bulk_node/share/usb_bulk_node/package.dsv
[7.101s] -- Symlinking: /home/ares/ares_code_projects/R1/install/usb_bulk_node/share/ament_index/resource_index/packages/usb_bulk_node
[7.105s] -- Symlinking: /home/ares/ares_code_projects/R1/install/usb_bulk_node/share/usb_bulk_node/cmake/usb_bulk_nodeConfig.cmake
[7.111s] -- Symlinking: /home/ares/ares_code_projects/R1/install/usb_bulk_node/share/usb_bulk_node/cmake/usb_bulk_nodeConfig-version.cmake
[7.116s] -- Symlinking: /home/ares/ares_code_projects/R1/install/usb_bulk_node/share/usb_bulk_node/package.xml
[7.123s] Invoked command in '/home/ares/ares_code_projects/R1/build/usb_bulk_node' returned '0': CMAKE_PREFIX_PATH=${CMAKE_PREFIX_PATH}:/home/ares/ares_code_projects/R1/install/omni_mpc_controller:/home/ares/ares_code_projects/R1/install/laser:/opt/ros/humble CONDA_PROMPT_MODIFIER=(test) /usr/bin/cmake --install /home/ares/ares_code_projects/R1/build/usb_bulk_node
