[0.307s] Invoking command in '/home/ares/ares_code_projects/R1/build/usb_bulk_node': CMAKE_PREFIX_PATH=${CMAKE_PREFIX_PATH}:/home/ares/Desktop/dog/install/omni_mpc_controller:/home/ares/Desktop/dog/install/laser:/home/ares/ares_code_projects/R1/install/omni_mpc_controller:/home/ares/ares_code_projects/R1/install/laser:/opt/ros/humble CONDA_PROMPT_MODIFIER=(base) /usr/bin/cmake --build /home/ares/ares_code_projects/R1/build/usb_bulk_node -- -j16 -l16
[0.346s] [ 33%] [32mBuilding CXX object CMakeFiles/usb_bulk_node.dir/src/usb_bulk_node.cpp.o[0m
[8.162s] [ 66%] [32m[1mLinking CXX executable usb_bulk_node[0m
[8.262s] [100%] Built target usb_bulk_node
[8.269s] Invoked command in '/home/ares/ares_code_projects/R1/build/usb_bulk_node' returned '0': CMAKE_PREFIX_PATH=${CMAKE_PREFIX_PATH}:/home/ares/Desktop/dog/install/omni_mpc_controller:/home/ares/Desktop/dog/install/laser:/home/ares/ares_code_projects/R1/install/omni_mpc_controller:/home/ares/ares_code_projects/R1/install/laser:/opt/ros/humble CONDA_PROMPT_MODIFIER=(base) /usr/bin/cmake --build /home/ares/ares_code_projects/R1/build/usb_bulk_node -- -j16 -l16
[8.270s] Invoking command in '/home/ares/ares_code_projects/R1/build/usb_bulk_node': CMAKE_PREFIX_PATH=${CMAKE_PREFIX_PATH}:/home/ares/Desktop/dog/install/omni_mpc_controller:/home/ares/Desktop/dog/install/laser:/home/ares/ares_code_projects/R1/install/omni_mpc_controller:/home/ares/ares_code_projects/R1/install/laser:/opt/ros/humble CONDA_PROMPT_MODIFIER=(base) /usr/bin/cmake --install /home/ares/ares_code_projects/R1/build/usb_bulk_node
[8.274s] -- Install configuration: "Release"
[8.274s] -- Execute custom install script
[8.274s] -- Up-to-date symlink: /home/ares/ares_code_projects/R1/install/usb_bulk_node/lib/usb_bulk_node/usb_bulk_node
[8.274s] -- Up-to-date symlink: /home/ares/ares_code_projects/R1/install/usb_bulk_node/share/ament_index/resource_index/package_run_dependencies/usb_bulk_node
[8.274s] -- Up-to-date symlink: /home/ares/ares_code_projects/R1/install/usb_bulk_node/share/ament_index/resource_index/parent_prefix_path/usb_bulk_node
[8.274s] -- Up-to-date symlink: /home/ares/ares_code_projects/R1/install/usb_bulk_node/share/usb_bulk_node/environment/ament_prefix_path.sh
[8.274s] -- Up-to-date symlink: /home/ares/ares_code_projects/R1/install/usb_bulk_node/share/usb_bulk_node/environment/ament_prefix_path.dsv
[8.274s] -- Up-to-date symlink: /home/ares/ares_code_projects/R1/install/usb_bulk_node/share/usb_bulk_node/environment/path.sh
[8.274s] -- Up-to-date symlink: /home/ares/ares_code_projects/R1/install/usb_bulk_node/share/usb_bulk_node/environment/path.dsv
[8.274s] -- Up-to-date symlink: /home/ares/ares_code_projects/R1/install/usb_bulk_node/share/usb_bulk_node/local_setup.bash
[8.275s] -- Up-to-date symlink: /home/ares/ares_code_projects/R1/install/usb_bulk_node/share/usb_bulk_node/local_setup.sh
[8.275s] -- Up-to-date symlink: /home/ares/ares_code_projects/R1/install/usb_bulk_node/share/usb_bulk_node/local_setup.zsh
[8.275s] -- Up-to-date symlink: /home/ares/ares_code_projects/R1/install/usb_bulk_node/share/usb_bulk_node/local_setup.dsv
[8.275s] -- Symlinking: /home/ares/ares_code_projects/R1/install/usb_bulk_node/share/usb_bulk_node/package.dsv
[8.280s] -- Up-to-date symlink: /home/ares/ares_code_projects/R1/install/usb_bulk_node/share/ament_index/resource_index/packages/usb_bulk_node
[8.280s] -- Up-to-date symlink: /home/ares/ares_code_projects/R1/install/usb_bulk_node/share/usb_bulk_node/cmake/usb_bulk_nodeConfig.cmake
[8.280s] -- Up-to-date symlink: /home/ares/ares_code_projects/R1/install/usb_bulk_node/share/usb_bulk_node/cmake/usb_bulk_nodeConfig-version.cmake
[8.280s] -- Up-to-date symlink: /home/ares/ares_code_projects/R1/install/usb_bulk_node/share/usb_bulk_node/package.xml
[8.282s] Invoked command in '/home/ares/ares_code_projects/R1/build/usb_bulk_node' returned '0': CMAKE_PREFIX_PATH=${CMAKE_PREFIX_PATH}:/home/ares/Desktop/dog/install/omni_mpc_controller:/home/ares/Desktop/dog/install/laser:/home/ares/ares_code_projects/R1/install/omni_mpc_controller:/home/ares/ares_code_projects/R1/install/laser:/opt/ros/humble CONDA_PROMPT_MODIFIER=(base) /usr/bin/cmake --install /home/ares/ares_code_projects/R1/build/usb_bulk_node
