[0.303s] Invoking command in '/home/ares/ares_code_projects/R1/build/usb_bulk_node': CMAKE_PREFIX_PATH=${CMAKE_PREFIX_PATH}:/home/ares/Desktop/dog/install/omni_mpc_controller:/home/ares/Desktop/dog/install/laser:/home/ares/ares_code_projects/R1/install/omni_mpc_controller:/home/ares/ares_code_projects/R1/install/laser:/opt/ros/humble CONDA_PROMPT_MODIFIER=(base) /usr/bin/cmake --build /home/ares/ares_code_projects/R1/build/usb_bulk_node -- -j16 -l16
[0.328s] [35m[1mConsolidate compiler generated dependencies of target usb_bulk_node[0m
[0.345s] [100%] Built target usb_bulk_node
[0.351s] Invoked command in '/home/ares/ares_code_projects/R1/build/usb_bulk_node' returned '0': CMAKE_PREFIX_PATH=${CMAKE_PREFIX_PATH}:/home/ares/Desktop/dog/install/omni_mpc_controller:/home/ares/Desktop/dog/install/laser:/home/ares/ares_code_projects/R1/install/omni_mpc_controller:/home/ares/ares_code_projects/R1/install/laser:/opt/ros/humble CONDA_PROMPT_MODIFIER=(base) /usr/bin/cmake --build /home/ares/ares_code_projects/R1/build/usb_bulk_node -- -j16 -l16
[0.354s] Invoking command in '/home/ares/ares_code_projects/R1/build/usb_bulk_node': CMAKE_PREFIX_PATH=${CMAKE_PREFIX_PATH}:/home/ares/Desktop/dog/install/omni_mpc_controller:/home/ares/Desktop/dog/install/laser:/home/ares/ares_code_projects/R1/install/omni_mpc_controller:/home/ares/ares_code_projects/R1/install/laser:/opt/ros/humble CONDA_PROMPT_MODIFIER=(base) /usr/bin/cmake --install /home/ares/ares_code_projects/R1/build/usb_bulk_node
[0.356s] -- Install configuration: "Release"
[0.357s] -- Execute custom install script
[0.357s] -- Up-to-date symlink: /home/ares/ares_code_projects/R1/install/usb_bulk_node/lib/usb_bulk_node/usb_bulk_node
[0.357s] -- Up-to-date symlink: /home/ares/ares_code_projects/R1/install/usb_bulk_node/share/ament_index/resource_index/package_run_dependencies/usb_bulk_node
[0.357s] -- Up-to-date symlink: /home/ares/ares_code_projects/R1/install/usb_bulk_node/share/ament_index/resource_index/parent_prefix_path/usb_bulk_node
[0.357s] -- Up-to-date symlink: /home/ares/ares_code_projects/R1/install/usb_bulk_node/share/usb_bulk_node/environment/ament_prefix_path.sh
[0.357s] -- Up-to-date symlink: /home/ares/ares_code_projects/R1/install/usb_bulk_node/share/usb_bulk_node/environment/ament_prefix_path.dsv
[0.358s] -- Up-to-date symlink: /home/ares/ares_code_projects/R1/install/usb_bulk_node/share/usb_bulk_node/environment/path.sh
[0.358s] -- Up-to-date symlink: /home/ares/ares_code_projects/R1/install/usb_bulk_node/share/usb_bulk_node/environment/path.dsv
[0.358s] -- Up-to-date symlink: /home/ares/ares_code_projects/R1/install/usb_bulk_node/share/usb_bulk_node/local_setup.bash
[0.358s] -- Up-to-date symlink: /home/ares/ares_code_projects/R1/install/usb_bulk_node/share/usb_bulk_node/local_setup.sh
[0.358s] -- Up-to-date symlink: /home/ares/ares_code_projects/R1/install/usb_bulk_node/share/usb_bulk_node/local_setup.zsh
[0.358s] -- Up-to-date symlink: /home/ares/ares_code_projects/R1/install/usb_bulk_node/share/usb_bulk_node/local_setup.dsv
[0.359s] -- Symlinking: /home/ares/ares_code_projects/R1/install/usb_bulk_node/share/usb_bulk_node/package.dsv
[0.362s] -- Up-to-date symlink: /home/ares/ares_code_projects/R1/install/usb_bulk_node/share/ament_index/resource_index/packages/usb_bulk_node
[0.363s] -- Up-to-date symlink: /home/ares/ares_code_projects/R1/install/usb_bulk_node/share/usb_bulk_node/cmake/usb_bulk_nodeConfig.cmake
[0.363s] -- Up-to-date symlink: /home/ares/ares_code_projects/R1/install/usb_bulk_node/share/usb_bulk_node/cmake/usb_bulk_nodeConfig-version.cmake
[0.363s] -- Up-to-date symlink: /home/ares/ares_code_projects/R1/install/usb_bulk_node/share/usb_bulk_node/package.xml
[0.368s] Invoked command in '/home/ares/ares_code_projects/R1/build/usb_bulk_node' returned '0': CMAKE_PREFIX_PATH=${CMAKE_PREFIX_PATH}:/home/ares/Desktop/dog/install/omni_mpc_controller:/home/ares/Desktop/dog/install/laser:/home/ares/ares_code_projects/R1/install/omni_mpc_controller:/home/ares/ares_code_projects/R1/install/laser:/opt/ros/humble CONDA_PROMPT_MODIFIER=(base) /usr/bin/cmake --install /home/ares/ares_code_projects/R1/build/usb_bulk_node
