[0.298s] Invoking command in '/home/ares/ares_code_projects/R2/build/usb_bulk_node': CMAKE_PREFIX_PATH=${CMAKE_PREFIX_PATH}:/home/ares/ares_code_projects/R1/install/omni_mpc_controller:/home/ares/ares_code_projects/R1/install/laser:/opt/ros/humble CONDA_PROMPT_MODIFIER=(base) /usr/bin/cmake /home/ares/ares_code_projects/R2/src/usb_bulk_node -DAMENT_CMAKE_SYMLINK_INSTALL=1 -DCMAKE_INSTALL_PREFIX=/home/ares/ares_code_projects/R2/install/usb_bulk_node
[0.332s] -- The CXX compiler identification is GNU 11.4.0
[0.336s] -- Detecting CXX compiler ABI info
[0.386s] -- Detecting CXX compiler ABI info - done
[0.390s] -- Check for working CXX compiler: /usr/bin/c++ - skipped
[0.390s] -- Detecting CXX compile features
[0.390s] -- Detecting CXX compile features - done
[0.390s] -- ===== 开始配置 =====
[0.391s] -- Found ament_cmake: 1.3.11 (/opt/ros/humble/share/ament_cmake/cmake)
[0.621s] -- Found Python3: /home/ares/miniconda3/bin/python3 (found version "3.13.2") found components: Interpreter 
[0.675s] -- Override CMake install command with custom implementation using symlinks instead of copying resources
[0.696s] -- Found rclcpp: 16.0.12 (/opt/ros/humble/share/rclcpp/cmake)
[0.725s] -- Found rosidl_generator_c: 3.1.6 (/opt/ros/humble/share/rosidl_generator_c/cmake)
[0.728s] -- Found rosidl_adapter: 3.1.6 (/opt/ros/humble/share/rosidl_adapter/cmake)
[0.733s] -- Found rosidl_generator_cpp: 3.1.6 (/opt/ros/humble/share/rosidl_generator_cpp/cmake)
[0.740s] -- Using all available rosidl_typesupport_c: rosidl_typesupport_fastrtps_c;rosidl_typesupport_introspection_c
[0.750s] -- Using all available rosidl_typesupport_cpp: rosidl_typesupport_fastrtps_cpp;rosidl_typesupport_introspection_cpp
[0.781s] -- Found rmw_implementation_cmake: 6.1.2 (/opt/ros/humble/share/rmw_implementation_cmake/cmake)
[0.783s] -- Found rmw_fastrtps_cpp: 6.2.7 (/opt/ros/humble/share/rmw_fastrtps_cpp/cmake)
[0.835s] -- Found OpenSSL: /usr/lib/x86_64-linux-gnu/libcrypto.so (found version "3.0.2")  
[0.852s] -- Found FastRTPS: /opt/ros/humble/include  
[0.879s] -- Using RMW implementation 'rmw_fastrtps_cpp' as default
[0.884s] -- Looking for C++ include pthread.h
[0.930s] -- Looking for C++ include pthread.h - found
[0.930s] -- Performing Test CMAKE_HAVE_LIBC_PTHREAD
[0.979s] -- Performing Test CMAKE_HAVE_LIBC_PTHREAD - Success
[0.980s] -- Found Threads: TRUE  
[1.010s] -- Found geometry_msgs: 4.9.0 (/opt/ros/humble/share/geometry_msgs/cmake)
[1.020s] -- Found PkgConfig: /usr/bin/pkg-config (found version "0.29.2") 
[1.020s] -- Checking for module 'libusb-1.0'
[1.029s] --   Found libusb-1.0, version 1.0.25
[1.048s] -- Found ament_lint_auto: 0.12.12 (/opt/ros/humble/share/ament_lint_auto/cmake)
[1.111s] -- Added test 'cppcheck' to perform static code analysis on C / C++ code
[1.111s] -- Configured cppcheck include dirs: /home/ares/ares_code_projects/R2/src/usb_bulk_node/include/usb_bulk_node
[1.111s] -- Configured cppcheck exclude dirs and/or files: 
[1.111s] -- Added test 'lint_cmake' to check CMake code style
[1.112s] -- Added test 'uncrustify' to check C / C++ code style
[1.112s] -- Configured uncrustify additional arguments: 
[1.112s] -- Added test 'xmllint' to check XML markup files
[1.113s] -- Configuring done
[1.118s] -- Generating done
[1.120s] -- Build files have been written to: /home/ares/ares_code_projects/R2/build/usb_bulk_node
[1.126s] Invoked command in '/home/ares/ares_code_projects/R2/build/usb_bulk_node' returned '0': CMAKE_PREFIX_PATH=${CMAKE_PREFIX_PATH}:/home/ares/ares_code_projects/R1/install/omni_mpc_controller:/home/ares/ares_code_projects/R1/install/laser:/opt/ros/humble CONDA_PROMPT_MODIFIER=(base) /usr/bin/cmake /home/ares/ares_code_projects/R2/src/usb_bulk_node -DAMENT_CMAKE_SYMLINK_INSTALL=1 -DCMAKE_INSTALL_PREFIX=/home/ares/ares_code_projects/R2/install/usb_bulk_node
[1.127s] Invoking command in '/home/ares/ares_code_projects/R2/build/usb_bulk_node': CMAKE_PREFIX_PATH=${CMAKE_PREFIX_PATH}:/home/ares/ares_code_projects/R1/install/omni_mpc_controller:/home/ares/ares_code_projects/R1/install/laser:/opt/ros/humble CONDA_PROMPT_MODIFIER=(base) /usr/bin/cmake --build /home/ares/ares_code_projects/R2/build/usb_bulk_node -- -j16 -l16
[1.162s] [ 33%] [32mBuilding CXX object CMakeFiles/usb_bulk_node.dir/src/ares_protocol.cpp.o[0m
[1.164s] [ 66%] [32mBuilding CXX object CMakeFiles/usb_bulk_node.dir/src/usb_bulk_node.cpp.o[0m
[6.487s] [100%] [32m[1mLinking CXX executable usb_bulk_node[0m
[6.724s] [100%] Built target usb_bulk_node
[6.731s] Invoked command in '/home/ares/ares_code_projects/R2/build/usb_bulk_node' returned '0': CMAKE_PREFIX_PATH=${CMAKE_PREFIX_PATH}:/home/ares/ares_code_projects/R1/install/omni_mpc_controller:/home/ares/ares_code_projects/R1/install/laser:/opt/ros/humble CONDA_PROMPT_MODIFIER=(base) /usr/bin/cmake --build /home/ares/ares_code_projects/R2/build/usb_bulk_node -- -j16 -l16
[6.732s] Invoking command in '/home/ares/ares_code_projects/R2/build/usb_bulk_node': CMAKE_PREFIX_PATH=${CMAKE_PREFIX_PATH}:/home/ares/ares_code_projects/R1/install/omni_mpc_controller:/home/ares/ares_code_projects/R1/install/laser:/opt/ros/humble CONDA_PROMPT_MODIFIER=(base) /usr/bin/cmake --install /home/ares/ares_code_projects/R2/build/usb_bulk_node
[6.736s] -- Install configuration: ""
[6.736s] -- Execute custom install script
[6.736s] -- Symlinking: /home/ares/ares_code_projects/R2/install/usb_bulk_node/lib/usb_bulk_node/usb_bulk_node
[6.741s] -- Symlinking: /home/ares/ares_code_projects/R2/install/usb_bulk_node/share/ament_index/resource_index/package_run_dependencies/usb_bulk_node
[6.747s] -- Symlinking: /home/ares/ares_code_projects/R2/install/usb_bulk_node/share/ament_index/resource_index/parent_prefix_path/usb_bulk_node
[6.752s] -- Symlinking: /home/ares/ares_code_projects/R2/install/usb_bulk_node/share/usb_bulk_node/environment/ament_prefix_path.sh
[6.756s] -- Symlinking: /home/ares/ares_code_projects/R2/install/usb_bulk_node/share/usb_bulk_node/environment/ament_prefix_path.dsv
[6.761s] -- Symlinking: /home/ares/ares_code_projects/R2/install/usb_bulk_node/share/usb_bulk_node/environment/path.sh
[6.766s] -- Symlinking: /home/ares/ares_code_projects/R2/install/usb_bulk_node/share/usb_bulk_node/environment/path.dsv
[6.770s] -- Symlinking: /home/ares/ares_code_projects/R2/install/usb_bulk_node/share/usb_bulk_node/local_setup.bash
[6.774s] -- Symlinking: /home/ares/ares_code_projects/R2/install/usb_bulk_node/share/usb_bulk_node/local_setup.sh
[6.779s] -- Symlinking: /home/ares/ares_code_projects/R2/install/usb_bulk_node/share/usb_bulk_node/local_setup.zsh
[6.783s] -- Symlinking: /home/ares/ares_code_projects/R2/install/usb_bulk_node/share/usb_bulk_node/local_setup.dsv
[6.787s] -- Symlinking: /home/ares/ares_code_projects/R2/install/usb_bulk_node/share/usb_bulk_node/package.dsv
[6.791s] -- Symlinking: /home/ares/ares_code_projects/R2/install/usb_bulk_node/share/ament_index/resource_index/packages/usb_bulk_node
[6.797s] -- Symlinking: /home/ares/ares_code_projects/R2/install/usb_bulk_node/share/usb_bulk_node/cmake/usb_bulk_nodeConfig.cmake
[6.802s] -- Symlinking: /home/ares/ares_code_projects/R2/install/usb_bulk_node/share/usb_bulk_node/cmake/usb_bulk_nodeConfig-version.cmake
[6.807s] -- Symlinking: /home/ares/ares_code_projects/R2/install/usb_bulk_node/share/usb_bulk_node/package.xml
[6.815s] Invoked command in '/home/ares/ares_code_projects/R2/build/usb_bulk_node' returned '0': CMAKE_PREFIX_PATH=${CMAKE_PREFIX_PATH}:/home/ares/ares_code_projects/R1/install/omni_mpc_controller:/home/ares/ares_code_projects/R1/install/laser:/opt/ros/humble CONDA_PROMPT_MODIFIER=(base) /usr/bin/cmake --install /home/ares/ares_code_projects/R2/build/usb_bulk_node
