[0.006s] Invoking command in '/home/ares/ares_code_projects/R1/build/my_robot_bringup': CMAKE_PREFIX_PATH=/home/ares/ares_code_projects/R1/install/my_robot_description:/home/ares/ares_code_projects/R1/install/usb_bulk_node:/home/ares/ares_code_projects/R1/install/sllidar_ros2:/home/ares/ares_code_projects/R1/install/myrobot_controller:/home/ares/ares_code_projects/R1/install/my_robot_bringup:/home/ares/ros2_ws/install/zed_ros2:/home/ares/ros2_ws/install/zed_wrapper:/home/ares/ros2_ws/install/zed_components:/home/ares/ros2_ws/install/hoop_detector:/home/ares/ros2_ws/install/hik_camera:/home/ares/ares_code_projects/R1/install/omni_mpc_controller:/home/ares/ares_code_projects/R1/install/laser:/opt/ros/humble CONDA_PROMPT_MODIFIER=(test) /usr/bin/cmake /home/ares/ares_code_projects/R1/src/my_robot_bringup -DAMENT_CMAKE_SYMLINK_INSTALL=1 -DCMAKE_INSTALL_PREFIX=/home/ares/ares_code_projects/R1/install/my_robot_bringup
[0.039s] -- The C compiler identification is GNU 11.4.0
[0.074s] -- The CXX compiler identification is GNU 11.4.0
[0.078s] -- Detecting C compiler ABI info
[0.122s] -- Detecting C compiler ABI info - done
[0.128s] -- Check for working C compiler: /usr/bin/cc - skipped
[0.128s] -- Detecting C compile features
[0.128s] -- Detecting C compile features - done
[0.130s] -- Detecting CXX compiler ABI info
[0.180s] -- Detecting CXX compiler ABI info - done
[0.184s] -- Check for working CXX compiler: /usr/bin/c++ - skipped
[0.185s] -- Detecting CXX compile features
[0.185s] -- Detecting CXX compile features - done
[0.186s] -- Found ament_cmake: 1.3.11 (/opt/ros/humble/share/ament_cmake/cmake)
[0.585s] -- Found Python3: /home/ares/miniconda3/envs/test/bin/python3 (found version "3.10.18") found components: Interpreter 
[0.680s] -- Override CMake install command with custom implementation using symlinks instead of copying resources
[0.725s] -- Found rclpy: 3.3.16 (/opt/ros/humble/share/rclpy/cmake)
[0.971s] -- Configuring done
[0.973s] -- Generating done
[0.975s] -- Build files have been written to: /home/ares/ares_code_projects/R1/build/my_robot_bringup
[0.988s] Invoked command in '/home/ares/ares_code_projects/R1/build/my_robot_bringup' returned '0': CMAKE_PREFIX_PATH=/home/ares/ares_code_projects/R1/install/my_robot_description:/home/ares/ares_code_projects/R1/install/usb_bulk_node:/home/ares/ares_code_projects/R1/install/sllidar_ros2:/home/ares/ares_code_projects/R1/install/myrobot_controller:/home/ares/ares_code_projects/R1/install/my_robot_bringup:/home/ares/ros2_ws/install/zed_ros2:/home/ares/ros2_ws/install/zed_wrapper:/home/ares/ros2_ws/install/zed_components:/home/ares/ros2_ws/install/hoop_detector:/home/ares/ros2_ws/install/hik_camera:/home/ares/ares_code_projects/R1/install/omni_mpc_controller:/home/ares/ares_code_projects/R1/install/laser:/opt/ros/humble CONDA_PROMPT_MODIFIER=(test) /usr/bin/cmake /home/ares/ares_code_projects/R1/src/my_robot_bringup -DAMENT_CMAKE_SYMLINK_INSTALL=1 -DCMAKE_INSTALL_PREFIX=/home/ares/ares_code_projects/R1/install/my_robot_bringup
[0.989s] Invoking command in '/home/ares/ares_code_projects/R1/build/my_robot_bringup': CMAKE_PREFIX_PATH=/home/ares/ares_code_projects/R1/install/my_robot_description:/home/ares/ares_code_projects/R1/install/usb_bulk_node:/home/ares/ares_code_projects/R1/install/sllidar_ros2:/home/ares/ares_code_projects/R1/install/myrobot_controller:/home/ares/ares_code_projects/R1/install/my_robot_bringup:/home/ares/ros2_ws/install/zed_ros2:/home/ares/ros2_ws/install/zed_wrapper:/home/ares/ros2_ws/install/zed_components:/home/ares/ros2_ws/install/hoop_detector:/home/ares/ros2_ws/install/hik_camera:/home/ares/ares_code_projects/R1/install/omni_mpc_controller:/home/ares/ares_code_projects/R1/install/laser:/opt/ros/humble CONDA_PROMPT_MODIFIER=(test) /usr/bin/cmake --build /home/ares/ares_code_projects/R1/build/my_robot_bringup -- -j16 -l16
[1.035s] Invoked command in '/home/ares/ares_code_projects/R1/build/my_robot_bringup' returned '0': CMAKE_PREFIX_PATH=/home/ares/ares_code_projects/R1/install/my_robot_description:/home/ares/ares_code_projects/R1/install/usb_bulk_node:/home/ares/ares_code_projects/R1/install/sllidar_ros2:/home/ares/ares_code_projects/R1/install/myrobot_controller:/home/ares/ares_code_projects/R1/install/my_robot_bringup:/home/ares/ros2_ws/install/zed_ros2:/home/ares/ros2_ws/install/zed_wrapper:/home/ares/ros2_ws/install/zed_components:/home/ares/ros2_ws/install/hoop_detector:/home/ares/ros2_ws/install/hik_camera:/home/ares/ares_code_projects/R1/install/omni_mpc_controller:/home/ares/ares_code_projects/R1/install/laser:/opt/ros/humble CONDA_PROMPT_MODIFIER=(test) /usr/bin/cmake --build /home/ares/ares_code_projects/R1/build/my_robot_bringup -- -j16 -l16
[1.040s] Invoking command in '/home/ares/ares_code_projects/R1/build/my_robot_bringup': CMAKE_PREFIX_PATH=/home/ares/ares_code_projects/R1/install/my_robot_description:/home/ares/ares_code_projects/R1/install/usb_bulk_node:/home/ares/ares_code_projects/R1/install/sllidar_ros2:/home/ares/ares_code_projects/R1/install/myrobot_controller:/home/ares/ares_code_projects/R1/install/my_robot_bringup:/home/ares/ros2_ws/install/zed_ros2:/home/ares/ros2_ws/install/zed_wrapper:/home/ares/ros2_ws/install/zed_components:/home/ares/ros2_ws/install/hoop_detector:/home/ares/ros2_ws/install/hik_camera:/home/ares/ares_code_projects/R1/install/omni_mpc_controller:/home/ares/ares_code_projects/R1/install/laser:/opt/ros/humble CONDA_PROMPT_MODIFIER=(test) /usr/bin/cmake --install /home/ares/ares_code_projects/R1/build/my_robot_bringup
[1.045s] -- Install configuration: ""
[1.046s] -- Execute custom install script
[1.050s] -- Symlinking: /home/ares/ares_code_projects/R1/install/my_robot_bringup/share/my_robot_bringup/launch/my_robot.launch.py
[1.057s] -- Symlinking: /home/ares/ares_code_projects/R1/install/my_robot_bringup/share/my_robot_bringup/launch/my_robot_gazebo.launch.xml
[1.070s] -- Symlinking: /home/ares/ares_code_projects/R1/install/my_robot_bringup/share/my_robot_bringup/launch/wheel_test.launch.py
[1.079s] -- Symlinking: /home/ares/ares_code_projects/R1/install/my_robot_bringup/share/my_robot_bringup/rviz/urdf_config.rviz
[1.096s] -- Symlinking: /home/ares/ares_code_projects/R1/install/my_robot_bringup/share/my_robot_bringup/src/robot_controller.py
[1.096s] -- Symlinking: /home/ares/ares_code_projects/R1/install/my_robot_bringup/share/ament_index/resource_index/package_run_dependencies/my_robot_bringup
[1.103s] -- Symlinking: /home/ares/ares_code_projects/R1/install/my_robot_bringup/share/ament_index/resource_index/parent_prefix_path/my_robot_bringup
[1.111s] -- Symlinking: /home/ares/ares_code_projects/R1/install/my_robot_bringup/share/my_robot_bringup/environment/ament_prefix_path.sh
[1.119s] -- Symlinking: /home/ares/ares_code_projects/R1/install/my_robot_bringup/share/my_robot_bringup/environment/ament_prefix_path.dsv
[1.126s] -- Symlinking: /home/ares/ares_code_projects/R1/install/my_robot_bringup/share/my_robot_bringup/environment/path.sh
[1.134s] -- Symlinking: /home/ares/ares_code_projects/R1/install/my_robot_bringup/share/my_robot_bringup/environment/path.dsv
[1.144s] -- Symlinking: /home/ares/ares_code_projects/R1/install/my_robot_bringup/share/my_robot_bringup/local_setup.bash
[1.153s] -- Symlinking: /home/ares/ares_code_projects/R1/install/my_robot_bringup/share/my_robot_bringup/local_setup.sh
[1.164s] -- Symlinking: /home/ares/ares_code_projects/R1/install/my_robot_bringup/share/my_robot_bringup/local_setup.zsh
[1.173s] -- Symlinking: /home/ares/ares_code_projects/R1/install/my_robot_bringup/share/my_robot_bringup/local_setup.dsv
[1.175s] -- Symlinking: /home/ares/ares_code_projects/R1/install/my_robot_bringup/share/my_robot_bringup/package.dsv
[1.184s] -- Symlinking: /home/ares/ares_code_projects/R1/install/my_robot_bringup/share/ament_index/resource_index/packages/my_robot_bringup
[1.191s] -- Symlinking: /home/ares/ares_code_projects/R1/install/my_robot_bringup/share/my_robot_bringup/cmake/my_robot_bringupConfig.cmake
[1.200s] -- Symlinking: /home/ares/ares_code_projects/R1/install/my_robot_bringup/share/my_robot_bringup/cmake/my_robot_bringupConfig-version.cmake
[1.207s] -- Symlinking: /home/ares/ares_code_projects/R1/install/my_robot_bringup/share/my_robot_bringup/package.xml
[1.217s] Invoked command in '/home/ares/ares_code_projects/R1/build/my_robot_bringup' returned '0': CMAKE_PREFIX_PATH=/home/ares/ares_code_projects/R1/install/my_robot_description:/home/ares/ares_code_projects/R1/install/usb_bulk_node:/home/ares/ares_code_projects/R1/install/sllidar_ros2:/home/ares/ares_code_projects/R1/install/myrobot_controller:/home/ares/ares_code_projects/R1/install/my_robot_bringup:/home/ares/ros2_ws/install/zed_ros2:/home/ares/ros2_ws/install/zed_wrapper:/home/ares/ros2_ws/install/zed_components:/home/ares/ros2_ws/install/hoop_detector:/home/ares/ros2_ws/install/hik_camera:/home/ares/ares_code_projects/R1/install/omni_mpc_controller:/home/ares/ares_code_projects/R1/install/laser:/opt/ros/humble CONDA_PROMPT_MODIFIER=(test) /usr/bin/cmake --install /home/ares/ares_code_projects/R1/build/my_robot_bringup
