[0.290s] Invoking command in '/home/ares/ares_code_projects/build/sllidar_ros2': CMAKE_PREFIX_PATH=${CMAKE_PREFIX_PATH}:/home/ares/ares_code_projects/R1/install/omni_mpc_controller:/home/ares/ares_code_projects/R1/install/laser:/home/ares/Desktop/dog/install/omni_mpc_controller:/home/ares/Desktop/dog/install/laser:/opt/ros/humble CONDA_PROMPT_MODIFIER=(base) /usr/bin/cmake --build /home/ares/ares_code_projects/build/sllidar_ros2 -- -j16 -l16
[0.314s] [35m[1mConsolidate compiler generated dependencies of target sllidar_client[0m
[0.317s] [35m[1mConsolidate compiler generated dependencies of target sllidar_node[0m
[0.326s] [ 10%] Built target sllidar_client
[0.345s] [100%] Built target sllidar_node
[0.353s] Invoked command in '/home/ares/ares_code_projects/build/sllidar_ros2' returned '0': CMAKE_PREFIX_PATH=${CMAKE_PREFIX_PATH}:/home/ares/ares_code_projects/R1/install/omni_mpc_controller:/home/ares/ares_code_projects/R1/install/laser:/home/ares/Desktop/dog/install/omni_mpc_controller:/home/ares/Desktop/dog/install/laser:/opt/ros/humble CONDA_PROMPT_MODIFIER=(base) /usr/bin/cmake --build /home/ares/ares_code_projects/build/sllidar_ros2 -- -j16 -l16
[0.356s] Invoking command in '/home/ares/ares_code_projects/build/sllidar_ros2': CMAKE_PREFIX_PATH=${CMAKE_PREFIX_PATH}:/home/ares/ares_code_projects/R1/install/omni_mpc_controller:/home/ares/ares_code_projects/R1/install/laser:/home/ares/Desktop/dog/install/omni_mpc_controller:/home/ares/Desktop/dog/install/laser:/opt/ros/humble CONDA_PROMPT_MODIFIER=(base) /usr/bin/cmake --install /home/ares/ares_code_projects/build/sllidar_ros2
[0.359s] -- Install configuration: ""
[0.360s] -- Execute custom install script
[0.360s] -- Up-to-date symlink: /home/ares/ares_code_projects/install/sllidar_ros2/share/sllidar_ros2/launch/sllidar_a1_launch.py
[0.360s] -- Up-to-date symlink: /home/ares/ares_code_projects/install/sllidar_ros2/share/sllidar_ros2/launch/sllidar_a2m12_launch .py
[0.361s] -- Up-to-date symlink: /home/ares/ares_code_projects/install/sllidar_ros2/share/sllidar_ros2/launch/sllidar_a2m7_launch.py
[0.361s] -- Up-to-date symlink: /home/ares/ares_code_projects/install/sllidar_ros2/share/sllidar_ros2/launch/sllidar_a2m8_launch.py
[0.361s] -- Up-to-date symlink: /home/ares/ares_code_projects/install/sllidar_ros2/share/sllidar_ros2/launch/sllidar_a3_launch.py
[0.361s] -- Up-to-date symlink: /home/ares/ares_code_projects/install/sllidar_ros2/share/sllidar_ros2/launch/sllidar_c1_launch.py
[0.361s] -- Up-to-date symlink: /home/ares/ares_code_projects/install/sllidar_ros2/share/sllidar_ros2/launch/sllidar_s1_launch.py
[0.361s] -- Up-to-date symlink: /home/ares/ares_code_projects/install/sllidar_ros2/share/sllidar_ros2/launch/sllidar_s1_tcp_launch.py
[0.361s] -- Up-to-date symlink: /home/ares/ares_code_projects/install/sllidar_ros2/share/sllidar_ros2/launch/sllidar_s2_launch.py
[0.362s] -- Up-to-date symlink: /home/ares/ares_code_projects/install/sllidar_ros2/share/sllidar_ros2/launch/sllidar_s2e_launch.py
[0.362s] -- Up-to-date symlink: /home/ares/ares_code_projects/install/sllidar_ros2/share/sllidar_ros2/launch/sllidar_s3_launch.py
[0.362s] -- Up-to-date symlink: /home/ares/ares_code_projects/install/sllidar_ros2/share/sllidar_ros2/launch/sllidar_t1_launch.py
[0.362s] -- Up-to-date symlink: /home/ares/ares_code_projects/install/sllidar_ros2/share/sllidar_ros2/launch/view_sllidar_a1_launch.py
[0.362s] -- Up-to-date symlink: /home/ares/ares_code_projects/install/sllidar_ros2/share/sllidar_ros2/launch/view_sllidar_a2m12_launch.py
[0.362s] -- Up-to-date symlink: /home/ares/ares_code_projects/install/sllidar_ros2/share/sllidar_ros2/launch/view_sllidar_a2m7_launch.py
[0.362s] -- Up-to-date symlink: /home/ares/ares_code_projects/install/sllidar_ros2/share/sllidar_ros2/launch/view_sllidar_a2m8_launch.py
[0.362s] -- Up-to-date symlink: /home/ares/ares_code_projects/install/sllidar_ros2/share/sllidar_ros2/launch/view_sllidar_a3_launch.py
[0.362s] -- Up-to-date symlink: /home/ares/ares_code_projects/install/sllidar_ros2/share/sllidar_ros2/launch/view_sllidar_c1_launch.py
[0.363s] -- Up-to-date symlink: /home/ares/ares_code_projects/install/sllidar_ros2/share/sllidar_ros2/launch/view_sllidar_s1_launch.py
[0.363s] -- Up-to-date symlink: /home/ares/ares_code_projects/install/sllidar_ros2/share/sllidar_ros2/launch/view_sllidar_s1_tcp_launch.py
[0.363s] -- Up-to-date symlink: /home/ares/ares_code_projects/install/sllidar_ros2/share/sllidar_ros2/launch/view_sllidar_s2_launch.py
[0.363s] -- Up-to-date symlink: /home/ares/ares_code_projects/install/sllidar_ros2/share/sllidar_ros2/launch/view_sllidar_s2e_launch.py
[0.363s] -- Up-to-date symlink: /home/ares/ares_code_projects/install/sllidar_ros2/share/sllidar_ros2/launch/view_sllidar_s3_launch.py
[0.363s] -- Up-to-date symlink: /home/ares/ares_code_projects/install/sllidar_ros2/share/sllidar_ros2/launch/view_sllidar_t1_launch.py
[0.363s] -- Up-to-date symlink: /home/ares/ares_code_projects/install/sllidar_ros2/share/sllidar_ros2/rviz/sllidar_ros2.rviz
[0.363s] -- Up-to-date symlink: /home/ares/ares_code_projects/install/sllidar_ros2/lib/sllidar_ros2/sllidar_node
[0.363s] -- Up-to-date symlink: /home/ares/ares_code_projects/install/sllidar_ros2/lib/sllidar_ros2/sllidar_client
[0.364s] -- Up-to-date symlink: /home/ares/ares_code_projects/install/sllidar_ros2/share/ament_index/resource_index/package_run_dependencies/sllidar_ros2
[0.364s] -- Up-to-date symlink: /home/ares/ares_code_projects/install/sllidar_ros2/share/ament_index/resource_index/parent_prefix_path/sllidar_ros2
[0.364s] -- Up-to-date symlink: /home/ares/ares_code_projects/install/sllidar_ros2/share/sllidar_ros2/environment/ament_prefix_path.sh
[0.364s] -- Up-to-date symlink: /home/ares/ares_code_projects/install/sllidar_ros2/share/sllidar_ros2/environment/ament_prefix_path.dsv
[0.364s] -- Up-to-date symlink: /home/ares/ares_code_projects/install/sllidar_ros2/share/sllidar_ros2/environment/path.sh
[0.364s] -- Up-to-date symlink: /home/ares/ares_code_projects/install/sllidar_ros2/share/sllidar_ros2/environment/path.dsv
[0.364s] -- Up-to-date symlink: /home/ares/ares_code_projects/install/sllidar_ros2/share/sllidar_ros2/local_setup.bash
[0.364s] -- Up-to-date symlink: /home/ares/ares_code_projects/install/sllidar_ros2/share/sllidar_ros2/local_setup.sh
[0.364s] -- Up-to-date symlink: /home/ares/ares_code_projects/install/sllidar_ros2/share/sllidar_ros2/local_setup.zsh
[0.364s] -- Up-to-date symlink: /home/ares/ares_code_projects/install/sllidar_ros2/share/sllidar_ros2/local_setup.dsv
[0.364s] -- Symlinking: /home/ares/ares_code_projects/install/sllidar_ros2/share/sllidar_ros2/package.dsv
[0.366s] -- Up-to-date symlink: /home/ares/ares_code_projects/install/sllidar_ros2/share/ament_index/resource_index/packages/sllidar_ros2
[0.366s] -- Up-to-date symlink: /home/ares/ares_code_projects/install/sllidar_ros2/share/sllidar_ros2/cmake/ament_cmake_export_dependencies-extras.cmake
[0.367s] -- Up-to-date symlink: /home/ares/ares_code_projects/install/sllidar_ros2/share/sllidar_ros2/cmake/ament_cmake_export_include_directories-extras.cmake
[0.367s] -- Up-to-date symlink: /home/ares/ares_code_projects/install/sllidar_ros2/share/sllidar_ros2/cmake/sllidar_ros2Config.cmake
[0.367s] -- Up-to-date symlink: /home/ares/ares_code_projects/install/sllidar_ros2/share/sllidar_ros2/cmake/sllidar_ros2Config-version.cmake
[0.367s] -- Up-to-date symlink: /home/ares/ares_code_projects/install/sllidar_ros2/share/sllidar_ros2/package.xml
[0.378s] Invoked command in '/home/ares/ares_code_projects/build/sllidar_ros2' returned '0': CMAKE_PREFIX_PATH=${CMAKE_PREFIX_PATH}:/home/ares/ares_code_projects/R1/install/omni_mpc_controller:/home/ares/ares_code_projects/R1/install/laser:/home/ares/Desktop/dog/install/omni_mpc_controller:/home/ares/Desktop/dog/install/laser:/opt/ros/humble CONDA_PROMPT_MODIFIER=(base) /usr/bin/cmake --install /home/ares/ares_code_projects/build/sllidar_ros2
