-- Found ament_cmake: 1.3.11 (/opt/ros/humble/share/ament_cmake/cmake)
-- Override CMake install command with custom implementation using symlinks instead of copying resources
-- Found rclpy: 3.3.16 (/opt/ros/humble/share/rclpy/cmake)
-- Found std_msgs: 4.9.0 (/opt/ros/humble/share/std_msgs/cmake)
-- Found rosidl_generator_c: 3.1.6 (/opt/ros/humble/share/rosidl_generator_c/cmake)
-- Found rosidl_adapter: 3.1.6 (/opt/ros/humble/share/rosidl_adapter/cmake)
-- Found rosidl_generator_cpp: 3.1.6 (/opt/ros/humble/share/rosidl_generator_cpp/cmake)
-- Using all available rosidl_typesupport_c: rosidl_typesupport_fastrtps_c;rosidl_typesupport_introspection_c
-- Using all available rosidl_typesupport_cpp: rosidl_typesupport_fastrtps_cpp;rosidl_typesupport_introspection_cpp
-- Found geometry_msgs: 4.9.0 (/opt/ros/humble/share/geometry_msgs/cmake)
-- Found rclcpp: 16.0.12 (/opt/ros/humble/share/rclcpp/cmake)
-- Found rmw_implementation_cmake: 6.1.2 (/opt/ros/humble/share/rmw_implementation_cmake/cmake)
-- Found rmw_fastrtps_cpp: 6.2.7 (/opt/ros/humble/share/rmw_fastrtps_cpp/cmake)
-- Using RMW implementation 'rmw_fastrtps_cpp' as default
-- Found ament_lint_auto: 0.12.12 (/opt/ros/humble/share/ament_lint_auto/cmake)
-- Added test 'cppcheck' to perform static code analysis on C / C++ code
-- Configured cppcheck include dirs: /home/ares/ares_code_projects/R1/src/myrobot_controller/include
-- Configured cppcheck exclude dirs and/or files: 
-- Added test 'flake8' to check Python code syntax and style conventions
-- Added test 'lint_cmake' to check CMake code style
-- Added test 'pep257' to check Python code against some of the docstring style conventions in PEP 257
-- Added test 'uncrustify' to check C / C++ code style
-- Configured uncrustify additional arguments: 
-- Added test 'xmllint' to check XML markup files
-- Configuring done
-- Generating done
-- Build files have been written to: /home/ares/ares_code_projects/R1/build/myrobot_controller
[35m[1mConsolidate compiler generated dependencies of target simple_controller[0m
[  0%] Built target ament_cmake_python_symlink_myrobot_controller
[ 50%] [32mBuilding CXX object CMakeFiles/simple_controller.dir/src/simple_controller.cpp.o[0m
running egg_info
writing myrobot_controller.egg-info/PKG-INFO
writing dependency_links to myrobot_controller.egg-info/dependency_links.txt
writing top-level names to myrobot_controller.egg-info/top_level.txt
reading manifest file 'myrobot_controller.egg-info/SOURCES.txt'
writing manifest file 'myrobot_controller.egg-info/SOURCES.txt'
[ 50%] Built target ament_cmake_python_build_myrobot_controller_egg
[100%] [32m[1mLinking CXX executable simple_controller[0m
[100%] Built target simple_controller
-- Install configuration: "Release"
-- Execute custom install script
-- Up-to-date symlink: /home/ares/ares_code_projects/R1/install/myrobot_controller/share/myrobot_controller/environment/pythonpath.sh
-- Up-to-date symlink: /home/ares/ares_code_projects/R1/install/myrobot_controller/share/myrobot_controller/environment/pythonpath.dsv
-- Up-to-date symlink: /home/ares/ares_code_projects/R1/install/myrobot_controller/lib/python3.13/site-packages/myrobot_controller-0.0.0-py3.13.egg-info/PKG-INFO
-- Up-to-date symlink: /home/ares/ares_code_projects/R1/install/myrobot_controller/lib/python3.13/site-packages/myrobot_controller-0.0.0-py3.13.egg-info/SOURCES.txt
-- Up-to-date symlink: /home/ares/ares_code_projects/R1/install/myrobot_controller/lib/python3.13/site-packages/myrobot_controller-0.0.0-py3.13.egg-info/dependency_links.txt
-- Up-to-date symlink: /home/ares/ares_code_projects/R1/install/myrobot_controller/lib/python3.13/site-packages/myrobot_controller-0.0.0-py3.13.egg-info/top_level.txt
-- Up-to-date symlink: /home/ares/ares_code_projects/R1/install/myrobot_controller/lib/python3.13/site-packages/myrobot_controller/__init__.py
-- Up-to-date symlink: /home/ares/ares_code_projects/R1/install/myrobot_controller/lib/python3.13/site-packages/myrobot_controller/read_imu_yaw.py
-- Up-to-date symlink: /home/ares/ares_code_projects/R1/install/myrobot_controller/lib/python3.13/site-packages/myrobot_controller/read_laser copy.py
-- Up-to-date symlink: /home/ares/ares_code_projects/R1/install/myrobot_controller/lib/python3.13/site-packages/myrobot_controller/read_laser.py
-- Up-to-date symlink: /home/ares/ares_code_projects/R1/install/myrobot_controller/lib/python3.13/site-packages/myrobot_controller/simple_controller.py
-- Up-to-date symlink: /home/ares/ares_code_projects/R1/install/myrobot_controller/lib/python3.13/site-packages/myrobot_controller/test_cmd.py
-- Up-to-date symlink: /home/ares/ares_code_projects/R1/install/myrobot_controller/include/include/myrobot_controller/simple_controller.hpp
-- Up-to-date symlink: /home/ares/ares_code_projects/R1/install/myrobot_controller/lib/myrobot_controller/simple_controller
-- Up-to-date symlink: /home/ares/ares_code_projects/R1/install/myrobot_controller/share/myrobot_controller/config/joy_config.yaml
-- Up-to-date symlink: /home/ares/ares_code_projects/R1/install/myrobot_controller/share/myrobot_controller/config/joy_teleop.yaml
-- Up-to-date symlink: /home/ares/ares_code_projects/R1/install/myrobot_controller/share/myrobot_controller/config/myrobot_controllers.yaml
-- Up-to-date symlink: /home/ares/ares_code_projects/R1/install/myrobot_controller/share/myrobot_controller/launch/controller.launch.py
-- Up-to-date symlink: /home/ares/ares_code_projects/R1/install/myrobot_controller/share/myrobot_controller/launch/joystick_teleop.launch.py
-- Up-to-date symlink: /home/ares/ares_code_projects/R1/install/myrobot_controller/lib/myrobot_controller/simple_controller.py
-- Up-to-date symlink: /home/ares/ares_code_projects/R1/install/myrobot_controller/share/ament_index/resource_index/package_run_dependencies/myrobot_controller
-- Up-to-date symlink: /home/ares/ares_code_projects/R1/install/myrobot_controller/share/ament_index/resource_index/parent_prefix_path/myrobot_controller
-- Up-to-date symlink: /home/ares/ares_code_projects/R1/install/myrobot_controller/share/myrobot_controller/environment/ament_prefix_path.sh
-- Up-to-date symlink: /home/ares/ares_code_projects/R1/install/myrobot_controller/share/myrobot_controller/environment/ament_prefix_path.dsv
-- Up-to-date symlink: /home/ares/ares_code_projects/R1/install/myrobot_controller/share/myrobot_controller/environment/path.sh
-- Up-to-date symlink: /home/ares/ares_code_projects/R1/install/myrobot_controller/share/myrobot_controller/environment/path.dsv
-- Up-to-date symlink: /home/ares/ares_code_projects/R1/install/myrobot_controller/share/myrobot_controller/local_setup.bash
-- Up-to-date symlink: /home/ares/ares_code_projects/R1/install/myrobot_controller/share/myrobot_controller/local_setup.sh
-- Up-to-date symlink: /home/ares/ares_code_projects/R1/install/myrobot_controller/share/myrobot_controller/local_setup.zsh
-- Up-to-date symlink: /home/ares/ares_code_projects/R1/install/myrobot_controller/share/myrobot_controller/local_setup.dsv
-- Symlinking: /home/ares/ares_code_projects/R1/install/myrobot_controller/share/myrobot_controller/package.dsv
-- Up-to-date symlink: /home/ares/ares_code_projects/R1/install/myrobot_controller/share/ament_index/resource_index/packages/myrobot_controller
-- Up-to-date symlink: /home/ares/ares_code_projects/R1/install/myrobot_controller/share/myrobot_controller/cmake/myrobot_controllerConfig.cmake
-- Up-to-date symlink: /home/ares/ares_code_projects/R1/install/myrobot_controller/share/myrobot_controller/cmake/myrobot_controllerConfig-version.cmake
-- Up-to-date symlink: /home/ares/ares_code_projects/R1/install/myrobot_controller/share/myrobot_controller/package.xml
Listing '/home/ares/ares_code_projects/R1/install/myrobot_controller/lib/python3.13/site-packages/myrobot_controller'...
