[0.166s] Invoking command in '/home/ares/ares_code_projects/R1/build/myrobot_controller': CMAKE_PREFIX_PATH=${CMAKE_PREFIX_PATH}:/home/ares/Desktop/dog/install/omni_mpc_controller:/home/ares/Desktop/dog/install/laser:/home/ares/ares_code_projects/R1/install/omni_mpc_controller:/home/ares/ares_code_projects/R1/install/laser:/opt/ros/humble CONDA_PROMPT_MODIFIER=(base) /usr/bin/cmake /home/ares/ares_code_projects/R1/src/myrobot_controller -DCMAKE_BUILD_TYPE=Release -DAMENT_CMAKE_SYMLINK_INSTALL=1 -DCMAKE_INSTALL_PREFIX=/home/ares/ares_code_projects/R1/install/myrobot_controller
[0.325s] -- Found ament_cmake: 1.3.11 (/opt/ros/humble/share/ament_cmake/cmake)
[0.326s] -- Override CMake install command with custom implementation using symlinks instead of copying resources
[0.326s] -- Found rclpy: 3.3.16 (/opt/ros/humble/share/rclpy/cmake)
[0.326s] -- Found std_msgs: 4.9.0 (/opt/ros/humble/share/std_msgs/cmake)
[0.326s] -- Found rosidl_generator_c: 3.1.6 (/opt/ros/humble/share/rosidl_generator_c/cmake)
[0.326s] -- Found rosidl_adapter: 3.1.6 (/opt/ros/humble/share/rosidl_adapter/cmake)
[0.326s] -- Found rosidl_generator_cpp: 3.1.6 (/opt/ros/humble/share/rosidl_generator_cpp/cmake)
[0.326s] -- Using all available rosidl_typesupport_c: rosidl_typesupport_fastrtps_c;rosidl_typesupport_introspection_c
[0.327s] -- Using all available rosidl_typesupport_cpp: rosidl_typesupport_fastrtps_cpp;rosidl_typesupport_introspection_cpp
[0.331s] -- Found geometry_msgs: 4.9.0 (/opt/ros/humble/share/geometry_msgs/cmake)
[0.344s] -- Found rclcpp: 16.0.12 (/opt/ros/humble/share/rclcpp/cmake)
[0.381s] -- Found rmw_implementation_cmake: 6.1.2 (/opt/ros/humble/share/rmw_implementation_cmake/cmake)
[0.384s] -- Found rmw_fastrtps_cpp: 6.2.7 (/opt/ros/humble/share/rmw_fastrtps_cpp/cmake)
[0.477s] -- Using RMW implementation 'rmw_fastrtps_cpp' as default
[0.578s] -- Found ament_lint_auto: 0.12.12 (/opt/ros/humble/share/ament_lint_auto/cmake)
[0.652s] -- Added test 'cppcheck' to perform static code analysis on C / C++ code
[0.652s] -- Configured cppcheck include dirs: /home/ares/ares_code_projects/R1/src/myrobot_controller/include
[0.652s] -- Configured cppcheck exclude dirs and/or files: 
[0.653s] -- Added test 'flake8' to check Python code syntax and style conventions
[0.653s] -- Added test 'lint_cmake' to check CMake code style
[0.653s] -- Added test 'pep257' to check Python code against some of the docstring style conventions in PEP 257
[0.654s] -- Added test 'uncrustify' to check C / C++ code style
[0.654s] -- Configured uncrustify additional arguments: 
[0.654s] -- Added test 'xmllint' to check XML markup files
[0.655s] -- Configuring done
[0.660s] -- Generating done
[0.662s] -- Build files have been written to: /home/ares/ares_code_projects/R1/build/myrobot_controller
[0.667s] Invoked command in '/home/ares/ares_code_projects/R1/build/myrobot_controller' returned '0': CMAKE_PREFIX_PATH=${CMAKE_PREFIX_PATH}:/home/ares/Desktop/dog/install/omni_mpc_controller:/home/ares/Desktop/dog/install/laser:/home/ares/ares_code_projects/R1/install/omni_mpc_controller:/home/ares/ares_code_projects/R1/install/laser:/opt/ros/humble CONDA_PROMPT_MODIFIER=(base) /usr/bin/cmake /home/ares/ares_code_projects/R1/src/myrobot_controller -DCMAKE_BUILD_TYPE=Release -DAMENT_CMAKE_SYMLINK_INSTALL=1 -DCMAKE_INSTALL_PREFIX=/home/ares/ares_code_projects/R1/install/myrobot_controller
[0.668s] Invoking command in '/home/ares/ares_code_projects/R1/build/myrobot_controller': CMAKE_PREFIX_PATH=${CMAKE_PREFIX_PATH}:/home/ares/Desktop/dog/install/omni_mpc_controller:/home/ares/Desktop/dog/install/laser:/home/ares/ares_code_projects/R1/install/omni_mpc_controller:/home/ares/ares_code_projects/R1/install/laser:/opt/ros/humble CONDA_PROMPT_MODIFIER=(base) /usr/bin/cmake --build /home/ares/ares_code_projects/R1/build/myrobot_controller -- -j16 -l16
[0.697s] [35m[1mConsolidate compiler generated dependencies of target simple_controller[0m
[0.705s] [  0%] Built target ament_cmake_python_symlink_myrobot_controller
[0.724s] [ 50%] [32mBuilding CXX object CMakeFiles/simple_controller.dir/src/simple_controller.cpp.o[0m
[0.843s] running egg_info
[0.863s] writing myrobot_controller.egg-info/PKG-INFO
[0.864s] writing dependency_links to myrobot_controller.egg-info/dependency_links.txt
[0.864s] writing top-level names to myrobot_controller.egg-info/top_level.txt
[0.907s] reading manifest file 'myrobot_controller.egg-info/SOURCES.txt'
[0.907s] writing manifest file 'myrobot_controller.egg-info/SOURCES.txt'
[0.956s] [ 50%] Built target ament_cmake_python_build_myrobot_controller_egg
[8.483s] [100%] [32m[1mLinking CXX executable simple_controller[0m
[8.568s] [100%] Built target simple_controller
[8.574s] Invoked command in '/home/ares/ares_code_projects/R1/build/myrobot_controller' returned '0': CMAKE_PREFIX_PATH=${CMAKE_PREFIX_PATH}:/home/ares/Desktop/dog/install/omni_mpc_controller:/home/ares/Desktop/dog/install/laser:/home/ares/ares_code_projects/R1/install/omni_mpc_controller:/home/ares/ares_code_projects/R1/install/laser:/opt/ros/humble CONDA_PROMPT_MODIFIER=(base) /usr/bin/cmake --build /home/ares/ares_code_projects/R1/build/myrobot_controller -- -j16 -l16
[8.575s] Invoking command in '/home/ares/ares_code_projects/R1/build/myrobot_controller': CMAKE_PREFIX_PATH=${CMAKE_PREFIX_PATH}:/home/ares/Desktop/dog/install/omni_mpc_controller:/home/ares/Desktop/dog/install/laser:/home/ares/ares_code_projects/R1/install/omni_mpc_controller:/home/ares/ares_code_projects/R1/install/laser:/opt/ros/humble CONDA_PROMPT_MODIFIER=(base) /usr/bin/cmake --install /home/ares/ares_code_projects/R1/build/myrobot_controller
[8.580s] -- Install configuration: "Release"
[8.581s] -- Execute custom install script
[8.581s] -- Up-to-date symlink: /home/ares/ares_code_projects/R1/install/myrobot_controller/share/myrobot_controller/environment/pythonpath.sh
[8.581s] -- Up-to-date symlink: /home/ares/ares_code_projects/R1/install/myrobot_controller/share/myrobot_controller/environment/pythonpath.dsv
[8.581s] -- Up-to-date symlink: /home/ares/ares_code_projects/R1/install/myrobot_controller/lib/python3.13/site-packages/myrobot_controller-0.0.0-py3.13.egg-info/PKG-INFO
[8.581s] -- Up-to-date symlink: /home/ares/ares_code_projects/R1/install/myrobot_controller/lib/python3.13/site-packages/myrobot_controller-0.0.0-py3.13.egg-info/SOURCES.txt
[8.582s] -- Up-to-date symlink: /home/ares/ares_code_projects/R1/install/myrobot_controller/lib/python3.13/site-packages/myrobot_controller-0.0.0-py3.13.egg-info/dependency_links.txt
[8.582s] -- Up-to-date symlink: /home/ares/ares_code_projects/R1/install/myrobot_controller/lib/python3.13/site-packages/myrobot_controller-0.0.0-py3.13.egg-info/top_level.txt
[8.582s] -- Up-to-date symlink: /home/ares/ares_code_projects/R1/install/myrobot_controller/lib/python3.13/site-packages/myrobot_controller/__init__.py
[8.582s] -- Up-to-date symlink: /home/ares/ares_code_projects/R1/install/myrobot_controller/lib/python3.13/site-packages/myrobot_controller/read_imu_yaw.py
[8.582s] -- Up-to-date symlink: /home/ares/ares_code_projects/R1/install/myrobot_controller/lib/python3.13/site-packages/myrobot_controller/read_laser copy.py
[8.582s] -- Up-to-date symlink: /home/ares/ares_code_projects/R1/install/myrobot_controller/lib/python3.13/site-packages/myrobot_controller/read_laser.py
[8.582s] -- Up-to-date symlink: /home/ares/ares_code_projects/R1/install/myrobot_controller/lib/python3.13/site-packages/myrobot_controller/simple_controller.py
[8.582s] -- Up-to-date symlink: /home/ares/ares_code_projects/R1/install/myrobot_controller/lib/python3.13/site-packages/myrobot_controller/test_cmd.py
[8.583s] -- Up-to-date symlink: /home/ares/ares_code_projects/R1/install/myrobot_controller/include/include/myrobot_controller/simple_controller.hpp
[8.583s] -- Up-to-date symlink: /home/ares/ares_code_projects/R1/install/myrobot_controller/lib/myrobot_controller/simple_controller
[8.583s] -- Up-to-date symlink: /home/ares/ares_code_projects/R1/install/myrobot_controller/share/myrobot_controller/config/joy_config.yaml
[8.583s] -- Up-to-date symlink: /home/ares/ares_code_projects/R1/install/myrobot_controller/share/myrobot_controller/config/joy_teleop.yaml
[8.583s] -- Up-to-date symlink: /home/ares/ares_code_projects/R1/install/myrobot_controller/share/myrobot_controller/config/myrobot_controllers.yaml
[8.583s] -- Up-to-date symlink: /home/ares/ares_code_projects/R1/install/myrobot_controller/share/myrobot_controller/launch/controller.launch.py
[8.583s] -- Up-to-date symlink: /home/ares/ares_code_projects/R1/install/myrobot_controller/share/myrobot_controller/launch/joystick_teleop.launch.py
[8.583s] -- Up-to-date symlink: /home/ares/ares_code_projects/R1/install/myrobot_controller/lib/myrobot_controller/simple_controller.py
[8.583s] -- Up-to-date symlink: /home/ares/ares_code_projects/R1/install/myrobot_controller/share/ament_index/resource_index/package_run_dependencies/myrobot_controller
[8.584s] -- Up-to-date symlink: /home/ares/ares_code_projects/R1/install/myrobot_controller/share/ament_index/resource_index/parent_prefix_path/myrobot_controller
[8.584s] -- Up-to-date symlink: /home/ares/ares_code_projects/R1/install/myrobot_controller/share/myrobot_controller/environment/ament_prefix_path.sh
[8.584s] -- Up-to-date symlink: /home/ares/ares_code_projects/R1/install/myrobot_controller/share/myrobot_controller/environment/ament_prefix_path.dsv
[8.584s] -- Up-to-date symlink: /home/ares/ares_code_projects/R1/install/myrobot_controller/share/myrobot_controller/environment/path.sh
[8.584s] -- Up-to-date symlink: /home/ares/ares_code_projects/R1/install/myrobot_controller/share/myrobot_controller/environment/path.dsv
[8.584s] -- Up-to-date symlink: /home/ares/ares_code_projects/R1/install/myrobot_controller/share/myrobot_controller/local_setup.bash
[8.584s] -- Up-to-date symlink: /home/ares/ares_code_projects/R1/install/myrobot_controller/share/myrobot_controller/local_setup.sh
[8.584s] -- Up-to-date symlink: /home/ares/ares_code_projects/R1/install/myrobot_controller/share/myrobot_controller/local_setup.zsh
[8.584s] -- Up-to-date symlink: /home/ares/ares_code_projects/R1/install/myrobot_controller/share/myrobot_controller/local_setup.dsv
[8.584s] -- Symlinking: /home/ares/ares_code_projects/R1/install/myrobot_controller/share/myrobot_controller/package.dsv
[8.588s] -- Up-to-date symlink: /home/ares/ares_code_projects/R1/install/myrobot_controller/share/ament_index/resource_index/packages/myrobot_controller
[8.588s] -- Up-to-date symlink: /home/ares/ares_code_projects/R1/install/myrobot_controller/share/myrobot_controller/cmake/myrobot_controllerConfig.cmake
[8.588s] -- Up-to-date symlink: /home/ares/ares_code_projects/R1/install/myrobot_controller/share/myrobot_controller/cmake/myrobot_controllerConfig-version.cmake
[8.589s] -- Up-to-date symlink: /home/ares/ares_code_projects/R1/install/myrobot_controller/share/myrobot_controller/package.xml
[8.609s] Listing '/home/ares/ares_code_projects/R1/install/myrobot_controller/lib/python3.13/site-packages/myrobot_controller'...
[8.613s] Invoked command in '/home/ares/ares_code_projects/R1/build/myrobot_controller' returned '0': CMAKE_PREFIX_PATH=${CMAKE_PREFIX_PATH}:/home/ares/Desktop/dog/install/omni_mpc_controller:/home/ares/Desktop/dog/install/laser:/home/ares/ares_code_projects/R1/install/omni_mpc_controller:/home/ares/ares_code_projects/R1/install/laser:/opt/ros/humble CONDA_PROMPT_MODIFIER=(base) /usr/bin/cmake --install /home/ares/ares_code_projects/R1/build/myrobot_controller
