[0.005s] Invoking command in '/home/ares/ares_code_projects/R1/build/my_robot_bringup': CMAKE_PREFIX_PATH=/home/ares/ares_code_projects/R1/install/my_robot_description:/home/ares/ares_code_projects/R1/install/usb_bulk_node:/home/ares/ares_code_projects/R1/install/sllidar_ros2:/home/ares/ares_code_projects/R1/install/myrobot_controller:/home/ares/ares_code_projects/R1/install/my_robot_bringup:/home/ares/ros2_ws/install/zed_ros2:/home/ares/ros2_ws/install/zed_wrapper:/home/ares/ros2_ws/install/zed_components:/home/ares/ros2_ws/install/hoop_detector:/home/ares/ros2_ws/install/hik_camera:/home/ares/ares_code_projects/R1/install/omni_mpc_controller:/home/ares/ares_code_projects/R1/install/laser:/opt/ros/humble CONDA_PROMPT_MODIFIER=(base) /usr/bin/cmake /home/ares/ares_code_projects/R1/src/my_robot_bringup -DAMENT_CMAKE_SYMLINK_INSTALL=1 -DCMAKE_INSTALL_PREFIX=/home/ares/ares_code_projects/R1/install/my_robot_bringup
[0.038s] -- The C compiler identification is GNU 11.4.0
[0.071s] -- The CXX compiler identification is GNU 11.4.0
[0.075s] -- Detecting C compiler ABI info
[0.119s] -- Detecting C compiler ABI info - done
[0.124s] -- Check for working C compiler: /usr/bin/cc - skipped
[0.124s] -- Detecting C compile features
[0.124s] -- Detecting C compile features - done
[0.126s] -- Detecting CXX compiler ABI info
[0.178s] -- Detecting CXX compiler ABI info - done
[0.182s] -- Check for working CXX compiler: /usr/bin/c++ - skipped
[0.182s] -- Detecting CXX compile features
[0.183s] -- Detecting CXX compile features - done
[0.185s] -- Found ament_cmake: 1.3.11 (/opt/ros/humble/share/ament_cmake/cmake)
[0.746s] -- Found Python3: /home/ares/miniconda3/bin/python3 (found version "3.13.2") found components: Interpreter 
[0.844s] -- Override CMake install command with custom implementation using symlinks instead of copying resources
[0.886s] -- Found rclpy: 3.3.16 (/opt/ros/humble/share/rclpy/cmake)
[1.006s] -- Configuring done
[1.007s] -- Generating done
[1.011s] -- Build files have been written to: /home/ares/ares_code_projects/R1/build/my_robot_bringup
[1.013s] Invoked command in '/home/ares/ares_code_projects/R1/build/my_robot_bringup' returned '0': CMAKE_PREFIX_PATH=/home/ares/ares_code_projects/R1/install/my_robot_description:/home/ares/ares_code_projects/R1/install/usb_bulk_node:/home/ares/ares_code_projects/R1/install/sllidar_ros2:/home/ares/ares_code_projects/R1/install/myrobot_controller:/home/ares/ares_code_projects/R1/install/my_robot_bringup:/home/ares/ros2_ws/install/zed_ros2:/home/ares/ros2_ws/install/zed_wrapper:/home/ares/ros2_ws/install/zed_components:/home/ares/ros2_ws/install/hoop_detector:/home/ares/ros2_ws/install/hik_camera:/home/ares/ares_code_projects/R1/install/omni_mpc_controller:/home/ares/ares_code_projects/R1/install/laser:/opt/ros/humble CONDA_PROMPT_MODIFIER=(base) /usr/bin/cmake /home/ares/ares_code_projects/R1/src/my_robot_bringup -DAMENT_CMAKE_SYMLINK_INSTALL=1 -DCMAKE_INSTALL_PREFIX=/home/ares/ares_code_projects/R1/install/my_robot_bringup
[1.014s] Invoking command in '/home/ares/ares_code_projects/R1/build/my_robot_bringup': CMAKE_PREFIX_PATH=/home/ares/ares_code_projects/R1/install/my_robot_description:/home/ares/ares_code_projects/R1/install/usb_bulk_node:/home/ares/ares_code_projects/R1/install/sllidar_ros2:/home/ares/ares_code_projects/R1/install/myrobot_controller:/home/ares/ares_code_projects/R1/install/my_robot_bringup:/home/ares/ros2_ws/install/zed_ros2:/home/ares/ros2_ws/install/zed_wrapper:/home/ares/ros2_ws/install/zed_components:/home/ares/ros2_ws/install/hoop_detector:/home/ares/ros2_ws/install/hik_camera:/home/ares/ares_code_projects/R1/install/omni_mpc_controller:/home/ares/ares_code_projects/R1/install/laser:/opt/ros/humble CONDA_PROMPT_MODIFIER=(base) /usr/bin/cmake --build /home/ares/ares_code_projects/R1/build/my_robot_bringup -- -j16 -l16
[1.048s] Invoked command in '/home/ares/ares_code_projects/R1/build/my_robot_bringup' returned '0': CMAKE_PREFIX_PATH=/home/ares/ares_code_projects/R1/install/my_robot_description:/home/ares/ares_code_projects/R1/install/usb_bulk_node:/home/ares/ares_code_projects/R1/install/sllidar_ros2:/home/ares/ares_code_projects/R1/install/myrobot_controller:/home/ares/ares_code_projects/R1/install/my_robot_bringup:/home/ares/ros2_ws/install/zed_ros2:/home/ares/ros2_ws/install/zed_wrapper:/home/ares/ros2_ws/install/zed_components:/home/ares/ros2_ws/install/hoop_detector:/home/ares/ros2_ws/install/hik_camera:/home/ares/ares_code_projects/R1/install/omni_mpc_controller:/home/ares/ares_code_projects/R1/install/laser:/opt/ros/humble CONDA_PROMPT_MODIFIER=(base) /usr/bin/cmake --build /home/ares/ares_code_projects/R1/build/my_robot_bringup -- -j16 -l16
[1.050s] Invoking command in '/home/ares/ares_code_projects/R1/build/my_robot_bringup': CMAKE_PREFIX_PATH=/home/ares/ares_code_projects/R1/install/my_robot_description:/home/ares/ares_code_projects/R1/install/usb_bulk_node:/home/ares/ares_code_projects/R1/install/sllidar_ros2:/home/ares/ares_code_projects/R1/install/myrobot_controller:/home/ares/ares_code_projects/R1/install/my_robot_bringup:/home/ares/ros2_ws/install/zed_ros2:/home/ares/ros2_ws/install/zed_wrapper:/home/ares/ros2_ws/install/zed_components:/home/ares/ros2_ws/install/hoop_detector:/home/ares/ros2_ws/install/hik_camera:/home/ares/ares_code_projects/R1/install/omni_mpc_controller:/home/ares/ares_code_projects/R1/install/laser:/opt/ros/humble CONDA_PROMPT_MODIFIER=(base) /usr/bin/cmake --install /home/ares/ares_code_projects/R1/build/my_robot_bringup
[1.056s] -- Install configuration: ""
[1.057s] -- Execute custom install script
[1.057s] -- Symlinking: /home/ares/ares_code_projects/R1/install/my_robot_bringup/share/my_robot_bringup/launch/my_robot.launch.py
[1.063s] -- Symlinking: /home/ares/ares_code_projects/R1/install/my_robot_bringup/share/my_robot_bringup/launch/my_robot_gazebo.launch.xml
[1.069s] -- Symlinking: /home/ares/ares_code_projects/R1/install/my_robot_bringup/share/my_robot_bringup/launch/wheel_test.launch.py
[1.074s] -- Symlinking: /home/ares/ares_code_projects/R1/install/my_robot_bringup/share/my_robot_bringup/rviz/urdf_config.rviz
[1.081s] -- Symlinking: /home/ares/ares_code_projects/R1/install/my_robot_bringup/share/my_robot_bringup/src/robot_controller.py
[1.087s] -- Symlinking: /home/ares/ares_code_projects/R1/install/my_robot_bringup/share/ament_index/resource_index/package_run_dependencies/my_robot_bringup
[1.093s] -- Symlinking: /home/ares/ares_code_projects/R1/install/my_robot_bringup/share/ament_index/resource_index/parent_prefix_path/my_robot_bringup
[1.102s] -- Symlinking: /home/ares/ares_code_projects/R1/install/my_robot_bringup/share/my_robot_bringup/environment/ament_prefix_path.sh
[1.110s] -- Symlinking: /home/ares/ares_code_projects/R1/install/my_robot_bringup/share/my_robot_bringup/environment/ament_prefix_path.dsv
[1.116s] -- Symlinking: /home/ares/ares_code_projects/R1/install/my_robot_bringup/share/my_robot_bringup/environment/path.sh
[1.124s] -- Symlinking: /home/ares/ares_code_projects/R1/install/my_robot_bringup/share/my_robot_bringup/environment/path.dsv
[1.131s] -- Symlinking: /home/ares/ares_code_projects/R1/install/my_robot_bringup/share/my_robot_bringup/local_setup.bash
[1.136s] -- Symlinking: /home/ares/ares_code_projects/R1/install/my_robot_bringup/share/my_robot_bringup/local_setup.sh
[1.143s] -- Symlinking: /home/ares/ares_code_projects/R1/install/my_robot_bringup/share/my_robot_bringup/local_setup.zsh
[1.148s] -- Symlinking: /home/ares/ares_code_projects/R1/install/my_robot_bringup/share/my_robot_bringup/local_setup.dsv
[1.156s] -- Symlinking: /home/ares/ares_code_projects/R1/install/my_robot_bringup/share/my_robot_bringup/package.dsv
[1.164s] -- Symlinking: /home/ares/ares_code_projects/R1/install/my_robot_bringup/share/ament_index/resource_index/packages/my_robot_bringup
[1.171s] -- Symlinking: /home/ares/ares_code_projects/R1/install/my_robot_bringup/share/my_robot_bringup/cmake/my_robot_bringupConfig.cmake
[1.179s] -- Symlinking: /home/ares/ares_code_projects/R1/install/my_robot_bringup/share/my_robot_bringup/cmake/my_robot_bringupConfig-version.cmake
[1.186s] -- Symlinking: /home/ares/ares_code_projects/R1/install/my_robot_bringup/share/my_robot_bringup/package.xml
[1.195s] Invoked command in '/home/ares/ares_code_projects/R1/build/my_robot_bringup' returned '0': CMAKE_PREFIX_PATH=/home/ares/ares_code_projects/R1/install/my_robot_description:/home/ares/ares_code_projects/R1/install/usb_bulk_node:/home/ares/ares_code_projects/R1/install/sllidar_ros2:/home/ares/ares_code_projects/R1/install/myrobot_controller:/home/ares/ares_code_projects/R1/install/my_robot_bringup:/home/ares/ros2_ws/install/zed_ros2:/home/ares/ros2_ws/install/zed_wrapper:/home/ares/ros2_ws/install/zed_components:/home/ares/ros2_ws/install/hoop_detector:/home/ares/ros2_ws/install/hik_camera:/home/ares/ares_code_projects/R1/install/omni_mpc_controller:/home/ares/ares_code_projects/R1/install/laser:/opt/ros/humble CONDA_PROMPT_MODIFIER=(base) /usr/bin/cmake --install /home/ares/ares_code_projects/R1/build/my_robot_bringup
