[35m[1mConsolidate compiler generated dependencies of target udp_joy_node[0m
[ 50%] [32mBuilding CXX object CMakeFiles/udp_joy_node.dir/src/udp_joy_node.cpp.o[0m
[100%] [32m[1mLinking CXX executable udp_joy_node[0m
[100%] Built target udp_joy_node
-- Install configuration: "Release"
-- Execute custom install script
-- Up-to-date symlink: /home/ares/ares_code_projects/R1/install/remote_rc_node/lib/remote_rc_node/udp_joy_node
-- Up-to-date symlink: /home/ares/ares_code_projects/R1/install/remote_rc_node/share/ament_index/resource_index/package_run_dependencies/remote_rc_node
-- Up-to-date symlink: /home/ares/ares_code_projects/R1/install/remote_rc_node/share/ament_index/resource_index/parent_prefix_path/remote_rc_node
-- Up-to-date symlink: /home/ares/ares_code_projects/R1/install/remote_rc_node/share/remote_rc_node/environment/ament_prefix_path.sh
-- Up-to-date symlink: /home/ares/ares_code_projects/R1/install/remote_rc_node/share/remote_rc_node/environment/ament_prefix_path.dsv
-- Up-to-date symlink: /home/ares/ares_code_projects/R1/install/remote_rc_node/share/remote_rc_node/environment/path.sh
-- Up-to-date symlink: /home/ares/ares_code_projects/R1/install/remote_rc_node/share/remote_rc_node/environment/path.dsv
-- Up-to-date symlink: /home/ares/ares_code_projects/R1/install/remote_rc_node/share/remote_rc_node/local_setup.bash
-- Up-to-date symlink: /home/ares/ares_code_projects/R1/install/remote_rc_node/share/remote_rc_node/local_setup.sh
-- Up-to-date symlink: /home/ares/ares_code_projects/R1/install/remote_rc_node/share/remote_rc_node/local_setup.zsh
-- Up-to-date symlink: /home/ares/ares_code_projects/R1/install/remote_rc_node/share/remote_rc_node/local_setup.dsv
-- Symlinking: /home/ares/ares_code_projects/R1/install/remote_rc_node/share/remote_rc_node/package.dsv
-- Up-to-date symlink: /home/ares/ares_code_projects/R1/install/remote_rc_node/share/ament_index/resource_index/packages/remote_rc_node
-- Up-to-date symlink: /home/ares/ares_code_projects/R1/install/remote_rc_node/share/remote_rc_node/cmake/remote_rc_nodeConfig.cmake
-- Up-to-date symlink: /home/ares/ares_code_projects/R1/install/remote_rc_node/share/remote_rc_node/cmake/remote_rc_nodeConfig-version.cmake
-- Up-to-date symlink: /home/ares/ares_code_projects/R1/install/remote_rc_node/share/remote_rc_node/package.xml
