[0.157s] Invoking command in '/home/ares/ares_code_projects/build/myrobot_controller': CMAKE_PREFIX_PATH=${CMAKE_PREFIX_PATH}:/home/ares/ares_code_projects/R1/install/omni_mpc_controller:/home/ares/ares_code_projects/R1/install/laser:/home/ares/Desktop/dog/install/omni_mpc_controller:/home/ares/Desktop/dog/install/laser:/opt/ros/humble CONDA_PROMPT_MODIFIER=(base) /usr/bin/cmake /home/ares/ares_code_projects/src/myrobot_controller -DAMENT_CMAKE_SYMLINK_INSTALL=1 -DCMAKE_INSTALL_PREFIX=/home/ares/ares_code_projects/install/myrobot_controller
[0.303s] -- The C compiler identification is GNU 11.4.0
[0.303s] -- The CXX compiler identification is GNU 11.4.0
[0.303s] -- Detecting C compiler ABI info
[0.303s] -- Detecting C compiler ABI info - done
[0.303s] -- Check for working C compiler: /usr/bin/cc - skipped
[0.303s] -- Detecting C compile features
[0.303s] -- Detecting C compile features - done
[0.303s] -- Detecting CXX compiler ABI info
[0.315s] -- Detecting CXX compiler ABI info - done
[0.319s] -- Check for working CXX compiler: /usr/bin/c++ - skipped
[0.319s] -- Detecting CXX compile features
[0.319s] -- Detecting CXX compile features - done
[0.321s] -- Found ament_cmake: 1.3.11 (/opt/ros/humble/share/ament_cmake/cmake)
[0.548s] -- Found Python3: /home/ares/miniconda3/bin/python3 (found version "3.13.2") found components: Interpreter 
[0.593s] -- Override CMake install command with custom implementation using symlinks instead of copying resources
[0.610s] -- Found rclpy: 3.3.16 (/opt/ros/humble/share/rclpy/cmake)
[0.611s] -- Found std_msgs: 4.9.0 (/opt/ros/humble/share/std_msgs/cmake)
[0.632s] -- Found rosidl_generator_c: 3.1.6 (/opt/ros/humble/share/rosidl_generator_c/cmake)
[0.635s] -- Found rosidl_adapter: 3.1.6 (/opt/ros/humble/share/rosidl_adapter/cmake)
[0.640s] -- Found rosidl_generator_cpp: 3.1.6 (/opt/ros/humble/share/rosidl_generator_cpp/cmake)
[0.647s] -- Using all available rosidl_typesupport_c: rosidl_typesupport_fastrtps_c;rosidl_typesupport_introspection_c
[0.656s] -- Using all available rosidl_typesupport_cpp: rosidl_typesupport_fastrtps_cpp;rosidl_typesupport_introspection_cpp
[0.671s] -- Found geometry_msgs: 4.9.0 (/opt/ros/humble/share/geometry_msgs/cmake)
[0.678s] -- Found rclcpp: 16.0.12 (/opt/ros/humble/share/rclcpp/cmake)
[0.700s] -- Found rmw_implementation_cmake: 6.1.2 (/opt/ros/humble/share/rmw_implementation_cmake/cmake)
[0.702s] -- Found rmw_fastrtps_cpp: 6.2.7 (/opt/ros/humble/share/rmw_fastrtps_cpp/cmake)
[0.754s] -- Found OpenSSL: /usr/lib/x86_64-linux-gnu/libcrypto.so (found version "3.0.2")  
[0.770s] -- Found FastRTPS: /opt/ros/humble/include  
[0.794s] -- Using RMW implementation 'rmw_fastrtps_cpp' as default
[0.799s] -- Looking for pthread.h
[0.840s] -- Looking for pthread.h - found
[0.840s] -- Performing Test CMAKE_HAVE_LIBC_PTHREAD
[0.880s] -- Performing Test CMAKE_HAVE_LIBC_PTHREAD - Success
[0.881s] -- Found Threads: TRUE  
[0.903s] [31mCMake Error at CMakeLists.txt:21 (message):
[0.903s]   Must select one of the build configurations (R1 or R2)!
[0.903s] 
[0.903s] [0m
[0.903s] -- Configuring incomplete, errors occurred!
[0.903s] See also "/home/ares/ares_code_projects/build/myrobot_controller/CMakeFiles/CMakeOutput.log".
