[0.159s] Invoking command in '/home/ares/ares_code_projects/R1/build/myrobot_controller': CMAKE_PREFIX_PATH=${CMAKE_PREFIX_PATH}:/home/ares/Desktop/dog/install/omni_mpc_controller:/home/ares/Desktop/dog/install/laser:/home/ares/ares_code_projects/R1/install/omni_mpc_controller:/home/ares/ares_code_projects/R1/install/laser:/opt/ros/humble CONDA_PROMPT_MODIFIER=(base) /usr/bin/cmake --build /home/ares/ares_code_projects/R1/build/myrobot_controller -- -j16 -l16
[0.307s] [100%] Built target simple_controller
[0.307s] [100%] Built target ament_cmake_python_symlink_myrobot_controller
[0.307s] running egg_info
[0.312s] writing myrobot_controller.egg-info/PKG-INFO
[0.312s] writing dependency_links to myrobot_controller.egg-info/dependency_links.txt
[0.312s] writing top-level names to myrobot_controller.egg-info/top_level.txt
[0.337s] reading manifest file 'myrobot_controller.egg-info/SOURCES.txt'
[0.337s] writing manifest file 'myrobot_controller.egg-info/SOURCES.txt'
[0.354s] [100%] Built target ament_cmake_python_build_myrobot_controller_egg
[0.364s] Invoked command in '/home/ares/ares_code_projects/R1/build/myrobot_controller' returned '0': CMAKE_PREFIX_PATH=${CMAKE_PREFIX_PATH}:/home/ares/Desktop/dog/install/omni_mpc_controller:/home/ares/Desktop/dog/install/laser:/home/ares/ares_code_projects/R1/install/omni_mpc_controller:/home/ares/ares_code_projects/R1/install/laser:/opt/ros/humble CONDA_PROMPT_MODIFIER=(base) /usr/bin/cmake --build /home/ares/ares_code_projects/R1/build/myrobot_controller -- -j16 -l16
[0.365s] Invoking command in '/home/ares/ares_code_projects/R1/build/myrobot_controller': CMAKE_PREFIX_PATH=${CMAKE_PREFIX_PATH}:/home/ares/Desktop/dog/install/omni_mpc_controller:/home/ares/Desktop/dog/install/laser:/home/ares/ares_code_projects/R1/install/omni_mpc_controller:/home/ares/ares_code_projects/R1/install/laser:/opt/ros/humble CONDA_PROMPT_MODIFIER=(base) /usr/bin/cmake --install /home/ares/ares_code_projects/R1/build/myrobot_controller
[0.368s] -- Install configuration: "Release"
[0.369s] -- Execute custom install script
[0.369s] -- Up-to-date symlink: /home/ares/ares_code_projects/R1/install/myrobot_controller/share/myrobot_controller/environment/pythonpath.sh
[0.369s] -- Up-to-date symlink: /home/ares/ares_code_projects/R1/install/myrobot_controller/share/myrobot_controller/environment/pythonpath.dsv
[0.369s] -- Up-to-date symlink: /home/ares/ares_code_projects/R1/install/myrobot_controller/lib/python3.13/site-packages/myrobot_controller-0.0.0-py3.13.egg-info/PKG-INFO
[0.370s] -- Up-to-date symlink: /home/ares/ares_code_projects/R1/install/myrobot_controller/lib/python3.13/site-packages/myrobot_controller-0.0.0-py3.13.egg-info/SOURCES.txt
[0.371s] -- Up-to-date symlink: /home/ares/ares_code_projects/R1/install/myrobot_controller/lib/python3.13/site-packages/myrobot_controller-0.0.0-py3.13.egg-info/dependency_links.txt
[0.371s] -- Up-to-date symlink: /home/ares/ares_code_projects/R1/install/myrobot_controller/lib/python3.13/site-packages/myrobot_controller-0.0.0-py3.13.egg-info/top_level.txt
[0.371s] -- Up-to-date symlink: /home/ares/ares_code_projects/R1/install/myrobot_controller/lib/python3.13/site-packages/myrobot_controller/__init__.py
[0.372s] -- Up-to-date symlink: /home/ares/ares_code_projects/R1/install/myrobot_controller/lib/python3.13/site-packages/myrobot_controller/read_imu_yaw.py
[0.372s] -- Up-to-date symlink: /home/ares/ares_code_projects/R1/install/myrobot_controller/lib/python3.13/site-packages/myrobot_controller/read_laser copy.py
[0.372s] -- Up-to-date symlink: /home/ares/ares_code_projects/R1/install/myrobot_controller/lib/python3.13/site-packages/myrobot_controller/read_laser.py
[0.372s] -- Up-to-date symlink: /home/ares/ares_code_projects/R1/install/myrobot_controller/lib/python3.13/site-packages/myrobot_controller/simple_controller.py
[0.372s] -- Up-to-date symlink: /home/ares/ares_code_projects/R1/install/myrobot_controller/lib/python3.13/site-packages/myrobot_controller/test_cmd.py
[0.372s] -- Up-to-date symlink: /home/ares/ares_code_projects/R1/install/myrobot_controller/include/include/myrobot_controller/simple_controller.hpp
[0.372s] -- Up-to-date symlink: /home/ares/ares_code_projects/R1/install/myrobot_controller/lib/myrobot_controller/simple_controller
[0.372s] -- Up-to-date symlink: /home/ares/ares_code_projects/R1/install/myrobot_controller/share/myrobot_controller/config/joy_config.yaml
[0.372s] -- Up-to-date symlink: /home/ares/ares_code_projects/R1/install/myrobot_controller/share/myrobot_controller/config/joy_teleop.yaml
[0.372s] -- Up-to-date symlink: /home/ares/ares_code_projects/R1/install/myrobot_controller/share/myrobot_controller/config/myrobot_controllers.yaml
[0.372s] -- Up-to-date symlink: /home/ares/ares_code_projects/R1/install/myrobot_controller/share/myrobot_controller/launch/controller.launch.py
[0.372s] -- Up-to-date symlink: /home/ares/ares_code_projects/R1/install/myrobot_controller/share/myrobot_controller/launch/joystick_teleop.launch.py
[0.372s] -- Up-to-date symlink: /home/ares/ares_code_projects/R1/install/myrobot_controller/lib/myrobot_controller/simple_controller.py
[0.372s] -- Up-to-date symlink: /home/ares/ares_code_projects/R1/install/myrobot_controller/share/ament_index/resource_index/package_run_dependencies/myrobot_controller
[0.372s] -- Up-to-date symlink: /home/ares/ares_code_projects/R1/install/myrobot_controller/share/ament_index/resource_index/parent_prefix_path/myrobot_controller
[0.372s] -- Up-to-date symlink: /home/ares/ares_code_projects/R1/install/myrobot_controller/share/myrobot_controller/environment/ament_prefix_path.sh
[0.373s] -- Up-to-date symlink: /home/ares/ares_code_projects/R1/install/myrobot_controller/share/myrobot_controller/environment/ament_prefix_path.dsv
[0.373s] -- Up-to-date symlink: /home/ares/ares_code_projects/R1/install/myrobot_controller/share/myrobot_controller/environment/path.sh
[0.373s] -- Up-to-date symlink: /home/ares/ares_code_projects/R1/install/myrobot_controller/share/myrobot_controller/environment/path.dsv
[0.373s] -- Up-to-date symlink: /home/ares/ares_code_projects/R1/install/myrobot_controller/share/myrobot_controller/local_setup.bash
[0.373s] -- Up-to-date symlink: /home/ares/ares_code_projects/R1/install/myrobot_controller/share/myrobot_controller/local_setup.sh
[0.373s] -- Up-to-date symlink: /home/ares/ares_code_projects/R1/install/myrobot_controller/share/myrobot_controller/local_setup.zsh
[0.373s] -- Up-to-date symlink: /home/ares/ares_code_projects/R1/install/myrobot_controller/share/myrobot_controller/local_setup.dsv
[0.373s] -- Symlinking: /home/ares/ares_code_projects/R1/install/myrobot_controller/share/myrobot_controller/package.dsv
[0.377s] -- Up-to-date symlink: /home/ares/ares_code_projects/R1/install/myrobot_controller/share/ament_index/resource_index/packages/myrobot_controller
[0.377s] -- Up-to-date symlink: /home/ares/ares_code_projects/R1/install/myrobot_controller/share/myrobot_controller/cmake/myrobot_controllerConfig.cmake
[0.377s] -- Up-to-date symlink: /home/ares/ares_code_projects/R1/install/myrobot_controller/share/myrobot_controller/cmake/myrobot_controllerConfig-version.cmake
[0.377s] -- Up-to-date symlink: /home/ares/ares_code_projects/R1/install/myrobot_controller/share/myrobot_controller/package.xml
[0.402s] Listing '/home/ares/ares_code_projects/R1/install/myrobot_controller/lib/python3.13/site-packages/myrobot_controller'...
[0.407s] Invoked command in '/home/ares/ares_code_projects/R1/build/myrobot_controller' returned '0': CMAKE_PREFIX_PATH=${CMAKE_PREFIX_PATH}:/home/ares/Desktop/dog/install/omni_mpc_controller:/home/ares/Desktop/dog/install/laser:/home/ares/ares_code_projects/R1/install/omni_mpc_controller:/home/ares/ares_code_projects/R1/install/laser:/opt/ros/humble CONDA_PROMPT_MODIFIER=(base) /usr/bin/cmake --install /home/ares/ares_code_projects/R1/build/myrobot_controller
