[0.310s] Invoking command in '/home/ares/ares_code_projects/R1/build/remote_rc_node': CMAKE_PREFIX_PATH=${CMAKE_PREFIX_PATH}:/home/ares/Desktop/dog/install/omni_mpc_controller:/home/ares/Desktop/dog/install/laser:/home/ares/ares_code_projects/R1/install/omni_mpc_controller:/home/ares/ares_code_projects/R1/install/laser:/opt/ros/humble CONDA_PROMPT_MODIFIER=(base) /usr/bin/cmake --build /home/ares/ares_code_projects/R1/build/remote_rc_node -- -j16 -l16
[0.330s] [35m[1mConsolidate compiler generated dependencies of target udp_joy_node[0m
[0.343s] [ 50%] [32mBuilding CXX object CMakeFiles/udp_joy_node.dir/src/udp_joy_node.cpp.o[0m
[3.170s] [100%] [32m[1mLinking CXX executable udp_joy_node[0m
[3.239s] [100%] Built target udp_joy_node
[3.245s] Invoked command in '/home/ares/ares_code_projects/R1/build/remote_rc_node' returned '0': CMAKE_PREFIX_PATH=${CMAKE_PREFIX_PATH}:/home/ares/Desktop/dog/install/omni_mpc_controller:/home/ares/Desktop/dog/install/laser:/home/ares/ares_code_projects/R1/install/omni_mpc_controller:/home/ares/ares_code_projects/R1/install/laser:/opt/ros/humble CONDA_PROMPT_MODIFIER=(base) /usr/bin/cmake --build /home/ares/ares_code_projects/R1/build/remote_rc_node -- -j16 -l16
[3.246s] Invoking command in '/home/ares/ares_code_projects/R1/build/remote_rc_node': CMAKE_PREFIX_PATH=${CMAKE_PREFIX_PATH}:/home/ares/Desktop/dog/install/omni_mpc_controller:/home/ares/Desktop/dog/install/laser:/home/ares/ares_code_projects/R1/install/omni_mpc_controller:/home/ares/ares_code_projects/R1/install/laser:/opt/ros/humble CONDA_PROMPT_MODIFIER=(base) /usr/bin/cmake --install /home/ares/ares_code_projects/R1/build/remote_rc_node
[3.251s] -- Install configuration: "Release"
[3.251s] -- Execute custom install script
[3.251s] -- Up-to-date symlink: /home/ares/ares_code_projects/R1/install/remote_rc_node/lib/remote_rc_node/udp_joy_node
[3.251s] -- Up-to-date symlink: /home/ares/ares_code_projects/R1/install/remote_rc_node/share/ament_index/resource_index/package_run_dependencies/remote_rc_node
[3.252s] -- Up-to-date symlink: /home/ares/ares_code_projects/R1/install/remote_rc_node/share/ament_index/resource_index/parent_prefix_path/remote_rc_node
[3.252s] -- Up-to-date symlink: /home/ares/ares_code_projects/R1/install/remote_rc_node/share/remote_rc_node/environment/ament_prefix_path.sh
[3.252s] -- Up-to-date symlink: /home/ares/ares_code_projects/R1/install/remote_rc_node/share/remote_rc_node/environment/ament_prefix_path.dsv
[3.252s] -- Up-to-date symlink: /home/ares/ares_code_projects/R1/install/remote_rc_node/share/remote_rc_node/environment/path.sh
[3.252s] -- Up-to-date symlink: /home/ares/ares_code_projects/R1/install/remote_rc_node/share/remote_rc_node/environment/path.dsv
[3.252s] -- Up-to-date symlink: /home/ares/ares_code_projects/R1/install/remote_rc_node/share/remote_rc_node/local_setup.bash
[3.252s] -- Up-to-date symlink: /home/ares/ares_code_projects/R1/install/remote_rc_node/share/remote_rc_node/local_setup.sh
[3.252s] -- Up-to-date symlink: /home/ares/ares_code_projects/R1/install/remote_rc_node/share/remote_rc_node/local_setup.zsh
[3.252s] -- Up-to-date symlink: /home/ares/ares_code_projects/R1/install/remote_rc_node/share/remote_rc_node/local_setup.dsv
[3.252s] -- Symlinking: /home/ares/ares_code_projects/R1/install/remote_rc_node/share/remote_rc_node/package.dsv
[3.257s] -- Up-to-date symlink: /home/ares/ares_code_projects/R1/install/remote_rc_node/share/ament_index/resource_index/packages/remote_rc_node
[3.257s] -- Up-to-date symlink: /home/ares/ares_code_projects/R1/install/remote_rc_node/share/remote_rc_node/cmake/remote_rc_nodeConfig.cmake
[3.257s] -- Up-to-date symlink: /home/ares/ares_code_projects/R1/install/remote_rc_node/share/remote_rc_node/cmake/remote_rc_nodeConfig-version.cmake
[3.257s] -- Up-to-date symlink: /home/ares/ares_code_projects/R1/install/remote_rc_node/share/remote_rc_node/package.xml
[3.258s] Invoked command in '/home/ares/ares_code_projects/R1/build/remote_rc_node' returned '0': CMAKE_PREFIX_PATH=${CMAKE_PREFIX_PATH}:/home/ares/Desktop/dog/install/omni_mpc_controller:/home/ares/Desktop/dog/install/laser:/home/ares/ares_code_projects/R1/install/omni_mpc_controller:/home/ares/ares_code_projects/R1/install/laser:/opt/ros/humble CONDA_PROMPT_MODIFIER=(base) /usr/bin/cmake --install /home/ares/ares_code_projects/R1/build/remote_rc_node
