[0.291s] Invoking command in '/home/ares/ares_code_projects/build/sllidar_ros2': CMAKE_PREFIX_PATH=${CMAKE_PREFIX_PATH}:/home/ares/ares_code_projects/install/omni_mpc_controller:/home/ares/ares_code_projects/install/laser:/opt/ros/humble CONDA_PROMPT_MODIFIER=(base) /usr/bin/cmake /home/ares/ares_code_projects/src/sllidar_ros2 -DR1=ON -DCMAKE_BUILD_TYPE=Release -DAMENT_CMAKE_SYMLINK_INSTALL=1 -DCMAKE_INSTALL_PREFIX=/home/ares/ares_code_projects/install/sllidar_ros2
[0.321s] -- The C compiler identification is GNU 11.4.0
[0.362s] -- The CXX compiler identification is GNU 11.4.0
[0.367s] -- Detecting C compiler ABI info
[0.411s] -- Detecting C compiler ABI info - done
[0.415s] -- Check for working C compiler: /usr/bin/cc - skipped
[0.415s] -- Detecting C compile features
[0.415s] -- Detecting C compile features - done
[0.417s] -- Detecting CXX compiler ABI info
[0.462s] -- Detecting CXX compiler ABI info - done
[0.466s] -- Check for working CXX compiler: /usr/bin/c++ - skipped
[0.466s] -- Detecting CXX compile features
[0.466s] -- Detecting CXX compile features - done
[0.468s] -- Found ament_cmake: 1.3.11 (/opt/ros/humble/share/ament_cmake/cmake)
[0.696s] -- Found Python3: /home/ares/miniconda3/bin/python3 (found version "3.13.2") found components: Interpreter 
[0.744s] -- Override CMake install command with custom implementation using symlinks instead of copying resources
[0.772s] -- Found rclcpp: 16.0.12 (/opt/ros/humble/share/rclcpp/cmake)
[0.800s] -- Found rosidl_generator_c: 3.1.6 (/opt/ros/humble/share/rosidl_generator_c/cmake)
[0.803s] -- Found rosidl_adapter: 3.1.6 (/opt/ros/humble/share/rosidl_adapter/cmake)
[0.809s] -- Found rosidl_generator_cpp: 3.1.6 (/opt/ros/humble/share/rosidl_generator_cpp/cmake)
[0.816s] -- Using all available rosidl_typesupport_c: rosidl_typesupport_fastrtps_c;rosidl_typesupport_introspection_c
[0.826s] -- Using all available rosidl_typesupport_cpp: rosidl_typesupport_fastrtps_cpp;rosidl_typesupport_introspection_cpp
[0.857s] -- Found rmw_implementation_cmake: 6.1.2 (/opt/ros/humble/share/rmw_implementation_cmake/cmake)
[0.859s] -- Found rmw_fastrtps_cpp: 6.2.7 (/opt/ros/humble/share/rmw_fastrtps_cpp/cmake)
[0.905s] -- Found OpenSSL: /usr/lib/x86_64-linux-gnu/libcrypto.so (found version "3.0.2")  
[0.923s] -- Found FastRTPS: /opt/ros/humble/include  
[0.946s] -- Using RMW implementation 'rmw_fastrtps_cpp' as default
[0.951s] -- Looking for pthread.h
[0.992s] -- Looking for pthread.h - found
[0.992s] -- Performing Test CMAKE_HAVE_LIBC_PTHREAD
[1.045s] -- Performing Test CMAKE_HAVE_LIBC_PTHREAD - Success
[1.046s] -- Found Threads: TRUE  
[1.074s] -- Found sensor_msgs: 4.9.0 (/opt/ros/humble/share/sensor_msgs/cmake)
[1.091s] -- Found std_srvs: 4.9.0 (/opt/ros/humble/share/std_srvs/cmake)
[1.156s] -- Configuring done
[1.164s] -- Generating done
[1.167s] -- Build files have been written to: /home/ares/ares_code_projects/build/sllidar_ros2
[1.175s] Invoked command in '/home/ares/ares_code_projects/build/sllidar_ros2' returned '0': CMAKE_PREFIX_PATH=${CMAKE_PREFIX_PATH}:/home/ares/ares_code_projects/install/omni_mpc_controller:/home/ares/ares_code_projects/install/laser:/opt/ros/humble CONDA_PROMPT_MODIFIER=(base) /usr/bin/cmake /home/ares/ares_code_projects/src/sllidar_ros2 -DR1=ON -DCMAKE_BUILD_TYPE=Release -DAMENT_CMAKE_SYMLINK_INSTALL=1 -DCMAKE_INSTALL_PREFIX=/home/ares/ares_code_projects/install/sllidar_ros2
[1.176s] Invoking command in '/home/ares/ares_code_projects/build/sllidar_ros2': CMAKE_PREFIX_PATH=${CMAKE_PREFIX_PATH}:/home/ares/ares_code_projects/install/omni_mpc_controller:/home/ares/ares_code_projects/install/laser:/opt/ros/humble CONDA_PROMPT_MODIFIER=(base) /usr/bin/cmake --build /home/ares/ares_code_projects/build/sllidar_ros2 -- -j16 -l16
[1.205s] [  5%] [32mBuilding CXX object CMakeFiles/sllidar_node.dir/sdk/src/dataunpacker/unpacker/handler_capsules.cpp.o[0m
[1.207s] [ 15%] [32mBuilding CXX object CMakeFiles/sllidar_node.dir/sdk/src/arch/linux/net_serial.cpp.o[0m
[1.207s] [ 20%] [32mBuilding CXX object CMakeFiles/sllidar_node.dir/sdk/src/arch/linux/net_socket.cpp.o[0m
[1.207s] [ 20%] [32mBuilding CXX object CMakeFiles/sllidar_node.dir/sdk/src/arch/linux/timer.cpp.o[0m
[1.207s] [ 25%] [32mBuilding CXX object CMakeFiles/sllidar_client.dir/src/sllidar_client.cpp.o[0m
[1.207s] [ 30%] [32mBuilding CXX object CMakeFiles/sllidar_node.dir/sdk/src/dataunpacker/dataunpacker.cpp.o[0m
[1.207s] [ 35%] [32mBuilding CXX object CMakeFiles/sllidar_node.dir/src/sllidar_node.cpp.o[0m
[1.212s] [ 45%] [32mBuilding CXX object CMakeFiles/sllidar_node.dir/sdk/src/dataunpacker/unpacker/handler_hqnode.cpp.o[0m
[1.212s] [ 45%] [32mBuilding CXX object CMakeFiles/sllidar_node.dir/sdk/src/dataunpacker/unpacker/handler_normalnode.cpp.o[0m
[1.214s] [ 50%] [32mBuilding CXX object CMakeFiles/sllidar_node.dir/sdk/src/hal/thread.cpp.o[0m
[1.214s] [ 55%] [32mBuilding CXX object CMakeFiles/sllidar_node.dir/sdk/src/rplidar_driver.cpp.o[0m
[1.219s] [ 60%] [32mBuilding CXX object CMakeFiles/sllidar_node.dir/sdk/src/sl_crc.cpp.o[0m
[1.221s] [ 65%] [32mBuilding CXX object CMakeFiles/sllidar_node.dir/sdk/src/sl_async_transceiver.cpp.o[0m
[1.233s] [ 70%] [32mBuilding CXX object CMakeFiles/sllidar_node.dir/sdk/src/sl_lidar_driver.cpp.o[0m
[1.243s] [ 75%] [32mBuilding CXX object CMakeFiles/sllidar_node.dir/sdk/src/sl_lidarprotocol_codec.cpp.o[0m
[1.244s] [ 80%] [32mBuilding CXX object CMakeFiles/sllidar_node.dir/sdk/src/sl_serial_channel.cpp.o[0m
[1.368s] [ 85%] [32mBuilding CXX object CMakeFiles/sllidar_node.dir/sdk/src/sl_tcp_channel.cpp.o[0m
[1.725s] In file included from [01m[K/home/ares/ares_code_projects/src/sllidar_ros2/./sdk/src/arch/linux/arch_linux.h:42[m[K,
[1.726s]                  from [01m[K/home/ares/ares_code_projects/src/sllidar_ros2/./sdk/src/sdkcommon.h:41[m[K,
[1.726s]                  from [01m[K/home/ares/ares_code_projects/src/sllidar_ros2/sdk/src/arch/linux/net_socket.cpp:10[m[K:
[1.726s] [01m[K/home/ares/ares_code_projects/src/sllidar_ros2/sdk/src/arch/linux/net_socket.cpp:[m[K In member function ‘[01m[Kvirtual u_result rp::arch::net::DGramSocketImpl::sendTo(const rp::net::SocketAddress*, const void*, size_t)[m[K’:
[1.726s] [01m[K/home/ares/ares_code_projects/src/sllidar_ros2/sdk/src/arch/linux/net_socket.cpp:733:24:[m[K [01;35m[Kwarning: [m[Kcomparison of integer expressions of different signedness: ‘[01m[Kint[m[K’ and ‘[01m[Ksize_t[m[K’ {aka ‘[01m[Klong unsigned int[m[K’} [[01;35m[K]8;;https://gcc.gnu.org/onlinedocs/gcc/Warning-Options.html#index-Wsign-compare-Wsign-compare]8;;[m[K]
[1.726s]   733 |             assert([01;35m[Kans == len[m[K);
[1.726s]       |                    [01;35m[K~~~~^~~~~~[m[K
[1.866s] [ 90%] [32mBuilding CXX object CMakeFiles/sllidar_node.dir/sdk/src/sl_udp_channel.cpp.o[0m
[1.891s] [01m[K/home/ares/ares_code_projects/src/sllidar_ros2/sdk/src/arch/linux/net_serial.cpp:[m[K In member function ‘[01m[Kvirtual void rp::arch::net::raw_serial::cancelOperation()[m[K’:
[1.891s] [01m[K/home/ares/ares_code_projects/src/sllidar_ros2/sdk/src/arch/linux/net_serial.cpp:427:5:[m[K [01;35m[Kwarning: [m[Kvalue computed is not used [[01;35m[K]8;;https://gcc.gnu.org/onlinedocs/gcc/Warning-Options.html#index-Wunused-value-Wunused-value]8;;[m[K]
[1.892s]   427 |     [01;35m[K(int)::write(_selfpipe[1], "x", 1)[m[K;
[1.892s]       |     [01;35m[K^~~~~~~~~~~~~~~~~~~~~~~~~~~~~~~~~~[m[K
[4.639s] [ 95%] [32m[1mLinking CXX executable sllidar_node[0m
[4.801s] [ 95%] Built target sllidar_node
[6.226s] [100%] [32m[1mLinking CXX executable sllidar_client[0m
[6.436s] [100%] Built target sllidar_client
[6.443s] Invoked command in '/home/ares/ares_code_projects/build/sllidar_ros2' returned '0': CMAKE_PREFIX_PATH=${CMAKE_PREFIX_PATH}:/home/ares/ares_code_projects/install/omni_mpc_controller:/home/ares/ares_code_projects/install/laser:/opt/ros/humble CONDA_PROMPT_MODIFIER=(base) /usr/bin/cmake --build /home/ares/ares_code_projects/build/sllidar_ros2 -- -j16 -l16
[6.444s] Invoking command in '/home/ares/ares_code_projects/build/sllidar_ros2': CMAKE_PREFIX_PATH=${CMAKE_PREFIX_PATH}:/home/ares/ares_code_projects/install/omni_mpc_controller:/home/ares/ares_code_projects/install/laser:/opt/ros/humble CONDA_PROMPT_MODIFIER=(base) /usr/bin/cmake --install /home/ares/ares_code_projects/build/sllidar_ros2
[6.448s] -- Install configuration: ""
[6.448s] -- Execute custom install script
[6.449s] -- Symlinking: /home/ares/ares_code_projects/install/sllidar_ros2/share/sllidar_ros2/launch/sllidar_a1_launch.py
[6.454s] -- Symlinking: /home/ares/ares_code_projects/install/sllidar_ros2/share/sllidar_ros2/launch/sllidar_a2m12_launch .py
[6.458s] -- Symlinking: /home/ares/ares_code_projects/install/sllidar_ros2/share/sllidar_ros2/launch/sllidar_a2m7_launch.py
[6.461s] -- Symlinking: /home/ares/ares_code_projects/install/sllidar_ros2/share/sllidar_ros2/launch/sllidar_a2m8_launch.py
[6.468s] -- Symlinking: /home/ares/ares_code_projects/install/sllidar_ros2/share/sllidar_ros2/launch/sllidar_a3_launch.py
[6.473s] -- Symlinking: /home/ares/ares_code_projects/install/sllidar_ros2/share/sllidar_ros2/launch/sllidar_c1_launch.py
[6.477s] -- Symlinking: /home/ares/ares_code_projects/install/sllidar_ros2/share/sllidar_ros2/launch/sllidar_s1_launch.py
[6.484s] -- Symlinking: /home/ares/ares_code_projects/install/sllidar_ros2/share/sllidar_ros2/launch/sllidar_s1_tcp_launch.py
[6.488s] -- Symlinking: /home/ares/ares_code_projects/install/sllidar_ros2/share/sllidar_ros2/launch/sllidar_s2_launch.py
[6.493s] -- Symlinking: /home/ares/ares_code_projects/install/sllidar_ros2/share/sllidar_ros2/launch/sllidar_s2e_launch.py
[6.498s] -- Symlinking: /home/ares/ares_code_projects/install/sllidar_ros2/share/sllidar_ros2/launch/sllidar_s3_launch.py
[6.504s] -- Symlinking: /home/ares/ares_code_projects/install/sllidar_ros2/share/sllidar_ros2/launch/sllidar_t1_launch.py
[6.508s] -- Symlinking: /home/ares/ares_code_projects/install/sllidar_ros2/share/sllidar_ros2/launch/view_sllidar_a1_launch.py
[6.514s] -- Symlinking: /home/ares/ares_code_projects/install/sllidar_ros2/share/sllidar_ros2/launch/view_sllidar_a2m12_launch.py
[6.519s] -- Symlinking: /home/ares/ares_code_projects/install/sllidar_ros2/share/sllidar_ros2/launch/view_sllidar_a2m7_launch.py
[6.523s] -- Symlinking: /home/ares/ares_code_projects/install/sllidar_ros2/share/sllidar_ros2/launch/view_sllidar_a2m8_launch.py
[6.528s] -- Symlinking: /home/ares/ares_code_projects/install/sllidar_ros2/share/sllidar_ros2/launch/view_sllidar_a3_launch.py
[6.534s] -- Symlinking: /home/ares/ares_code_projects/install/sllidar_ros2/share/sllidar_ros2/launch/view_sllidar_c1_launch.py
[6.539s] -- Symlinking: /home/ares/ares_code_projects/install/sllidar_ros2/share/sllidar_ros2/launch/view_sllidar_s1_launch.py
[6.544s] -- Symlinking: /home/ares/ares_code_projects/install/sllidar_ros2/share/sllidar_ros2/launch/view_sllidar_s1_tcp_launch.py
[6.548s] -- Symlinking: /home/ares/ares_code_projects/install/sllidar_ros2/share/sllidar_ros2/launch/view_sllidar_s2_launch.py
[6.554s] -- Symlinking: /home/ares/ares_code_projects/install/sllidar_ros2/share/sllidar_ros2/launch/view_sllidar_s2e_launch.py
[6.559s] -- Symlinking: /home/ares/ares_code_projects/install/sllidar_ros2/share/sllidar_ros2/launch/view_sllidar_s3_launch.py
[6.565s] -- Symlinking: /home/ares/ares_code_projects/install/sllidar_ros2/share/sllidar_ros2/launch/view_sllidar_t1_launch.py
[6.571s] -- Symlinking: /home/ares/ares_code_projects/install/sllidar_ros2/share/sllidar_ros2/rviz/sllidar_ros2.rviz
[6.575s] -- Symlinking: /home/ares/ares_code_projects/install/sllidar_ros2/lib/sllidar_ros2/sllidar_node
[6.581s] -- Symlinking: /home/ares/ares_code_projects/install/sllidar_ros2/lib/sllidar_ros2/sllidar_client
[6.588s] -- Symlinking: /home/ares/ares_code_projects/install/sllidar_ros2/share/ament_index/resource_index/package_run_dependencies/sllidar_ros2
[6.592s] -- Symlinking: /home/ares/ares_code_projects/install/sllidar_ros2/share/ament_index/resource_index/parent_prefix_path/sllidar_ros2
[6.597s] -- Symlinking: /home/ares/ares_code_projects/install/sllidar_ros2/share/sllidar_ros2/environment/ament_prefix_path.sh
[6.603s] -- Symlinking: /home/ares/ares_code_projects/install/sllidar_ros2/share/sllidar_ros2/environment/ament_prefix_path.dsv
[6.608s] -- Symlinking: /home/ares/ares_code_projects/install/sllidar_ros2/share/sllidar_ros2/environment/path.sh
[6.614s] -- Symlinking: /home/ares/ares_code_projects/install/sllidar_ros2/share/sllidar_ros2/environment/path.dsv
[6.619s] -- Symlinking: /home/ares/ares_code_projects/install/sllidar_ros2/share/sllidar_ros2/local_setup.bash
[6.624s] -- Symlinking: /home/ares/ares_code_projects/install/sllidar_ros2/share/sllidar_ros2/local_setup.sh
[6.631s] -- Symlinking: /home/ares/ares_code_projects/install/sllidar_ros2/share/sllidar_ros2/local_setup.zsh
[6.636s] -- Symlinking: /home/ares/ares_code_projects/install/sllidar_ros2/share/sllidar_ros2/local_setup.dsv
[6.641s] -- Symlinking: /home/ares/ares_code_projects/install/sllidar_ros2/share/sllidar_ros2/package.dsv
[6.647s] -- Symlinking: /home/ares/ares_code_projects/install/sllidar_ros2/share/ament_index/resource_index/packages/sllidar_ros2
[6.654s] -- Symlinking: /home/ares/ares_code_projects/install/sllidar_ros2/share/sllidar_ros2/cmake/ament_cmake_export_dependencies-extras.cmake
[6.660s] -- Symlinking: /home/ares/ares_code_projects/install/sllidar_ros2/share/sllidar_ros2/cmake/ament_cmake_export_include_directories-extras.cmake
[6.665s] -- Symlinking: /home/ares/ares_code_projects/install/sllidar_ros2/share/sllidar_ros2/cmake/sllidar_ros2Config.cmake
[6.671s] -- Symlinking: /home/ares/ares_code_projects/install/sllidar_ros2/share/sllidar_ros2/cmake/sllidar_ros2Config-version.cmake
[6.675s] -- Symlinking: /home/ares/ares_code_projects/install/sllidar_ros2/share/sllidar_ros2/package.xml
[6.680s] Invoked command in '/home/ares/ares_code_projects/build/sllidar_ros2' returned '0': CMAKE_PREFIX_PATH=${CMAKE_PREFIX_PATH}:/home/ares/ares_code_projects/install/omni_mpc_controller:/home/ares/ares_code_projects/install/laser:/opt/ros/humble CONDA_PROMPT_MODIFIER=(base) /usr/bin/cmake --install /home/ares/ares_code_projects/build/sllidar_ros2
