-- The C compiler identification is GNU 11.4.0
-- The CXX compiler identification is GNU 11.4.0
-- Detecting C compiler ABI info
-- Detecting C compiler ABI info - done
-- Check for working C compiler: /usr/bin/cc - skipped
-- Detecting C compile features
-- Detecting C compile features - done
-- Detecting CXX compiler ABI info
-- Detecting CXX compiler ABI info - done
-- Check for working CXX compiler: /usr/bin/c++ - skipped
-- Detecting CXX compile features
-- Detecting CXX compile features - done
-- Found ament_cmake: 1.3.11 (/opt/ros/humble/share/ament_cmake/cmake)
-- Found Python3: /home/ares/miniconda3/bin/python3 (found version "3.13.2") found components: Interpreter 
-- Override CMake install command with custom implementation using symlinks instead of copying resources
-- Found rclpy: 3.3.16 (/opt/ros/humble/share/rclpy/cmake)
-- Configuring done
-- Generating done
-- Build files have been written to: /home/ares/ares_code_projects/R2/build/my_robot_bringup
-- Install configuration: ""
-- Execute custom install script
-- Symlinking: /home/ares/ares_code_projects/R2/install/my_robot_bringup/share/my_robot_bringup/launch/my_robot.launch.py
-- Symlinking: /home/ares/ares_code_projects/R2/install/my_robot_bringup/share/my_robot_bringup/launch/my_robot_gazebo.launch.xml
-- Symlinking: /home/ares/ares_code_projects/R2/install/my_robot_bringup/share/my_robot_bringup/launch/wheel_test.launch.py
-- Symlinking: /home/ares/ares_code_projects/R2/install/my_robot_bringup/share/my_robot_bringup/rviz/urdf_config.rviz
-- Symlinking: /home/ares/ares_code_projects/R2/install/my_robot_bringup/share/my_robot_bringup/src/robot_controller.py
-- Symlinking: /home/ares/ares_code_projects/R2/install/my_robot_bringup/share/ament_index/resource_index/package_run_dependencies/my_robot_bringup
-- Symlinking: /home/ares/ares_code_projects/R2/install/my_robot_bringup/share/ament_index/resource_index/parent_prefix_path/my_robot_bringup
-- Symlinking: /home/ares/ares_code_projects/R2/install/my_robot_bringup/share/my_robot_bringup/environment/ament_prefix_path.sh
-- Symlinking: /home/ares/ares_code_projects/R2/install/my_robot_bringup/share/my_robot_bringup/environment/ament_prefix_path.dsv
-- Symlinking: /home/ares/ares_code_projects/R2/install/my_robot_bringup/share/my_robot_bringup/environment/path.sh
-- Symlinking: /home/ares/ares_code_projects/R2/install/my_robot_bringup/share/my_robot_bringup/environment/path.dsv
-- Symlinking: /home/ares/ares_code_projects/R2/install/my_robot_bringup/share/my_robot_bringup/local_setup.bash
-- Symlinking: /home/ares/ares_code_projects/R2/install/my_robot_bringup/share/my_robot_bringup/local_setup.sh
-- Symlinking: /home/ares/ares_code_projects/R2/install/my_robot_bringup/share/my_robot_bringup/local_setup.zsh
-- Symlinking: /home/ares/ares_code_projects/R2/install/my_robot_bringup/share/my_robot_bringup/local_setup.dsv
-- Symlinking: /home/ares/ares_code_projects/R2/install/my_robot_bringup/share/my_robot_bringup/package.dsv
-- Symlinking: /home/ares/ares_code_projects/R2/install/my_robot_bringup/share/ament_index/resource_index/packages/my_robot_bringup
-- Symlinking: /home/ares/ares_code_projects/R2/install/my_robot_bringup/share/my_robot_bringup/cmake/my_robot_bringupConfig.cmake
-- Symlinking: /home/ares/ares_code_projects/R2/install/my_robot_bringup/share/my_robot_bringup/cmake/my_robot_bringupConfig-version.cmake
-- Symlinking: /home/ares/ares_code_projects/R2/install/my_robot_bringup/share/my_robot_bringup/package.xml
