[0.005s] Invoking command in '/home/ares/ares_code_projects/R2/build/my_robot_bringup': AMENT_PREFIX_PATH=/home/ares/ares_code_projects/R2/install/my_robot_description:${AMENT_PREFIX_PATH} CMAKE_PREFIX_PATH=/home/ares/ares_code_projects/R2/install/my_robot_description:/home/ares/ares_code_projects/R1/install/usb_bulk_node:/home/ares/ares_code_projects/R1/install/sllidar_ros2:/home/ares/ares_code_projects/R1/install/myrobot_controller:/home/ares/ares_code_projects/R1/install/my_robot_bringup:/home/ares/ares_code_projects/R1/install/my_robot_description:/home/ares/ros2_ws/install/zed_ros2:/home/ares/ros2_ws/install/zed_wrapper:/home/ares/ros2_ws/install/zed_components:/home/ares/ros2_ws/install/hoop_detector:/home/ares/ros2_ws/install/hik_camera:/home/ares/ares_code_projects/R1/install/omni_mpc_controller:/home/ares/ares_code_projects/R1/install/laser:/opt/ros/humble CONDA_PROMPT_MODIFIER=(base) /usr/bin/cmake /home/ares/ares_code_projects/R2/src/my_robot_bringup -DAMENT_CMAKE_SYMLINK_INSTALL=1 -DCMAKE_INSTALL_PREFIX=/home/ares/ares_code_projects/R2/install/my_robot_bringup
[0.038s] -- The C compiler identification is GNU 11.4.0
[0.068s] -- The CXX compiler identification is GNU 11.4.0
[0.072s] -- Detecting C compiler ABI info
[0.113s] -- Detecting C compiler ABI info - done
[0.117s] -- Check for working C compiler: /usr/bin/cc - skipped
[0.117s] -- Detecting C compile features
[0.117s] -- Detecting C compile features - done
[0.119s] -- Detecting CXX compiler ABI info
[0.165s] -- Detecting CXX compiler ABI info - done
[0.169s] -- Check for working CXX compiler: /usr/bin/c++ - skipped
[0.169s] -- Detecting CXX compile features
[0.170s] -- Detecting CXX compile features - done
[0.171s] -- Found ament_cmake: 1.3.11 (/opt/ros/humble/share/ament_cmake/cmake)
[0.720s] -- Found Python3: /home/ares/miniconda3/bin/python3 (found version "3.13.2") found components: Interpreter 
[0.865s] -- Override CMake install command with custom implementation using symlinks instead of copying resources
[0.902s] -- Found rclpy: 3.3.16 (/opt/ros/humble/share/rclpy/cmake)
[1.053s] -- Configuring done
[1.054s] -- Generating done
[1.056s] -- Build files have been written to: /home/ares/ares_code_projects/R2/build/my_robot_bringup
[1.062s] Invoked command in '/home/ares/ares_code_projects/R2/build/my_robot_bringup' returned '0': AMENT_PREFIX_PATH=/home/ares/ares_code_projects/R2/install/my_robot_description:${AMENT_PREFIX_PATH} CMAKE_PREFIX_PATH=/home/ares/ares_code_projects/R2/install/my_robot_description:/home/ares/ares_code_projects/R1/install/usb_bulk_node:/home/ares/ares_code_projects/R1/install/sllidar_ros2:/home/ares/ares_code_projects/R1/install/myrobot_controller:/home/ares/ares_code_projects/R1/install/my_robot_bringup:/home/ares/ares_code_projects/R1/install/my_robot_description:/home/ares/ros2_ws/install/zed_ros2:/home/ares/ros2_ws/install/zed_wrapper:/home/ares/ros2_ws/install/zed_components:/home/ares/ros2_ws/install/hoop_detector:/home/ares/ros2_ws/install/hik_camera:/home/ares/ares_code_projects/R1/install/omni_mpc_controller:/home/ares/ares_code_projects/R1/install/laser:/opt/ros/humble CONDA_PROMPT_MODIFIER=(base) /usr/bin/cmake /home/ares/ares_code_projects/R2/src/my_robot_bringup -DAMENT_CMAKE_SYMLINK_INSTALL=1 -DCMAKE_INSTALL_PREFIX=/home/ares/ares_code_projects/R2/install/my_robot_bringup
[1.068s] Invoking command in '/home/ares/ares_code_projects/R2/build/my_robot_bringup': AMENT_PREFIX_PATH=/home/ares/ares_code_projects/R2/install/my_robot_description:${AMENT_PREFIX_PATH} CMAKE_PREFIX_PATH=/home/ares/ares_code_projects/R2/install/my_robot_description:/home/ares/ares_code_projects/R1/install/usb_bulk_node:/home/ares/ares_code_projects/R1/install/sllidar_ros2:/home/ares/ares_code_projects/R1/install/myrobot_controller:/home/ares/ares_code_projects/R1/install/my_robot_bringup:/home/ares/ares_code_projects/R1/install/my_robot_description:/home/ares/ros2_ws/install/zed_ros2:/home/ares/ros2_ws/install/zed_wrapper:/home/ares/ros2_ws/install/zed_components:/home/ares/ros2_ws/install/hoop_detector:/home/ares/ros2_ws/install/hik_camera:/home/ares/ares_code_projects/R1/install/omni_mpc_controller:/home/ares/ares_code_projects/R1/install/laser:/opt/ros/humble CONDA_PROMPT_MODIFIER=(base) /usr/bin/cmake --build /home/ares/ares_code_projects/R2/build/my_robot_bringup -- -j16 -l16
[1.103s] Invoked command in '/home/ares/ares_code_projects/R2/build/my_robot_bringup' returned '0': AMENT_PREFIX_PATH=/home/ares/ares_code_projects/R2/install/my_robot_description:${AMENT_PREFIX_PATH} CMAKE_PREFIX_PATH=/home/ares/ares_code_projects/R2/install/my_robot_description:/home/ares/ares_code_projects/R1/install/usb_bulk_node:/home/ares/ares_code_projects/R1/install/sllidar_ros2:/home/ares/ares_code_projects/R1/install/myrobot_controller:/home/ares/ares_code_projects/R1/install/my_robot_bringup:/home/ares/ares_code_projects/R1/install/my_robot_description:/home/ares/ros2_ws/install/zed_ros2:/home/ares/ros2_ws/install/zed_wrapper:/home/ares/ros2_ws/install/zed_components:/home/ares/ros2_ws/install/hoop_detector:/home/ares/ros2_ws/install/hik_camera:/home/ares/ares_code_projects/R1/install/omni_mpc_controller:/home/ares/ares_code_projects/R1/install/laser:/opt/ros/humble CONDA_PROMPT_MODIFIER=(base) /usr/bin/cmake --build /home/ares/ares_code_projects/R2/build/my_robot_bringup -- -j16 -l16
[1.105s] Invoking command in '/home/ares/ares_code_projects/R2/build/my_robot_bringup': AMENT_PREFIX_PATH=/home/ares/ares_code_projects/R2/install/my_robot_description:${AMENT_PREFIX_PATH} CMAKE_PREFIX_PATH=/home/ares/ares_code_projects/R2/install/my_robot_description:/home/ares/ares_code_projects/R1/install/usb_bulk_node:/home/ares/ares_code_projects/R1/install/sllidar_ros2:/home/ares/ares_code_projects/R1/install/myrobot_controller:/home/ares/ares_code_projects/R1/install/my_robot_bringup:/home/ares/ares_code_projects/R1/install/my_robot_description:/home/ares/ros2_ws/install/zed_ros2:/home/ares/ros2_ws/install/zed_wrapper:/home/ares/ros2_ws/install/zed_components:/home/ares/ros2_ws/install/hoop_detector:/home/ares/ros2_ws/install/hik_camera:/home/ares/ares_code_projects/R1/install/omni_mpc_controller:/home/ares/ares_code_projects/R1/install/laser:/opt/ros/humble CONDA_PROMPT_MODIFIER=(base) /usr/bin/cmake --install /home/ares/ares_code_projects/R2/build/my_robot_bringup
[1.111s] -- Install configuration: ""
[1.111s] -- Execute custom install script
[1.111s] -- Symlinking: /home/ares/ares_code_projects/R2/install/my_robot_bringup/share/my_robot_bringup/launch/my_robot.launch.py
[1.121s] -- Symlinking: /home/ares/ares_code_projects/R2/install/my_robot_bringup/share/my_robot_bringup/launch/my_robot_gazebo.launch.xml
[1.126s] -- Symlinking: /home/ares/ares_code_projects/R2/install/my_robot_bringup/share/my_robot_bringup/launch/wheel_test.launch.py
[1.131s] -- Symlinking: /home/ares/ares_code_projects/R2/install/my_robot_bringup/share/my_robot_bringup/rviz/urdf_config.rviz
[1.137s] -- Symlinking: /home/ares/ares_code_projects/R2/install/my_robot_bringup/share/my_robot_bringup/src/robot_controller.py
[1.144s] -- Symlinking: /home/ares/ares_code_projects/R2/install/my_robot_bringup/share/ament_index/resource_index/package_run_dependencies/my_robot_bringup
[1.152s] -- Symlinking: /home/ares/ares_code_projects/R2/install/my_robot_bringup/share/ament_index/resource_index/parent_prefix_path/my_robot_bringup
[1.157s] -- Symlinking: /home/ares/ares_code_projects/R2/install/my_robot_bringup/share/my_robot_bringup/environment/ament_prefix_path.sh
[1.164s] -- Symlinking: /home/ares/ares_code_projects/R2/install/my_robot_bringup/share/my_robot_bringup/environment/ament_prefix_path.dsv
[1.169s] -- Symlinking: /home/ares/ares_code_projects/R2/install/my_robot_bringup/share/my_robot_bringup/environment/path.sh
[1.174s] -- Symlinking: /home/ares/ares_code_projects/R2/install/my_robot_bringup/share/my_robot_bringup/environment/path.dsv
[1.179s] -- Symlinking: /home/ares/ares_code_projects/R2/install/my_robot_bringup/share/my_robot_bringup/local_setup.bash
[1.185s] -- Symlinking: /home/ares/ares_code_projects/R2/install/my_robot_bringup/share/my_robot_bringup/local_setup.sh
[1.191s] -- Symlinking: /home/ares/ares_code_projects/R2/install/my_robot_bringup/share/my_robot_bringup/local_setup.zsh
[1.197s] -- Symlinking: /home/ares/ares_code_projects/R2/install/my_robot_bringup/share/my_robot_bringup/local_setup.dsv
[1.202s] -- Symlinking: /home/ares/ares_code_projects/R2/install/my_robot_bringup/share/my_robot_bringup/package.dsv
[1.207s] -- Symlinking: /home/ares/ares_code_projects/R2/install/my_robot_bringup/share/ament_index/resource_index/packages/my_robot_bringup
[1.214s] -- Symlinking: /home/ares/ares_code_projects/R2/install/my_robot_bringup/share/my_robot_bringup/cmake/my_robot_bringupConfig.cmake
[1.219s] -- Symlinking: /home/ares/ares_code_projects/R2/install/my_robot_bringup/share/my_robot_bringup/cmake/my_robot_bringupConfig-version.cmake
[1.224s] -- Symlinking: /home/ares/ares_code_projects/R2/install/my_robot_bringup/share/my_robot_bringup/package.xml
[1.230s] Invoked command in '/home/ares/ares_code_projects/R2/build/my_robot_bringup' returned '0': AMENT_PREFIX_PATH=/home/ares/ares_code_projects/R2/install/my_robot_description:${AMENT_PREFIX_PATH} CMAKE_PREFIX_PATH=/home/ares/ares_code_projects/R2/install/my_robot_description:/home/ares/ares_code_projects/R1/install/usb_bulk_node:/home/ares/ares_code_projects/R1/install/sllidar_ros2:/home/ares/ares_code_projects/R1/install/myrobot_controller:/home/ares/ares_code_projects/R1/install/my_robot_bringup:/home/ares/ares_code_projects/R1/install/my_robot_description:/home/ares/ros2_ws/install/zed_ros2:/home/ares/ros2_ws/install/zed_wrapper:/home/ares/ros2_ws/install/zed_components:/home/ares/ros2_ws/install/hoop_detector:/home/ares/ros2_ws/install/hik_camera:/home/ares/ares_code_projects/R1/install/omni_mpc_controller:/home/ares/ares_code_projects/R1/install/laser:/opt/ros/humble CONDA_PROMPT_MODIFIER=(base) /usr/bin/cmake --install /home/ares/ares_code_projects/R2/build/my_robot_bringup
