[0.300s] Invoking command in '/home/ares/ares_code_projects/build/remote_rc_node': CMAKE_PREFIX_PATH=${CMAKE_PREFIX_PATH}:/home/ares/Desktop/dog/install/omni_mpc_controller:/home/ares/Desktop/dog/install/laser:/home/ares/ares_code_projects/R1/install/omni_mpc_controller:/home/ares/ares_code_projects/R1/install/laser:/opt/ros/humble CONDA_PROMPT_MODIFIER=(base) /usr/bin/cmake /home/ares/ares_code_projects/src/remote_rc_node -DR1=ON -DCMAKE_BUILD_TYPE=Release -DAMENT_CMAKE_SYMLINK_INSTALL=1 -DCMAKE_INSTALL_PREFIX=/home/ares/ares_code_projects/install/remote_rc_node
[0.308s] -- ===== 开始配置 =====
[0.308s] -- Found ament_cmake: 1.3.11 (/opt/ros/humble/share/ament_cmake/cmake)
[0.398s] -- Override CMake install command with custom implementation using symlinks instead of copying resources
[0.407s] -- Found rclcpp: 16.0.12 (/opt/ros/humble/share/rclcpp/cmake)
[0.427s] -- Found rosidl_generator_c: 3.1.6 (/opt/ros/humble/share/rosidl_generator_c/cmake)
[0.428s] -- Found rosidl_adapter: 3.1.6 (/opt/ros/humble/share/rosidl_adapter/cmake)
[0.432s] -- Found rosidl_generator_cpp: 3.1.6 (/opt/ros/humble/share/rosidl_generator_cpp/cmake)
[0.438s] -- Using all available rosidl_typesupport_c: rosidl_typesupport_fastrtps_c;rosidl_typesupport_introspection_c
[0.445s] -- Using all available rosidl_typesupport_cpp: rosidl_typesupport_fastrtps_cpp;rosidl_typesupport_introspection_cpp
[0.467s] -- Found rmw_implementation_cmake: 6.1.2 (/opt/ros/humble/share/rmw_implementation_cmake/cmake)
[0.468s] -- Found rmw_fastrtps_cpp: 6.2.7 (/opt/ros/humble/share/rmw_fastrtps_cpp/cmake)
[0.533s] -- Using RMW implementation 'rmw_fastrtps_cpp' as default
[0.561s] -- Found geometry_msgs: 4.9.0 (/opt/ros/humble/share/geometry_msgs/cmake)
[0.568s] -- Found sensor_msgs: 4.9.0 (/opt/ros/humble/share/sensor_msgs/cmake)
[0.582s] -- Checking for module 'libusb-1.0'
[0.590s] --   Found libusb-1.0, version 1.0.25
[0.612s] -- Found ament_lint_auto: 0.12.12 (/opt/ros/humble/share/ament_lint_auto/cmake)
[0.685s] -- Added test 'cppcheck' to perform static code analysis on C / C++ code
[0.685s] -- Configured cppcheck include dirs: $<BUILD_INTERFACE:/home/ares/ares_code_projects/src/remote_rc_node/include>
[0.685s] -- Configured cppcheck exclude dirs and/or files: 
[0.685s] -- Added test 'lint_cmake' to check CMake code style
[0.686s] -- Added test 'uncrustify' to check C / C++ code style
[0.686s] -- Configured uncrustify additional arguments: 
[0.686s] -- Added test 'xmllint' to check XML markup files
[0.688s] -- Configuring done
[0.693s] -- Generating done
[0.695s] -- Build files have been written to: /home/ares/ares_code_projects/build/remote_rc_node
[0.700s] Invoked command in '/home/ares/ares_code_projects/build/remote_rc_node' returned '0': CMAKE_PREFIX_PATH=${CMAKE_PREFIX_PATH}:/home/ares/Desktop/dog/install/omni_mpc_controller:/home/ares/Desktop/dog/install/laser:/home/ares/ares_code_projects/R1/install/omni_mpc_controller:/home/ares/ares_code_projects/R1/install/laser:/opt/ros/humble CONDA_PROMPT_MODIFIER=(base) /usr/bin/cmake /home/ares/ares_code_projects/src/remote_rc_node -DR1=ON -DCMAKE_BUILD_TYPE=Release -DAMENT_CMAKE_SYMLINK_INSTALL=1 -DCMAKE_INSTALL_PREFIX=/home/ares/ares_code_projects/install/remote_rc_node
[0.701s] Invoking command in '/home/ares/ares_code_projects/build/remote_rc_node': CMAKE_PREFIX_PATH=${CMAKE_PREFIX_PATH}:/home/ares/Desktop/dog/install/omni_mpc_controller:/home/ares/Desktop/dog/install/laser:/home/ares/ares_code_projects/R1/install/omni_mpc_controller:/home/ares/ares_code_projects/R1/install/laser:/opt/ros/humble CONDA_PROMPT_MODIFIER=(base) /usr/bin/cmake --build /home/ares/ares_code_projects/build/remote_rc_node -- -j16 -l16
[0.731s] [ 50%] [32mBuilding CXX object CMakeFiles/udp_joy_node.dir/src/udp_joy_node.cpp.o[0m
[5.141s] [100%] [32m[1mLinking CXX executable udp_joy_node[0m
[5.274s] [100%] Built target udp_joy_node
[5.282s] Invoked command in '/home/ares/ares_code_projects/build/remote_rc_node' returned '0': CMAKE_PREFIX_PATH=${CMAKE_PREFIX_PATH}:/home/ares/Desktop/dog/install/omni_mpc_controller:/home/ares/Desktop/dog/install/laser:/home/ares/ares_code_projects/R1/install/omni_mpc_controller:/home/ares/ares_code_projects/R1/install/laser:/opt/ros/humble CONDA_PROMPT_MODIFIER=(base) /usr/bin/cmake --build /home/ares/ares_code_projects/build/remote_rc_node -- -j16 -l16
[5.282s] Invoking command in '/home/ares/ares_code_projects/build/remote_rc_node': CMAKE_PREFIX_PATH=${CMAKE_PREFIX_PATH}:/home/ares/Desktop/dog/install/omni_mpc_controller:/home/ares/Desktop/dog/install/laser:/home/ares/ares_code_projects/R1/install/omni_mpc_controller:/home/ares/ares_code_projects/R1/install/laser:/opt/ros/humble CONDA_PROMPT_MODIFIER=(base) /usr/bin/cmake --install /home/ares/ares_code_projects/build/remote_rc_node
[5.287s] -- Install configuration: ""
[5.287s] -- Execute custom install script
[5.287s] -- Symlinking: /home/ares/ares_code_projects/install/remote_rc_node/lib/remote_rc_node/udp_joy_node
[5.293s] -- Symlinking: /home/ares/ares_code_projects/install/remote_rc_node/share/ament_index/resource_index/package_run_dependencies/remote_rc_node
[5.298s] -- Symlinking: /home/ares/ares_code_projects/install/remote_rc_node/share/ament_index/resource_index/parent_prefix_path/remote_rc_node
[5.303s] -- Symlinking: /home/ares/ares_code_projects/install/remote_rc_node/share/remote_rc_node/environment/ament_prefix_path.sh
[5.308s] -- Symlinking: /home/ares/ares_code_projects/install/remote_rc_node/share/remote_rc_node/environment/ament_prefix_path.dsv
[5.311s] -- Symlinking: /home/ares/ares_code_projects/install/remote_rc_node/share/remote_rc_node/environment/path.sh
[5.316s] -- Symlinking: /home/ares/ares_code_projects/install/remote_rc_node/share/remote_rc_node/environment/path.dsv
[5.320s] -- Symlinking: /home/ares/ares_code_projects/install/remote_rc_node/share/remote_rc_node/local_setup.bash
[5.324s] -- Symlinking: /home/ares/ares_code_projects/install/remote_rc_node/share/remote_rc_node/local_setup.sh
[5.329s] -- Symlinking: /home/ares/ares_code_projects/install/remote_rc_node/share/remote_rc_node/local_setup.zsh
[5.334s] -- Symlinking: /home/ares/ares_code_projects/install/remote_rc_node/share/remote_rc_node/local_setup.dsv
[5.338s] -- Symlinking: /home/ares/ares_code_projects/install/remote_rc_node/share/remote_rc_node/package.dsv
[5.344s] -- Symlinking: /home/ares/ares_code_projects/install/remote_rc_node/share/ament_index/resource_index/packages/remote_rc_node
[5.348s] -- Symlinking: /home/ares/ares_code_projects/install/remote_rc_node/share/remote_rc_node/cmake/remote_rc_nodeConfig.cmake
[5.355s] -- Symlinking: /home/ares/ares_code_projects/install/remote_rc_node/share/remote_rc_node/cmake/remote_rc_nodeConfig-version.cmake
[5.361s] -- Symlinking: /home/ares/ares_code_projects/install/remote_rc_node/share/remote_rc_node/package.xml
[5.368s] Invoked command in '/home/ares/ares_code_projects/build/remote_rc_node' returned '0': CMAKE_PREFIX_PATH=${CMAKE_PREFIX_PATH}:/home/ares/Desktop/dog/install/omni_mpc_controller:/home/ares/Desktop/dog/install/laser:/home/ares/ares_code_projects/R1/install/omni_mpc_controller:/home/ares/ares_code_projects/R1/install/laser:/opt/ros/humble CONDA_PROMPT_MODIFIER=(base) /usr/bin/cmake --install /home/ares/ares_code_projects/build/remote_rc_node
