[0.054s] DEBUG:colcon:Command line arguments: ['/usr/bin/colcon', 'build', '--symlink']
[0.054s] DEBUG:colcon:Parsed command line arguments: Namespace(log_base=None, log_level=None, verb_name='build', build_base='build', install_base='install', merge_install=False, symlink_install=True, test_result_base=None, continue_on_error=False, executor='parallel', parallel_workers=16, event_handlers=None, ignore_user_meta=False, metas=['./colcon.meta'], base_paths=['.'], packages_ignore=None, packages_ignore_regex=None, paths=None, packages_up_to=None, packages_up_to_regex=None, packages_above=None, packages_above_and_dependencies=None, packages_above_depth=None, packages_select_by_dep=None, packages_skip_by_dep=None, packages_skip_up_to=None, packages_select_build_failed=False, packages_skip_build_finished=False, packages_select_test_failures=False, packages_skip_test_passed=False, packages_select=None, packages_skip=None, packages_select_regex=None, packages_skip_regex=None, packages_start=None, packages_end=None, allow_overriding=[], cmake_args=None, cmake_target=None, cmake_target_skip_unavailable=False, cmake_clean_cache=False, cmake_clean_first=False, cmake_force_configure=False, ament_cmake_args=None, catkin_cmake_args=None, catkin_skip_building_tests=False, verb_parser=<colcon_defaults.argument_parser.defaults.DefaultArgumentsDecorator object at 0x782f8ca6a890>, verb_extension=<colcon_core.verb.build.BuildVerb object at 0x782f8ca6a3b0>, main=<bound method BuildVerb.main of <colcon_core.verb.build.BuildVerb object at 0x782f8ca6a3b0>>)
[0.141s] Level 1:colcon.colcon_core.package_discovery:discover_packages(colcon_meta) check parameters
[0.142s] Level 1:colcon.colcon_core.package_discovery:discover_packages(recursive) check parameters
[0.142s] Level 1:colcon.colcon_core.package_discovery:discover_packages(ignore) check parameters
[0.142s] Level 1:colcon.colcon_core.package_discovery:discover_packages(path) check parameters
[0.142s] Level 1:colcon.colcon_core.package_discovery:discover_packages(colcon_meta) discover
[0.142s] Level 1:colcon.colcon_core.package_discovery:discover_packages(recursive) discover
[0.142s] INFO:colcon.colcon_core.package_discovery:Crawling recursively for packages in '/home/ares/ares_code_projects/R2'
[0.142s] Level 1:colcon.colcon_core.package_identification:_identify(.) by extensions ['ignore', 'ignore_ament_install']
[0.142s] Level 1:colcon.colcon_core.package_identification:_identify(.) by extension 'ignore'
[0.142s] Level 1:colcon.colcon_core.package_identification:_identify(.) by extension 'ignore_ament_install'
[0.142s] Level 1:colcon.colcon_core.package_identification:_identify(.) by extensions ['colcon_pkg']
[0.142s] Level 1:colcon.colcon_core.package_identification:_identify(.) by extension 'colcon_pkg'
[0.142s] Level 1:colcon.colcon_core.package_identification:_identify(.) by extensions ['colcon_meta']
[0.142s] Level 1:colcon.colcon_core.package_identification:_identify(.) by extension 'colcon_meta'
[0.142s] Level 1:colcon.colcon_core.package_identification:_identify(.) by extensions ['ros']
[0.142s] Level 1:colcon.colcon_core.package_identification:_identify(.) by extension 'ros'
[0.148s] Level 1:colcon.colcon_core.package_identification:_identify(.) by extensions ['cmake', 'python']
[0.148s] Level 1:colcon.colcon_core.package_identification:_identify(.) by extension 'cmake'
[0.148s] Level 1:colcon.colcon_core.package_identification:_identify(.) by extension 'python'
[0.148s] Level 1:colcon.colcon_core.package_identification:_identify(.) by extensions ['python_setup_py']
[0.148s] Level 1:colcon.colcon_core.package_identification:_identify(.) by extension 'python_setup_py'
[0.148s] Level 1:colcon.colcon_core.package_identification:_identify(build) by extensions ['ignore', 'ignore_ament_install']
[0.148s] Level 1:colcon.colcon_core.package_identification:_identify(build) by extension 'ignore'
[0.148s] Level 1:colcon.colcon_core.package_identification:_identify(build) ignored
[0.148s] Level 1:colcon.colcon_core.package_identification:_identify(install) by extensions ['ignore', 'ignore_ament_install']
[0.148s] Level 1:colcon.colcon_core.package_identification:_identify(install) by extension 'ignore'
[0.148s] Level 1:colcon.colcon_core.package_identification:_identify(install) ignored
[0.148s] Level 1:colcon.colcon_core.package_identification:_identify(log) by extensions ['ignore', 'ignore_ament_install']
[0.148s] Level 1:colcon.colcon_core.package_identification:_identify(log) by extension 'ignore'
[0.148s] Level 1:colcon.colcon_core.package_identification:_identify(log) ignored
[0.148s] Level 1:colcon.colcon_core.package_identification:_identify(src) by extensions ['ignore', 'ignore_ament_install']
[0.148s] Level 1:colcon.colcon_core.package_identification:_identify(src) by extension 'ignore'
[0.148s] Level 1:colcon.colcon_core.package_identification:_identify(src) by extension 'ignore_ament_install'
[0.148s] Level 1:colcon.colcon_core.package_identification:_identify(src) by extensions ['colcon_pkg']
[0.148s] Level 1:colcon.colcon_core.package_identification:_identify(src) by extension 'colcon_pkg'
[0.148s] Level 1:colcon.colcon_core.package_identification:_identify(src) by extensions ['colcon_meta']
[0.148s] Level 1:colcon.colcon_core.package_identification:_identify(src) by extension 'colcon_meta'
[0.148s] Level 1:colcon.colcon_core.package_identification:_identify(src) by extensions ['ros']
[0.148s] Level 1:colcon.colcon_core.package_identification:_identify(src) by extension 'ros'
[0.148s] Level 1:colcon.colcon_core.package_identification:_identify(src) by extensions ['cmake', 'python']
[0.148s] Level 1:colcon.colcon_core.package_identification:_identify(src) by extension 'cmake'
[0.148s] Level 1:colcon.colcon_core.package_identification:_identify(src) by extension 'python'
[0.148s] Level 1:colcon.colcon_core.package_identification:_identify(src) by extensions ['python_setup_py']
[0.148s] Level 1:colcon.colcon_core.package_identification:_identify(src) by extension 'python_setup_py'
[0.148s] Level 1:colcon.colcon_core.package_identification:_identify(src/laser) by extensions ['ignore', 'ignore_ament_install']
[0.148s] Level 1:colcon.colcon_core.package_identification:_identify(src/laser) by extension 'ignore'
[0.148s] Level 1:colcon.colcon_core.package_identification:_identify(src/laser) by extension 'ignore_ament_install'
[0.148s] Level 1:colcon.colcon_core.package_identification:_identify(src/laser) by extensions ['colcon_pkg']
[0.148s] Level 1:colcon.colcon_core.package_identification:_identify(src/laser) by extension 'colcon_pkg'
[0.148s] Level 1:colcon.colcon_core.package_identification:_identify(src/laser) by extensions ['colcon_meta']
[0.148s] Level 1:colcon.colcon_core.package_identification:_identify(src/laser) by extension 'colcon_meta'
[0.148s] Level 1:colcon.colcon_core.package_identification:_identify(src/laser) by extensions ['ros']
[0.148s] Level 1:colcon.colcon_core.package_identification:_identify(src/laser) by extension 'ros'
[0.150s] DEBUG:colcon.colcon_core.package_identification:Package 'src/laser' with type 'ros.ament_python' and name 'laser'
[0.150s] Level 1:colcon.colcon_core.package_identification:_identify(src/my_robot_bringup) by extensions ['ignore', 'ignore_ament_install']
[0.150s] Level 1:colcon.colcon_core.package_identification:_identify(src/my_robot_bringup) by extension 'ignore'
[0.150s] Level 1:colcon.colcon_core.package_identification:_identify(src/my_robot_bringup) by extension 'ignore_ament_install'
[0.150s] Level 1:colcon.colcon_core.package_identification:_identify(src/my_robot_bringup) by extensions ['colcon_pkg']
[0.150s] Level 1:colcon.colcon_core.package_identification:_identify(src/my_robot_bringup) by extension 'colcon_pkg'
[0.150s] Level 1:colcon.colcon_core.package_identification:_identify(src/my_robot_bringup) by extensions ['colcon_meta']
[0.150s] Level 1:colcon.colcon_core.package_identification:_identify(src/my_robot_bringup) by extension 'colcon_meta'
[0.150s] Level 1:colcon.colcon_core.package_identification:_identify(src/my_robot_bringup) by extensions ['ros']
[0.150s] Level 1:colcon.colcon_core.package_identification:_identify(src/my_robot_bringup) by extension 'ros'
[0.150s] DEBUG:colcon.colcon_core.package_identification:Package 'src/my_robot_bringup' with type 'ros.ament_cmake' and name 'my_robot_bringup'
[0.150s] Level 1:colcon.colcon_core.package_identification:_identify(src/my_robot_description) by extensions ['ignore', 'ignore_ament_install']
[0.150s] Level 1:colcon.colcon_core.package_identification:_identify(src/my_robot_description) by extension 'ignore'
[0.150s] Level 1:colcon.colcon_core.package_identification:_identify(src/my_robot_description) by extension 'ignore_ament_install'
[0.151s] Level 1:colcon.colcon_core.package_identification:_identify(src/my_robot_description) by extensions ['colcon_pkg']
[0.151s] Level 1:colcon.colcon_core.package_identification:_identify(src/my_robot_description) by extension 'colcon_pkg'
[0.151s] Level 1:colcon.colcon_core.package_identification:_identify(src/my_robot_description) by extensions ['colcon_meta']
[0.151s] Level 1:colcon.colcon_core.package_identification:_identify(src/my_robot_description) by extension 'colcon_meta'
[0.151s] Level 1:colcon.colcon_core.package_identification:_identify(src/my_robot_description) by extensions ['ros']
[0.151s] Level 1:colcon.colcon_core.package_identification:_identify(src/my_robot_description) by extension 'ros'
[0.151s] DEBUG:colcon.colcon_core.package_identification:Package 'src/my_robot_description' with type 'ros.ament_cmake' and name 'my_robot_description'
[0.151s] Level 1:colcon.colcon_core.package_identification:_identify(src/myrobot_controller) by extensions ['ignore', 'ignore_ament_install']
[0.151s] Level 1:colcon.colcon_core.package_identification:_identify(src/myrobot_controller) by extension 'ignore'
[0.151s] Level 1:colcon.colcon_core.package_identification:_identify(src/myrobot_controller) by extension 'ignore_ament_install'
[0.151s] Level 1:colcon.colcon_core.package_identification:_identify(src/myrobot_controller) by extensions ['colcon_pkg']
[0.151s] Level 1:colcon.colcon_core.package_identification:_identify(src/myrobot_controller) by extension 'colcon_pkg'
[0.151s] Level 1:colcon.colcon_core.package_identification:_identify(src/myrobot_controller) by extensions ['colcon_meta']
[0.151s] Level 1:colcon.colcon_core.package_identification:_identify(src/myrobot_controller) by extension 'colcon_meta'
[0.151s] Level 1:colcon.colcon_core.package_identification:_identify(src/myrobot_controller) by extensions ['ros']
[0.151s] Level 1:colcon.colcon_core.package_identification:_identify(src/myrobot_controller) by extension 'ros'
[0.152s] DEBUG:colcon.colcon_core.package_identification:Package 'src/myrobot_controller' with type 'ros.ament_cmake' and name 'myrobot_controller'
[0.152s] Level 1:colcon.colcon_core.package_identification:_identify(src/omni_mpc_controller) by extensions ['ignore', 'ignore_ament_install']
[0.152s] Level 1:colcon.colcon_core.package_identification:_identify(src/omni_mpc_controller) by extension 'ignore'
[0.152s] Level 1:colcon.colcon_core.package_identification:_identify(src/omni_mpc_controller) by extension 'ignore_ament_install'
[0.152s] Level 1:colcon.colcon_core.package_identification:_identify(src/omni_mpc_controller) by extensions ['colcon_pkg']
[0.152s] Level 1:colcon.colcon_core.package_identification:_identify(src/omni_mpc_controller) by extension 'colcon_pkg'
[0.152s] Level 1:colcon.colcon_core.package_identification:_identify(src/omni_mpc_controller) by extensions ['colcon_meta']
[0.152s] Level 1:colcon.colcon_core.package_identification:_identify(src/omni_mpc_controller) by extension 'colcon_meta'
[0.152s] Level 1:colcon.colcon_core.package_identification:_identify(src/omni_mpc_controller) by extensions ['ros']
[0.152s] Level 1:colcon.colcon_core.package_identification:_identify(src/omni_mpc_controller) by extension 'ros'
[0.153s] DEBUG:colcon.colcon_core.package_identification:Package 'src/omni_mpc_controller' with type 'ros.ament_python' and name 'omni_mpc_controller'
[0.153s] Level 1:colcon.colcon_core.package_identification:_identify(src/sim_localization) by extensions ['ignore', 'ignore_ament_install']
[0.153s] Level 1:colcon.colcon_core.package_identification:_identify(src/sim_localization) by extension 'ignore'
[0.153s] Level 1:colcon.colcon_core.package_identification:_identify(src/sim_localization) by extension 'ignore_ament_install'
[0.153s] Level 1:colcon.colcon_core.package_identification:_identify(src/sim_localization) by extensions ['colcon_pkg']
[0.153s] Level 1:colcon.colcon_core.package_identification:_identify(src/sim_localization) by extension 'colcon_pkg'
[0.153s] Level 1:colcon.colcon_core.package_identification:_identify(src/sim_localization) by extensions ['colcon_meta']
[0.153s] Level 1:colcon.colcon_core.package_identification:_identify(src/sim_localization) by extension 'colcon_meta'
[0.153s] Level 1:colcon.colcon_core.package_identification:_identify(src/sim_localization) by extensions ['ros']
[0.153s] Level 1:colcon.colcon_core.package_identification:_identify(src/sim_localization) by extension 'ros'
[0.153s] Level 1:colcon.colcon_core.package_identification:_identify(src/sim_localization) by extensions ['cmake', 'python']
[0.153s] Level 1:colcon.colcon_core.package_identification:_identify(src/sim_localization) by extension 'cmake'
[0.153s] Level 1:colcon.colcon_core.package_identification:_identify(src/sim_localization) by extension 'python'
[0.153s] Level 1:colcon.colcon_core.package_identification:_identify(src/sim_localization) by extensions ['python_setup_py']
[0.153s] Level 1:colcon.colcon_core.package_identification:_identify(src/sim_localization) by extension 'python_setup_py'
[0.153s] Level 1:colcon.colcon_core.package_identification:_identify(src/sllidar_ros2) by extensions ['ignore', 'ignore_ament_install']
[0.153s] Level 1:colcon.colcon_core.package_identification:_identify(src/sllidar_ros2) by extension 'ignore'
[0.153s] Level 1:colcon.colcon_core.package_identification:_identify(src/sllidar_ros2) by extension 'ignore_ament_install'
[0.153s] Level 1:colcon.colcon_core.package_identification:_identify(src/sllidar_ros2) by extensions ['colcon_pkg']
[0.153s] Level 1:colcon.colcon_core.package_identification:_identify(src/sllidar_ros2) by extension 'colcon_pkg'
[0.153s] Level 1:colcon.colcon_core.package_identification:_identify(src/sllidar_ros2) by extensions ['colcon_meta']
[0.153s] Level 1:colcon.colcon_core.package_identification:_identify(src/sllidar_ros2) by extension 'colcon_meta'
[0.153s] Level 1:colcon.colcon_core.package_identification:_identify(src/sllidar_ros2) by extensions ['ros']
[0.153s] Level 1:colcon.colcon_core.package_identification:_identify(src/sllidar_ros2) by extension 'ros'
[0.154s] DEBUG:colcon.colcon_core.package_identification:Package 'src/sllidar_ros2' with type 'ros.ament_cmake' and name 'sllidar_ros2'
[0.154s] Level 1:colcon.colcon_core.package_identification:_identify(src/usb_bulk_node) by extensions ['ignore', 'ignore_ament_install']
[0.154s] Level 1:colcon.colcon_core.package_identification:_identify(src/usb_bulk_node) by extension 'ignore'
[0.154s] Level 1:colcon.colcon_core.package_identification:_identify(src/usb_bulk_node) by extension 'ignore_ament_install'
[0.154s] Level 1:colcon.colcon_core.package_identification:_identify(src/usb_bulk_node) by extensions ['colcon_pkg']
[0.154s] Level 1:colcon.colcon_core.package_identification:_identify(src/usb_bulk_node) by extension 'colcon_pkg'
[0.154s] Level 1:colcon.colcon_core.package_identification:_identify(src/usb_bulk_node) by extensions ['colcon_meta']
[0.154s] Level 1:colcon.colcon_core.package_identification:_identify(src/usb_bulk_node) by extension 'colcon_meta'
[0.154s] Level 1:colcon.colcon_core.package_identification:_identify(src/usb_bulk_node) by extensions ['ros']
[0.154s] Level 1:colcon.colcon_core.package_identification:_identify(src/usb_bulk_node) by extension 'ros'
[0.154s] DEBUG:colcon.colcon_core.package_identification:Package 'src/usb_bulk_node' with type 'ros.ament_cmake' and name 'usb_bulk_node'
[0.154s] Level 1:colcon.colcon_core.package_discovery:discover_packages(recursive) using defaults
[0.154s] Level 1:colcon.colcon_core.package_discovery:discover_packages(ignore) discover
[0.154s] Level 1:colcon.colcon_core.package_discovery:discover_packages(ignore) using defaults
[0.154s] Level 1:colcon.colcon_core.package_discovery:discover_packages(path) discover
[0.154s] Level 1:colcon.colcon_core.package_discovery:discover_packages(path) using defaults
[0.170s] Level 1:colcon.colcon_core.package_discovery:discover_packages(prefix_path) check parameters
[0.170s] Level 1:colcon.colcon_core.package_discovery:discover_packages(prefix_path) discover
[0.171s] DEBUG:colcon.colcon_installed_package_information.package_discovery:Found 7 installed packages in /home/ares/ares_code_projects/R1/install
[0.172s] DEBUG:colcon.colcon_installed_package_information.package_discovery:Found 5 installed packages in /home/ares/ros2_ws/install
[0.172s] DEBUG:colcon.colcon_installed_package_information.package_discovery:Found 297 installed packages in /opt/ros/humble
[0.173s] Level 1:colcon.colcon_core.package_discovery:discover_packages(prefix_path) using defaults
[0.191s] Level 5:colcon.colcon_core.verb:set package 'laser' build argument 'cmake_args' from command line to 'None'
[0.191s] Level 5:colcon.colcon_core.verb:set package 'laser' build argument 'cmake_target' from command line to 'None'
[0.191s] Level 5:colcon.colcon_core.verb:set package 'laser' build argument 'cmake_target_skip_unavailable' from command line to 'False'
[0.191s] Level 5:colcon.colcon_core.verb:set package 'laser' build argument 'cmake_clean_cache' from command line to 'False'
[0.191s] Level 5:colcon.colcon_core.verb:set package 'laser' build argument 'cmake_clean_first' from command line to 'False'
[0.191s] Level 5:colcon.colcon_core.verb:set package 'laser' build argument 'cmake_force_configure' from command line to 'False'
[0.191s] Level 5:colcon.colcon_core.verb:set package 'laser' build argument 'ament_cmake_args' from command line to 'None'
[0.191s] Level 5:colcon.colcon_core.verb:set package 'laser' build argument 'catkin_cmake_args' from command line to 'None'
[0.191s] Level 5:colcon.colcon_core.verb:set package 'laser' build argument 'catkin_skip_building_tests' from command line to 'False'
[0.191s] DEBUG:colcon.colcon_core.verb:Building package 'laser' with the following arguments: {'ament_cmake_args': None, 'build_base': '/home/ares/ares_code_projects/R2/build/laser', 'catkin_cmake_args': None, 'catkin_skip_building_tests': False, 'cmake_args': None, 'cmake_clean_cache': False, 'cmake_clean_first': False, 'cmake_force_configure': False, 'cmake_target': None, 'cmake_target_skip_unavailable': False, 'install_base': '/home/ares/ares_code_projects/R2/install/laser', 'merge_install': False, 'path': '/home/ares/ares_code_projects/R2/src/laser', 'symlink_install': True, 'test_result_base': None}
[0.191s] Level 5:colcon.colcon_core.verb:set package 'my_robot_description' build argument 'cmake_args' from command line to 'None'
[0.191s] Level 5:colcon.colcon_core.verb:set package 'my_robot_description' build argument 'cmake_target' from command line to 'None'
[0.191s] Level 5:colcon.colcon_core.verb:set package 'my_robot_description' build argument 'cmake_target_skip_unavailable' from command line to 'False'
[0.191s] Level 5:colcon.colcon_core.verb:set package 'my_robot_description' build argument 'cmake_clean_cache' from command line to 'False'
[0.191s] Level 5:colcon.colcon_core.verb:set package 'my_robot_description' build argument 'cmake_clean_first' from command line to 'False'
[0.191s] Level 5:colcon.colcon_core.verb:set package 'my_robot_description' build argument 'cmake_force_configure' from command line to 'False'
[0.191s] Level 5:colcon.colcon_core.verb:set package 'my_robot_description' build argument 'ament_cmake_args' from command line to 'None'
[0.191s] Level 5:colcon.colcon_core.verb:set package 'my_robot_description' build argument 'catkin_cmake_args' from command line to 'None'
[0.191s] Level 5:colcon.colcon_core.verb:set package 'my_robot_description' build argument 'catkin_skip_building_tests' from command line to 'False'
[0.191s] DEBUG:colcon.colcon_core.verb:Building package 'my_robot_description' with the following arguments: {'ament_cmake_args': None, 'build_base': '/home/ares/ares_code_projects/R2/build/my_robot_description', 'catkin_cmake_args': None, 'catkin_skip_building_tests': False, 'cmake_args': None, 'cmake_clean_cache': False, 'cmake_clean_first': False, 'cmake_force_configure': False, 'cmake_target': None, 'cmake_target_skip_unavailable': False, 'install_base': '/home/ares/ares_code_projects/R2/install/my_robot_description', 'merge_install': False, 'path': '/home/ares/ares_code_projects/R2/src/my_robot_description', 'symlink_install': True, 'test_result_base': None}
[0.192s] Level 5:colcon.colcon_core.verb:set package 'myrobot_controller' build argument 'cmake_args' from command line to 'None'
[0.192s] Level 5:colcon.colcon_core.verb:set package 'myrobot_controller' build argument 'cmake_target' from command line to 'None'
[0.192s] Level 5:colcon.colcon_core.verb:set package 'myrobot_controller' build argument 'cmake_target_skip_unavailable' from command line to 'False'
[0.192s] Level 5:colcon.colcon_core.verb:set package 'myrobot_controller' build argument 'cmake_clean_cache' from command line to 'False'
[0.192s] Level 5:colcon.colcon_core.verb:set package 'myrobot_controller' build argument 'cmake_clean_first' from command line to 'False'
[0.192s] Level 5:colcon.colcon_core.verb:set package 'myrobot_controller' build argument 'cmake_force_configure' from command line to 'False'
[0.192s] Level 5:colcon.colcon_core.verb:set package 'myrobot_controller' build argument 'ament_cmake_args' from command line to 'None'
[0.192s] Level 5:colcon.colcon_core.verb:set package 'myrobot_controller' build argument 'catkin_cmake_args' from command line to 'None'
[0.192s] Level 5:colcon.colcon_core.verb:set package 'myrobot_controller' build argument 'catkin_skip_building_tests' from command line to 'False'
[0.192s] DEBUG:colcon.colcon_core.verb:Building package 'myrobot_controller' with the following arguments: {'ament_cmake_args': None, 'build_base': '/home/ares/ares_code_projects/R2/build/myrobot_controller', 'catkin_cmake_args': None, 'catkin_skip_building_tests': False, 'cmake_args': None, 'cmake_clean_cache': False, 'cmake_clean_first': False, 'cmake_force_configure': False, 'cmake_target': None, 'cmake_target_skip_unavailable': False, 'install_base': '/home/ares/ares_code_projects/R2/install/myrobot_controller', 'merge_install': False, 'path': '/home/ares/ares_code_projects/R2/src/myrobot_controller', 'symlink_install': True, 'test_result_base': None}
[0.192s] Level 5:colcon.colcon_core.verb:set package 'omni_mpc_controller' build argument 'cmake_args' from command line to 'None'
[0.192s] Level 5:colcon.colcon_core.verb:set package 'omni_mpc_controller' build argument 'cmake_target' from command line to 'None'
[0.192s] Level 5:colcon.colcon_core.verb:set package 'omni_mpc_controller' build argument 'cmake_target_skip_unavailable' from command line to 'False'
[0.192s] Level 5:colcon.colcon_core.verb:set package 'omni_mpc_controller' build argument 'cmake_clean_cache' from command line to 'False'
[0.192s] Level 5:colcon.colcon_core.verb:set package 'omni_mpc_controller' build argument 'cmake_clean_first' from command line to 'False'
[0.192s] Level 5:colcon.colcon_core.verb:set package 'omni_mpc_controller' build argument 'cmake_force_configure' from command line to 'False'
[0.192s] Level 5:colcon.colcon_core.verb:set package 'omni_mpc_controller' build argument 'ament_cmake_args' from command line to 'None'
[0.192s] Level 5:colcon.colcon_core.verb:set package 'omni_mpc_controller' build argument 'catkin_cmake_args' from command line to 'None'
[0.192s] Level 5:colcon.colcon_core.verb:set package 'omni_mpc_controller' build argument 'catkin_skip_building_tests' from command line to 'False'
[0.192s] DEBUG:colcon.colcon_core.verb:Building package 'omni_mpc_controller' with the following arguments: {'ament_cmake_args': None, 'build_base': '/home/ares/ares_code_projects/R2/build/omni_mpc_controller', 'catkin_cmake_args': None, 'catkin_skip_building_tests': False, 'cmake_args': None, 'cmake_clean_cache': False, 'cmake_clean_first': False, 'cmake_force_configure': False, 'cmake_target': None, 'cmake_target_skip_unavailable': False, 'install_base': '/home/ares/ares_code_projects/R2/install/omni_mpc_controller', 'merge_install': False, 'path': '/home/ares/ares_code_projects/R2/src/omni_mpc_controller', 'symlink_install': True, 'test_result_base': None}
[0.192s] Level 5:colcon.colcon_core.verb:set package 'sllidar_ros2' build argument 'cmake_args' from command line to 'None'
[0.192s] Level 5:colcon.colcon_core.verb:set package 'sllidar_ros2' build argument 'cmake_target' from command line to 'None'
[0.192s] Level 5:colcon.colcon_core.verb:set package 'sllidar_ros2' build argument 'cmake_target_skip_unavailable' from command line to 'False'
[0.192s] Level 5:colcon.colcon_core.verb:set package 'sllidar_ros2' build argument 'cmake_clean_cache' from command line to 'False'
[0.192s] Level 5:colcon.colcon_core.verb:set package 'sllidar_ros2' build argument 'cmake_clean_first' from command line to 'False'
[0.192s] Level 5:colcon.colcon_core.verb:set package 'sllidar_ros2' build argument 'cmake_force_configure' from command line to 'False'
[0.192s] Level 5:colcon.colcon_core.verb:set package 'sllidar_ros2' build argument 'ament_cmake_args' from command line to 'None'
[0.192s] Level 5:colcon.colcon_core.verb:set package 'sllidar_ros2' build argument 'catkin_cmake_args' from command line to 'None'
[0.192s] Level 5:colcon.colcon_core.verb:set package 'sllidar_ros2' build argument 'catkin_skip_building_tests' from command line to 'False'
[0.192s] DEBUG:colcon.colcon_core.verb:Building package 'sllidar_ros2' with the following arguments: {'ament_cmake_args': None, 'build_base': '/home/ares/ares_code_projects/R2/build/sllidar_ros2', 'catkin_cmake_args': None, 'catkin_skip_building_tests': False, 'cmake_args': None, 'cmake_clean_cache': False, 'cmake_clean_first': False, 'cmake_force_configure': False, 'cmake_target': None, 'cmake_target_skip_unavailable': False, 'install_base': '/home/ares/ares_code_projects/R2/install/sllidar_ros2', 'merge_install': False, 'path': '/home/ares/ares_code_projects/R2/src/sllidar_ros2', 'symlink_install': True, 'test_result_base': None}
[0.192s] Level 5:colcon.colcon_core.verb:set package 'usb_bulk_node' build argument 'cmake_args' from command line to 'None'
[0.192s] Level 5:colcon.colcon_core.verb:set package 'usb_bulk_node' build argument 'cmake_target' from command line to 'None'
[0.192s] Level 5:colcon.colcon_core.verb:set package 'usb_bulk_node' build argument 'cmake_target_skip_unavailable' from command line to 'False'
[0.192s] Level 5:colcon.colcon_core.verb:set package 'usb_bulk_node' build argument 'cmake_clean_cache' from command line to 'False'
[0.192s] Level 5:colcon.colcon_core.verb:set package 'usb_bulk_node' build argument 'cmake_clean_first' from command line to 'False'
[0.192s] Level 5:colcon.colcon_core.verb:set package 'usb_bulk_node' build argument 'cmake_force_configure' from command line to 'False'
[0.192s] Level 5:colcon.colcon_core.verb:set package 'usb_bulk_node' build argument 'ament_cmake_args' from command line to 'None'
[0.192s] Level 5:colcon.colcon_core.verb:set package 'usb_bulk_node' build argument 'catkin_cmake_args' from command line to 'None'
[0.192s] Level 5:colcon.colcon_core.verb:set package 'usb_bulk_node' build argument 'catkin_skip_building_tests' from command line to 'False'
[0.192s] DEBUG:colcon.colcon_core.verb:Building package 'usb_bulk_node' with the following arguments: {'ament_cmake_args': None, 'build_base': '/home/ares/ares_code_projects/R2/build/usb_bulk_node', 'catkin_cmake_args': None, 'catkin_skip_building_tests': False, 'cmake_args': None, 'cmake_clean_cache': False, 'cmake_clean_first': False, 'cmake_force_configure': False, 'cmake_target': None, 'cmake_target_skip_unavailable': False, 'install_base': '/home/ares/ares_code_projects/R2/install/usb_bulk_node', 'merge_install': False, 'path': '/home/ares/ares_code_projects/R2/src/usb_bulk_node', 'symlink_install': True, 'test_result_base': None}
[0.193s] Level 5:colcon.colcon_core.verb:set package 'my_robot_bringup' build argument 'cmake_args' from command line to 'None'
[0.193s] Level 5:colcon.colcon_core.verb:set package 'my_robot_bringup' build argument 'cmake_target' from command line to 'None'
[0.193s] Level 5:colcon.colcon_core.verb:set package 'my_robot_bringup' build argument 'cmake_target_skip_unavailable' from command line to 'False'
[0.193s] Level 5:colcon.colcon_core.verb:set package 'my_robot_bringup' build argument 'cmake_clean_cache' from command line to 'False'
[0.193s] Level 5:colcon.colcon_core.verb:set package 'my_robot_bringup' build argument 'cmake_clean_first' from command line to 'False'
[0.193s] Level 5:colcon.colcon_core.verb:set package 'my_robot_bringup' build argument 'cmake_force_configure' from command line to 'False'
[0.193s] Level 5:colcon.colcon_core.verb:set package 'my_robot_bringup' build argument 'ament_cmake_args' from command line to 'None'
[0.193s] Level 5:colcon.colcon_core.verb:set package 'my_robot_bringup' build argument 'catkin_cmake_args' from command line to 'None'
[0.193s] Level 5:colcon.colcon_core.verb:set package 'my_robot_bringup' build argument 'catkin_skip_building_tests' from command line to 'False'
[0.193s] DEBUG:colcon.colcon_core.verb:Building package 'my_robot_bringup' with the following arguments: {'ament_cmake_args': None, 'build_base': '/home/ares/ares_code_projects/R2/build/my_robot_bringup', 'catkin_cmake_args': None, 'catkin_skip_building_tests': False, 'cmake_args': None, 'cmake_clean_cache': False, 'cmake_clean_first': False, 'cmake_force_configure': False, 'cmake_target': None, 'cmake_target_skip_unavailable': False, 'install_base': '/home/ares/ares_code_projects/R2/install/my_robot_bringup', 'merge_install': False, 'path': '/home/ares/ares_code_projects/R2/src/my_robot_bringup', 'symlink_install': True, 'test_result_base': None}
[0.193s] INFO:colcon.colcon_core.executor:Executing jobs using 'parallel' executor
[0.193s] DEBUG:colcon.colcon_parallel_executor.executor.parallel:run_until_complete
[0.194s] INFO:colcon.colcon_ros.task.ament_cmake.build:Building ROS package in '/home/ares/ares_code_projects/R2/src/my_robot_description' with build type 'ament_cmake'
[0.194s] INFO:colcon.colcon_cmake.task.cmake.build:Building CMake package in '/home/ares/ares_code_projects/R2/src/my_robot_description'
[0.195s] INFO:colcon.colcon_core.plugin_system:Skipping extension 'colcon_core.shell.bat': Not used on non-Windows systems
[0.195s] INFO:colcon.colcon_core.shell:Skip shell extension 'powershell' for command environment: Not usable outside of PowerShell
[0.195s] DEBUG:colcon.colcon_core.shell:Skip shell extension 'dsv' for command environment
[0.197s] INFO:colcon.colcon_ros.task.ament_python.build:Building ROS package in '/home/ares/ares_code_projects/R2/src/laser' with build type 'ament_python'
[0.197s] Level 1:colcon.colcon_core.shell:create_environment_hook('laser', 'ament_prefix_path')
[0.197s] INFO:colcon.colcon_core.shell:Creating environment hook '/home/ares/ares_code_projects/R2/install/laser/share/laser/hook/ament_prefix_path.ps1'
[0.197s] INFO:colcon.colcon_core.shell:Creating environment descriptor '/home/ares/ares_code_projects/R2/install/laser/share/laser/hook/ament_prefix_path.dsv'
[0.198s] INFO:colcon.colcon_core.shell:Creating environment hook '/home/ares/ares_code_projects/R2/install/laser/share/laser/hook/ament_prefix_path.sh'
[0.198s] INFO:colcon.colcon_core.shell:Skip shell extension 'powershell' for command environment: Not usable outside of PowerShell
[0.198s] DEBUG:colcon.colcon_core.shell:Skip shell extension 'dsv' for command environment
[0.200s] INFO:colcon.colcon_ros.task.ament_cmake.build:Building ROS package in '/home/ares/ares_code_projects/R2/src/myrobot_controller' with build type 'ament_cmake'
[0.200s] INFO:colcon.colcon_cmake.task.cmake.build:Building CMake package in '/home/ares/ares_code_projects/R2/src/myrobot_controller'
[0.200s] INFO:colcon.colcon_core.shell:Skip shell extension 'powershell' for command environment: Not usable outside of PowerShell
[0.200s] DEBUG:colcon.colcon_core.shell:Skip shell extension 'dsv' for command environment
[0.202s] INFO:colcon.colcon_ros.task.ament_python.build:Building ROS package in '/home/ares/ares_code_projects/R2/src/omni_mpc_controller' with build type 'ament_python'
[0.202s] Level 1:colcon.colcon_core.shell:create_environment_hook('omni_mpc_controller', 'ament_prefix_path')
[0.202s] INFO:colcon.colcon_core.shell:Creating environment hook '/home/ares/ares_code_projects/R2/install/omni_mpc_controller/share/omni_mpc_controller/hook/ament_prefix_path.ps1'
[0.202s] INFO:colcon.colcon_core.shell:Creating environment descriptor '/home/ares/ares_code_projects/R2/install/omni_mpc_controller/share/omni_mpc_controller/hook/ament_prefix_path.dsv'
[0.202s] INFO:colcon.colcon_core.shell:Creating environment hook '/home/ares/ares_code_projects/R2/install/omni_mpc_controller/share/omni_mpc_controller/hook/ament_prefix_path.sh'
[0.203s] INFO:colcon.colcon_core.shell:Skip shell extension 'powershell' for command environment: Not usable outside of PowerShell
[0.203s] DEBUG:colcon.colcon_core.shell:Skip shell extension 'dsv' for command environment
[0.204s] INFO:colcon.colcon_ros.task.ament_cmake.build:Building ROS package in '/home/ares/ares_code_projects/R2/src/sllidar_ros2' with build type 'ament_cmake'
[0.204s] INFO:colcon.colcon_cmake.task.cmake.build:Building CMake package in '/home/ares/ares_code_projects/R2/src/sllidar_ros2'
[0.204s] INFO:colcon.colcon_core.shell:Skip shell extension 'powershell' for command environment: Not usable outside of PowerShell
[0.205s] DEBUG:colcon.colcon_core.shell:Skip shell extension 'dsv' for command environment
[0.206s] INFO:colcon.colcon_ros.task.ament_cmake.build:Building ROS package in '/home/ares/ares_code_projects/R2/src/usb_bulk_node' with build type 'ament_cmake'
[0.206s] INFO:colcon.colcon_cmake.task.cmake.build:Building CMake package in '/home/ares/ares_code_projects/R2/src/usb_bulk_node'
[0.207s] INFO:colcon.colcon_core.shell:Skip shell extension 'powershell' for command environment: Not usable outside of PowerShell
[0.207s] DEBUG:colcon.colcon_core.shell:Skip shell extension 'dsv' for command environment
[0.212s] DEBUG:colcon.colcon_core.event_handler.log_command:Invoking command in '/home/ares/ares_code_projects/R2/build/my_robot_description': CMAKE_PREFIX_PATH=${CMAKE_PREFIX_PATH}:/home/ares/ares_code_projects/R1/install/omni_mpc_controller:/home/ares/ares_code_projects/R1/install/laser:/opt/ros/humble CONDA_PROMPT_MODIFIER=(base) /usr/bin/cmake --build /home/ares/ares_code_projects/R2/build/my_robot_description -- -j16 -l16
[0.351s] INFO:colcon.colcon_core.task.python.build:Building Python package in '/home/ares/ares_code_projects/R2/src/laser'
[0.351s] INFO:colcon.colcon_core.shell:Skip shell extension 'powershell' for command environment: Not usable outside of PowerShell
[0.351s] DEBUG:colcon.colcon_core.shell:Skip shell extension 'dsv' for command environment
[0.355s] DEBUG:colcon.colcon_core.event_handler.log_command:Invoking command in '/home/ares/ares_code_projects/R2/build/myrobot_controller': CMAKE_PREFIX_PATH=${CMAKE_PREFIX_PATH}:/home/ares/ares_code_projects/R1/install/omni_mpc_controller:/home/ares/ares_code_projects/R1/install/laser:/opt/ros/humble CONDA_PROMPT_MODIFIER=(base) /usr/bin/cmake --build /home/ares/ares_code_projects/R2/build/myrobot_controller -- -j16 -l16
[0.492s] INFO:colcon.colcon_core.task.python.build:Building Python package in '/home/ares/ares_code_projects/R2/src/omni_mpc_controller'
[0.492s] INFO:colcon.colcon_core.shell:Skip shell extension 'powershell' for command environment: Not usable outside of PowerShell
[0.492s] DEBUG:colcon.colcon_core.shell:Skip shell extension 'dsv' for command environment
[0.497s] DEBUG:colcon.colcon_core.event_handler.log_command:Invoking command in '/home/ares/ares_code_projects/R2/build/sllidar_ros2': CMAKE_PREFIX_PATH=${CMAKE_PREFIX_PATH}:/home/ares/ares_code_projects/R1/install/omni_mpc_controller:/home/ares/ares_code_projects/R1/install/laser:/opt/ros/humble CONDA_PROMPT_MODIFIER=(base) /usr/bin/cmake --build /home/ares/ares_code_projects/R2/build/sllidar_ros2 -- -j16 -l16
[0.499s] DEBUG:colcon.colcon_core.event_handler.log_command:Invoked command in '/home/ares/ares_code_projects/R2/build/my_robot_description' returned '0': CMAKE_PREFIX_PATH=${CMAKE_PREFIX_PATH}:/home/ares/ares_code_projects/R1/install/omni_mpc_controller:/home/ares/ares_code_projects/R1/install/laser:/opt/ros/humble CONDA_PROMPT_MODIFIER=(base) /usr/bin/cmake --build /home/ares/ares_code_projects/R2/build/my_robot_description -- -j16 -l16
[0.506s] DEBUG:colcon.colcon_core.event_handler.log_command:Invoking command in '/home/ares/ares_code_projects/R2/build/my_robot_description': CMAKE_PREFIX_PATH=${CMAKE_PREFIX_PATH}:/home/ares/ares_code_projects/R1/install/omni_mpc_controller:/home/ares/ares_code_projects/R1/install/laser:/opt/ros/humble CONDA_PROMPT_MODIFIER=(base) /usr/bin/cmake --install /home/ares/ares_code_projects/R2/build/my_robot_description
[0.508s] DEBUG:colcon.colcon_core.event_handler.log_command:Invoking command in '/home/ares/ares_code_projects/R2/build/usb_bulk_node': CMAKE_PREFIX_PATH=${CMAKE_PREFIX_PATH}:/home/ares/ares_code_projects/R1/install/omni_mpc_controller:/home/ares/ares_code_projects/R1/install/laser:/opt/ros/humble CONDA_PROMPT_MODIFIER=(base) /usr/bin/cmake --build /home/ares/ares_code_projects/R2/build/usb_bulk_node -- -j16 -l16
[0.522s] Level 1:colcon.colcon_core.environment:create_environment_scripts_only(my_robot_description)
[0.523s] DEBUG:colcon.colcon_core.event_handler.log_command:Invoked command in '/home/ares/ares_code_projects/R2/build/my_robot_description' returned '0': CMAKE_PREFIX_PATH=${CMAKE_PREFIX_PATH}:/home/ares/ares_code_projects/R1/install/omni_mpc_controller:/home/ares/ares_code_projects/R1/install/laser:/opt/ros/humble CONDA_PROMPT_MODIFIER=(base) /usr/bin/cmake --install /home/ares/ares_code_projects/R2/build/my_robot_description
[0.524s] Level 1:colcon.colcon_core.environment:checking '/home/ares/ares_code_projects/R2/install/my_robot_description' for CMake module files
[0.525s] Level 1:colcon.colcon_core.environment:checking '/home/ares/ares_code_projects/R2/install/my_robot_description' for CMake config files
[0.526s] Level 1:colcon.colcon_core.shell:create_environment_hook('my_robot_description', 'cmake_prefix_path')
[0.526s] INFO:colcon.colcon_core.shell:Creating environment hook '/home/ares/ares_code_projects/R2/install/my_robot_description/share/my_robot_description/hook/cmake_prefix_path.ps1'
[0.526s] INFO:colcon.colcon_core.shell:Creating environment descriptor '/home/ares/ares_code_projects/R2/install/my_robot_description/share/my_robot_description/hook/cmake_prefix_path.dsv'
[0.526s] INFO:colcon.colcon_core.shell:Creating environment hook '/home/ares/ares_code_projects/R2/install/my_robot_description/share/my_robot_description/hook/cmake_prefix_path.sh'
[0.527s] Level 1:colcon.colcon_core.environment:checking '/home/ares/ares_code_projects/R2/install/my_robot_description/bin'
[0.527s] Level 1:colcon.colcon_core.environment:checking '/home/ares/ares_code_projects/R2/install/my_robot_description/lib/pkgconfig/my_robot_description.pc'
[0.527s] Level 1:colcon.colcon_core.environment:checking '/home/ares/ares_code_projects/R2/install/my_robot_description/lib/python3.10/site-packages'
[0.527s] Level 1:colcon.colcon_core.environment:checking '/home/ares/ares_code_projects/R2/install/my_robot_description/bin'
[0.527s] INFO:colcon.colcon_core.shell:Creating package script '/home/ares/ares_code_projects/R2/install/my_robot_description/share/my_robot_description/package.ps1'
[0.527s] INFO:colcon.colcon_core.shell:Creating package descriptor '/home/ares/ares_code_projects/R2/install/my_robot_description/share/my_robot_description/package.dsv'
[0.528s] INFO:colcon.colcon_core.shell:Creating package script '/home/ares/ares_code_projects/R2/install/my_robot_description/share/my_robot_description/package.sh'
[0.528s] INFO:colcon.colcon_core.shell:Creating package script '/home/ares/ares_code_projects/R2/install/my_robot_description/share/my_robot_description/package.bash'
[0.529s] INFO:colcon.colcon_core.shell:Creating package script '/home/ares/ares_code_projects/R2/install/my_robot_description/share/my_robot_description/package.zsh'
[0.529s] Level 1:colcon.colcon_core.environment:create_file_with_runtime_dependencies(/home/ares/ares_code_projects/R2/install/my_robot_description/share/colcon-core/packages/my_robot_description)
[0.529s] Level 1:colcon.colcon_core.environment:create_environment_scripts_only(my_robot_description)
[0.529s] Level 1:colcon.colcon_core.environment:checking '/home/ares/ares_code_projects/R2/install/my_robot_description' for CMake module files
[0.530s] Level 1:colcon.colcon_core.environment:checking '/home/ares/ares_code_projects/R2/install/my_robot_description' for CMake config files
[0.530s] Level 1:colcon.colcon_core.shell:create_environment_hook('my_robot_description', 'cmake_prefix_path')
[0.530s] INFO:colcon.colcon_core.shell:Creating environment hook '/home/ares/ares_code_projects/R2/install/my_robot_description/share/my_robot_description/hook/cmake_prefix_path.ps1'
[0.530s] INFO:colcon.colcon_core.shell:Creating environment descriptor '/home/ares/ares_code_projects/R2/install/my_robot_description/share/my_robot_description/hook/cmake_prefix_path.dsv'
[0.530s] INFO:colcon.colcon_core.shell:Creating environment hook '/home/ares/ares_code_projects/R2/install/my_robot_description/share/my_robot_description/hook/cmake_prefix_path.sh'
[0.531s] Level 1:colcon.colcon_core.environment:checking '/home/ares/ares_code_projects/R2/install/my_robot_description/bin'
[0.531s] Level 1:colcon.colcon_core.environment:checking '/home/ares/ares_code_projects/R2/install/my_robot_description/lib/pkgconfig/my_robot_description.pc'
[0.531s] Level 1:colcon.colcon_core.environment:checking '/home/ares/ares_code_projects/R2/install/my_robot_description/lib/python3.10/site-packages'
[0.531s] Level 1:colcon.colcon_core.environment:checking '/home/ares/ares_code_projects/R2/install/my_robot_description/bin'
[0.531s] INFO:colcon.colcon_core.shell:Creating package script '/home/ares/ares_code_projects/R2/install/my_robot_description/share/my_robot_description/package.ps1'
[0.531s] INFO:colcon.colcon_core.shell:Creating package descriptor '/home/ares/ares_code_projects/R2/install/my_robot_description/share/my_robot_description/package.dsv'
[0.531s] INFO:colcon.colcon_core.shell:Creating package script '/home/ares/ares_code_projects/R2/install/my_robot_description/share/my_robot_description/package.sh'
[0.532s] INFO:colcon.colcon_core.shell:Creating package script '/home/ares/ares_code_projects/R2/install/my_robot_description/share/my_robot_description/package.bash'
[0.532s] INFO:colcon.colcon_core.shell:Creating package script '/home/ares/ares_code_projects/R2/install/my_robot_description/share/my_robot_description/package.zsh'
[0.532s] Level 1:colcon.colcon_core.environment:create_file_with_runtime_dependencies(/home/ares/ares_code_projects/R2/install/my_robot_description/share/colcon-core/packages/my_robot_description)
[0.532s] INFO:colcon.colcon_ros.task.ament_cmake.build:Building ROS package in '/home/ares/ares_code_projects/R2/src/my_robot_bringup' with build type 'ament_cmake'
[0.532s] INFO:colcon.colcon_cmake.task.cmake.build:Building CMake package in '/home/ares/ares_code_projects/R2/src/my_robot_bringup'
[0.532s] INFO:colcon.colcon_core.shell:Skip shell extension 'powershell' for command environment: Not usable outside of PowerShell
[0.532s] DEBUG:colcon.colcon_core.shell:Skip shell extension 'dsv' for command environment
[0.538s] DEBUG:colcon.colcon_core.event_handler.log_command:Invoking command in '/home/ares/ares_code_projects/R2/build/my_robot_bringup': AMENT_PREFIX_PATH=/home/ares/ares_code_projects/R2/install/my_robot_description:${AMENT_PREFIX_PATH} CMAKE_PREFIX_PATH=/home/ares/ares_code_projects/R2/install/my_robot_description:/home/ares/ares_code_projects/R1/install/usb_bulk_node:/home/ares/ares_code_projects/R1/install/sllidar_ros2:/home/ares/ares_code_projects/R1/install/myrobot_controller:/home/ares/ares_code_projects/R1/install/my_robot_bringup:/home/ares/ares_code_projects/R1/install/my_robot_description:/home/ares/ros2_ws/install/zed_ros2:/home/ares/ros2_ws/install/zed_wrapper:/home/ares/ros2_ws/install/zed_components:/home/ares/ros2_ws/install/hoop_detector:/home/ares/ros2_ws/install/hik_camera:/home/ares/ares_code_projects/R1/install/omni_mpc_controller:/home/ares/ares_code_projects/R1/install/laser:/opt/ros/humble CONDA_PROMPT_MODIFIER=(base) /usr/bin/cmake --build /home/ares/ares_code_projects/R2/build/my_robot_bringup -- -j16 -l16
[0.542s] DEBUG:colcon.colcon_core.event_handler.log_command:Invoked command in '/home/ares/ares_code_projects/R2/build/sllidar_ros2' returned '0': CMAKE_PREFIX_PATH=${CMAKE_PREFIX_PATH}:/home/ares/ares_code_projects/R1/install/omni_mpc_controller:/home/ares/ares_code_projects/R1/install/laser:/opt/ros/humble CONDA_PROMPT_MODIFIER=(base) /usr/bin/cmake --build /home/ares/ares_code_projects/R2/build/sllidar_ros2 -- -j16 -l16
[0.543s] DEBUG:colcon.colcon_core.event_handler.log_command:Invoking command in '/home/ares/ares_code_projects/R2/build/sllidar_ros2': CMAKE_PREFIX_PATH=${CMAKE_PREFIX_PATH}:/home/ares/ares_code_projects/R1/install/omni_mpc_controller:/home/ares/ares_code_projects/R1/install/laser:/opt/ros/humble CONDA_PROMPT_MODIFIER=(base) /usr/bin/cmake --install /home/ares/ares_code_projects/R2/build/sllidar_ros2
[0.545s] DEBUG:colcon.colcon_core.event_handler.log_command:Invoked command in '/home/ares/ares_code_projects/R2/build/usb_bulk_node' returned '0': CMAKE_PREFIX_PATH=${CMAKE_PREFIX_PATH}:/home/ares/ares_code_projects/R1/install/omni_mpc_controller:/home/ares/ares_code_projects/R1/install/laser:/opt/ros/humble CONDA_PROMPT_MODIFIER=(base) /usr/bin/cmake --build /home/ares/ares_code_projects/R2/build/usb_bulk_node -- -j16 -l16
[0.546s] DEBUG:colcon.colcon_core.event_handler.log_command:Invoking command in '/home/ares/ares_code_projects/R2/build/usb_bulk_node': CMAKE_PREFIX_PATH=${CMAKE_PREFIX_PATH}:/home/ares/ares_code_projects/R1/install/omni_mpc_controller:/home/ares/ares_code_projects/R1/install/laser:/opt/ros/humble CONDA_PROMPT_MODIFIER=(base) /usr/bin/cmake --install /home/ares/ares_code_projects/R2/build/usb_bulk_node
[0.550s] DEBUG:colcon.colcon_core.event_handler.log_command:Invoked command in '/home/ares/ares_code_projects/R2/build/myrobot_controller' returned '0': CMAKE_PREFIX_PATH=${CMAKE_PREFIX_PATH}:/home/ares/ares_code_projects/R1/install/omni_mpc_controller:/home/ares/ares_code_projects/R1/install/laser:/opt/ros/humble CONDA_PROMPT_MODIFIER=(base) /usr/bin/cmake --build /home/ares/ares_code_projects/R2/build/myrobot_controller -- -j16 -l16
[0.552s] DEBUG:colcon.colcon_core.event_handler.log_command:Invoking command in '/home/ares/ares_code_projects/R2/build/myrobot_controller': CMAKE_PREFIX_PATH=${CMAKE_PREFIX_PATH}:/home/ares/ares_code_projects/R1/install/omni_mpc_controller:/home/ares/ares_code_projects/R1/install/laser:/opt/ros/humble CONDA_PROMPT_MODIFIER=(base) /usr/bin/cmake --install /home/ares/ares_code_projects/R2/build/myrobot_controller
[0.555s] Level 1:colcon.colcon_core.environment:create_environment_scripts_only(sllidar_ros2)
[0.555s] Level 1:colcon.colcon_core.environment:checking '/home/ares/ares_code_projects/R2/install/sllidar_ros2' for CMake module files
[0.556s] DEBUG:colcon.colcon_core.event_handler.log_command:Invoked command in '/home/ares/ares_code_projects/R2/build/sllidar_ros2' returned '0': CMAKE_PREFIX_PATH=${CMAKE_PREFIX_PATH}:/home/ares/ares_code_projects/R1/install/omni_mpc_controller:/home/ares/ares_code_projects/R1/install/laser:/opt/ros/humble CONDA_PROMPT_MODIFIER=(base) /usr/bin/cmake --install /home/ares/ares_code_projects/R2/build/sllidar_ros2
[0.556s] Level 1:colcon.colcon_core.environment:checking '/home/ares/ares_code_projects/R2/install/sllidar_ros2' for CMake config files
[0.557s] Level 1:colcon.colcon_core.shell:create_environment_hook('sllidar_ros2', 'cmake_prefix_path')
[0.557s] INFO:colcon.colcon_core.shell:Creating environment hook '/home/ares/ares_code_projects/R2/install/sllidar_ros2/share/sllidar_ros2/hook/cmake_prefix_path.ps1'
[0.558s] INFO:colcon.colcon_core.shell:Creating environment descriptor '/home/ares/ares_code_projects/R2/install/sllidar_ros2/share/sllidar_ros2/hook/cmake_prefix_path.dsv'
[0.559s] INFO:colcon.colcon_core.shell:Creating environment hook '/home/ares/ares_code_projects/R2/install/sllidar_ros2/share/sllidar_ros2/hook/cmake_prefix_path.sh'
[0.560s] Level 1:colcon.colcon_core.environment:checking '/home/ares/ares_code_projects/R2/install/sllidar_ros2/lib'
[0.560s] Level 1:colcon.colcon_core.environment:checking '/home/ares/ares_code_projects/R2/install/sllidar_ros2/bin'
[0.560s] Level 1:colcon.colcon_core.environment:checking '/home/ares/ares_code_projects/R2/install/sllidar_ros2/lib/pkgconfig/sllidar_ros2.pc'
[0.560s] Level 1:colcon.colcon_core.environment:checking '/home/ares/ares_code_projects/R2/install/sllidar_ros2/lib/python3.10/site-packages'
[0.560s] Level 1:colcon.colcon_core.environment:checking '/home/ares/ares_code_projects/R2/install/sllidar_ros2/bin'
[0.560s] INFO:colcon.colcon_core.shell:Creating package script '/home/ares/ares_code_projects/R2/install/sllidar_ros2/share/sllidar_ros2/package.ps1'
[0.561s] INFO:colcon.colcon_core.shell:Creating package descriptor '/home/ares/ares_code_projects/R2/install/sllidar_ros2/share/sllidar_ros2/package.dsv'
[0.561s] INFO:colcon.colcon_core.shell:Creating package script '/home/ares/ares_code_projects/R2/install/sllidar_ros2/share/sllidar_ros2/package.sh'
[0.562s] INFO:colcon.colcon_core.shell:Creating package script '/home/ares/ares_code_projects/R2/install/sllidar_ros2/share/sllidar_ros2/package.bash'
[0.562s] INFO:colcon.colcon_core.shell:Creating package script '/home/ares/ares_code_projects/R2/install/sllidar_ros2/share/sllidar_ros2/package.zsh'
[0.562s] Level 1:colcon.colcon_core.environment:create_file_with_runtime_dependencies(/home/ares/ares_code_projects/R2/install/sllidar_ros2/share/colcon-core/packages/sllidar_ros2)
[0.563s] Level 1:colcon.colcon_core.environment:create_environment_scripts_only(sllidar_ros2)
[0.563s] Level 1:colcon.colcon_core.environment:checking '/home/ares/ares_code_projects/R2/install/sllidar_ros2' for CMake module files
[0.564s] Level 1:colcon.colcon_core.environment:checking '/home/ares/ares_code_projects/R2/install/sllidar_ros2' for CMake config files
[0.564s] Level 1:colcon.colcon_core.shell:create_environment_hook('sllidar_ros2', 'cmake_prefix_path')
[0.564s] INFO:colcon.colcon_core.shell:Creating environment hook '/home/ares/ares_code_projects/R2/install/sllidar_ros2/share/sllidar_ros2/hook/cmake_prefix_path.ps1'
[0.565s] INFO:colcon.colcon_core.shell:Creating environment descriptor '/home/ares/ares_code_projects/R2/install/sllidar_ros2/share/sllidar_ros2/hook/cmake_prefix_path.dsv'
[0.565s] INFO:colcon.colcon_core.shell:Creating environment hook '/home/ares/ares_code_projects/R2/install/sllidar_ros2/share/sllidar_ros2/hook/cmake_prefix_path.sh'
[0.565s] Level 1:colcon.colcon_core.environment:checking '/home/ares/ares_code_projects/R2/install/sllidar_ros2/lib'
[0.565s] Level 1:colcon.colcon_core.environment:checking '/home/ares/ares_code_projects/R2/install/sllidar_ros2/bin'
[0.565s] Level 1:colcon.colcon_core.environment:checking '/home/ares/ares_code_projects/R2/install/sllidar_ros2/lib/pkgconfig/sllidar_ros2.pc'
[0.565s] Level 1:colcon.colcon_core.environment:checking '/home/ares/ares_code_projects/R2/install/sllidar_ros2/lib/python3.10/site-packages'
[0.565s] Level 1:colcon.colcon_core.environment:checking '/home/ares/ares_code_projects/R2/install/sllidar_ros2/bin'
[0.566s] INFO:colcon.colcon_core.shell:Creating package script '/home/ares/ares_code_projects/R2/install/sllidar_ros2/share/sllidar_ros2/package.ps1'
[0.566s] INFO:colcon.colcon_core.shell:Creating package descriptor '/home/ares/ares_code_projects/R2/install/sllidar_ros2/share/sllidar_ros2/package.dsv'
[0.566s] INFO:colcon.colcon_core.shell:Creating package script '/home/ares/ares_code_projects/R2/install/sllidar_ros2/share/sllidar_ros2/package.sh'
[0.566s] INFO:colcon.colcon_core.shell:Creating package script '/home/ares/ares_code_projects/R2/install/sllidar_ros2/share/sllidar_ros2/package.bash'
[0.566s] INFO:colcon.colcon_core.shell:Creating package script '/home/ares/ares_code_projects/R2/install/sllidar_ros2/share/sllidar_ros2/package.zsh'
[0.567s] Level 1:colcon.colcon_core.environment:create_file_with_runtime_dependencies(/home/ares/ares_code_projects/R2/install/sllidar_ros2/share/colcon-core/packages/sllidar_ros2)
[0.568s] DEBUG:colcon.colcon_core.event_handler.log_command:Invoked command in '/home/ares/ares_code_projects/R2/build/my_robot_bringup' returned '0': AMENT_PREFIX_PATH=/home/ares/ares_code_projects/R2/install/my_robot_description:${AMENT_PREFIX_PATH} CMAKE_PREFIX_PATH=/home/ares/ares_code_projects/R2/install/my_robot_description:/home/ares/ares_code_projects/R1/install/usb_bulk_node:/home/ares/ares_code_projects/R1/install/sllidar_ros2:/home/ares/ares_code_projects/R1/install/myrobot_controller:/home/ares/ares_code_projects/R1/install/my_robot_bringup:/home/ares/ares_code_projects/R1/install/my_robot_description:/home/ares/ros2_ws/install/zed_ros2:/home/ares/ros2_ws/install/zed_wrapper:/home/ares/ros2_ws/install/zed_components:/home/ares/ros2_ws/install/hoop_detector:/home/ares/ros2_ws/install/hik_camera:/home/ares/ares_code_projects/R1/install/omni_mpc_controller:/home/ares/ares_code_projects/R1/install/laser:/opt/ros/humble CONDA_PROMPT_MODIFIER=(base) /usr/bin/cmake --build /home/ares/ares_code_projects/R2/build/my_robot_bringup -- -j16 -l16
[0.568s] DEBUG:colcon.colcon_core.event_handler.log_command:Invoking command in '/home/ares/ares_code_projects/R2/build/my_robot_bringup': AMENT_PREFIX_PATH=/home/ares/ares_code_projects/R2/install/my_robot_description:${AMENT_PREFIX_PATH} CMAKE_PREFIX_PATH=/home/ares/ares_code_projects/R2/install/my_robot_description:/home/ares/ares_code_projects/R1/install/usb_bulk_node:/home/ares/ares_code_projects/R1/install/sllidar_ros2:/home/ares/ares_code_projects/R1/install/myrobot_controller:/home/ares/ares_code_projects/R1/install/my_robot_bringup:/home/ares/ares_code_projects/R1/install/my_robot_description:/home/ares/ros2_ws/install/zed_ros2:/home/ares/ros2_ws/install/zed_wrapper:/home/ares/ros2_ws/install/zed_components:/home/ares/ros2_ws/install/hoop_detector:/home/ares/ros2_ws/install/hik_camera:/home/ares/ares_code_projects/R1/install/omni_mpc_controller:/home/ares/ares_code_projects/R1/install/laser:/opt/ros/humble CONDA_PROMPT_MODIFIER=(base) /usr/bin/cmake --install /home/ares/ares_code_projects/R2/build/my_robot_bringup
[0.569s] Level 1:colcon.colcon_core.environment:create_environment_scripts_only(usb_bulk_node)
[0.569s] Level 1:colcon.colcon_core.environment:checking '/home/ares/ares_code_projects/R2/install/usb_bulk_node' for CMake module files
[0.569s] DEBUG:colcon.colcon_core.event_handler.log_command:Invoked command in '/home/ares/ares_code_projects/R2/build/usb_bulk_node' returned '0': CMAKE_PREFIX_PATH=${CMAKE_PREFIX_PATH}:/home/ares/ares_code_projects/R1/install/omni_mpc_controller:/home/ares/ares_code_projects/R1/install/laser:/opt/ros/humble CONDA_PROMPT_MODIFIER=(base) /usr/bin/cmake --install /home/ares/ares_code_projects/R2/build/usb_bulk_node
[0.569s] Level 1:colcon.colcon_core.environment:checking '/home/ares/ares_code_projects/R2/install/usb_bulk_node' for CMake config files
[0.569s] Level 1:colcon.colcon_core.shell:create_environment_hook('usb_bulk_node', 'cmake_prefix_path')
[0.569s] INFO:colcon.colcon_core.shell:Creating environment hook '/home/ares/ares_code_projects/R2/install/usb_bulk_node/share/usb_bulk_node/hook/cmake_prefix_path.ps1'
[0.570s] INFO:colcon.colcon_core.shell:Creating environment descriptor '/home/ares/ares_code_projects/R2/install/usb_bulk_node/share/usb_bulk_node/hook/cmake_prefix_path.dsv'
[0.570s] INFO:colcon.colcon_core.shell:Creating environment hook '/home/ares/ares_code_projects/R2/install/usb_bulk_node/share/usb_bulk_node/hook/cmake_prefix_path.sh'
[0.570s] Level 1:colcon.colcon_core.environment:checking '/home/ares/ares_code_projects/R2/install/usb_bulk_node/lib'
[0.570s] Level 1:colcon.colcon_core.environment:checking '/home/ares/ares_code_projects/R2/install/usb_bulk_node/bin'
[0.570s] Level 1:colcon.colcon_core.environment:checking '/home/ares/ares_code_projects/R2/install/usb_bulk_node/lib/pkgconfig/usb_bulk_node.pc'
[0.570s] Level 1:colcon.colcon_core.environment:checking '/home/ares/ares_code_projects/R2/install/usb_bulk_node/lib/python3.10/site-packages'
[0.571s] Level 1:colcon.colcon_core.environment:checking '/home/ares/ares_code_projects/R2/install/usb_bulk_node/bin'
[0.571s] INFO:colcon.colcon_core.shell:Creating package script '/home/ares/ares_code_projects/R2/install/usb_bulk_node/share/usb_bulk_node/package.ps1'
[0.571s] INFO:colcon.colcon_core.shell:Creating package descriptor '/home/ares/ares_code_projects/R2/install/usb_bulk_node/share/usb_bulk_node/package.dsv'
[0.571s] INFO:colcon.colcon_core.shell:Creating package script '/home/ares/ares_code_projects/R2/install/usb_bulk_node/share/usb_bulk_node/package.sh'
[0.571s] INFO:colcon.colcon_core.shell:Creating package script '/home/ares/ares_code_projects/R2/install/usb_bulk_node/share/usb_bulk_node/package.bash'
[0.572s] INFO:colcon.colcon_core.shell:Creating package script '/home/ares/ares_code_projects/R2/install/usb_bulk_node/share/usb_bulk_node/package.zsh'
[0.572s] Level 1:colcon.colcon_core.environment:create_file_with_runtime_dependencies(/home/ares/ares_code_projects/R2/install/usb_bulk_node/share/colcon-core/packages/usb_bulk_node)
[0.572s] Level 1:colcon.colcon_core.environment:create_environment_scripts_only(usb_bulk_node)
[0.572s] Level 1:colcon.colcon_core.environment:checking '/home/ares/ares_code_projects/R2/install/usb_bulk_node' for CMake module files
[0.573s] Level 1:colcon.colcon_core.environment:checking '/home/ares/ares_code_projects/R2/install/usb_bulk_node' for CMake config files
[0.573s] Level 1:colcon.colcon_core.shell:create_environment_hook('usb_bulk_node', 'cmake_prefix_path')
[0.573s] INFO:colcon.colcon_core.shell:Creating environment hook '/home/ares/ares_code_projects/R2/install/usb_bulk_node/share/usb_bulk_node/hook/cmake_prefix_path.ps1'
[0.573s] INFO:colcon.colcon_core.shell:Creating environment descriptor '/home/ares/ares_code_projects/R2/install/usb_bulk_node/share/usb_bulk_node/hook/cmake_prefix_path.dsv'
[0.573s] INFO:colcon.colcon_core.shell:Creating environment hook '/home/ares/ares_code_projects/R2/install/usb_bulk_node/share/usb_bulk_node/hook/cmake_prefix_path.sh'
[0.574s] Level 1:colcon.colcon_core.environment:checking '/home/ares/ares_code_projects/R2/install/usb_bulk_node/lib'
[0.574s] Level 1:colcon.colcon_core.environment:checking '/home/ares/ares_code_projects/R2/install/usb_bulk_node/bin'
[0.574s] Level 1:colcon.colcon_core.environment:checking '/home/ares/ares_code_projects/R2/install/usb_bulk_node/lib/pkgconfig/usb_bulk_node.pc'
[0.574s] Level 1:colcon.colcon_core.environment:checking '/home/ares/ares_code_projects/R2/install/usb_bulk_node/lib/python3.10/site-packages'
[0.574s] Level 1:colcon.colcon_core.environment:checking '/home/ares/ares_code_projects/R2/install/usb_bulk_node/bin'
[0.574s] INFO:colcon.colcon_core.shell:Creating package script '/home/ares/ares_code_projects/R2/install/usb_bulk_node/share/usb_bulk_node/package.ps1'
[0.574s] INFO:colcon.colcon_core.shell:Creating package descriptor '/home/ares/ares_code_projects/R2/install/usb_bulk_node/share/usb_bulk_node/package.dsv'
[0.575s] INFO:colcon.colcon_core.shell:Creating package script '/home/ares/ares_code_projects/R2/install/usb_bulk_node/share/usb_bulk_node/package.sh'
[0.575s] INFO:colcon.colcon_core.shell:Creating package script '/home/ares/ares_code_projects/R2/install/usb_bulk_node/share/usb_bulk_node/package.bash'
[0.575s] INFO:colcon.colcon_core.shell:Creating package script '/home/ares/ares_code_projects/R2/install/usb_bulk_node/share/usb_bulk_node/package.zsh'
[0.575s] Level 1:colcon.colcon_core.environment:create_file_with_runtime_dependencies(/home/ares/ares_code_projects/R2/install/usb_bulk_node/share/colcon-core/packages/usb_bulk_node)
[0.579s] Level 1:colcon.colcon_core.environment:create_environment_scripts_only(my_robot_bringup)
[0.580s] Level 1:colcon.colcon_core.environment:checking '/home/ares/ares_code_projects/R2/install/my_robot_bringup' for CMake module files
[0.580s] DEBUG:colcon.colcon_core.event_handler.log_command:Invoked command in '/home/ares/ares_code_projects/R2/build/my_robot_bringup' returned '0': AMENT_PREFIX_PATH=/home/ares/ares_code_projects/R2/install/my_robot_description:${AMENT_PREFIX_PATH} CMAKE_PREFIX_PATH=/home/ares/ares_code_projects/R2/install/my_robot_description:/home/ares/ares_code_projects/R1/install/usb_bulk_node:/home/ares/ares_code_projects/R1/install/sllidar_ros2:/home/ares/ares_code_projects/R1/install/myrobot_controller:/home/ares/ares_code_projects/R1/install/my_robot_bringup:/home/ares/ares_code_projects/R1/install/my_robot_description:/home/ares/ros2_ws/install/zed_ros2:/home/ares/ros2_ws/install/zed_wrapper:/home/ares/ros2_ws/install/zed_components:/home/ares/ros2_ws/install/hoop_detector:/home/ares/ros2_ws/install/hik_camera:/home/ares/ares_code_projects/R1/install/omni_mpc_controller:/home/ares/ares_code_projects/R1/install/laser:/opt/ros/humble CONDA_PROMPT_MODIFIER=(base) /usr/bin/cmake --install /home/ares/ares_code_projects/R2/build/my_robot_bringup
[0.580s] Level 1:colcon.colcon_core.environment:checking '/home/ares/ares_code_projects/R2/install/my_robot_bringup' for CMake config files
[0.580s] Level 1:colcon.colcon_core.shell:create_environment_hook('my_robot_bringup', 'cmake_prefix_path')
[0.580s] INFO:colcon.colcon_core.shell:Creating environment hook '/home/ares/ares_code_projects/R2/install/my_robot_bringup/share/my_robot_bringup/hook/cmake_prefix_path.ps1'
[0.581s] INFO:colcon.colcon_core.shell:Creating environment descriptor '/home/ares/ares_code_projects/R2/install/my_robot_bringup/share/my_robot_bringup/hook/cmake_prefix_path.dsv'
[0.581s] INFO:colcon.colcon_core.shell:Creating environment hook '/home/ares/ares_code_projects/R2/install/my_robot_bringup/share/my_robot_bringup/hook/cmake_prefix_path.sh'
[0.581s] Level 1:colcon.colcon_core.environment:checking '/home/ares/ares_code_projects/R2/install/my_robot_bringup/bin'
[0.581s] Level 1:colcon.colcon_core.environment:checking '/home/ares/ares_code_projects/R2/install/my_robot_bringup/lib/pkgconfig/my_robot_bringup.pc'
[0.581s] Level 1:colcon.colcon_core.environment:checking '/home/ares/ares_code_projects/R2/install/my_robot_bringup/lib/python3.10/site-packages'
[0.581s] Level 1:colcon.colcon_core.environment:checking '/home/ares/ares_code_projects/R2/install/my_robot_bringup/bin'
[0.582s] INFO:colcon.colcon_core.shell:Creating package script '/home/ares/ares_code_projects/R2/install/my_robot_bringup/share/my_robot_bringup/package.ps1'
[0.582s] INFO:colcon.colcon_core.shell:Creating package descriptor '/home/ares/ares_code_projects/R2/install/my_robot_bringup/share/my_robot_bringup/package.dsv'
[0.582s] INFO:colcon.colcon_core.shell:Creating package script '/home/ares/ares_code_projects/R2/install/my_robot_bringup/share/my_robot_bringup/package.sh'
[0.582s] INFO:colcon.colcon_core.shell:Creating package script '/home/ares/ares_code_projects/R2/install/my_robot_bringup/share/my_robot_bringup/package.bash'
[0.582s] INFO:colcon.colcon_core.shell:Creating package script '/home/ares/ares_code_projects/R2/install/my_robot_bringup/share/my_robot_bringup/package.zsh'
[0.582s] Level 1:colcon.colcon_core.environment:create_file_with_runtime_dependencies(/home/ares/ares_code_projects/R2/install/my_robot_bringup/share/colcon-core/packages/my_robot_bringup)
[0.583s] Level 1:colcon.colcon_core.environment:create_environment_scripts_only(my_robot_bringup)
[0.583s] Level 1:colcon.colcon_core.environment:checking '/home/ares/ares_code_projects/R2/install/my_robot_bringup' for CMake module files
[0.583s] Level 1:colcon.colcon_core.environment:checking '/home/ares/ares_code_projects/R2/install/my_robot_bringup' for CMake config files
[0.583s] Level 1:colcon.colcon_core.shell:create_environment_hook('my_robot_bringup', 'cmake_prefix_path')
[0.584s] INFO:colcon.colcon_core.shell:Creating environment hook '/home/ares/ares_code_projects/R2/install/my_robot_bringup/share/my_robot_bringup/hook/cmake_prefix_path.ps1'
[0.584s] INFO:colcon.colcon_core.shell:Creating environment descriptor '/home/ares/ares_code_projects/R2/install/my_robot_bringup/share/my_robot_bringup/hook/cmake_prefix_path.dsv'
[0.584s] INFO:colcon.colcon_core.shell:Creating environment hook '/home/ares/ares_code_projects/R2/install/my_robot_bringup/share/my_robot_bringup/hook/cmake_prefix_path.sh'
[0.584s] Level 1:colcon.colcon_core.environment:checking '/home/ares/ares_code_projects/R2/install/my_robot_bringup/bin'
[0.584s] Level 1:colcon.colcon_core.environment:checking '/home/ares/ares_code_projects/R2/install/my_robot_bringup/lib/pkgconfig/my_robot_bringup.pc'
[0.585s] Level 1:colcon.colcon_core.environment:checking '/home/ares/ares_code_projects/R2/install/my_robot_bringup/lib/python3.10/site-packages'
[0.585s] Level 1:colcon.colcon_core.environment:checking '/home/ares/ares_code_projects/R2/install/my_robot_bringup/bin'
[0.585s] INFO:colcon.colcon_core.shell:Creating package script '/home/ares/ares_code_projects/R2/install/my_robot_bringup/share/my_robot_bringup/package.ps1'
[0.585s] INFO:colcon.colcon_core.shell:Creating package descriptor '/home/ares/ares_code_projects/R2/install/my_robot_bringup/share/my_robot_bringup/package.dsv'
[0.585s] INFO:colcon.colcon_core.shell:Creating package script '/home/ares/ares_code_projects/R2/install/my_robot_bringup/share/my_robot_bringup/package.sh'
[0.585s] INFO:colcon.colcon_core.shell:Creating package script '/home/ares/ares_code_projects/R2/install/my_robot_bringup/share/my_robot_bringup/package.bash'
[0.586s] INFO:colcon.colcon_core.shell:Creating package script '/home/ares/ares_code_projects/R2/install/my_robot_bringup/share/my_robot_bringup/package.zsh'
[0.586s] Level 1:colcon.colcon_core.environment:create_file_with_runtime_dependencies(/home/ares/ares_code_projects/R2/install/my_robot_bringup/share/colcon-core/packages/my_robot_bringup)
[0.587s] Level 1:colcon.colcon_core.environment:create_environment_scripts_only(myrobot_controller)
[0.587s] Level 1:colcon.colcon_core.environment:checking '/home/ares/ares_code_projects/R2/install/myrobot_controller' for CMake module files
[0.587s] DEBUG:colcon.colcon_core.event_handler.log_command:Invoked command in '/home/ares/ares_code_projects/R2/build/myrobot_controller' returned '0': CMAKE_PREFIX_PATH=${CMAKE_PREFIX_PATH}:/home/ares/ares_code_projects/R1/install/omni_mpc_controller:/home/ares/ares_code_projects/R1/install/laser:/opt/ros/humble CONDA_PROMPT_MODIFIER=(base) /usr/bin/cmake --install /home/ares/ares_code_projects/R2/build/myrobot_controller
[0.587s] Level 1:colcon.colcon_core.environment:checking '/home/ares/ares_code_projects/R2/install/myrobot_controller' for CMake config files
[0.588s] Level 1:colcon.colcon_core.shell:create_environment_hook('myrobot_controller', 'cmake_prefix_path')
[0.588s] INFO:colcon.colcon_core.shell:Creating environment hook '/home/ares/ares_code_projects/R2/install/myrobot_controller/share/myrobot_controller/hook/cmake_prefix_path.ps1'
[0.588s] INFO:colcon.colcon_core.shell:Creating environment descriptor '/home/ares/ares_code_projects/R2/install/myrobot_controller/share/myrobot_controller/hook/cmake_prefix_path.dsv'
[0.588s] INFO:colcon.colcon_core.shell:Creating environment hook '/home/ares/ares_code_projects/R2/install/myrobot_controller/share/myrobot_controller/hook/cmake_prefix_path.sh'
[0.588s] Level 1:colcon.colcon_core.environment:checking '/home/ares/ares_code_projects/R2/install/myrobot_controller/lib'
[0.588s] Level 1:colcon.colcon_core.environment:checking '/home/ares/ares_code_projects/R2/install/myrobot_controller/bin'
[0.588s] Level 1:colcon.colcon_core.environment:checking '/home/ares/ares_code_projects/R2/install/myrobot_controller/lib/pkgconfig/myrobot_controller.pc'
[0.589s] Level 1:colcon.colcon_core.environment:checking '/home/ares/ares_code_projects/R2/install/myrobot_controller/lib/python3.10/site-packages'
[0.589s] Level 1:colcon.colcon_core.environment:checking '/home/ares/ares_code_projects/R2/install/myrobot_controller/bin'
[0.589s] INFO:colcon.colcon_core.shell:Creating package script '/home/ares/ares_code_projects/R2/install/myrobot_controller/share/myrobot_controller/package.ps1'
[0.589s] INFO:colcon.colcon_core.shell:Creating package descriptor '/home/ares/ares_code_projects/R2/install/myrobot_controller/share/myrobot_controller/package.dsv'
[0.589s] INFO:colcon.colcon_core.shell:Creating package script '/home/ares/ares_code_projects/R2/install/myrobot_controller/share/myrobot_controller/package.sh'
[0.589s] INFO:colcon.colcon_core.shell:Creating package script '/home/ares/ares_code_projects/R2/install/myrobot_controller/share/myrobot_controller/package.bash'
[0.590s] INFO:colcon.colcon_core.shell:Creating package script '/home/ares/ares_code_projects/R2/install/myrobot_controller/share/myrobot_controller/package.zsh'
[0.590s] Level 1:colcon.colcon_core.environment:create_file_with_runtime_dependencies(/home/ares/ares_code_projects/R2/install/myrobot_controller/share/colcon-core/packages/myrobot_controller)
[0.590s] Level 1:colcon.colcon_core.environment:create_environment_scripts_only(myrobot_controller)
[0.590s] Level 1:colcon.colcon_core.environment:checking '/home/ares/ares_code_projects/R2/install/myrobot_controller' for CMake module files
[0.590s] Level 1:colcon.colcon_core.environment:checking '/home/ares/ares_code_projects/R2/install/myrobot_controller' for CMake config files
[0.590s] Level 1:colcon.colcon_core.shell:create_environment_hook('myrobot_controller', 'cmake_prefix_path')
[0.590s] INFO:colcon.colcon_core.shell:Creating environment hook '/home/ares/ares_code_projects/R2/install/myrobot_controller/share/myrobot_controller/hook/cmake_prefix_path.ps1'
[0.591s] INFO:colcon.colcon_core.shell:Creating environment descriptor '/home/ares/ares_code_projects/R2/install/myrobot_controller/share/myrobot_controller/hook/cmake_prefix_path.dsv'
[0.591s] INFO:colcon.colcon_core.shell:Creating environment hook '/home/ares/ares_code_projects/R2/install/myrobot_controller/share/myrobot_controller/hook/cmake_prefix_path.sh'
[0.591s] Level 1:colcon.colcon_core.environment:checking '/home/ares/ares_code_projects/R2/install/myrobot_controller/lib'
[0.591s] Level 1:colcon.colcon_core.environment:checking '/home/ares/ares_code_projects/R2/install/myrobot_controller/bin'
[0.591s] Level 1:colcon.colcon_core.environment:checking '/home/ares/ares_code_projects/R2/install/myrobot_controller/lib/pkgconfig/myrobot_controller.pc'
[0.591s] Level 1:colcon.colcon_core.environment:checking '/home/ares/ares_code_projects/R2/install/myrobot_controller/lib/python3.10/site-packages'
[0.591s] Level 1:colcon.colcon_core.environment:checking '/home/ares/ares_code_projects/R2/install/myrobot_controller/bin'
[0.591s] INFO:colcon.colcon_core.shell:Creating package script '/home/ares/ares_code_projects/R2/install/myrobot_controller/share/myrobot_controller/package.ps1'
[0.592s] INFO:colcon.colcon_core.shell:Creating package descriptor '/home/ares/ares_code_projects/R2/install/myrobot_controller/share/myrobot_controller/package.dsv'
[0.592s] INFO:colcon.colcon_core.shell:Creating package script '/home/ares/ares_code_projects/R2/install/myrobot_controller/share/myrobot_controller/package.sh'
[0.592s] INFO:colcon.colcon_core.shell:Creating package script '/home/ares/ares_code_projects/R2/install/myrobot_controller/share/myrobot_controller/package.bash'
[0.592s] INFO:colcon.colcon_core.shell:Creating package script '/home/ares/ares_code_projects/R2/install/myrobot_controller/share/myrobot_controller/package.zsh'
[0.592s] Level 1:colcon.colcon_core.environment:create_file_with_runtime_dependencies(/home/ares/ares_code_projects/R2/install/myrobot_controller/share/colcon-core/packages/myrobot_controller)
[0.738s] DEBUG:colcon.colcon_core.event_handler.log_command:Invoking command in '/home/ares/ares_code_projects/R2/build/laser': CONDA_PROMPT_MODIFIER=(base) PYTHONPATH=/home/ares/ares_code_projects/R2/build/laser/prefix_override:/usr/lib/python3/dist-packages/colcon_core/task/python/colcon_distutils_commands:/home/ares/ares_code_projects/R2/install/laser/lib/python3.10/site-packages:${PYTHONPATH} /usr/bin/python3 -W ignore:setup.py install is deprecated -W ignore:easy_install command is deprecated setup.py develop --editable --build-directory /home/ares/ares_code_projects/R2/build/laser/build --no-deps symlink_data
[0.739s] DEBUG:colcon.colcon_core.event_handler.log_command:Invoking command in '/home/ares/ares_code_projects/R2/build/omni_mpc_controller': CONDA_PROMPT_MODIFIER=(base) PYTHONPATH=/home/ares/ares_code_projects/R2/build/omni_mpc_controller/prefix_override:/usr/lib/python3/dist-packages/colcon_core/task/python/colcon_distutils_commands:/home/ares/ares_code_projects/R2/install/omni_mpc_controller/lib/python3.10/site-packages:${PYTHONPATH} /usr/bin/python3 -W ignore:setup.py install is deprecated -W ignore:easy_install command is deprecated setup.py develop --editable --build-directory /home/ares/ares_code_projects/R2/build/omni_mpc_controller/build --no-deps symlink_data
[1.005s] Level 1:colcon.colcon_core.shell:create_environment_hook('laser', 'pythonpath_develop')
[1.005s] INFO:colcon.colcon_core.shell:Creating environment hook '/home/ares/ares_code_projects/R2/build/laser/share/laser/hook/pythonpath_develop.ps1'
[1.005s] DEBUG:colcon.colcon_core.event_handler.log_command:Invoked command in '/home/ares/ares_code_projects/R2/build/laser' returned '0': CONDA_PROMPT_MODIFIER=(base) PYTHONPATH=/home/ares/ares_code_projects/R2/build/laser/prefix_override:/usr/lib/python3/dist-packages/colcon_core/task/python/colcon_distutils_commands:/home/ares/ares_code_projects/R2/install/laser/lib/python3.10/site-packages:${PYTHONPATH} /usr/bin/python3 -W ignore:setup.py install is deprecated -W ignore:easy_install command is deprecated setup.py develop --editable --build-directory /home/ares/ares_code_projects/R2/build/laser/build --no-deps symlink_data
[1.005s] INFO:colcon.colcon_core.shell:Creating environment descriptor '/home/ares/ares_code_projects/R2/build/laser/share/laser/hook/pythonpath_develop.dsv'
[1.006s] INFO:colcon.colcon_core.shell:Creating environment hook '/home/ares/ares_code_projects/R2/build/laser/share/laser/hook/pythonpath_develop.sh'
[1.006s] Level 1:colcon.colcon_core.environment:checking '/home/ares/ares_code_projects/R2/install/laser' for CMake module files
[1.006s] Level 1:colcon.colcon_core.environment:checking '/home/ares/ares_code_projects/R2/install/laser' for CMake config files
[1.006s] Level 1:colcon.colcon_core.environment:checking '/home/ares/ares_code_projects/R2/install/laser/lib'
[1.006s] Level 1:colcon.colcon_core.environment:checking '/home/ares/ares_code_projects/R2/install/laser/bin'
[1.006s] Level 1:colcon.colcon_core.environment:checking '/home/ares/ares_code_projects/R2/install/laser/lib/pkgconfig/laser.pc'
[1.007s] Level 1:colcon.colcon_core.environment:checking '/home/ares/ares_code_projects/R2/install/laser/lib/python3.10/site-packages'
[1.007s] Level 1:colcon.colcon_core.shell:create_environment_hook('laser', 'pythonpath')
[1.007s] INFO:colcon.colcon_core.shell:Creating environment hook '/home/ares/ares_code_projects/R2/install/laser/share/laser/hook/pythonpath.ps1'
[1.007s] INFO:colcon.colcon_core.shell:Creating environment descriptor '/home/ares/ares_code_projects/R2/install/laser/share/laser/hook/pythonpath.dsv'
[1.007s] INFO:colcon.colcon_core.shell:Creating environment hook '/home/ares/ares_code_projects/R2/install/laser/share/laser/hook/pythonpath.sh'
[1.007s] Level 1:colcon.colcon_core.environment:checking '/home/ares/ares_code_projects/R2/install/laser/bin'
[1.007s] Level 1:colcon.colcon_core.environment:create_environment_scripts_only(laser)
[1.008s] INFO:colcon.colcon_core.shell:Creating package script '/home/ares/ares_code_projects/R2/install/laser/share/laser/package.ps1'
[1.008s] INFO:colcon.colcon_core.shell:Creating package descriptor '/home/ares/ares_code_projects/R2/install/laser/share/laser/package.dsv'
[1.008s] INFO:colcon.colcon_core.shell:Creating package script '/home/ares/ares_code_projects/R2/install/laser/share/laser/package.sh'
[1.008s] INFO:colcon.colcon_core.shell:Creating package script '/home/ares/ares_code_projects/R2/install/laser/share/laser/package.bash'
[1.008s] INFO:colcon.colcon_core.shell:Creating package script '/home/ares/ares_code_projects/R2/install/laser/share/laser/package.zsh'
[1.008s] Level 1:colcon.colcon_core.environment:create_file_with_runtime_dependencies(/home/ares/ares_code_projects/R2/install/laser/share/colcon-core/packages/laser)
[1.009s] Level 1:colcon.colcon_core.shell:create_environment_hook('omni_mpc_controller', 'pythonpath_develop')
[1.009s] INFO:colcon.colcon_core.shell:Creating environment hook '/home/ares/ares_code_projects/R2/build/omni_mpc_controller/share/omni_mpc_controller/hook/pythonpath_develop.ps1'
[1.009s] INFO:colcon.colcon_core.shell:Creating environment descriptor '/home/ares/ares_code_projects/R2/build/omni_mpc_controller/share/omni_mpc_controller/hook/pythonpath_develop.dsv'
[1.010s] DEBUG:colcon.colcon_core.event_handler.log_command:Invoked command in '/home/ares/ares_code_projects/R2/build/omni_mpc_controller' returned '0': CONDA_PROMPT_MODIFIER=(base) PYTHONPATH=/home/ares/ares_code_projects/R2/build/omni_mpc_controller/prefix_override:/usr/lib/python3/dist-packages/colcon_core/task/python/colcon_distutils_commands:/home/ares/ares_code_projects/R2/install/omni_mpc_controller/lib/python3.10/site-packages:${PYTHONPATH} /usr/bin/python3 -W ignore:setup.py install is deprecated -W ignore:easy_install command is deprecated setup.py develop --editable --build-directory /home/ares/ares_code_projects/R2/build/omni_mpc_controller/build --no-deps symlink_data
[1.010s] INFO:colcon.colcon_core.shell:Creating environment hook '/home/ares/ares_code_projects/R2/build/omni_mpc_controller/share/omni_mpc_controller/hook/pythonpath_develop.sh'
[1.010s] Level 1:colcon.colcon_core.environment:checking '/home/ares/ares_code_projects/R2/install/omni_mpc_controller' for CMake module files
[1.010s] Level 1:colcon.colcon_core.environment:checking '/home/ares/ares_code_projects/R2/install/omni_mpc_controller' for CMake config files
[1.010s] Level 1:colcon.colcon_core.environment:checking '/home/ares/ares_code_projects/R2/install/omni_mpc_controller/lib'
[1.011s] Level 1:colcon.colcon_core.environment:checking '/home/ares/ares_code_projects/R2/install/omni_mpc_controller/bin'
[1.011s] Level 1:colcon.colcon_core.environment:checking '/home/ares/ares_code_projects/R2/install/omni_mpc_controller/lib/pkgconfig/omni_mpc_controller.pc'
[1.011s] Level 1:colcon.colcon_core.environment:checking '/home/ares/ares_code_projects/R2/install/omni_mpc_controller/lib/python3.10/site-packages'
[1.011s] Level 1:colcon.colcon_core.shell:create_environment_hook('omni_mpc_controller', 'pythonpath')
[1.011s] INFO:colcon.colcon_core.shell:Creating environment hook '/home/ares/ares_code_projects/R2/install/omni_mpc_controller/share/omni_mpc_controller/hook/pythonpath.ps1'
[1.011s] INFO:colcon.colcon_core.shell:Creating environment descriptor '/home/ares/ares_code_projects/R2/install/omni_mpc_controller/share/omni_mpc_controller/hook/pythonpath.dsv'
[1.011s] INFO:colcon.colcon_core.shell:Creating environment hook '/home/ares/ares_code_projects/R2/install/omni_mpc_controller/share/omni_mpc_controller/hook/pythonpath.sh'
[1.011s] Level 1:colcon.colcon_core.environment:checking '/home/ares/ares_code_projects/R2/install/omni_mpc_controller/bin'
[1.011s] Level 1:colcon.colcon_core.environment:create_environment_scripts_only(omni_mpc_controller)
[1.012s] INFO:colcon.colcon_core.shell:Creating package script '/home/ares/ares_code_projects/R2/install/omni_mpc_controller/share/omni_mpc_controller/package.ps1'
[1.012s] INFO:colcon.colcon_core.shell:Creating package descriptor '/home/ares/ares_code_projects/R2/install/omni_mpc_controller/share/omni_mpc_controller/package.dsv'
[1.012s] INFO:colcon.colcon_core.shell:Creating package script '/home/ares/ares_code_projects/R2/install/omni_mpc_controller/share/omni_mpc_controller/package.sh'
[1.012s] INFO:colcon.colcon_core.shell:Creating package script '/home/ares/ares_code_projects/R2/install/omni_mpc_controller/share/omni_mpc_controller/package.bash'
[1.012s] INFO:colcon.colcon_core.shell:Creating package script '/home/ares/ares_code_projects/R2/install/omni_mpc_controller/share/omni_mpc_controller/package.zsh'
[1.012s] Level 1:colcon.colcon_core.environment:create_file_with_runtime_dependencies(/home/ares/ares_code_projects/R2/install/omni_mpc_controller/share/colcon-core/packages/omni_mpc_controller)
[1.013s] DEBUG:colcon.colcon_parallel_executor.executor.parallel:closing loop
[1.013s] DEBUG:colcon.colcon_parallel_executor.executor.parallel:loop closed
[1.013s] DEBUG:colcon.colcon_parallel_executor.executor.parallel:run_until_complete finished with '0'
[1.013s] DEBUG:colcon.colcon_core.event_reactor:joining thread
[1.016s] INFO:colcon.colcon_core.plugin_system:Skipping extension 'colcon_notification.desktop_notification.terminal_notifier': Not used on non-Darwin systems
[1.016s] INFO:colcon.colcon_core.plugin_system:Skipping extension 'colcon_notification.desktop_notification.win32': Not used on non-Windows systems
[1.016s] INFO:colcon.colcon_notification.desktop_notification:Sending desktop notification using 'notify2'
[1.021s] DEBUG:colcon.colcon_core.event_reactor:joined thread
[1.021s] INFO:colcon.colcon_core.shell:Creating prefix script '/home/ares/ares_code_projects/R2/install/local_setup.ps1'
[1.022s] INFO:colcon.colcon_core.shell:Creating prefix util module '/home/ares/ares_code_projects/R2/install/_local_setup_util_ps1.py'
[1.023s] INFO:colcon.colcon_core.shell:Creating prefix chain script '/home/ares/ares_code_projects/R2/install/setup.ps1'
[1.023s] INFO:colcon.colcon_core.shell:Creating prefix script '/home/ares/ares_code_projects/R2/install/local_setup.sh'
[1.024s] INFO:colcon.colcon_core.shell:Creating prefix util module '/home/ares/ares_code_projects/R2/install/_local_setup_util_sh.py'
[1.024s] INFO:colcon.colcon_core.shell:Creating prefix chain script '/home/ares/ares_code_projects/R2/install/setup.sh'
[1.025s] INFO:colcon.colcon_core.shell:Creating prefix script '/home/ares/ares_code_projects/R2/install/local_setup.bash'
[1.025s] INFO:colcon.colcon_core.shell:Creating prefix chain script '/home/ares/ares_code_projects/R2/install/setup.bash'
[1.026s] INFO:colcon.colcon_core.shell:Creating prefix script '/home/ares/ares_code_projects/R2/install/local_setup.zsh'
[1.026s] INFO:colcon.colcon_core.shell:Creating prefix chain script '/home/ares/ares_code_projects/R2/install/setup.zsh'
