[0.291s] Invoking command in '/home/ares/ares_code_projects/build/usb_bulk_node': CMAKE_PREFIX_PATH=${CMAKE_PREFIX_PATH}:/home/ares/ares_code_projects/install/omni_mpc_controller:/home/ares/ares_code_projects/install/laser:/opt/ros/humble CONDA_PROMPT_MODIFIER=(base) /usr/bin/cmake /home/ares/ares_code_projects/src/usb_bulk_node -DR1=ON -DCMAKE_BUILD_TYPE=Release -DAMENT_CMAKE_SYMLINK_INSTALL=1 -DCMAKE_INSTALL_PREFIX=/home/ares/ares_code_projects/install/usb_bulk_node
[0.328s] -- The CXX compiler identification is GNU 11.4.0
[0.333s] -- Detecting CXX compiler ABI info
[0.375s] -- Detecting CXX compiler ABI info - done
[0.379s] -- Check for working CXX compiler: /usr/bin/c++ - skipped
[0.379s] -- Detecting CXX compile features
[0.380s] -- Detecting CXX compile features - done
[0.380s] -- ===== 开始配置 =====
[0.380s] -- Build configured for R1
[0.381s] -- Found ament_cmake: 1.3.11 (/opt/ros/humble/share/ament_cmake/cmake)
[0.644s] -- Found Python3: /home/ares/miniconda3/bin/python3 (found version "3.13.2") found components: Interpreter 
[0.693s] -- Override CMake install command with custom implementation using symlinks instead of copying resources
[0.714s] -- Found rclcpp: 16.0.12 (/opt/ros/humble/share/rclcpp/cmake)
[0.752s] -- Found rosidl_generator_c: 3.1.6 (/opt/ros/humble/share/rosidl_generator_c/cmake)
[0.755s] -- Found rosidl_adapter: 3.1.6 (/opt/ros/humble/share/rosidl_adapter/cmake)
[0.760s] -- Found rosidl_generator_cpp: 3.1.6 (/opt/ros/humble/share/rosidl_generator_cpp/cmake)
[0.767s] -- Using all available rosidl_typesupport_c: rosidl_typesupport_fastrtps_c;rosidl_typesupport_introspection_c
[0.776s] -- Using all available rosidl_typesupport_cpp: rosidl_typesupport_fastrtps_cpp;rosidl_typesupport_introspection_cpp
[0.809s] -- Found rmw_implementation_cmake: 6.1.2 (/opt/ros/humble/share/rmw_implementation_cmake/cmake)
[0.812s] -- Found rmw_fastrtps_cpp: 6.2.7 (/opt/ros/humble/share/rmw_fastrtps_cpp/cmake)
[0.865s] -- Found OpenSSL: /usr/lib/x86_64-linux-gnu/libcrypto.so (found version "3.0.2")  
[0.881s] -- Found FastRTPS: /opt/ros/humble/include  
[0.905s] -- Using RMW implementation 'rmw_fastrtps_cpp' as default
[0.910s] -- Looking for C++ include pthread.h
[0.954s] -- Looking for C++ include pthread.h - found
[0.955s] -- Performing Test CMAKE_HAVE_LIBC_PTHREAD
[1.009s] -- Performing Test CMAKE_HAVE_LIBC_PTHREAD - Success
[1.009s] -- Found Threads: TRUE  
[1.038s] -- Found sensor_msgs: 4.9.0 (/opt/ros/humble/share/sensor_msgs/cmake)
[1.058s] -- Found PkgConfig: /usr/bin/pkg-config (found version "0.29.2") 
[1.059s] -- Checking for module 'libusb-1.0'
[1.067s] --   Found libusb-1.0, version 1.0.25
[1.089s] -- Found ament_lint_auto: 0.12.12 (/opt/ros/humble/share/ament_lint_auto/cmake)
[1.157s] -- Added test 'cppcheck' to perform static code analysis on C / C++ code
[1.157s] -- Configured cppcheck include dirs: /home/ares/ares_code_projects/src/usb_bulk_node/include/usb_bulk_node
[1.157s] -- Configured cppcheck exclude dirs and/or files: 
[1.158s] -- Added test 'lint_cmake' to check CMake code style
[1.159s] -- Added test 'uncrustify' to check C / C++ code style
[1.159s] -- Configured uncrustify additional arguments: 
[1.159s] -- Added test 'xmllint' to check XML markup files
[1.161s] -- Configuring done
[1.169s] -- Generating done
[1.172s] -- Build files have been written to: /home/ares/ares_code_projects/build/usb_bulk_node
[1.177s] Invoked command in '/home/ares/ares_code_projects/build/usb_bulk_node' returned '0': CMAKE_PREFIX_PATH=${CMAKE_PREFIX_PATH}:/home/ares/ares_code_projects/install/omni_mpc_controller:/home/ares/ares_code_projects/install/laser:/opt/ros/humble CONDA_PROMPT_MODIFIER=(base) /usr/bin/cmake /home/ares/ares_code_projects/src/usb_bulk_node -DR1=ON -DCMAKE_BUILD_TYPE=Release -DAMENT_CMAKE_SYMLINK_INSTALL=1 -DCMAKE_INSTALL_PREFIX=/home/ares/ares_code_projects/install/usb_bulk_node
[1.179s] Invoking command in '/home/ares/ares_code_projects/build/usb_bulk_node': CMAKE_PREFIX_PATH=${CMAKE_PREFIX_PATH}:/home/ares/ares_code_projects/install/omni_mpc_controller:/home/ares/ares_code_projects/install/laser:/opt/ros/humble CONDA_PROMPT_MODIFIER=(base) /usr/bin/cmake --build /home/ares/ares_code_projects/build/usb_bulk_node -- -j16 -l16
[1.204s] [ 66%] [32mBuilding CXX object CMakeFiles/usb_bulk_node.dir/src/ares_protocol.cpp.o[0m
[1.204s] [ 66%] [32mBuilding CXX object CMakeFiles/usb_bulk_node.dir/src/usb_bulk_node.cpp.o[0m
[6.449s] [100%] [32m[1mLinking CXX executable usb_bulk_node[0m
[6.660s] [100%] Built target usb_bulk_node
[6.668s] Invoked command in '/home/ares/ares_code_projects/build/usb_bulk_node' returned '0': CMAKE_PREFIX_PATH=${CMAKE_PREFIX_PATH}:/home/ares/ares_code_projects/install/omni_mpc_controller:/home/ares/ares_code_projects/install/laser:/opt/ros/humble CONDA_PROMPT_MODIFIER=(base) /usr/bin/cmake --build /home/ares/ares_code_projects/build/usb_bulk_node -- -j16 -l16
[6.669s] Invoking command in '/home/ares/ares_code_projects/build/usb_bulk_node': CMAKE_PREFIX_PATH=${CMAKE_PREFIX_PATH}:/home/ares/ares_code_projects/install/omni_mpc_controller:/home/ares/ares_code_projects/install/laser:/opt/ros/humble CONDA_PROMPT_MODIFIER=(base) /usr/bin/cmake --install /home/ares/ares_code_projects/build/usb_bulk_node
[6.672s] -- Install configuration: ""
[6.672s] -- Execute custom install script
[6.672s] -- Symlinking: /home/ares/ares_code_projects/install/usb_bulk_node/lib/usb_bulk_node/usb_bulk_node
[6.676s] -- Symlinking: /home/ares/ares_code_projects/install/usb_bulk_node/share/ament_index/resource_index/package_run_dependencies/usb_bulk_node
[6.680s] -- Symlinking: /home/ares/ares_code_projects/install/usb_bulk_node/share/ament_index/resource_index/parent_prefix_path/usb_bulk_node
[6.685s] -- Symlinking: /home/ares/ares_code_projects/install/usb_bulk_node/share/usb_bulk_node/environment/ament_prefix_path.sh
[6.690s] -- Symlinking: /home/ares/ares_code_projects/install/usb_bulk_node/share/usb_bulk_node/environment/ament_prefix_path.dsv
[6.694s] -- Symlinking: /home/ares/ares_code_projects/install/usb_bulk_node/share/usb_bulk_node/environment/path.sh
[6.698s] -- Symlinking: /home/ares/ares_code_projects/install/usb_bulk_node/share/usb_bulk_node/environment/path.dsv
[6.702s] -- Symlinking: /home/ares/ares_code_projects/install/usb_bulk_node/share/usb_bulk_node/local_setup.bash
[6.707s] -- Symlinking: /home/ares/ares_code_projects/install/usb_bulk_node/share/usb_bulk_node/local_setup.sh
[6.711s] -- Symlinking: /home/ares/ares_code_projects/install/usb_bulk_node/share/usb_bulk_node/local_setup.zsh
[6.715s] -- Symlinking: /home/ares/ares_code_projects/install/usb_bulk_node/share/usb_bulk_node/local_setup.dsv
[6.722s] -- Symlinking: /home/ares/ares_code_projects/install/usb_bulk_node/share/usb_bulk_node/package.dsv
[6.727s] -- Symlinking: /home/ares/ares_code_projects/install/usb_bulk_node/share/ament_index/resource_index/packages/usb_bulk_node
[6.731s] -- Symlinking: /home/ares/ares_code_projects/install/usb_bulk_node/share/usb_bulk_node/cmake/usb_bulk_nodeConfig.cmake
[6.735s] -- Symlinking: /home/ares/ares_code_projects/install/usb_bulk_node/share/usb_bulk_node/cmake/usb_bulk_nodeConfig-version.cmake
[6.741s] -- Symlinking: /home/ares/ares_code_projects/install/usb_bulk_node/share/usb_bulk_node/package.xml
[6.747s] Invoked command in '/home/ares/ares_code_projects/build/usb_bulk_node' returned '0': CMAKE_PREFIX_PATH=${CMAKE_PREFIX_PATH}:/home/ares/ares_code_projects/install/omni_mpc_controller:/home/ares/ares_code_projects/install/laser:/opt/ros/humble CONDA_PROMPT_MODIFIER=(base) /usr/bin/cmake --install /home/ares/ares_code_projects/build/usb_bulk_node
