[0.291s] Invoking command in '/home/ares/ares_code_projects/build/remote_rc_node': CMAKE_PREFIX_PATH=${CMAKE_PREFIX_PATH}:/home/ares/ares_code_projects/install/omni_mpc_controller:/home/ares/ares_code_projects/install/laser:/opt/ros/humble CONDA_PROMPT_MODIFIER=(base) /usr/bin/cmake /home/ares/ares_code_projects/src/remote_rc_node -DR1=ON -DCMAKE_BUILD_TYPE=Release -DAMENT_CMAKE_SYMLINK_INSTALL=1 -DCMAKE_INSTALL_PREFIX=/home/ares/ares_code_projects/install/remote_rc_node
[0.329s] -- The CXX compiler identification is GNU 11.4.0
[0.333s] -- Detecting CXX compiler ABI info
[0.380s] -- Detecting CXX compiler ABI info - done
[0.384s] -- Check for working CXX compiler: /usr/bin/c++ - skipped
[0.384s] -- Detecting CXX compile features
[0.385s] -- Detecting CXX compile features - done
[0.385s] -- ===== 开始配置 =====
[0.386s] -- Found ament_cmake: 1.3.11 (/opt/ros/humble/share/ament_cmake/cmake)
[0.643s] -- Found Python3: /home/ares/miniconda3/bin/python3 (found version "3.13.2") found components: Interpreter 
[0.692s] -- Override CMake install command with custom implementation using symlinks instead of copying resources
[0.709s] -- Found rclcpp: 16.0.12 (/opt/ros/humble/share/rclcpp/cmake)
[0.733s] -- Found rosidl_generator_c: 3.1.6 (/opt/ros/humble/share/rosidl_generator_c/cmake)
[0.736s] -- Found rosidl_adapter: 3.1.6 (/opt/ros/humble/share/rosidl_adapter/cmake)
[0.741s] -- Found rosidl_generator_cpp: 3.1.6 (/opt/ros/humble/share/rosidl_generator_cpp/cmake)
[0.749s] -- Using all available rosidl_typesupport_c: rosidl_typesupport_fastrtps_c;rosidl_typesupport_introspection_c
[0.758s] -- Using all available rosidl_typesupport_cpp: rosidl_typesupport_fastrtps_cpp;rosidl_typesupport_introspection_cpp
[0.784s] -- Found rmw_implementation_cmake: 6.1.2 (/opt/ros/humble/share/rmw_implementation_cmake/cmake)
[0.786s] -- Found rmw_fastrtps_cpp: 6.2.7 (/opt/ros/humble/share/rmw_fastrtps_cpp/cmake)
[0.837s] -- Found OpenSSL: /usr/lib/x86_64-linux-gnu/libcrypto.so (found version "3.0.2")  
[0.856s] -- Found FastRTPS: /opt/ros/humble/include  
[0.882s] -- Using RMW implementation 'rmw_fastrtps_cpp' as default
[0.886s] -- Looking for C++ include pthread.h
[0.930s] -- Looking for C++ include pthread.h - found
[0.930s] -- Performing Test CMAKE_HAVE_LIBC_PTHREAD
[0.979s] -- Performing Test CMAKE_HAVE_LIBC_PTHREAD - Success
[0.979s] -- Found Threads: TRUE  
[1.010s] -- Found geometry_msgs: 4.9.0 (/opt/ros/humble/share/geometry_msgs/cmake)
[1.018s] -- Found sensor_msgs: 4.9.0 (/opt/ros/humble/share/sensor_msgs/cmake)
[1.028s] -- Found nlohmann_json: /home/ares/miniconda3/share/cmake/nlohmann_json/nlohmann_jsonConfig.cmake (found version "3.11.2") 
[1.031s] -- Found PkgConfig: /usr/bin/pkg-config (found version "0.29.2") 
[1.032s] -- Checking for module 'libusb-1.0'
[1.040s] --   Found libusb-1.0, version 1.0.25
[1.059s] -- Found ament_lint_auto: 0.12.12 (/opt/ros/humble/share/ament_lint_auto/cmake)
[1.121s] -- Added test 'cppcheck' to perform static code analysis on C / C++ code
[1.122s] -- Configured cppcheck include dirs: $<BUILD_INTERFACE:/home/ares/ares_code_projects/src/remote_rc_node/include>
[1.122s] -- Configured cppcheck exclude dirs and/or files: 
[1.122s] -- Added test 'lint_cmake' to check CMake code style
[1.122s] -- Added test 'uncrustify' to check C / C++ code style
[1.123s] -- Configured uncrustify additional arguments: 
[1.123s] -- Added test 'xmllint' to check XML markup files
[1.124s] -- Configuring done
[1.128s] -- Generating done
[1.130s] -- Build files have been written to: /home/ares/ares_code_projects/build/remote_rc_node
[1.136s] Invoked command in '/home/ares/ares_code_projects/build/remote_rc_node' returned '0': CMAKE_PREFIX_PATH=${CMAKE_PREFIX_PATH}:/home/ares/ares_code_projects/install/omni_mpc_controller:/home/ares/ares_code_projects/install/laser:/opt/ros/humble CONDA_PROMPT_MODIFIER=(base) /usr/bin/cmake /home/ares/ares_code_projects/src/remote_rc_node -DR1=ON -DCMAKE_BUILD_TYPE=Release -DAMENT_CMAKE_SYMLINK_INSTALL=1 -DCMAKE_INSTALL_PREFIX=/home/ares/ares_code_projects/install/remote_rc_node
[1.137s] Invoking command in '/home/ares/ares_code_projects/build/remote_rc_node': CMAKE_PREFIX_PATH=${CMAKE_PREFIX_PATH}:/home/ares/ares_code_projects/install/omni_mpc_controller:/home/ares/ares_code_projects/install/laser:/opt/ros/humble CONDA_PROMPT_MODIFIER=(base) /usr/bin/cmake --build /home/ares/ares_code_projects/build/remote_rc_node -- -j16 -l16
[1.168s] [ 50%] [32mBuilding CXX object CMakeFiles/udp_joy_node.dir/src/udp_joy_node.cpp.o[0m
[5.580s] [100%] [32m[1mLinking CXX executable udp_joy_node[0m
[5.709s] [100%] Built target udp_joy_node
[5.717s] Invoked command in '/home/ares/ares_code_projects/build/remote_rc_node' returned '0': CMAKE_PREFIX_PATH=${CMAKE_PREFIX_PATH}:/home/ares/ares_code_projects/install/omni_mpc_controller:/home/ares/ares_code_projects/install/laser:/opt/ros/humble CONDA_PROMPT_MODIFIER=(base) /usr/bin/cmake --build /home/ares/ares_code_projects/build/remote_rc_node -- -j16 -l16
[5.718s] Invoking command in '/home/ares/ares_code_projects/build/remote_rc_node': CMAKE_PREFIX_PATH=${CMAKE_PREFIX_PATH}:/home/ares/ares_code_projects/install/omni_mpc_controller:/home/ares/ares_code_projects/install/laser:/opt/ros/humble CONDA_PROMPT_MODIFIER=(base) /usr/bin/cmake --install /home/ares/ares_code_projects/build/remote_rc_node
[5.723s] -- Install configuration: ""
[5.723s] -- Execute custom install script
[5.723s] -- Symlinking: /home/ares/ares_code_projects/install/remote_rc_node/lib/remote_rc_node/udp_joy_node
[5.728s] -- Symlinking: /home/ares/ares_code_projects/install/remote_rc_node/share/ament_index/resource_index/package_run_dependencies/remote_rc_node
[5.733s] -- Symlinking: /home/ares/ares_code_projects/install/remote_rc_node/share/ament_index/resource_index/parent_prefix_path/remote_rc_node
[5.739s] -- Symlinking: /home/ares/ares_code_projects/install/remote_rc_node/share/remote_rc_node/environment/ament_prefix_path.sh
[5.744s] -- Symlinking: /home/ares/ares_code_projects/install/remote_rc_node/share/remote_rc_node/environment/ament_prefix_path.dsv
[5.749s] -- Symlinking: /home/ares/ares_code_projects/install/remote_rc_node/share/remote_rc_node/environment/path.sh
[5.754s] -- Symlinking: /home/ares/ares_code_projects/install/remote_rc_node/share/remote_rc_node/environment/path.dsv
[5.759s] -- Symlinking: /home/ares/ares_code_projects/install/remote_rc_node/share/remote_rc_node/local_setup.bash
[5.764s] -- Symlinking: /home/ares/ares_code_projects/install/remote_rc_node/share/remote_rc_node/local_setup.sh
[5.769s] -- Symlinking: /home/ares/ares_code_projects/install/remote_rc_node/share/remote_rc_node/local_setup.zsh
[5.774s] -- Symlinking: /home/ares/ares_code_projects/install/remote_rc_node/share/remote_rc_node/local_setup.dsv
[5.780s] -- Symlinking: /home/ares/ares_code_projects/install/remote_rc_node/share/remote_rc_node/package.dsv
[5.784s] -- Symlinking: /home/ares/ares_code_projects/install/remote_rc_node/share/ament_index/resource_index/packages/remote_rc_node
[5.789s] -- Symlinking: /home/ares/ares_code_projects/install/remote_rc_node/share/remote_rc_node/cmake/remote_rc_nodeConfig.cmake
[5.794s] -- Symlinking: /home/ares/ares_code_projects/install/remote_rc_node/share/remote_rc_node/cmake/remote_rc_nodeConfig-version.cmake
[5.799s] -- Symlinking: /home/ares/ares_code_projects/install/remote_rc_node/share/remote_rc_node/package.xml
[5.806s] Invoked command in '/home/ares/ares_code_projects/build/remote_rc_node' returned '0': CMAKE_PREFIX_PATH=${CMAKE_PREFIX_PATH}:/home/ares/ares_code_projects/install/omni_mpc_controller:/home/ares/ares_code_projects/install/laser:/opt/ros/humble CONDA_PROMPT_MODIFIER=(base) /usr/bin/cmake --install /home/ares/ares_code_projects/build/remote_rc_node
