[0.679s] Invoking command in '/home/ares/ares_code_projects/build/laser': CONDA_PROMPT_MODIFIER=(base) PYTHONPATH=/home/ares/ares_code_projects/build/laser/prefix_override:/usr/lib/python3/dist-packages/colcon_core/task/python/colcon_distutils_commands:/home/ares/ares_code_projects/install/laser/lib/python3.10/site-packages:${PYTHONPATH} /usr/bin/python3 -W ignore:setup.py install is deprecated -W ignore:easy_install command is deprecated setup.py develop --editable --build-directory /home/ares/ares_code_projects/build/laser/build --no-deps symlink_data
[0.856s] running develop
[0.968s] running egg_info
[0.969s] creating laser.egg-info
[0.969s] writing laser.egg-info/PKG-INFO
[0.969s] writing dependency_links to laser.egg-info/dependency_links.txt
[0.969s] writing entry points to laser.egg-info/entry_points.txt
[0.969s] writing requirements to laser.egg-info/requires.txt
[0.969s] writing top-level names to laser.egg-info/top_level.txt
[0.969s] writing manifest file 'laser.egg-info/SOURCES.txt'
[0.970s] reading manifest file 'laser.egg-info/SOURCES.txt'
[0.970s] writing manifest file 'laser.egg-info/SOURCES.txt'
[0.996s] running build_ext
[0.997s] Creating /home/ares/ares_code_projects/install/laser/lib/python3.10/site-packages/laser.egg-link (link to .)
[0.997s] Installing Real script to /home/ares/ares_code_projects/install/laser/lib/laser
[0.997s] Installing ros2publisher script to /home/ares/ares_code_projects/install/laser/lib/laser
[0.998s] 
[0.998s] Installed /home/ares/ares_code_projects/build/laser
[0.998s] running symlink_data
[0.998s] creating /home/ares/ares_code_projects/install/laser/share/ament_index
[0.998s] creating /home/ares/ares_code_projects/install/laser/share/ament_index/resource_index
[0.998s] creating /home/ares/ares_code_projects/install/laser/share/ament_index/resource_index/packages
[0.998s] symbolically linking /home/ares/ares_code_projects/build/laser/resource/laser -> /home/ares/ares_code_projects/install/laser/share/ament_index/resource_index/packages
[0.998s] symbolically linking /home/ares/ares_code_projects/build/laser/package.xml -> /home/ares/ares_code_projects/install/laser/share/laser
[0.998s] creating /home/ares/ares_code_projects/install/laser/share/laser/config
[0.998s] symbolically linking /home/ares/ares_code_projects/build/laser/config/params.yaml -> /home/ares/ares_code_projects/install/laser/share/laser/config
[0.998s] creating /home/ares/ares_code_projects/install/laser/share/laser/launch
[0.998s] symbolically linking /home/ares/ares_code_projects/build/laser/launch/laser_launch.py -> /home/ares/ares_code_projects/install/laser/share/laser/launch
[0.998s] symbolically linking /home/ares/ares_code_projects/build/laser/launch/start.launch.py -> /home/ares/ares_code_projects/install/laser/share/laser/launch
[0.998s] symbolically linking /home/ares/ares_code_projects/build/laser/launch/all_nodes.launch.py -> /home/ares/ares_code_projects/install/laser/share/laser/launch
[1.024s] Invoked command in '/home/ares/ares_code_projects/build/laser' returned '0': CONDA_PROMPT_MODIFIER=(base) PYTHONPATH=/home/ares/ares_code_projects/build/laser/prefix_override:/usr/lib/python3/dist-packages/colcon_core/task/python/colcon_distutils_commands:/home/ares/ares_code_projects/install/laser/lib/python3.10/site-packages:${PYTHONPATH} /usr/bin/python3 -W ignore:setup.py install is deprecated -W ignore:easy_install command is deprecated setup.py develop --editable --build-directory /home/ares/ares_code_projects/build/laser/build --no-deps symlink_data
