[0.052s] DEBUG:colcon:Command line arguments: ['/usr/bin/colcon', 'build', '--symlink-install', '--cmake-args=-DR1=ON -DCMAKE_BUILD_TYPE=Release', '--parallel-workers', '16']
[0.052s] DEBUG:colcon:Parsed command line arguments: Namespace(log_base=None, log_level=None, verb_name='build', build_base='build', install_base='install', merge_install=False, symlink_install=True, test_result_base=None, continue_on_error=False, executor='parallel', parallel_workers=16, event_handlers=None, ignore_user_meta=False, metas=['./colcon.meta'], base_paths=['.'], packages_ignore=None, packages_ignore_regex=None, paths=None, packages_up_to=None, packages_up_to_regex=None, packages_above=None, packages_above_and_dependencies=None, packages_above_depth=None, packages_select_by_dep=None, packages_skip_by_dep=None, packages_skip_up_to=None, packages_select_build_failed=False, packages_skip_build_finished=False, packages_select_test_failures=False, packages_skip_test_passed=False, packages_select=None, packages_skip=None, packages_select_regex=None, packages_skip_regex=None, packages_start=None, packages_end=None, allow_overriding=[], cmake_args=['-DR1=ON -DCMAKE_BUILD_TYPE=Release'], cmake_target=None, cmake_target_skip_unavailable=False, cmake_clean_cache=False, cmake_clean_first=False, cmake_force_configure=False, ament_cmake_args=None, catkin_cmake_args=None, catkin_skip_building_tests=False, verb_parser=<colcon_defaults.argument_parser.defaults.DefaultArgumentsDecorator object at 0x795fcc6535e0>, verb_extension=<colcon_core.verb.build.BuildVerb object at 0x795fcc653190>, main=<bound method BuildVerb.main of <colcon_core.verb.build.BuildVerb object at 0x795fcc653190>>)
[0.139s] Level 1:colcon.colcon_core.package_discovery:discover_packages(colcon_meta) check parameters
[0.139s] Level 1:colcon.colcon_core.package_discovery:discover_packages(recursive) check parameters
[0.139s] Level 1:colcon.colcon_core.package_discovery:discover_packages(ignore) check parameters
[0.139s] Level 1:colcon.colcon_core.package_discovery:discover_packages(path) check parameters
[0.139s] Level 1:colcon.colcon_core.package_discovery:discover_packages(colcon_meta) discover
[0.139s] Level 1:colcon.colcon_core.package_discovery:discover_packages(recursive) discover
[0.139s] INFO:colcon.colcon_core.package_discovery:Crawling recursively for packages in '/home/ares/ares_code_projects'
[0.139s] Level 1:colcon.colcon_core.package_identification:_identify(.) by extensions ['ignore', 'ignore_ament_install']
[0.139s] Level 1:colcon.colcon_core.package_identification:_identify(.) by extension 'ignore'
[0.139s] Level 1:colcon.colcon_core.package_identification:_identify(.) by extension 'ignore_ament_install'
[0.139s] Level 1:colcon.colcon_core.package_identification:_identify(.) by extensions ['colcon_pkg']
[0.139s] Level 1:colcon.colcon_core.package_identification:_identify(.) by extension 'colcon_pkg'
[0.139s] Level 1:colcon.colcon_core.package_identification:_identify(.) by extensions ['colcon_meta']
[0.139s] Level 1:colcon.colcon_core.package_identification:_identify(.) by extension 'colcon_meta'
[0.139s] Level 1:colcon.colcon_core.package_identification:_identify(.) by extensions ['ros']
[0.139s] Level 1:colcon.colcon_core.package_identification:_identify(.) by extension 'ros'
[0.145s] Level 1:colcon.colcon_core.package_identification:_identify(.) by extensions ['cmake', 'python']
[0.145s] Level 1:colcon.colcon_core.package_identification:_identify(.) by extension 'cmake'
[0.145s] Level 1:colcon.colcon_core.package_identification:_identify(.) by extension 'python'
[0.145s] Level 1:colcon.colcon_core.package_identification:_identify(.) by extensions ['python_setup_py']
[0.145s] Level 1:colcon.colcon_core.package_identification:_identify(.) by extension 'python_setup_py'
[0.145s] Level 1:colcon.colcon_core.package_identification:_identify(build) by extensions ['ignore', 'ignore_ament_install']
[0.146s] Level 1:colcon.colcon_core.package_identification:_identify(build) by extension 'ignore'
[0.146s] Level 1:colcon.colcon_core.package_identification:_identify(build) ignored
[0.146s] Level 1:colcon.colcon_core.package_identification:_identify(install) by extensions ['ignore', 'ignore_ament_install']
[0.146s] Level 1:colcon.colcon_core.package_identification:_identify(install) by extension 'ignore'
[0.146s] Level 1:colcon.colcon_core.package_identification:_identify(install) ignored
[0.146s] Level 1:colcon.colcon_core.package_identification:_identify(log) by extensions ['ignore', 'ignore_ament_install']
[0.146s] Level 1:colcon.colcon_core.package_identification:_identify(log) by extension 'ignore'
[0.146s] Level 1:colcon.colcon_core.package_identification:_identify(log) ignored
[0.146s] Level 1:colcon.colcon_core.package_identification:_identify(src) by extensions ['ignore', 'ignore_ament_install']
[0.146s] Level 1:colcon.colcon_core.package_identification:_identify(src) by extension 'ignore'
[0.146s] Level 1:colcon.colcon_core.package_identification:_identify(src) by extension 'ignore_ament_install'
[0.146s] Level 1:colcon.colcon_core.package_identification:_identify(src) by extensions ['colcon_pkg']
[0.146s] Level 1:colcon.colcon_core.package_identification:_identify(src) by extension 'colcon_pkg'
[0.146s] Level 1:colcon.colcon_core.package_identification:_identify(src) by extensions ['colcon_meta']
[0.146s] Level 1:colcon.colcon_core.package_identification:_identify(src) by extension 'colcon_meta'
[0.146s] Level 1:colcon.colcon_core.package_identification:_identify(src) by extensions ['ros']
[0.146s] Level 1:colcon.colcon_core.package_identification:_identify(src) by extension 'ros'
[0.146s] Level 1:colcon.colcon_core.package_identification:_identify(src) by extensions ['cmake', 'python']
[0.146s] Level 1:colcon.colcon_core.package_identification:_identify(src) by extension 'cmake'
[0.146s] Level 1:colcon.colcon_core.package_identification:_identify(src) by extension 'python'
[0.146s] Level 1:colcon.colcon_core.package_identification:_identify(src) by extensions ['python_setup_py']
[0.146s] Level 1:colcon.colcon_core.package_identification:_identify(src) by extension 'python_setup_py'
[0.146s] Level 1:colcon.colcon_core.package_identification:_identify(src/laser) by extensions ['ignore', 'ignore_ament_install']
[0.146s] Level 1:colcon.colcon_core.package_identification:_identify(src/laser) by extension 'ignore'
[0.146s] Level 1:colcon.colcon_core.package_identification:_identify(src/laser) by extension 'ignore_ament_install'
[0.146s] Level 1:colcon.colcon_core.package_identification:_identify(src/laser) by extensions ['colcon_pkg']
[0.146s] Level 1:colcon.colcon_core.package_identification:_identify(src/laser) by extension 'colcon_pkg'
[0.146s] Level 1:colcon.colcon_core.package_identification:_identify(src/laser) by extensions ['colcon_meta']
[0.146s] Level 1:colcon.colcon_core.package_identification:_identify(src/laser) by extension 'colcon_meta'
[0.146s] Level 1:colcon.colcon_core.package_identification:_identify(src/laser) by extensions ['ros']
[0.146s] Level 1:colcon.colcon_core.package_identification:_identify(src/laser) by extension 'ros'
[0.148s] DEBUG:colcon.colcon_core.package_identification:Package 'src/laser' with type 'ros.ament_python' and name 'laser'
[0.148s] Level 1:colcon.colcon_core.package_identification:_identify(src/my_robot_bringup) by extensions ['ignore', 'ignore_ament_install']
[0.148s] Level 1:colcon.colcon_core.package_identification:_identify(src/my_robot_bringup) by extension 'ignore'
[0.148s] Level 1:colcon.colcon_core.package_identification:_identify(src/my_robot_bringup) by extension 'ignore_ament_install'
[0.148s] Level 1:colcon.colcon_core.package_identification:_identify(src/my_robot_bringup) by extensions ['colcon_pkg']
[0.148s] Level 1:colcon.colcon_core.package_identification:_identify(src/my_robot_bringup) by extension 'colcon_pkg'
[0.148s] Level 1:colcon.colcon_core.package_identification:_identify(src/my_robot_bringup) by extensions ['colcon_meta']
[0.148s] Level 1:colcon.colcon_core.package_identification:_identify(src/my_robot_bringup) by extension 'colcon_meta'
[0.148s] Level 1:colcon.colcon_core.package_identification:_identify(src/my_robot_bringup) by extensions ['ros']
[0.148s] Level 1:colcon.colcon_core.package_identification:_identify(src/my_robot_bringup) by extension 'ros'
[0.153s] DEBUG:colcon.colcon_core.package_identification:Package 'src/my_robot_bringup' with type 'ros.ament_cmake' and name 'my_robot_bringup'
[0.153s] Level 1:colcon.colcon_core.package_identification:_identify(src/my_robot_description) by extensions ['ignore', 'ignore_ament_install']
[0.153s] Level 1:colcon.colcon_core.package_identification:_identify(src/my_robot_description) by extension 'ignore'
[0.153s] Level 1:colcon.colcon_core.package_identification:_identify(src/my_robot_description) by extension 'ignore_ament_install'
[0.153s] Level 1:colcon.colcon_core.package_identification:_identify(src/my_robot_description) by extensions ['colcon_pkg']
[0.153s] Level 1:colcon.colcon_core.package_identification:_identify(src/my_robot_description) by extension 'colcon_pkg'
[0.153s] Level 1:colcon.colcon_core.package_identification:_identify(src/my_robot_description) by extensions ['colcon_meta']
[0.153s] Level 1:colcon.colcon_core.package_identification:_identify(src/my_robot_description) by extension 'colcon_meta'
[0.153s] Level 1:colcon.colcon_core.package_identification:_identify(src/my_robot_description) by extensions ['ros']
[0.153s] Level 1:colcon.colcon_core.package_identification:_identify(src/my_robot_description) by extension 'ros'
[0.154s] DEBUG:colcon.colcon_core.package_identification:Package 'src/my_robot_description' with type 'ros.ament_cmake' and name 'my_robot_description'
[0.154s] Level 1:colcon.colcon_core.package_identification:_identify(src/myrobot_controller) by extensions ['ignore', 'ignore_ament_install']
[0.154s] Level 1:colcon.colcon_core.package_identification:_identify(src/myrobot_controller) by extension 'ignore'
[0.154s] Level 1:colcon.colcon_core.package_identification:_identify(src/myrobot_controller) by extension 'ignore_ament_install'
[0.154s] Level 1:colcon.colcon_core.package_identification:_identify(src/myrobot_controller) by extensions ['colcon_pkg']
[0.154s] Level 1:colcon.colcon_core.package_identification:_identify(src/myrobot_controller) by extension 'colcon_pkg'
[0.154s] Level 1:colcon.colcon_core.package_identification:_identify(src/myrobot_controller) by extensions ['colcon_meta']
[0.154s] Level 1:colcon.colcon_core.package_identification:_identify(src/myrobot_controller) by extension 'colcon_meta'
[0.154s] Level 1:colcon.colcon_core.package_identification:_identify(src/myrobot_controller) by extensions ['ros']
[0.154s] Level 1:colcon.colcon_core.package_identification:_identify(src/myrobot_controller) by extension 'ros'
[0.154s] DEBUG:colcon.colcon_core.package_identification:Package 'src/myrobot_controller' with type 'ros.ament_cmake' and name 'myrobot_controller'
[0.154s] Level 1:colcon.colcon_core.package_identification:_identify(src/omni_mpc_controller) by extensions ['ignore', 'ignore_ament_install']
[0.154s] Level 1:colcon.colcon_core.package_identification:_identify(src/omni_mpc_controller) by extension 'ignore'
[0.155s] Level 1:colcon.colcon_core.package_identification:_identify(src/omni_mpc_controller) by extension 'ignore_ament_install'
[0.155s] Level 1:colcon.colcon_core.package_identification:_identify(src/omni_mpc_controller) by extensions ['colcon_pkg']
[0.155s] Level 1:colcon.colcon_core.package_identification:_identify(src/omni_mpc_controller) by extension 'colcon_pkg'
[0.155s] Level 1:colcon.colcon_core.package_identification:_identify(src/omni_mpc_controller) by extensions ['colcon_meta']
[0.155s] Level 1:colcon.colcon_core.package_identification:_identify(src/omni_mpc_controller) by extension 'colcon_meta'
[0.155s] Level 1:colcon.colcon_core.package_identification:_identify(src/omni_mpc_controller) by extensions ['ros']
[0.155s] Level 1:colcon.colcon_core.package_identification:_identify(src/omni_mpc_controller) by extension 'ros'
[0.155s] DEBUG:colcon.colcon_core.package_identification:Package 'src/omni_mpc_controller' with type 'ros.ament_python' and name 'omni_mpc_controller'
[0.155s] Level 1:colcon.colcon_core.package_identification:_identify(src/remote_rc_node) by extensions ['ignore', 'ignore_ament_install']
[0.155s] Level 1:colcon.colcon_core.package_identification:_identify(src/remote_rc_node) by extension 'ignore'
[0.155s] Level 1:colcon.colcon_core.package_identification:_identify(src/remote_rc_node) by extension 'ignore_ament_install'
[0.155s] Level 1:colcon.colcon_core.package_identification:_identify(src/remote_rc_node) by extensions ['colcon_pkg']
[0.155s] Level 1:colcon.colcon_core.package_identification:_identify(src/remote_rc_node) by extension 'colcon_pkg'
[0.155s] Level 1:colcon.colcon_core.package_identification:_identify(src/remote_rc_node) by extensions ['colcon_meta']
[0.155s] Level 1:colcon.colcon_core.package_identification:_identify(src/remote_rc_node) by extension 'colcon_meta'
[0.155s] Level 1:colcon.colcon_core.package_identification:_identify(src/remote_rc_node) by extensions ['ros']
[0.155s] Level 1:colcon.colcon_core.package_identification:_identify(src/remote_rc_node) by extension 'ros'
[0.156s] DEBUG:colcon.colcon_core.package_identification:Package 'src/remote_rc_node' with type 'ros.ament_cmake' and name 'remote_rc_node'
[0.156s] Level 1:colcon.colcon_core.package_identification:_identify(src/sllidar_ros2) by extensions ['ignore', 'ignore_ament_install']
[0.156s] Level 1:colcon.colcon_core.package_identification:_identify(src/sllidar_ros2) by extension 'ignore'
[0.156s] Level 1:colcon.colcon_core.package_identification:_identify(src/sllidar_ros2) by extension 'ignore_ament_install'
[0.156s] Level 1:colcon.colcon_core.package_identification:_identify(src/sllidar_ros2) by extensions ['colcon_pkg']
[0.156s] Level 1:colcon.colcon_core.package_identification:_identify(src/sllidar_ros2) by extension 'colcon_pkg'
[0.156s] Level 1:colcon.colcon_core.package_identification:_identify(src/sllidar_ros2) by extensions ['colcon_meta']
[0.156s] Level 1:colcon.colcon_core.package_identification:_identify(src/sllidar_ros2) by extension 'colcon_meta'
[0.156s] Level 1:colcon.colcon_core.package_identification:_identify(src/sllidar_ros2) by extensions ['ros']
[0.156s] Level 1:colcon.colcon_core.package_identification:_identify(src/sllidar_ros2) by extension 'ros'
[0.156s] DEBUG:colcon.colcon_core.package_identification:Package 'src/sllidar_ros2' with type 'ros.ament_cmake' and name 'sllidar_ros2'
[0.156s] Level 1:colcon.colcon_core.package_identification:_identify(src/usb_bulk_node) by extensions ['ignore', 'ignore_ament_install']
[0.156s] Level 1:colcon.colcon_core.package_identification:_identify(src/usb_bulk_node) by extension 'ignore'
[0.156s] Level 1:colcon.colcon_core.package_identification:_identify(src/usb_bulk_node) by extension 'ignore_ament_install'
[0.156s] Level 1:colcon.colcon_core.package_identification:_identify(src/usb_bulk_node) by extensions ['colcon_pkg']
[0.156s] Level 1:colcon.colcon_core.package_identification:_identify(src/usb_bulk_node) by extension 'colcon_pkg'
[0.156s] Level 1:colcon.colcon_core.package_identification:_identify(src/usb_bulk_node) by extensions ['colcon_meta']
[0.156s] Level 1:colcon.colcon_core.package_identification:_identify(src/usb_bulk_node) by extension 'colcon_meta'
[0.156s] Level 1:colcon.colcon_core.package_identification:_identify(src/usb_bulk_node) by extensions ['ros']
[0.156s] Level 1:colcon.colcon_core.package_identification:_identify(src/usb_bulk_node) by extension 'ros'
[0.157s] DEBUG:colcon.colcon_core.package_identification:Package 'src/usb_bulk_node' with type 'ros.ament_cmake' and name 'usb_bulk_node'
[0.157s] Level 1:colcon.colcon_core.package_discovery:discover_packages(recursive) using defaults
[0.157s] Level 1:colcon.colcon_core.package_discovery:discover_packages(ignore) discover
[0.157s] Level 1:colcon.colcon_core.package_discovery:discover_packages(ignore) using defaults
[0.157s] Level 1:colcon.colcon_core.package_discovery:discover_packages(path) discover
[0.157s] Level 1:colcon.colcon_core.package_discovery:discover_packages(path) using defaults
[0.168s] Level 1:colcon.colcon_core.package_discovery:discover_packages(prefix_path) check parameters
[0.168s] Level 1:colcon.colcon_core.package_discovery:discover_packages(prefix_path) discover
[0.169s] WARNING:colcon.colcon_core.prefix_path.colcon:The path '/home/ares/ares_code_projects/R1/install' in the environment variable COLCON_PREFIX_PATH doesn't exist
[0.169s] WARNING:colcon.colcon_ros.prefix_path.ament:The path '/home/ares/ares_code_projects/R1/install/usb_bulk_node' in the environment variable AMENT_PREFIX_PATH doesn't exist
[0.169s] WARNING:colcon.colcon_ros.prefix_path.ament:The path '/home/ares/ares_code_projects/R1/install/sllidar_ros2' in the environment variable AMENT_PREFIX_PATH doesn't exist
[0.169s] WARNING:colcon.colcon_ros.prefix_path.ament:The path '/home/ares/ares_code_projects/R1/install/remote_rc_node' in the environment variable AMENT_PREFIX_PATH doesn't exist
[0.169s] WARNING:colcon.colcon_ros.prefix_path.ament:The path '/home/ares/ares_code_projects/R1/install/omni_mpc_controller' in the environment variable AMENT_PREFIX_PATH doesn't exist
[0.169s] WARNING:colcon.colcon_ros.prefix_path.ament:The path '/home/ares/ares_code_projects/R1/install/myrobot_controller' in the environment variable AMENT_PREFIX_PATH doesn't exist
[0.169s] WARNING:colcon.colcon_ros.prefix_path.ament:The path '/home/ares/ares_code_projects/R1/install/my_robot_bringup' in the environment variable AMENT_PREFIX_PATH doesn't exist
[0.169s] WARNING:colcon.colcon_ros.prefix_path.ament:The path '/home/ares/ares_code_projects/R1/install/my_robot_description' in the environment variable AMENT_PREFIX_PATH doesn't exist
[0.169s] WARNING:colcon.colcon_ros.prefix_path.ament:The path '/home/ares/ares_code_projects/R1/install/laser' in the environment variable AMENT_PREFIX_PATH doesn't exist
[0.169s] WARNING:colcon.colcon_ros.prefix_path.catkin:The path '/home/ares/ares_code_projects/R1/install/usb_bulk_node' in the environment variable CMAKE_PREFIX_PATH doesn't exist
[0.169s] WARNING:colcon.colcon_ros.prefix_path.catkin:The path '/home/ares/ares_code_projects/R1/install/sllidar_ros2' in the environment variable CMAKE_PREFIX_PATH doesn't exist
[0.169s] WARNING:colcon.colcon_ros.prefix_path.catkin:The path '/home/ares/ares_code_projects/R1/install/remote_rc_node' in the environment variable CMAKE_PREFIX_PATH doesn't exist
[0.169s] WARNING:colcon.colcon_ros.prefix_path.catkin:The path '/home/ares/ares_code_projects/R1/install/myrobot_controller' in the environment variable CMAKE_PREFIX_PATH doesn't exist
[0.169s] WARNING:colcon.colcon_ros.prefix_path.catkin:The path '/home/ares/ares_code_projects/R1/install/my_robot_bringup' in the environment variable CMAKE_PREFIX_PATH doesn't exist
[0.169s] WARNING:colcon.colcon_ros.prefix_path.catkin:The path '/home/ares/ares_code_projects/R1/install/my_robot_description' in the environment variable CMAKE_PREFIX_PATH doesn't exist
[0.169s] DEBUG:colcon.colcon_installed_package_information.package_discovery:Found 5 installed packages in /home/ares/ros2_ws/install
[0.170s] DEBUG:colcon.colcon_installed_package_information.package_discovery:Found 8 installed packages in /home/ares/Desktop/dog/install
[0.170s] DEBUG:colcon.colcon_installed_package_information.package_discovery:Found 297 installed packages in /opt/ros/humble
[0.171s] Level 1:colcon.colcon_core.package_discovery:discover_packages(prefix_path) using defaults
[0.189s] Level 5:colcon.colcon_core.verb:set package 'laser' build argument 'cmake_args' from command line to '['-DR1=ON -DCMAKE_BUILD_TYPE=Release']'
[0.189s] Level 5:colcon.colcon_core.verb:set package 'laser' build argument 'cmake_target' from command line to 'None'
[0.189s] Level 5:colcon.colcon_core.verb:set package 'laser' build argument 'cmake_target_skip_unavailable' from command line to 'False'
[0.189s] Level 5:colcon.colcon_core.verb:set package 'laser' build argument 'cmake_clean_cache' from command line to 'False'
[0.189s] Level 5:colcon.colcon_core.verb:set package 'laser' build argument 'cmake_clean_first' from command line to 'False'
[0.189s] Level 5:colcon.colcon_core.verb:set package 'laser' build argument 'cmake_force_configure' from command line to 'False'
[0.189s] Level 5:colcon.colcon_core.verb:set package 'laser' build argument 'ament_cmake_args' from command line to 'None'
[0.189s] Level 5:colcon.colcon_core.verb:set package 'laser' build argument 'catkin_cmake_args' from command line to 'None'
[0.189s] Level 5:colcon.colcon_core.verb:set package 'laser' build argument 'catkin_skip_building_tests' from command line to 'False'
[0.189s] DEBUG:colcon.colcon_core.verb:Building package 'laser' with the following arguments: {'ament_cmake_args': None, 'build_base': '/home/ares/ares_code_projects/build/laser', 'catkin_cmake_args': None, 'catkin_skip_building_tests': False, 'cmake_args': ['-DR1=ON -DCMAKE_BUILD_TYPE=Release'], 'cmake_clean_cache': False, 'cmake_clean_first': False, 'cmake_force_configure': False, 'cmake_target': None, 'cmake_target_skip_unavailable': False, 'install_base': '/home/ares/ares_code_projects/install/laser', 'merge_install': False, 'path': '/home/ares/ares_code_projects/src/laser', 'symlink_install': True, 'test_result_base': None}
[0.189s] Level 5:colcon.colcon_core.verb:set package 'my_robot_description' build argument 'cmake_args' from command line to '['-DR1=ON -DCMAKE_BUILD_TYPE=Release']'
[0.189s] Level 5:colcon.colcon_core.verb:set package 'my_robot_description' build argument 'cmake_target' from command line to 'None'
[0.189s] Level 5:colcon.colcon_core.verb:set package 'my_robot_description' build argument 'cmake_target_skip_unavailable' from command line to 'False'
[0.189s] Level 5:colcon.colcon_core.verb:set package 'my_robot_description' build argument 'cmake_clean_cache' from command line to 'False'
[0.189s] Level 5:colcon.colcon_core.verb:set package 'my_robot_description' build argument 'cmake_clean_first' from command line to 'False'
[0.189s] Level 5:colcon.colcon_core.verb:set package 'my_robot_description' build argument 'cmake_force_configure' from command line to 'False'
[0.189s] Level 5:colcon.colcon_core.verb:set package 'my_robot_description' build argument 'ament_cmake_args' from command line to 'None'
[0.189s] Level 5:colcon.colcon_core.verb:set package 'my_robot_description' build argument 'catkin_cmake_args' from command line to 'None'
[0.189s] Level 5:colcon.colcon_core.verb:set package 'my_robot_description' build argument 'catkin_skip_building_tests' from command line to 'False'
[0.189s] DEBUG:colcon.colcon_core.verb:Building package 'my_robot_description' with the following arguments: {'ament_cmake_args': None, 'build_base': '/home/ares/ares_code_projects/build/my_robot_description', 'catkin_cmake_args': None, 'catkin_skip_building_tests': False, 'cmake_args': ['-DR1=ON -DCMAKE_BUILD_TYPE=Release'], 'cmake_clean_cache': False, 'cmake_clean_first': False, 'cmake_force_configure': False, 'cmake_target': None, 'cmake_target_skip_unavailable': False, 'install_base': '/home/ares/ares_code_projects/install/my_robot_description', 'merge_install': False, 'path': '/home/ares/ares_code_projects/src/my_robot_description', 'symlink_install': True, 'test_result_base': None}
[0.189s] Level 5:colcon.colcon_core.verb:set package 'myrobot_controller' build argument 'cmake_args' from command line to '['-DR1=ON -DCMAKE_BUILD_TYPE=Release']'
[0.189s] Level 5:colcon.colcon_core.verb:set package 'myrobot_controller' build argument 'cmake_target' from command line to 'None'
[0.189s] Level 5:colcon.colcon_core.verb:set package 'myrobot_controller' build argument 'cmake_target_skip_unavailable' from command line to 'False'
[0.190s] Level 5:colcon.colcon_core.verb:set package 'myrobot_controller' build argument 'cmake_clean_cache' from command line to 'False'
[0.190s] Level 5:colcon.colcon_core.verb:set package 'myrobot_controller' build argument 'cmake_clean_first' from command line to 'False'
[0.190s] Level 5:colcon.colcon_core.verb:set package 'myrobot_controller' build argument 'cmake_force_configure' from command line to 'False'
[0.190s] Level 5:colcon.colcon_core.verb:set package 'myrobot_controller' build argument 'ament_cmake_args' from command line to 'None'
[0.190s] Level 5:colcon.colcon_core.verb:set package 'myrobot_controller' build argument 'catkin_cmake_args' from command line to 'None'
[0.190s] Level 5:colcon.colcon_core.verb:set package 'myrobot_controller' build argument 'catkin_skip_building_tests' from command line to 'False'
[0.190s] DEBUG:colcon.colcon_core.verb:Building package 'myrobot_controller' with the following arguments: {'ament_cmake_args': None, 'build_base': '/home/ares/ares_code_projects/build/myrobot_controller', 'catkin_cmake_args': None, 'catkin_skip_building_tests': False, 'cmake_args': ['-DR1=ON -DCMAKE_BUILD_TYPE=Release'], 'cmake_clean_cache': False, 'cmake_clean_first': False, 'cmake_force_configure': False, 'cmake_target': None, 'cmake_target_skip_unavailable': False, 'install_base': '/home/ares/ares_code_projects/install/myrobot_controller', 'merge_install': False, 'path': '/home/ares/ares_code_projects/src/myrobot_controller', 'symlink_install': True, 'test_result_base': None}
[0.190s] Level 5:colcon.colcon_core.verb:set package 'omni_mpc_controller' build argument 'cmake_args' from command line to '['-DR1=ON -DCMAKE_BUILD_TYPE=Release']'
[0.190s] Level 5:colcon.colcon_core.verb:set package 'omni_mpc_controller' build argument 'cmake_target' from command line to 'None'
[0.190s] Level 5:colcon.colcon_core.verb:set package 'omni_mpc_controller' build argument 'cmake_target_skip_unavailable' from command line to 'False'
[0.190s] Level 5:colcon.colcon_core.verb:set package 'omni_mpc_controller' build argument 'cmake_clean_cache' from command line to 'False'
[0.190s] Level 5:colcon.colcon_core.verb:set package 'omni_mpc_controller' build argument 'cmake_clean_first' from command line to 'False'
[0.190s] Level 5:colcon.colcon_core.verb:set package 'omni_mpc_controller' build argument 'cmake_force_configure' from command line to 'False'
[0.190s] Level 5:colcon.colcon_core.verb:set package 'omni_mpc_controller' build argument 'ament_cmake_args' from command line to 'None'
[0.190s] Level 5:colcon.colcon_core.verb:set package 'omni_mpc_controller' build argument 'catkin_cmake_args' from command line to 'None'
[0.190s] Level 5:colcon.colcon_core.verb:set package 'omni_mpc_controller' build argument 'catkin_skip_building_tests' from command line to 'False'
[0.190s] DEBUG:colcon.colcon_core.verb:Building package 'omni_mpc_controller' with the following arguments: {'ament_cmake_args': None, 'build_base': '/home/ares/ares_code_projects/build/omni_mpc_controller', 'catkin_cmake_args': None, 'catkin_skip_building_tests': False, 'cmake_args': ['-DR1=ON -DCMAKE_BUILD_TYPE=Release'], 'cmake_clean_cache': False, 'cmake_clean_first': False, 'cmake_force_configure': False, 'cmake_target': None, 'cmake_target_skip_unavailable': False, 'install_base': '/home/ares/ares_code_projects/install/omni_mpc_controller', 'merge_install': False, 'path': '/home/ares/ares_code_projects/src/omni_mpc_controller', 'symlink_install': True, 'test_result_base': None}
[0.190s] Level 5:colcon.colcon_core.verb:set package 'remote_rc_node' build argument 'cmake_args' from command line to '['-DR1=ON -DCMAKE_BUILD_TYPE=Release']'
[0.190s] Level 5:colcon.colcon_core.verb:set package 'remote_rc_node' build argument 'cmake_target' from command line to 'None'
[0.190s] Level 5:colcon.colcon_core.verb:set package 'remote_rc_node' build argument 'cmake_target_skip_unavailable' from command line to 'False'
[0.190s] Level 5:colcon.colcon_core.verb:set package 'remote_rc_node' build argument 'cmake_clean_cache' from command line to 'False'
[0.190s] Level 5:colcon.colcon_core.verb:set package 'remote_rc_node' build argument 'cmake_clean_first' from command line to 'False'
[0.190s] Level 5:colcon.colcon_core.verb:set package 'remote_rc_node' build argument 'cmake_force_configure' from command line to 'False'
[0.190s] Level 5:colcon.colcon_core.verb:set package 'remote_rc_node' build argument 'ament_cmake_args' from command line to 'None'
[0.190s] Level 5:colcon.colcon_core.verb:set package 'remote_rc_node' build argument 'catkin_cmake_args' from command line to 'None'
[0.190s] Level 5:colcon.colcon_core.verb:set package 'remote_rc_node' build argument 'catkin_skip_building_tests' from command line to 'False'
[0.190s] DEBUG:colcon.colcon_core.verb:Building package 'remote_rc_node' with the following arguments: {'ament_cmake_args': None, 'build_base': '/home/ares/ares_code_projects/build/remote_rc_node', 'catkin_cmake_args': None, 'catkin_skip_building_tests': False, 'cmake_args': ['-DR1=ON -DCMAKE_BUILD_TYPE=Release'], 'cmake_clean_cache': False, 'cmake_clean_first': False, 'cmake_force_configure': False, 'cmake_target': None, 'cmake_target_skip_unavailable': False, 'install_base': '/home/ares/ares_code_projects/install/remote_rc_node', 'merge_install': False, 'path': '/home/ares/ares_code_projects/src/remote_rc_node', 'symlink_install': True, 'test_result_base': None}
[0.190s] Level 5:colcon.colcon_core.verb:set package 'sllidar_ros2' build argument 'cmake_args' from command line to '['-DR1=ON -DCMAKE_BUILD_TYPE=Release']'
[0.190s] Level 5:colcon.colcon_core.verb:set package 'sllidar_ros2' build argument 'cmake_target' from command line to 'None'
[0.190s] Level 5:colcon.colcon_core.verb:set package 'sllidar_ros2' build argument 'cmake_target_skip_unavailable' from command line to 'False'
[0.190s] Level 5:colcon.colcon_core.verb:set package 'sllidar_ros2' build argument 'cmake_clean_cache' from command line to 'False'
[0.190s] Level 5:colcon.colcon_core.verb:set package 'sllidar_ros2' build argument 'cmake_clean_first' from command line to 'False'
[0.190s] Level 5:colcon.colcon_core.verb:set package 'sllidar_ros2' build argument 'cmake_force_configure' from command line to 'False'
[0.190s] Level 5:colcon.colcon_core.verb:set package 'sllidar_ros2' build argument 'ament_cmake_args' from command line to 'None'
[0.190s] Level 5:colcon.colcon_core.verb:set package 'sllidar_ros2' build argument 'catkin_cmake_args' from command line to 'None'
[0.190s] Level 5:colcon.colcon_core.verb:set package 'sllidar_ros2' build argument 'catkin_skip_building_tests' from command line to 'False'
[0.190s] DEBUG:colcon.colcon_core.verb:Building package 'sllidar_ros2' with the following arguments: {'ament_cmake_args': None, 'build_base': '/home/ares/ares_code_projects/build/sllidar_ros2', 'catkin_cmake_args': None, 'catkin_skip_building_tests': False, 'cmake_args': ['-DR1=ON -DCMAKE_BUILD_TYPE=Release'], 'cmake_clean_cache': False, 'cmake_clean_first': False, 'cmake_force_configure': False, 'cmake_target': None, 'cmake_target_skip_unavailable': False, 'install_base': '/home/ares/ares_code_projects/install/sllidar_ros2', 'merge_install': False, 'path': '/home/ares/ares_code_projects/src/sllidar_ros2', 'symlink_install': True, 'test_result_base': None}
[0.191s] Level 5:colcon.colcon_core.verb:set package 'usb_bulk_node' build argument 'cmake_args' from command line to '['-DR1=ON -DCMAKE_BUILD_TYPE=Release']'
[0.191s] Level 5:colcon.colcon_core.verb:set package 'usb_bulk_node' build argument 'cmake_target' from command line to 'None'
[0.191s] Level 5:colcon.colcon_core.verb:set package 'usb_bulk_node' build argument 'cmake_target_skip_unavailable' from command line to 'False'
[0.191s] Level 5:colcon.colcon_core.verb:set package 'usb_bulk_node' build argument 'cmake_clean_cache' from command line to 'False'
[0.191s] Level 5:colcon.colcon_core.verb:set package 'usb_bulk_node' build argument 'cmake_clean_first' from command line to 'False'
[0.191s] Level 5:colcon.colcon_core.verb:set package 'usb_bulk_node' build argument 'cmake_force_configure' from command line to 'False'
[0.191s] Level 5:colcon.colcon_core.verb:set package 'usb_bulk_node' build argument 'ament_cmake_args' from command line to 'None'
[0.191s] Level 5:colcon.colcon_core.verb:set package 'usb_bulk_node' build argument 'catkin_cmake_args' from command line to 'None'
[0.191s] Level 5:colcon.colcon_core.verb:set package 'usb_bulk_node' build argument 'catkin_skip_building_tests' from command line to 'False'
[0.191s] DEBUG:colcon.colcon_core.verb:Building package 'usb_bulk_node' with the following arguments: {'ament_cmake_args': None, 'build_base': '/home/ares/ares_code_projects/build/usb_bulk_node', 'catkin_cmake_args': None, 'catkin_skip_building_tests': False, 'cmake_args': ['-DR1=ON -DCMAKE_BUILD_TYPE=Release'], 'cmake_clean_cache': False, 'cmake_clean_first': False, 'cmake_force_configure': False, 'cmake_target': None, 'cmake_target_skip_unavailable': False, 'install_base': '/home/ares/ares_code_projects/install/usb_bulk_node', 'merge_install': False, 'path': '/home/ares/ares_code_projects/src/usb_bulk_node', 'symlink_install': True, 'test_result_base': None}
[0.191s] Level 5:colcon.colcon_core.verb:set package 'my_robot_bringup' build argument 'cmake_args' from command line to '['-DR1=ON -DCMAKE_BUILD_TYPE=Release']'
[0.191s] Level 5:colcon.colcon_core.verb:set package 'my_robot_bringup' build argument 'cmake_target' from command line to 'None'
[0.191s] Level 5:colcon.colcon_core.verb:set package 'my_robot_bringup' build argument 'cmake_target_skip_unavailable' from command line to 'False'
[0.191s] Level 5:colcon.colcon_core.verb:set package 'my_robot_bringup' build argument 'cmake_clean_cache' from command line to 'False'
[0.191s] Level 5:colcon.colcon_core.verb:set package 'my_robot_bringup' build argument 'cmake_clean_first' from command line to 'False'
[0.191s] Level 5:colcon.colcon_core.verb:set package 'my_robot_bringup' build argument 'cmake_force_configure' from command line to 'False'
[0.191s] Level 5:colcon.colcon_core.verb:set package 'my_robot_bringup' build argument 'ament_cmake_args' from command line to 'None'
[0.191s] Level 5:colcon.colcon_core.verb:set package 'my_robot_bringup' build argument 'catkin_cmake_args' from command line to 'None'
[0.191s] Level 5:colcon.colcon_core.verb:set package 'my_robot_bringup' build argument 'catkin_skip_building_tests' from command line to 'False'
[0.191s] DEBUG:colcon.colcon_core.verb:Building package 'my_robot_bringup' with the following arguments: {'ament_cmake_args': None, 'build_base': '/home/ares/ares_code_projects/build/my_robot_bringup', 'catkin_cmake_args': None, 'catkin_skip_building_tests': False, 'cmake_args': ['-DR1=ON -DCMAKE_BUILD_TYPE=Release'], 'cmake_clean_cache': False, 'cmake_clean_first': False, 'cmake_force_configure': False, 'cmake_target': None, 'cmake_target_skip_unavailable': False, 'install_base': '/home/ares/ares_code_projects/install/my_robot_bringup', 'merge_install': False, 'path': '/home/ares/ares_code_projects/src/my_robot_bringup', 'symlink_install': True, 'test_result_base': None}
[0.191s] INFO:colcon.colcon_core.executor:Executing jobs using 'parallel' executor
[0.192s] DEBUG:colcon.colcon_parallel_executor.executor.parallel:run_until_complete
[0.192s] INFO:colcon.colcon_ros.task.ament_cmake.build:Building ROS package in '/home/ares/ares_code_projects/src/my_robot_description' with build type 'ament_cmake'
[0.192s] INFO:colcon.colcon_cmake.task.cmake.build:Building CMake package in '/home/ares/ares_code_projects/src/my_robot_description'
[0.193s] INFO:colcon.colcon_core.plugin_system:Skipping extension 'colcon_core.shell.bat': Not used on non-Windows systems
[0.193s] INFO:colcon.colcon_core.shell:Skip shell extension 'powershell' for command environment: Not usable outside of PowerShell
[0.193s] DEBUG:colcon.colcon_core.shell:Skip shell extension 'dsv' for command environment
[0.195s] INFO:colcon.colcon_ros.task.ament_python.build:Building ROS package in '/home/ares/ares_code_projects/src/laser' with build type 'ament_python'
[0.195s] Level 1:colcon.colcon_core.shell:create_environment_hook('laser', 'ament_prefix_path')
[0.195s] INFO:colcon.colcon_core.shell:Creating environment hook '/home/ares/ares_code_projects/install/laser/share/laser/hook/ament_prefix_path.ps1'
[0.196s] INFO:colcon.colcon_core.shell:Creating environment descriptor '/home/ares/ares_code_projects/install/laser/share/laser/hook/ament_prefix_path.dsv'
[0.196s] INFO:colcon.colcon_core.shell:Creating environment hook '/home/ares/ares_code_projects/install/laser/share/laser/hook/ament_prefix_path.sh'
[0.196s] INFO:colcon.colcon_core.shell:Skip shell extension 'powershell' for command environment: Not usable outside of PowerShell
[0.196s] DEBUG:colcon.colcon_core.shell:Skip shell extension 'dsv' for command environment
[0.198s] INFO:colcon.colcon_ros.task.ament_cmake.build:Building ROS package in '/home/ares/ares_code_projects/src/myrobot_controller' with build type 'ament_cmake'
[0.198s] INFO:colcon.colcon_cmake.task.cmake.build:Building CMake package in '/home/ares/ares_code_projects/src/myrobot_controller'
[0.198s] INFO:colcon.colcon_core.shell:Skip shell extension 'powershell' for command environment: Not usable outside of PowerShell
[0.198s] DEBUG:colcon.colcon_core.shell:Skip shell extension 'dsv' for command environment
[0.200s] INFO:colcon.colcon_ros.task.ament_python.build:Building ROS package in '/home/ares/ares_code_projects/src/omni_mpc_controller' with build type 'ament_python'
[0.200s] Level 1:colcon.colcon_core.shell:create_environment_hook('omni_mpc_controller', 'ament_prefix_path')
[0.200s] INFO:colcon.colcon_core.shell:Creating environment hook '/home/ares/ares_code_projects/install/omni_mpc_controller/share/omni_mpc_controller/hook/ament_prefix_path.ps1'
[0.201s] INFO:colcon.colcon_core.shell:Creating environment descriptor '/home/ares/ares_code_projects/install/omni_mpc_controller/share/omni_mpc_controller/hook/ament_prefix_path.dsv'
[0.201s] INFO:colcon.colcon_core.shell:Creating environment hook '/home/ares/ares_code_projects/install/omni_mpc_controller/share/omni_mpc_controller/hook/ament_prefix_path.sh'
[0.201s] INFO:colcon.colcon_core.shell:Skip shell extension 'powershell' for command environment: Not usable outside of PowerShell
[0.201s] DEBUG:colcon.colcon_core.shell:Skip shell extension 'dsv' for command environment
[0.203s] INFO:colcon.colcon_ros.task.ament_cmake.build:Building ROS package in '/home/ares/ares_code_projects/src/remote_rc_node' with build type 'ament_cmake'
[0.203s] INFO:colcon.colcon_cmake.task.cmake.build:Building CMake package in '/home/ares/ares_code_projects/src/remote_rc_node'
[0.203s] INFO:colcon.colcon_core.shell:Skip shell extension 'powershell' for command environment: Not usable outside of PowerShell
[0.203s] DEBUG:colcon.colcon_core.shell:Skip shell extension 'dsv' for command environment
[0.205s] INFO:colcon.colcon_ros.task.ament_cmake.build:Building ROS package in '/home/ares/ares_code_projects/src/sllidar_ros2' with build type 'ament_cmake'
[0.205s] INFO:colcon.colcon_cmake.task.cmake.build:Building CMake package in '/home/ares/ares_code_projects/src/sllidar_ros2'
[0.205s] INFO:colcon.colcon_core.shell:Skip shell extension 'powershell' for command environment: Not usable outside of PowerShell
[0.205s] DEBUG:colcon.colcon_core.shell:Skip shell extension 'dsv' for command environment
[0.207s] INFO:colcon.colcon_ros.task.ament_cmake.build:Building ROS package in '/home/ares/ares_code_projects/src/usb_bulk_node' with build type 'ament_cmake'
[0.207s] INFO:colcon.colcon_cmake.task.cmake.build:Building CMake package in '/home/ares/ares_code_projects/src/usb_bulk_node'
[0.207s] INFO:colcon.colcon_core.shell:Skip shell extension 'powershell' for command environment: Not usable outside of PowerShell
[0.207s] DEBUG:colcon.colcon_core.shell:Skip shell extension 'dsv' for command environment
[0.212s] DEBUG:colcon.colcon_core.event_handler.log_command:Invoking command in '/home/ares/ares_code_projects/build/my_robot_description': CMAKE_PREFIX_PATH=${CMAKE_PREFIX_PATH}:/home/ares/ares_code_projects/R1/install/omni_mpc_controller:/home/ares/ares_code_projects/R1/install/laser:/home/ares/Desktop/dog/install/omni_mpc_controller:/home/ares/Desktop/dog/install/laser:/opt/ros/humble CONDA_PROMPT_MODIFIER=(base) /usr/bin/cmake --build /home/ares/ares_code_projects/build/my_robot_description -- -j16 -l16
[0.348s] INFO:colcon.colcon_core.task.python.build:Building Python package in '/home/ares/ares_code_projects/src/laser'
[0.348s] INFO:colcon.colcon_core.shell:Skip shell extension 'powershell' for command environment: Not usable outside of PowerShell
[0.348s] DEBUG:colcon.colcon_core.shell:Skip shell extension 'dsv' for command environment
[0.352s] DEBUG:colcon.colcon_core.event_handler.log_command:Invoking command in '/home/ares/ares_code_projects/build/myrobot_controller': CMAKE_PREFIX_PATH=${CMAKE_PREFIX_PATH}:/home/ares/ares_code_projects/R1/install/omni_mpc_controller:/home/ares/ares_code_projects/R1/install/laser:/home/ares/Desktop/dog/install/omni_mpc_controller:/home/ares/Desktop/dog/install/laser:/opt/ros/humble CONDA_PROMPT_MODIFIER=(base) /usr/bin/cmake --build /home/ares/ares_code_projects/build/myrobot_controller -- -j16 -l16
[0.489s] INFO:colcon.colcon_core.task.python.build:Building Python package in '/home/ares/ares_code_projects/src/omni_mpc_controller'
[0.490s] INFO:colcon.colcon_core.shell:Skip shell extension 'powershell' for command environment: Not usable outside of PowerShell
[0.490s] DEBUG:colcon.colcon_core.shell:Skip shell extension 'dsv' for command environment
[0.493s] DEBUG:colcon.colcon_core.event_handler.log_command:Invoking command in '/home/ares/ares_code_projects/build/remote_rc_node': CMAKE_PREFIX_PATH=${CMAKE_PREFIX_PATH}:/home/ares/ares_code_projects/R1/install/omni_mpc_controller:/home/ares/ares_code_projects/R1/install/laser:/home/ares/Desktop/dog/install/omni_mpc_controller:/home/ares/Desktop/dog/install/laser:/opt/ros/humble CONDA_PROMPT_MODIFIER=(base) /usr/bin/cmake --build /home/ares/ares_code_projects/build/remote_rc_node -- -j16 -l16
[0.495s] DEBUG:colcon.colcon_core.event_handler.log_command:Invoking command in '/home/ares/ares_code_projects/build/sllidar_ros2': CMAKE_PREFIX_PATH=${CMAKE_PREFIX_PATH}:/home/ares/ares_code_projects/R1/install/omni_mpc_controller:/home/ares/ares_code_projects/R1/install/laser:/home/ares/Desktop/dog/install/omni_mpc_controller:/home/ares/Desktop/dog/install/laser:/opt/ros/humble CONDA_PROMPT_MODIFIER=(base) /usr/bin/cmake --build /home/ares/ares_code_projects/build/sllidar_ros2 -- -j16 -l16
[0.499s] DEBUG:colcon.colcon_core.event_handler.log_command:Invoking command in '/home/ares/ares_code_projects/build/usb_bulk_node': CMAKE_PREFIX_PATH=${CMAKE_PREFIX_PATH}:/home/ares/ares_code_projects/R1/install/omni_mpc_controller:/home/ares/ares_code_projects/R1/install/laser:/home/ares/Desktop/dog/install/omni_mpc_controller:/home/ares/Desktop/dog/install/laser:/opt/ros/humble CONDA_PROMPT_MODIFIER=(base) /usr/bin/cmake --build /home/ares/ares_code_projects/build/usb_bulk_node -- -j16 -l16
[0.500s] DEBUG:colcon.colcon_core.event_handler.log_command:Invoked command in '/home/ares/ares_code_projects/build/my_robot_description' returned '0': CMAKE_PREFIX_PATH=${CMAKE_PREFIX_PATH}:/home/ares/ares_code_projects/R1/install/omni_mpc_controller:/home/ares/ares_code_projects/R1/install/laser:/home/ares/Desktop/dog/install/omni_mpc_controller:/home/ares/Desktop/dog/install/laser:/opt/ros/humble CONDA_PROMPT_MODIFIER=(base) /usr/bin/cmake --build /home/ares/ares_code_projects/build/my_robot_description -- -j16 -l16
[0.506s] DEBUG:colcon.colcon_core.event_handler.log_command:Invoking command in '/home/ares/ares_code_projects/build/my_robot_description': CMAKE_PREFIX_PATH=${CMAKE_PREFIX_PATH}:/home/ares/ares_code_projects/R1/install/omni_mpc_controller:/home/ares/ares_code_projects/R1/install/laser:/home/ares/Desktop/dog/install/omni_mpc_controller:/home/ares/Desktop/dog/install/laser:/opt/ros/humble CONDA_PROMPT_MODIFIER=(base) /usr/bin/cmake --install /home/ares/ares_code_projects/build/my_robot_description
[0.527s] Level 1:colcon.colcon_core.environment:create_environment_scripts_only(my_robot_description)
[0.527s] DEBUG:colcon.colcon_core.event_handler.log_command:Invoked command in '/home/ares/ares_code_projects/build/my_robot_description' returned '0': CMAKE_PREFIX_PATH=${CMAKE_PREFIX_PATH}:/home/ares/ares_code_projects/R1/install/omni_mpc_controller:/home/ares/ares_code_projects/R1/install/laser:/home/ares/Desktop/dog/install/omni_mpc_controller:/home/ares/Desktop/dog/install/laser:/opt/ros/humble CONDA_PROMPT_MODIFIER=(base) /usr/bin/cmake --install /home/ares/ares_code_projects/build/my_robot_description
[0.529s] Level 1:colcon.colcon_core.environment:checking '/home/ares/ares_code_projects/install/my_robot_description' for CMake module files
[0.530s] Level 1:colcon.colcon_core.environment:checking '/home/ares/ares_code_projects/install/my_robot_description' for CMake config files
[0.530s] Level 1:colcon.colcon_core.shell:create_environment_hook('my_robot_description', 'cmake_prefix_path')
[0.530s] INFO:colcon.colcon_core.shell:Creating environment hook '/home/ares/ares_code_projects/install/my_robot_description/share/my_robot_description/hook/cmake_prefix_path.ps1'
[0.531s] INFO:colcon.colcon_core.shell:Creating environment descriptor '/home/ares/ares_code_projects/install/my_robot_description/share/my_robot_description/hook/cmake_prefix_path.dsv'
[0.531s] INFO:colcon.colcon_core.shell:Creating environment hook '/home/ares/ares_code_projects/install/my_robot_description/share/my_robot_description/hook/cmake_prefix_path.sh'
[0.532s] Level 1:colcon.colcon_core.environment:checking '/home/ares/ares_code_projects/install/my_robot_description/bin'
[0.532s] Level 1:colcon.colcon_core.environment:checking '/home/ares/ares_code_projects/install/my_robot_description/lib/pkgconfig/my_robot_description.pc'
[0.532s] Level 1:colcon.colcon_core.environment:checking '/home/ares/ares_code_projects/install/my_robot_description/lib/python3.10/site-packages'
[0.532s] Level 1:colcon.colcon_core.environment:checking '/home/ares/ares_code_projects/install/my_robot_description/bin'
[0.533s] INFO:colcon.colcon_core.shell:Creating package script '/home/ares/ares_code_projects/install/my_robot_description/share/my_robot_description/package.ps1'
[0.533s] INFO:colcon.colcon_core.shell:Creating package descriptor '/home/ares/ares_code_projects/install/my_robot_description/share/my_robot_description/package.dsv'
[0.534s] INFO:colcon.colcon_core.shell:Creating package script '/home/ares/ares_code_projects/install/my_robot_description/share/my_robot_description/package.sh'
[0.535s] INFO:colcon.colcon_core.shell:Creating package script '/home/ares/ares_code_projects/install/my_robot_description/share/my_robot_description/package.bash'
[0.535s] INFO:colcon.colcon_core.shell:Creating package script '/home/ares/ares_code_projects/install/my_robot_description/share/my_robot_description/package.zsh'
[0.536s] Level 1:colcon.colcon_core.environment:create_file_with_runtime_dependencies(/home/ares/ares_code_projects/install/my_robot_description/share/colcon-core/packages/my_robot_description)
[0.536s] Level 1:colcon.colcon_core.environment:create_environment_scripts_only(my_robot_description)
[0.537s] Level 1:colcon.colcon_core.environment:checking '/home/ares/ares_code_projects/install/my_robot_description' for CMake module files
[0.537s] Level 1:colcon.colcon_core.environment:checking '/home/ares/ares_code_projects/install/my_robot_description' for CMake config files
[0.537s] Level 1:colcon.colcon_core.shell:create_environment_hook('my_robot_description', 'cmake_prefix_path')
[0.538s] INFO:colcon.colcon_core.shell:Creating environment hook '/home/ares/ares_code_projects/install/my_robot_description/share/my_robot_description/hook/cmake_prefix_path.ps1'
[0.538s] INFO:colcon.colcon_core.shell:Creating environment descriptor '/home/ares/ares_code_projects/install/my_robot_description/share/my_robot_description/hook/cmake_prefix_path.dsv'
[0.538s] INFO:colcon.colcon_core.shell:Creating environment hook '/home/ares/ares_code_projects/install/my_robot_description/share/my_robot_description/hook/cmake_prefix_path.sh'
[0.539s] Level 1:colcon.colcon_core.environment:checking '/home/ares/ares_code_projects/install/my_robot_description/bin'
[0.539s] Level 1:colcon.colcon_core.environment:checking '/home/ares/ares_code_projects/install/my_robot_description/lib/pkgconfig/my_robot_description.pc'
[0.539s] Level 1:colcon.colcon_core.environment:checking '/home/ares/ares_code_projects/install/my_robot_description/lib/python3.10/site-packages'
[0.539s] Level 1:colcon.colcon_core.environment:checking '/home/ares/ares_code_projects/install/my_robot_description/bin'
[0.540s] INFO:colcon.colcon_core.shell:Creating package script '/home/ares/ares_code_projects/install/my_robot_description/share/my_robot_description/package.ps1'
[0.540s] INFO:colcon.colcon_core.shell:Creating package descriptor '/home/ares/ares_code_projects/install/my_robot_description/share/my_robot_description/package.dsv'
[0.540s] INFO:colcon.colcon_core.shell:Creating package script '/home/ares/ares_code_projects/install/my_robot_description/share/my_robot_description/package.sh'
[0.541s] INFO:colcon.colcon_core.shell:Creating package script '/home/ares/ares_code_projects/install/my_robot_description/share/my_robot_description/package.bash'
[0.541s] INFO:colcon.colcon_core.shell:Creating package script '/home/ares/ares_code_projects/install/my_robot_description/share/my_robot_description/package.zsh'
[0.541s] Level 1:colcon.colcon_core.environment:create_file_with_runtime_dependencies(/home/ares/ares_code_projects/install/my_robot_description/share/colcon-core/packages/my_robot_description)
[0.541s] INFO:colcon.colcon_ros.task.ament_cmake.build:Building ROS package in '/home/ares/ares_code_projects/src/my_robot_bringup' with build type 'ament_cmake'
[0.541s] INFO:colcon.colcon_cmake.task.cmake.build:Building CMake package in '/home/ares/ares_code_projects/src/my_robot_bringup'
[0.542s] INFO:colcon.colcon_core.shell:Skip shell extension 'powershell' for command environment: Not usable outside of PowerShell
[0.542s] DEBUG:colcon.colcon_core.shell:Skip shell extension 'dsv' for command environment
[0.547s] DEBUG:colcon.colcon_core.event_handler.log_command:Invoked command in '/home/ares/ares_code_projects/build/remote_rc_node' returned '0': CMAKE_PREFIX_PATH=${CMAKE_PREFIX_PATH}:/home/ares/ares_code_projects/R1/install/omni_mpc_controller:/home/ares/ares_code_projects/R1/install/laser:/home/ares/Desktop/dog/install/omni_mpc_controller:/home/ares/Desktop/dog/install/laser:/opt/ros/humble CONDA_PROMPT_MODIFIER=(base) /usr/bin/cmake --build /home/ares/ares_code_projects/build/remote_rc_node -- -j16 -l16
[0.548s] DEBUG:colcon.colcon_core.event_handler.log_command:Invoking command in '/home/ares/ares_code_projects/build/remote_rc_node': CMAKE_PREFIX_PATH=${CMAKE_PREFIX_PATH}:/home/ares/ares_code_projects/R1/install/omni_mpc_controller:/home/ares/ares_code_projects/R1/install/laser:/home/ares/Desktop/dog/install/omni_mpc_controller:/home/ares/Desktop/dog/install/laser:/opt/ros/humble CONDA_PROMPT_MODIFIER=(base) /usr/bin/cmake --install /home/ares/ares_code_projects/build/remote_rc_node
[0.548s] DEBUG:colcon.colcon_core.event_handler.log_command:Invoked command in '/home/ares/ares_code_projects/build/usb_bulk_node' returned '0': CMAKE_PREFIX_PATH=${CMAKE_PREFIX_PATH}:/home/ares/ares_code_projects/R1/install/omni_mpc_controller:/home/ares/ares_code_projects/R1/install/laser:/home/ares/Desktop/dog/install/omni_mpc_controller:/home/ares/Desktop/dog/install/laser:/opt/ros/humble CONDA_PROMPT_MODIFIER=(base) /usr/bin/cmake --build /home/ares/ares_code_projects/build/usb_bulk_node -- -j16 -l16
[0.550s] DEBUG:colcon.colcon_core.event_handler.log_command:Invoking command in '/home/ares/ares_code_projects/build/usb_bulk_node': CMAKE_PREFIX_PATH=${CMAKE_PREFIX_PATH}:/home/ares/ares_code_projects/R1/install/omni_mpc_controller:/home/ares/ares_code_projects/R1/install/laser:/home/ares/Desktop/dog/install/omni_mpc_controller:/home/ares/Desktop/dog/install/laser:/opt/ros/humble CONDA_PROMPT_MODIFIER=(base) /usr/bin/cmake --install /home/ares/ares_code_projects/build/usb_bulk_node
[0.553s] DEBUG:colcon.colcon_core.event_handler.log_command:Invoking command in '/home/ares/ares_code_projects/build/my_robot_bringup': AMENT_PREFIX_PATH=/home/ares/ares_code_projects/install/my_robot_description:${AMENT_PREFIX_PATH} CMAKE_PREFIX_PATH=/home/ares/ares_code_projects/install/my_robot_description:/home/ares/ares_code_projects/R1/install/usb_bulk_node:/home/ares/ares_code_projects/R1/install/sllidar_ros2:/home/ares/ares_code_projects/R1/install/remote_rc_node:/home/ares/ares_code_projects/R1/install/myrobot_controller:/home/ares/ares_code_projects/R1/install/my_robot_bringup:/home/ares/ares_code_projects/R1/install/my_robot_description:/home/ares/Desktop/dog/install/usb_bulk_node:/home/ares/Desktop/dog/install/sllidar_ros2:/home/ares/Desktop/dog/install/myrobot_controller:/home/ares/Desktop/dog/install/my_robot_bringup:/home/ares/Desktop/dog/install/my_robot_description:/home/ares/Desktop/dog/install/laser_position:/home/ares/ros2_ws/install/zed_ros2:/home/ares/ros2_ws/install/zed_wrapper:/home/ares/ros2_ws/install/zed_components:/home/ares/ros2_ws/install/hoop_detector:/home/ares/ros2_ws/install/hik_camera:/home/ares/ares_code_projects/R1/install/omni_mpc_controller:/home/ares/ares_code_projects/R1/install/laser:/home/ares/Desktop/dog/install/omni_mpc_controller:/home/ares/Desktop/dog/install/laser:/opt/ros/humble CONDA_PROMPT_MODIFIER=(base) /usr/bin/cmake --build /home/ares/ares_code_projects/build/my_robot_bringup -- -j16 -l16
[0.553s] DEBUG:colcon.colcon_core.event_handler.log_command:Invoked command in '/home/ares/ares_code_projects/build/myrobot_controller' returned '0': CMAKE_PREFIX_PATH=${CMAKE_PREFIX_PATH}:/home/ares/ares_code_projects/R1/install/omni_mpc_controller:/home/ares/ares_code_projects/R1/install/laser:/home/ares/Desktop/dog/install/omni_mpc_controller:/home/ares/Desktop/dog/install/laser:/opt/ros/humble CONDA_PROMPT_MODIFIER=(base) /usr/bin/cmake --build /home/ares/ares_code_projects/build/myrobot_controller -- -j16 -l16
[0.556s] DEBUG:colcon.colcon_core.event_handler.log_command:Invoking command in '/home/ares/ares_code_projects/build/myrobot_controller': CMAKE_PREFIX_PATH=${CMAKE_PREFIX_PATH}:/home/ares/ares_code_projects/R1/install/omni_mpc_controller:/home/ares/ares_code_projects/R1/install/laser:/home/ares/Desktop/dog/install/omni_mpc_controller:/home/ares/Desktop/dog/install/laser:/opt/ros/humble CONDA_PROMPT_MODIFIER=(base) /usr/bin/cmake --install /home/ares/ares_code_projects/build/myrobot_controller
[0.559s] DEBUG:colcon.colcon_core.event_handler.log_command:Invoked command in '/home/ares/ares_code_projects/build/sllidar_ros2' returned '0': CMAKE_PREFIX_PATH=${CMAKE_PREFIX_PATH}:/home/ares/ares_code_projects/R1/install/omni_mpc_controller:/home/ares/ares_code_projects/R1/install/laser:/home/ares/Desktop/dog/install/omni_mpc_controller:/home/ares/Desktop/dog/install/laser:/opt/ros/humble CONDA_PROMPT_MODIFIER=(base) /usr/bin/cmake --build /home/ares/ares_code_projects/build/sllidar_ros2 -- -j16 -l16
[0.561s] DEBUG:colcon.colcon_core.event_handler.log_command:Invoking command in '/home/ares/ares_code_projects/build/sllidar_ros2': CMAKE_PREFIX_PATH=${CMAKE_PREFIX_PATH}:/home/ares/ares_code_projects/R1/install/omni_mpc_controller:/home/ares/ares_code_projects/R1/install/laser:/home/ares/Desktop/dog/install/omni_mpc_controller:/home/ares/Desktop/dog/install/laser:/opt/ros/humble CONDA_PROMPT_MODIFIER=(base) /usr/bin/cmake --install /home/ares/ares_code_projects/build/sllidar_ros2
[0.561s] Level 1:colcon.colcon_core.environment:create_environment_scripts_only(remote_rc_node)
[0.561s] Level 1:colcon.colcon_core.environment:checking '/home/ares/ares_code_projects/install/remote_rc_node' for CMake module files
[0.562s] Level 1:colcon.colcon_core.environment:checking '/home/ares/ares_code_projects/install/remote_rc_node' for CMake config files
[0.563s] Level 1:colcon.colcon_core.shell:create_environment_hook('remote_rc_node', 'cmake_prefix_path')
[0.563s] INFO:colcon.colcon_core.shell:Creating environment hook '/home/ares/ares_code_projects/install/remote_rc_node/share/remote_rc_node/hook/cmake_prefix_path.ps1'
[0.563s] INFO:colcon.colcon_core.shell:Creating environment descriptor '/home/ares/ares_code_projects/install/remote_rc_node/share/remote_rc_node/hook/cmake_prefix_path.dsv'
[0.564s] INFO:colcon.colcon_core.shell:Creating environment hook '/home/ares/ares_code_projects/install/remote_rc_node/share/remote_rc_node/hook/cmake_prefix_path.sh'
[0.564s] DEBUG:colcon.colcon_core.event_handler.log_command:Invoked command in '/home/ares/ares_code_projects/build/remote_rc_node' returned '0': CMAKE_PREFIX_PATH=${CMAKE_PREFIX_PATH}:/home/ares/ares_code_projects/R1/install/omni_mpc_controller:/home/ares/ares_code_projects/R1/install/laser:/home/ares/Desktop/dog/install/omni_mpc_controller:/home/ares/Desktop/dog/install/laser:/opt/ros/humble CONDA_PROMPT_MODIFIER=(base) /usr/bin/cmake --install /home/ares/ares_code_projects/build/remote_rc_node
[0.565s] Level 1:colcon.colcon_core.environment:checking '/home/ares/ares_code_projects/install/remote_rc_node/lib'
[0.565s] Level 1:colcon.colcon_core.environment:checking '/home/ares/ares_code_projects/install/remote_rc_node/bin'
[0.565s] Level 1:colcon.colcon_core.environment:checking '/home/ares/ares_code_projects/install/remote_rc_node/lib/pkgconfig/remote_rc_node.pc'
[0.565s] Level 1:colcon.colcon_core.environment:checking '/home/ares/ares_code_projects/install/remote_rc_node/lib/python3.10/site-packages'
[0.565s] Level 1:colcon.colcon_core.environment:checking '/home/ares/ares_code_projects/install/remote_rc_node/bin'
[0.565s] INFO:colcon.colcon_core.shell:Creating package script '/home/ares/ares_code_projects/install/remote_rc_node/share/remote_rc_node/package.ps1'
[0.566s] INFO:colcon.colcon_core.shell:Creating package descriptor '/home/ares/ares_code_projects/install/remote_rc_node/share/remote_rc_node/package.dsv'
[0.566s] INFO:colcon.colcon_core.shell:Creating package script '/home/ares/ares_code_projects/install/remote_rc_node/share/remote_rc_node/package.sh'
[0.567s] INFO:colcon.colcon_core.shell:Creating package script '/home/ares/ares_code_projects/install/remote_rc_node/share/remote_rc_node/package.bash'
[0.567s] INFO:colcon.colcon_core.shell:Creating package script '/home/ares/ares_code_projects/install/remote_rc_node/share/remote_rc_node/package.zsh'
[0.567s] Level 1:colcon.colcon_core.environment:create_file_with_runtime_dependencies(/home/ares/ares_code_projects/install/remote_rc_node/share/colcon-core/packages/remote_rc_node)
[0.568s] Level 1:colcon.colcon_core.environment:create_environment_scripts_only(remote_rc_node)
[0.568s] Level 1:colcon.colcon_core.environment:checking '/home/ares/ares_code_projects/install/remote_rc_node' for CMake module files
[0.569s] Level 1:colcon.colcon_core.environment:checking '/home/ares/ares_code_projects/install/remote_rc_node' for CMake config files
[0.569s] Level 1:colcon.colcon_core.shell:create_environment_hook('remote_rc_node', 'cmake_prefix_path')
[0.569s] INFO:colcon.colcon_core.shell:Creating environment hook '/home/ares/ares_code_projects/install/remote_rc_node/share/remote_rc_node/hook/cmake_prefix_path.ps1'
[0.570s] INFO:colcon.colcon_core.shell:Creating environment descriptor '/home/ares/ares_code_projects/install/remote_rc_node/share/remote_rc_node/hook/cmake_prefix_path.dsv'
[0.570s] INFO:colcon.colcon_core.shell:Creating environment hook '/home/ares/ares_code_projects/install/remote_rc_node/share/remote_rc_node/hook/cmake_prefix_path.sh'
[0.571s] Level 1:colcon.colcon_core.environment:checking '/home/ares/ares_code_projects/install/remote_rc_node/lib'
[0.571s] Level 1:colcon.colcon_core.environment:checking '/home/ares/ares_code_projects/install/remote_rc_node/bin'
[0.571s] Level 1:colcon.colcon_core.environment:checking '/home/ares/ares_code_projects/install/remote_rc_node/lib/pkgconfig/remote_rc_node.pc'
[0.571s] Level 1:colcon.colcon_core.environment:checking '/home/ares/ares_code_projects/install/remote_rc_node/lib/python3.10/site-packages'
[0.571s] Level 1:colcon.colcon_core.environment:checking '/home/ares/ares_code_projects/install/remote_rc_node/bin'
[0.572s] INFO:colcon.colcon_core.shell:Creating package script '/home/ares/ares_code_projects/install/remote_rc_node/share/remote_rc_node/package.ps1'
[0.573s] INFO:colcon.colcon_core.shell:Creating package descriptor '/home/ares/ares_code_projects/install/remote_rc_node/share/remote_rc_node/package.dsv'
[0.573s] INFO:colcon.colcon_core.shell:Creating package script '/home/ares/ares_code_projects/install/remote_rc_node/share/remote_rc_node/package.sh'
[0.573s] INFO:colcon.colcon_core.shell:Creating package script '/home/ares/ares_code_projects/install/remote_rc_node/share/remote_rc_node/package.bash'
[0.574s] INFO:colcon.colcon_core.shell:Creating package script '/home/ares/ares_code_projects/install/remote_rc_node/share/remote_rc_node/package.zsh'
[0.574s] Level 1:colcon.colcon_core.environment:create_file_with_runtime_dependencies(/home/ares/ares_code_projects/install/remote_rc_node/share/colcon-core/packages/remote_rc_node)
[0.575s] Level 1:colcon.colcon_core.environment:create_environment_scripts_only(usb_bulk_node)
[0.576s] Level 1:colcon.colcon_core.environment:checking '/home/ares/ares_code_projects/install/usb_bulk_node' for CMake module files
[0.576s] DEBUG:colcon.colcon_core.event_handler.log_command:Invoked command in '/home/ares/ares_code_projects/build/usb_bulk_node' returned '0': CMAKE_PREFIX_PATH=${CMAKE_PREFIX_PATH}:/home/ares/ares_code_projects/R1/install/omni_mpc_controller:/home/ares/ares_code_projects/R1/install/laser:/home/ares/Desktop/dog/install/omni_mpc_controller:/home/ares/Desktop/dog/install/laser:/opt/ros/humble CONDA_PROMPT_MODIFIER=(base) /usr/bin/cmake --install /home/ares/ares_code_projects/build/usb_bulk_node
[0.576s] Level 1:colcon.colcon_core.environment:checking '/home/ares/ares_code_projects/install/usb_bulk_node' for CMake config files
[0.577s] Level 1:colcon.colcon_core.shell:create_environment_hook('usb_bulk_node', 'cmake_prefix_path')
[0.577s] INFO:colcon.colcon_core.shell:Creating environment hook '/home/ares/ares_code_projects/install/usb_bulk_node/share/usb_bulk_node/hook/cmake_prefix_path.ps1'
[0.577s] INFO:colcon.colcon_core.shell:Creating environment descriptor '/home/ares/ares_code_projects/install/usb_bulk_node/share/usb_bulk_node/hook/cmake_prefix_path.dsv'
[0.577s] INFO:colcon.colcon_core.shell:Creating environment hook '/home/ares/ares_code_projects/install/usb_bulk_node/share/usb_bulk_node/hook/cmake_prefix_path.sh'
[0.578s] Level 1:colcon.colcon_core.environment:checking '/home/ares/ares_code_projects/install/usb_bulk_node/lib'
[0.578s] Level 1:colcon.colcon_core.environment:checking '/home/ares/ares_code_projects/install/usb_bulk_node/bin'
[0.578s] Level 1:colcon.colcon_core.environment:checking '/home/ares/ares_code_projects/install/usb_bulk_node/lib/pkgconfig/usb_bulk_node.pc'
[0.578s] Level 1:colcon.colcon_core.environment:checking '/home/ares/ares_code_projects/install/usb_bulk_node/lib/python3.10/site-packages'
[0.578s] Level 1:colcon.colcon_core.environment:checking '/home/ares/ares_code_projects/install/usb_bulk_node/bin'
[0.578s] INFO:colcon.colcon_core.shell:Creating package script '/home/ares/ares_code_projects/install/usb_bulk_node/share/usb_bulk_node/package.ps1'
[0.578s] INFO:colcon.colcon_core.shell:Creating package descriptor '/home/ares/ares_code_projects/install/usb_bulk_node/share/usb_bulk_node/package.dsv'
[0.579s] INFO:colcon.colcon_core.shell:Creating package script '/home/ares/ares_code_projects/install/usb_bulk_node/share/usb_bulk_node/package.sh'
[0.579s] INFO:colcon.colcon_core.shell:Creating package script '/home/ares/ares_code_projects/install/usb_bulk_node/share/usb_bulk_node/package.bash'
[0.579s] INFO:colcon.colcon_core.shell:Creating package script '/home/ares/ares_code_projects/install/usb_bulk_node/share/usb_bulk_node/package.zsh'
[0.579s] Level 1:colcon.colcon_core.environment:create_file_with_runtime_dependencies(/home/ares/ares_code_projects/install/usb_bulk_node/share/colcon-core/packages/usb_bulk_node)
[0.579s] Level 1:colcon.colcon_core.environment:create_environment_scripts_only(usb_bulk_node)
[0.579s] Level 1:colcon.colcon_core.environment:checking '/home/ares/ares_code_projects/install/usb_bulk_node' for CMake module files
[0.580s] Level 1:colcon.colcon_core.environment:checking '/home/ares/ares_code_projects/install/usb_bulk_node' for CMake config files
[0.580s] Level 1:colcon.colcon_core.shell:create_environment_hook('usb_bulk_node', 'cmake_prefix_path')
[0.580s] INFO:colcon.colcon_core.shell:Creating environment hook '/home/ares/ares_code_projects/install/usb_bulk_node/share/usb_bulk_node/hook/cmake_prefix_path.ps1'
[0.580s] INFO:colcon.colcon_core.shell:Creating environment descriptor '/home/ares/ares_code_projects/install/usb_bulk_node/share/usb_bulk_node/hook/cmake_prefix_path.dsv'
[0.580s] INFO:colcon.colcon_core.shell:Creating environment hook '/home/ares/ares_code_projects/install/usb_bulk_node/share/usb_bulk_node/hook/cmake_prefix_path.sh'
[0.581s] Level 1:colcon.colcon_core.environment:checking '/home/ares/ares_code_projects/install/usb_bulk_node/lib'
[0.581s] Level 1:colcon.colcon_core.environment:checking '/home/ares/ares_code_projects/install/usb_bulk_node/bin'
[0.581s] Level 1:colcon.colcon_core.environment:checking '/home/ares/ares_code_projects/install/usb_bulk_node/lib/pkgconfig/usb_bulk_node.pc'
[0.581s] Level 1:colcon.colcon_core.environment:checking '/home/ares/ares_code_projects/install/usb_bulk_node/lib/python3.10/site-packages'
[0.581s] Level 1:colcon.colcon_core.environment:checking '/home/ares/ares_code_projects/install/usb_bulk_node/bin'
[0.581s] INFO:colcon.colcon_core.shell:Creating package script '/home/ares/ares_code_projects/install/usb_bulk_node/share/usb_bulk_node/package.ps1'
[0.581s] INFO:colcon.colcon_core.shell:Creating package descriptor '/home/ares/ares_code_projects/install/usb_bulk_node/share/usb_bulk_node/package.dsv'
[0.582s] INFO:colcon.colcon_core.shell:Creating package script '/home/ares/ares_code_projects/install/usb_bulk_node/share/usb_bulk_node/package.sh'
[0.582s] INFO:colcon.colcon_core.shell:Creating package script '/home/ares/ares_code_projects/install/usb_bulk_node/share/usb_bulk_node/package.bash'
[0.582s] INFO:colcon.colcon_core.shell:Creating package script '/home/ares/ares_code_projects/install/usb_bulk_node/share/usb_bulk_node/package.zsh'
[0.582s] Level 1:colcon.colcon_core.environment:create_file_with_runtime_dependencies(/home/ares/ares_code_projects/install/usb_bulk_node/share/colcon-core/packages/usb_bulk_node)
[0.583s] Level 1:colcon.colcon_core.environment:create_environment_scripts_only(sllidar_ros2)
[0.583s] Level 1:colcon.colcon_core.environment:checking '/home/ares/ares_code_projects/install/sllidar_ros2' for CMake module files
[0.583s] DEBUG:colcon.colcon_core.event_handler.log_command:Invoked command in '/home/ares/ares_code_projects/build/sllidar_ros2' returned '0': CMAKE_PREFIX_PATH=${CMAKE_PREFIX_PATH}:/home/ares/ares_code_projects/R1/install/omni_mpc_controller:/home/ares/ares_code_projects/R1/install/laser:/home/ares/Desktop/dog/install/omni_mpc_controller:/home/ares/Desktop/dog/install/laser:/opt/ros/humble CONDA_PROMPT_MODIFIER=(base) /usr/bin/cmake --install /home/ares/ares_code_projects/build/sllidar_ros2
[0.584s] Level 1:colcon.colcon_core.environment:checking '/home/ares/ares_code_projects/install/sllidar_ros2' for CMake config files
[0.584s] Level 1:colcon.colcon_core.shell:create_environment_hook('sllidar_ros2', 'cmake_prefix_path')
[0.584s] INFO:colcon.colcon_core.shell:Creating environment hook '/home/ares/ares_code_projects/install/sllidar_ros2/share/sllidar_ros2/hook/cmake_prefix_path.ps1'
[0.585s] INFO:colcon.colcon_core.shell:Creating environment descriptor '/home/ares/ares_code_projects/install/sllidar_ros2/share/sllidar_ros2/hook/cmake_prefix_path.dsv'
[0.585s] INFO:colcon.colcon_core.shell:Creating environment hook '/home/ares/ares_code_projects/install/sllidar_ros2/share/sllidar_ros2/hook/cmake_prefix_path.sh'
[0.585s] Level 1:colcon.colcon_core.environment:checking '/home/ares/ares_code_projects/install/sllidar_ros2/lib'
[0.585s] Level 1:colcon.colcon_core.environment:checking '/home/ares/ares_code_projects/install/sllidar_ros2/bin'
[0.585s] Level 1:colcon.colcon_core.environment:checking '/home/ares/ares_code_projects/install/sllidar_ros2/lib/pkgconfig/sllidar_ros2.pc'
[0.586s] Level 1:colcon.colcon_core.environment:checking '/home/ares/ares_code_projects/install/sllidar_ros2/lib/python3.10/site-packages'
[0.586s] Level 1:colcon.colcon_core.environment:checking '/home/ares/ares_code_projects/install/sllidar_ros2/bin'
[0.586s] INFO:colcon.colcon_core.shell:Creating package script '/home/ares/ares_code_projects/install/sllidar_ros2/share/sllidar_ros2/package.ps1'
[0.586s] INFO:colcon.colcon_core.shell:Creating package descriptor '/home/ares/ares_code_projects/install/sllidar_ros2/share/sllidar_ros2/package.dsv'
[0.587s] INFO:colcon.colcon_core.shell:Creating package script '/home/ares/ares_code_projects/install/sllidar_ros2/share/sllidar_ros2/package.sh'
[0.587s] INFO:colcon.colcon_core.shell:Creating package script '/home/ares/ares_code_projects/install/sllidar_ros2/share/sllidar_ros2/package.bash'
[0.588s] INFO:colcon.colcon_core.shell:Creating package script '/home/ares/ares_code_projects/install/sllidar_ros2/share/sllidar_ros2/package.zsh'
[0.588s] Level 1:colcon.colcon_core.environment:create_file_with_runtime_dependencies(/home/ares/ares_code_projects/install/sllidar_ros2/share/colcon-core/packages/sllidar_ros2)
[0.588s] Level 1:colcon.colcon_core.environment:create_environment_scripts_only(sllidar_ros2)
[0.588s] Level 1:colcon.colcon_core.environment:checking '/home/ares/ares_code_projects/install/sllidar_ros2' for CMake module files
[0.589s] Level 1:colcon.colcon_core.environment:checking '/home/ares/ares_code_projects/install/sllidar_ros2' for CMake config files
[0.589s] Level 1:colcon.colcon_core.shell:create_environment_hook('sllidar_ros2', 'cmake_prefix_path')
[0.590s] INFO:colcon.colcon_core.shell:Creating environment hook '/home/ares/ares_code_projects/install/sllidar_ros2/share/sllidar_ros2/hook/cmake_prefix_path.ps1'
[0.590s] INFO:colcon.colcon_core.shell:Creating environment descriptor '/home/ares/ares_code_projects/install/sllidar_ros2/share/sllidar_ros2/hook/cmake_prefix_path.dsv'
[0.590s] INFO:colcon.colcon_core.shell:Creating environment hook '/home/ares/ares_code_projects/install/sllidar_ros2/share/sllidar_ros2/hook/cmake_prefix_path.sh'
[0.590s] Level 1:colcon.colcon_core.environment:checking '/home/ares/ares_code_projects/install/sllidar_ros2/lib'
[0.590s] Level 1:colcon.colcon_core.environment:checking '/home/ares/ares_code_projects/install/sllidar_ros2/bin'
[0.590s] Level 1:colcon.colcon_core.environment:checking '/home/ares/ares_code_projects/install/sllidar_ros2/lib/pkgconfig/sllidar_ros2.pc'
[0.591s] Level 1:colcon.colcon_core.environment:checking '/home/ares/ares_code_projects/install/sllidar_ros2/lib/python3.10/site-packages'
[0.591s] Level 1:colcon.colcon_core.environment:checking '/home/ares/ares_code_projects/install/sllidar_ros2/bin'
[0.591s] INFO:colcon.colcon_core.shell:Creating package script '/home/ares/ares_code_projects/install/sllidar_ros2/share/sllidar_ros2/package.ps1'
[0.591s] INFO:colcon.colcon_core.shell:Creating package descriptor '/home/ares/ares_code_projects/install/sllidar_ros2/share/sllidar_ros2/package.dsv'
[0.591s] INFO:colcon.colcon_core.shell:Creating package script '/home/ares/ares_code_projects/install/sllidar_ros2/share/sllidar_ros2/package.sh'
[0.592s] INFO:colcon.colcon_core.shell:Creating package script '/home/ares/ares_code_projects/install/sllidar_ros2/share/sllidar_ros2/package.bash'
[0.592s] INFO:colcon.colcon_core.shell:Creating package script '/home/ares/ares_code_projects/install/sllidar_ros2/share/sllidar_ros2/package.zsh'
[0.592s] Level 1:colcon.colcon_core.environment:create_file_with_runtime_dependencies(/home/ares/ares_code_projects/install/sllidar_ros2/share/colcon-core/packages/sllidar_ros2)
[0.594s] DEBUG:colcon.colcon_core.event_handler.log_command:Invoked command in '/home/ares/ares_code_projects/build/my_robot_bringup' returned '0': AMENT_PREFIX_PATH=/home/ares/ares_code_projects/install/my_robot_description:${AMENT_PREFIX_PATH} CMAKE_PREFIX_PATH=/home/ares/ares_code_projects/install/my_robot_description:/home/ares/ares_code_projects/R1/install/usb_bulk_node:/home/ares/ares_code_projects/R1/install/sllidar_ros2:/home/ares/ares_code_projects/R1/install/remote_rc_node:/home/ares/ares_code_projects/R1/install/myrobot_controller:/home/ares/ares_code_projects/R1/install/my_robot_bringup:/home/ares/ares_code_projects/R1/install/my_robot_description:/home/ares/Desktop/dog/install/usb_bulk_node:/home/ares/Desktop/dog/install/sllidar_ros2:/home/ares/Desktop/dog/install/myrobot_controller:/home/ares/Desktop/dog/install/my_robot_bringup:/home/ares/Desktop/dog/install/my_robot_description:/home/ares/Desktop/dog/install/laser_position:/home/ares/ros2_ws/install/zed_ros2:/home/ares/ros2_ws/install/zed_wrapper:/home/ares/ros2_ws/install/zed_components:/home/ares/ros2_ws/install/hoop_detector:/home/ares/ros2_ws/install/hik_camera:/home/ares/ares_code_projects/R1/install/omni_mpc_controller:/home/ares/ares_code_projects/R1/install/laser:/home/ares/Desktop/dog/install/omni_mpc_controller:/home/ares/Desktop/dog/install/laser:/opt/ros/humble CONDA_PROMPT_MODIFIER=(base) /usr/bin/cmake --build /home/ares/ares_code_projects/build/my_robot_bringup -- -j16 -l16
[0.594s] Level 1:colcon.colcon_core.environment:create_environment_scripts_only(myrobot_controller)
[0.595s] DEBUG:colcon.colcon_core.event_handler.log_command:Invoking command in '/home/ares/ares_code_projects/build/my_robot_bringup': AMENT_PREFIX_PATH=/home/ares/ares_code_projects/install/my_robot_description:${AMENT_PREFIX_PATH} CMAKE_PREFIX_PATH=/home/ares/ares_code_projects/install/my_robot_description:/home/ares/ares_code_projects/R1/install/usb_bulk_node:/home/ares/ares_code_projects/R1/install/sllidar_ros2:/home/ares/ares_code_projects/R1/install/remote_rc_node:/home/ares/ares_code_projects/R1/install/myrobot_controller:/home/ares/ares_code_projects/R1/install/my_robot_bringup:/home/ares/ares_code_projects/R1/install/my_robot_description:/home/ares/Desktop/dog/install/usb_bulk_node:/home/ares/Desktop/dog/install/sllidar_ros2:/home/ares/Desktop/dog/install/myrobot_controller:/home/ares/Desktop/dog/install/my_robot_bringup:/home/ares/Desktop/dog/install/my_robot_description:/home/ares/Desktop/dog/install/laser_position:/home/ares/ros2_ws/install/zed_ros2:/home/ares/ros2_ws/install/zed_wrapper:/home/ares/ros2_ws/install/zed_components:/home/ares/ros2_ws/install/hoop_detector:/home/ares/ros2_ws/install/hik_camera:/home/ares/ares_code_projects/R1/install/omni_mpc_controller:/home/ares/ares_code_projects/R1/install/laser:/home/ares/Desktop/dog/install/omni_mpc_controller:/home/ares/Desktop/dog/install/laser:/opt/ros/humble CONDA_PROMPT_MODIFIER=(base) /usr/bin/cmake --install /home/ares/ares_code_projects/build/my_robot_bringup
[0.595s] Level 1:colcon.colcon_core.environment:checking '/home/ares/ares_code_projects/install/myrobot_controller' for CMake module files
[0.595s] DEBUG:colcon.colcon_core.event_handler.log_command:Invoked command in '/home/ares/ares_code_projects/build/myrobot_controller' returned '0': CMAKE_PREFIX_PATH=${CMAKE_PREFIX_PATH}:/home/ares/ares_code_projects/R1/install/omni_mpc_controller:/home/ares/ares_code_projects/R1/install/laser:/home/ares/Desktop/dog/install/omni_mpc_controller:/home/ares/Desktop/dog/install/laser:/opt/ros/humble CONDA_PROMPT_MODIFIER=(base) /usr/bin/cmake --install /home/ares/ares_code_projects/build/myrobot_controller
[0.596s] Level 1:colcon.colcon_core.environment:checking '/home/ares/ares_code_projects/install/myrobot_controller' for CMake config files
[0.596s] Level 1:colcon.colcon_core.shell:create_environment_hook('myrobot_controller', 'cmake_prefix_path')
[0.596s] INFO:colcon.colcon_core.shell:Creating environment hook '/home/ares/ares_code_projects/install/myrobot_controller/share/myrobot_controller/hook/cmake_prefix_path.ps1'
[0.597s] INFO:colcon.colcon_core.shell:Creating environment descriptor '/home/ares/ares_code_projects/install/myrobot_controller/share/myrobot_controller/hook/cmake_prefix_path.dsv'
[0.597s] INFO:colcon.colcon_core.shell:Creating environment hook '/home/ares/ares_code_projects/install/myrobot_controller/share/myrobot_controller/hook/cmake_prefix_path.sh'
[0.598s] Level 1:colcon.colcon_core.environment:checking '/home/ares/ares_code_projects/install/myrobot_controller/lib'
[0.598s] Level 1:colcon.colcon_core.environment:checking '/home/ares/ares_code_projects/install/myrobot_controller/bin'
[0.598s] Level 1:colcon.colcon_core.environment:checking '/home/ares/ares_code_projects/install/myrobot_controller/lib/pkgconfig/myrobot_controller.pc'
[0.598s] Level 1:colcon.colcon_core.environment:checking '/home/ares/ares_code_projects/install/myrobot_controller/lib/python3.10/site-packages'
[0.598s] Level 1:colcon.colcon_core.environment:checking '/home/ares/ares_code_projects/install/myrobot_controller/bin'
[0.599s] INFO:colcon.colcon_core.shell:Creating package script '/home/ares/ares_code_projects/install/myrobot_controller/share/myrobot_controller/package.ps1'
[0.599s] INFO:colcon.colcon_core.shell:Creating package descriptor '/home/ares/ares_code_projects/install/myrobot_controller/share/myrobot_controller/package.dsv'
[0.599s] INFO:colcon.colcon_core.shell:Creating package script '/home/ares/ares_code_projects/install/myrobot_controller/share/myrobot_controller/package.sh'
[0.600s] INFO:colcon.colcon_core.shell:Creating package script '/home/ares/ares_code_projects/install/myrobot_controller/share/myrobot_controller/package.bash'
[0.600s] INFO:colcon.colcon_core.shell:Creating package script '/home/ares/ares_code_projects/install/myrobot_controller/share/myrobot_controller/package.zsh'
[0.601s] Level 1:colcon.colcon_core.environment:create_file_with_runtime_dependencies(/home/ares/ares_code_projects/install/myrobot_controller/share/colcon-core/packages/myrobot_controller)
[0.601s] Level 1:colcon.colcon_core.environment:create_environment_scripts_only(myrobot_controller)
[0.601s] Level 1:colcon.colcon_core.environment:checking '/home/ares/ares_code_projects/install/myrobot_controller' for CMake module files
[0.602s] Level 1:colcon.colcon_core.environment:checking '/home/ares/ares_code_projects/install/myrobot_controller' for CMake config files
[0.603s] Level 1:colcon.colcon_core.shell:create_environment_hook('myrobot_controller', 'cmake_prefix_path')
[0.603s] INFO:colcon.colcon_core.shell:Creating environment hook '/home/ares/ares_code_projects/install/myrobot_controller/share/myrobot_controller/hook/cmake_prefix_path.ps1'
[0.604s] INFO:colcon.colcon_core.shell:Creating environment descriptor '/home/ares/ares_code_projects/install/myrobot_controller/share/myrobot_controller/hook/cmake_prefix_path.dsv'
[0.604s] INFO:colcon.colcon_core.shell:Creating environment hook '/home/ares/ares_code_projects/install/myrobot_controller/share/myrobot_controller/hook/cmake_prefix_path.sh'
[0.604s] Level 1:colcon.colcon_core.environment:checking '/home/ares/ares_code_projects/install/myrobot_controller/lib'
[0.604s] Level 1:colcon.colcon_core.environment:checking '/home/ares/ares_code_projects/install/myrobot_controller/bin'
[0.604s] Level 1:colcon.colcon_core.environment:checking '/home/ares/ares_code_projects/install/myrobot_controller/lib/pkgconfig/myrobot_controller.pc'
[0.605s] Level 1:colcon.colcon_core.environment:checking '/home/ares/ares_code_projects/install/myrobot_controller/lib/python3.10/site-packages'
[0.605s] Level 1:colcon.colcon_core.environment:checking '/home/ares/ares_code_projects/install/myrobot_controller/bin'
[0.605s] INFO:colcon.colcon_core.shell:Creating package script '/home/ares/ares_code_projects/install/myrobot_controller/share/myrobot_controller/package.ps1'
[0.605s] INFO:colcon.colcon_core.shell:Creating package descriptor '/home/ares/ares_code_projects/install/myrobot_controller/share/myrobot_controller/package.dsv'
[0.605s] INFO:colcon.colcon_core.shell:Creating package script '/home/ares/ares_code_projects/install/myrobot_controller/share/myrobot_controller/package.sh'
[0.605s] INFO:colcon.colcon_core.shell:Creating package script '/home/ares/ares_code_projects/install/myrobot_controller/share/myrobot_controller/package.bash'
[0.606s] INFO:colcon.colcon_core.shell:Creating package script '/home/ares/ares_code_projects/install/myrobot_controller/share/myrobot_controller/package.zsh'
[0.606s] Level 1:colcon.colcon_core.environment:create_file_with_runtime_dependencies(/home/ares/ares_code_projects/install/myrobot_controller/share/colcon-core/packages/myrobot_controller)
[0.608s] Level 1:colcon.colcon_core.environment:create_environment_scripts_only(my_robot_bringup)
[0.608s] Level 1:colcon.colcon_core.environment:checking '/home/ares/ares_code_projects/install/my_robot_bringup' for CMake module files
[0.609s] DEBUG:colcon.colcon_core.event_handler.log_command:Invoked command in '/home/ares/ares_code_projects/build/my_robot_bringup' returned '0': AMENT_PREFIX_PATH=/home/ares/ares_code_projects/install/my_robot_description:${AMENT_PREFIX_PATH} CMAKE_PREFIX_PATH=/home/ares/ares_code_projects/install/my_robot_description:/home/ares/ares_code_projects/R1/install/usb_bulk_node:/home/ares/ares_code_projects/R1/install/sllidar_ros2:/home/ares/ares_code_projects/R1/install/remote_rc_node:/home/ares/ares_code_projects/R1/install/myrobot_controller:/home/ares/ares_code_projects/R1/install/my_robot_bringup:/home/ares/ares_code_projects/R1/install/my_robot_description:/home/ares/Desktop/dog/install/usb_bulk_node:/home/ares/Desktop/dog/install/sllidar_ros2:/home/ares/Desktop/dog/install/myrobot_controller:/home/ares/Desktop/dog/install/my_robot_bringup:/home/ares/Desktop/dog/install/my_robot_description:/home/ares/Desktop/dog/install/laser_position:/home/ares/ros2_ws/install/zed_ros2:/home/ares/ros2_ws/install/zed_wrapper:/home/ares/ros2_ws/install/zed_components:/home/ares/ros2_ws/install/hoop_detector:/home/ares/ros2_ws/install/hik_camera:/home/ares/ares_code_projects/R1/install/omni_mpc_controller:/home/ares/ares_code_projects/R1/install/laser:/home/ares/Desktop/dog/install/omni_mpc_controller:/home/ares/Desktop/dog/install/laser:/opt/ros/humble CONDA_PROMPT_MODIFIER=(base) /usr/bin/cmake --install /home/ares/ares_code_projects/build/my_robot_bringup
[0.609s] Level 1:colcon.colcon_core.environment:checking '/home/ares/ares_code_projects/install/my_robot_bringup' for CMake config files
[0.609s] Level 1:colcon.colcon_core.shell:create_environment_hook('my_robot_bringup', 'cmake_prefix_path')
[0.609s] INFO:colcon.colcon_core.shell:Creating environment hook '/home/ares/ares_code_projects/install/my_robot_bringup/share/my_robot_bringup/hook/cmake_prefix_path.ps1'
[0.610s] INFO:colcon.colcon_core.shell:Creating environment descriptor '/home/ares/ares_code_projects/install/my_robot_bringup/share/my_robot_bringup/hook/cmake_prefix_path.dsv'
[0.610s] INFO:colcon.colcon_core.shell:Creating environment hook '/home/ares/ares_code_projects/install/my_robot_bringup/share/my_robot_bringup/hook/cmake_prefix_path.sh'
[0.610s] Level 1:colcon.colcon_core.environment:checking '/home/ares/ares_code_projects/install/my_robot_bringup/bin'
[0.610s] Level 1:colcon.colcon_core.environment:checking '/home/ares/ares_code_projects/install/my_robot_bringup/lib/pkgconfig/my_robot_bringup.pc'
[0.610s] Level 1:colcon.colcon_core.environment:checking '/home/ares/ares_code_projects/install/my_robot_bringup/lib/python3.10/site-packages'
[0.611s] Level 1:colcon.colcon_core.environment:checking '/home/ares/ares_code_projects/install/my_robot_bringup/bin'
[0.611s] INFO:colcon.colcon_core.shell:Creating package script '/home/ares/ares_code_projects/install/my_robot_bringup/share/my_robot_bringup/package.ps1'
[0.611s] INFO:colcon.colcon_core.shell:Creating package descriptor '/home/ares/ares_code_projects/install/my_robot_bringup/share/my_robot_bringup/package.dsv'
[0.611s] INFO:colcon.colcon_core.shell:Creating package script '/home/ares/ares_code_projects/install/my_robot_bringup/share/my_robot_bringup/package.sh'
[0.612s] INFO:colcon.colcon_core.shell:Creating package script '/home/ares/ares_code_projects/install/my_robot_bringup/share/my_robot_bringup/package.bash'
[0.612s] INFO:colcon.colcon_core.shell:Creating package script '/home/ares/ares_code_projects/install/my_robot_bringup/share/my_robot_bringup/package.zsh'
[0.612s] Level 1:colcon.colcon_core.environment:create_file_with_runtime_dependencies(/home/ares/ares_code_projects/install/my_robot_bringup/share/colcon-core/packages/my_robot_bringup)
[0.612s] Level 1:colcon.colcon_core.environment:create_environment_scripts_only(my_robot_bringup)
[0.613s] Level 1:colcon.colcon_core.environment:checking '/home/ares/ares_code_projects/install/my_robot_bringup' for CMake module files
[0.613s] Level 1:colcon.colcon_core.environment:checking '/home/ares/ares_code_projects/install/my_robot_bringup' for CMake config files
[0.613s] Level 1:colcon.colcon_core.shell:create_environment_hook('my_robot_bringup', 'cmake_prefix_path')
[0.613s] INFO:colcon.colcon_core.shell:Creating environment hook '/home/ares/ares_code_projects/install/my_robot_bringup/share/my_robot_bringup/hook/cmake_prefix_path.ps1'
[0.613s] INFO:colcon.colcon_core.shell:Creating environment descriptor '/home/ares/ares_code_projects/install/my_robot_bringup/share/my_robot_bringup/hook/cmake_prefix_path.dsv'
[0.614s] INFO:colcon.colcon_core.shell:Creating environment hook '/home/ares/ares_code_projects/install/my_robot_bringup/share/my_robot_bringup/hook/cmake_prefix_path.sh'
[0.614s] Level 1:colcon.colcon_core.environment:checking '/home/ares/ares_code_projects/install/my_robot_bringup/bin'
[0.614s] Level 1:colcon.colcon_core.environment:checking '/home/ares/ares_code_projects/install/my_robot_bringup/lib/pkgconfig/my_robot_bringup.pc'
[0.614s] Level 1:colcon.colcon_core.environment:checking '/home/ares/ares_code_projects/install/my_robot_bringup/lib/python3.10/site-packages'
[0.614s] Level 1:colcon.colcon_core.environment:checking '/home/ares/ares_code_projects/install/my_robot_bringup/bin'
[0.615s] INFO:colcon.colcon_core.shell:Creating package script '/home/ares/ares_code_projects/install/my_robot_bringup/share/my_robot_bringup/package.ps1'
[0.615s] INFO:colcon.colcon_core.shell:Creating package descriptor '/home/ares/ares_code_projects/install/my_robot_bringup/share/my_robot_bringup/package.dsv'
[0.615s] INFO:colcon.colcon_core.shell:Creating package script '/home/ares/ares_code_projects/install/my_robot_bringup/share/my_robot_bringup/package.sh'
[0.615s] INFO:colcon.colcon_core.shell:Creating package script '/home/ares/ares_code_projects/install/my_robot_bringup/share/my_robot_bringup/package.bash'
[0.616s] INFO:colcon.colcon_core.shell:Creating package script '/home/ares/ares_code_projects/install/my_robot_bringup/share/my_robot_bringup/package.zsh'
[0.616s] Level 1:colcon.colcon_core.environment:create_file_with_runtime_dependencies(/home/ares/ares_code_projects/install/my_robot_bringup/share/colcon-core/packages/my_robot_bringup)
[0.735s] DEBUG:colcon.colcon_core.event_handler.log_command:Invoking command in '/home/ares/ares_code_projects/build/laser': CONDA_PROMPT_MODIFIER=(base) PYTHONPATH=/home/ares/ares_code_projects/build/laser/prefix_override:/usr/lib/python3/dist-packages/colcon_core/task/python/colcon_distutils_commands:/home/ares/ares_code_projects/install/laser/lib/python3.10/site-packages:${PYTHONPATH} /usr/bin/python3 -W ignore:setup.py install is deprecated -W ignore:easy_install command is deprecated setup.py develop --editable --build-directory /home/ares/ares_code_projects/build/laser/build --no-deps symlink_data
[0.757s] DEBUG:colcon.colcon_core.event_handler.log_command:Invoking command in '/home/ares/ares_code_projects/build/omni_mpc_controller': CONDA_PROMPT_MODIFIER=(base) PYTHONPATH=/home/ares/ares_code_projects/build/omni_mpc_controller/prefix_override:/usr/lib/python3/dist-packages/colcon_core/task/python/colcon_distutils_commands:/home/ares/ares_code_projects/install/omni_mpc_controller/lib/python3.10/site-packages:${PYTHONPATH} /usr/bin/python3 -W ignore:setup.py install is deprecated -W ignore:easy_install command is deprecated setup.py develop --editable --build-directory /home/ares/ares_code_projects/build/omni_mpc_controller/build --no-deps symlink_data
[1.007s] Level 1:colcon.colcon_core.shell:create_environment_hook('laser', 'pythonpath_develop')
[1.007s] INFO:colcon.colcon_core.shell:Creating environment hook '/home/ares/ares_code_projects/build/laser/share/laser/hook/pythonpath_develop.ps1'
[1.007s] DEBUG:colcon.colcon_core.event_handler.log_command:Invoked command in '/home/ares/ares_code_projects/build/laser' returned '0': CONDA_PROMPT_MODIFIER=(base) PYTHONPATH=/home/ares/ares_code_projects/build/laser/prefix_override:/usr/lib/python3/dist-packages/colcon_core/task/python/colcon_distutils_commands:/home/ares/ares_code_projects/install/laser/lib/python3.10/site-packages:${PYTHONPATH} /usr/bin/python3 -W ignore:setup.py install is deprecated -W ignore:easy_install command is deprecated setup.py develop --editable --build-directory /home/ares/ares_code_projects/build/laser/build --no-deps symlink_data
[1.008s] INFO:colcon.colcon_core.shell:Creating environment descriptor '/home/ares/ares_code_projects/build/laser/share/laser/hook/pythonpath_develop.dsv'
[1.008s] INFO:colcon.colcon_core.shell:Creating environment hook '/home/ares/ares_code_projects/build/laser/share/laser/hook/pythonpath_develop.sh'
[1.008s] Level 1:colcon.colcon_core.environment:checking '/home/ares/ares_code_projects/install/laser' for CMake module files
[1.008s] Level 1:colcon.colcon_core.environment:checking '/home/ares/ares_code_projects/install/laser' for CMake config files
[1.009s] Level 1:colcon.colcon_core.environment:checking '/home/ares/ares_code_projects/install/laser/lib'
[1.009s] Level 1:colcon.colcon_core.environment:checking '/home/ares/ares_code_projects/install/laser/bin'
[1.009s] Level 1:colcon.colcon_core.environment:checking '/home/ares/ares_code_projects/install/laser/lib/pkgconfig/laser.pc'
[1.009s] Level 1:colcon.colcon_core.environment:checking '/home/ares/ares_code_projects/install/laser/lib/python3.10/site-packages'
[1.009s] Level 1:colcon.colcon_core.shell:create_environment_hook('laser', 'pythonpath')
[1.009s] INFO:colcon.colcon_core.shell:Creating environment hook '/home/ares/ares_code_projects/install/laser/share/laser/hook/pythonpath.ps1'
[1.010s] INFO:colcon.colcon_core.shell:Creating environment descriptor '/home/ares/ares_code_projects/install/laser/share/laser/hook/pythonpath.dsv'
[1.010s] INFO:colcon.colcon_core.shell:Creating environment hook '/home/ares/ares_code_projects/install/laser/share/laser/hook/pythonpath.sh'
[1.011s] Level 1:colcon.colcon_core.environment:checking '/home/ares/ares_code_projects/install/laser/bin'
[1.011s] Level 1:colcon.colcon_core.environment:create_environment_scripts_only(laser)
[1.011s] INFO:colcon.colcon_core.shell:Creating package script '/home/ares/ares_code_projects/install/laser/share/laser/package.ps1'
[1.011s] INFO:colcon.colcon_core.shell:Creating package descriptor '/home/ares/ares_code_projects/install/laser/share/laser/package.dsv'
[1.011s] INFO:colcon.colcon_core.shell:Creating package script '/home/ares/ares_code_projects/install/laser/share/laser/package.sh'
[1.012s] INFO:colcon.colcon_core.shell:Creating package script '/home/ares/ares_code_projects/install/laser/share/laser/package.bash'
[1.012s] INFO:colcon.colcon_core.shell:Creating package script '/home/ares/ares_code_projects/install/laser/share/laser/package.zsh'
[1.012s] Level 1:colcon.colcon_core.environment:create_file_with_runtime_dependencies(/home/ares/ares_code_projects/install/laser/share/colcon-core/packages/laser)
[1.026s] Level 1:colcon.colcon_core.shell:create_environment_hook('omni_mpc_controller', 'pythonpath_develop')
[1.027s] INFO:colcon.colcon_core.shell:Creating environment hook '/home/ares/ares_code_projects/build/omni_mpc_controller/share/omni_mpc_controller/hook/pythonpath_develop.ps1'
[1.027s] DEBUG:colcon.colcon_core.event_handler.log_command:Invoked command in '/home/ares/ares_code_projects/build/omni_mpc_controller' returned '0': CONDA_PROMPT_MODIFIER=(base) PYTHONPATH=/home/ares/ares_code_projects/build/omni_mpc_controller/prefix_override:/usr/lib/python3/dist-packages/colcon_core/task/python/colcon_distutils_commands:/home/ares/ares_code_projects/install/omni_mpc_controller/lib/python3.10/site-packages:${PYTHONPATH} /usr/bin/python3 -W ignore:setup.py install is deprecated -W ignore:easy_install command is deprecated setup.py develop --editable --build-directory /home/ares/ares_code_projects/build/omni_mpc_controller/build --no-deps symlink_data
[1.027s] INFO:colcon.colcon_core.shell:Creating environment descriptor '/home/ares/ares_code_projects/build/omni_mpc_controller/share/omni_mpc_controller/hook/pythonpath_develop.dsv'
[1.028s] INFO:colcon.colcon_core.shell:Creating environment hook '/home/ares/ares_code_projects/build/omni_mpc_controller/share/omni_mpc_controller/hook/pythonpath_develop.sh'
[1.028s] Level 1:colcon.colcon_core.environment:checking '/home/ares/ares_code_projects/install/omni_mpc_controller' for CMake module files
[1.028s] Level 1:colcon.colcon_core.environment:checking '/home/ares/ares_code_projects/install/omni_mpc_controller' for CMake config files
[1.029s] Level 1:colcon.colcon_core.environment:checking '/home/ares/ares_code_projects/install/omni_mpc_controller/lib'
[1.029s] Level 1:colcon.colcon_core.environment:checking '/home/ares/ares_code_projects/install/omni_mpc_controller/bin'
[1.029s] Level 1:colcon.colcon_core.environment:checking '/home/ares/ares_code_projects/install/omni_mpc_controller/lib/pkgconfig/omni_mpc_controller.pc'
[1.029s] Level 1:colcon.colcon_core.environment:checking '/home/ares/ares_code_projects/install/omni_mpc_controller/lib/python3.10/site-packages'
[1.029s] Level 1:colcon.colcon_core.shell:create_environment_hook('omni_mpc_controller', 'pythonpath')
[1.029s] INFO:colcon.colcon_core.shell:Creating environment hook '/home/ares/ares_code_projects/install/omni_mpc_controller/share/omni_mpc_controller/hook/pythonpath.ps1'
[1.029s] INFO:colcon.colcon_core.shell:Creating environment descriptor '/home/ares/ares_code_projects/install/omni_mpc_controller/share/omni_mpc_controller/hook/pythonpath.dsv'
[1.029s] INFO:colcon.colcon_core.shell:Creating environment hook '/home/ares/ares_code_projects/install/omni_mpc_controller/share/omni_mpc_controller/hook/pythonpath.sh'
[1.029s] Level 1:colcon.colcon_core.environment:checking '/home/ares/ares_code_projects/install/omni_mpc_controller/bin'
[1.029s] Level 1:colcon.colcon_core.environment:create_environment_scripts_only(omni_mpc_controller)
[1.030s] INFO:colcon.colcon_core.shell:Creating package script '/home/ares/ares_code_projects/install/omni_mpc_controller/share/omni_mpc_controller/package.ps1'
[1.030s] INFO:colcon.colcon_core.shell:Creating package descriptor '/home/ares/ares_code_projects/install/omni_mpc_controller/share/omni_mpc_controller/package.dsv'
[1.030s] INFO:colcon.colcon_core.shell:Creating package script '/home/ares/ares_code_projects/install/omni_mpc_controller/share/omni_mpc_controller/package.sh'
[1.030s] INFO:colcon.colcon_core.shell:Creating package script '/home/ares/ares_code_projects/install/omni_mpc_controller/share/omni_mpc_controller/package.bash'
[1.030s] INFO:colcon.colcon_core.shell:Creating package script '/home/ares/ares_code_projects/install/omni_mpc_controller/share/omni_mpc_controller/package.zsh'
[1.031s] Level 1:colcon.colcon_core.environment:create_file_with_runtime_dependencies(/home/ares/ares_code_projects/install/omni_mpc_controller/share/colcon-core/packages/omni_mpc_controller)
[1.031s] DEBUG:colcon.colcon_parallel_executor.executor.parallel:closing loop
[1.031s] DEBUG:colcon.colcon_parallel_executor.executor.parallel:loop closed
[1.031s] DEBUG:colcon.colcon_parallel_executor.executor.parallel:run_until_complete finished with '0'
[1.031s] DEBUG:colcon.colcon_core.event_reactor:joining thread
[1.035s] INFO:colcon.colcon_core.plugin_system:Skipping extension 'colcon_notification.desktop_notification.terminal_notifier': Not used on non-Darwin systems
[1.035s] INFO:colcon.colcon_core.plugin_system:Skipping extension 'colcon_notification.desktop_notification.win32': Not used on non-Windows systems
[1.035s] INFO:colcon.colcon_notification.desktop_notification:Sending desktop notification using 'notify2'
[1.040s] DEBUG:colcon.colcon_core.event_reactor:joined thread
[1.040s] INFO:colcon.colcon_core.shell:Creating prefix script '/home/ares/ares_code_projects/install/local_setup.ps1'
[1.040s] INFO:colcon.colcon_core.shell:Creating prefix util module '/home/ares/ares_code_projects/install/_local_setup_util_ps1.py'
[1.041s] INFO:colcon.colcon_core.shell:Creating prefix chain script '/home/ares/ares_code_projects/install/setup.ps1'
[1.042s] INFO:colcon.colcon_core.shell:Creating prefix script '/home/ares/ares_code_projects/install/local_setup.sh'
[1.042s] INFO:colcon.colcon_core.shell:Creating prefix util module '/home/ares/ares_code_projects/install/_local_setup_util_sh.py'
[1.042s] INFO:colcon.colcon_core.shell:Creating prefix chain script '/home/ares/ares_code_projects/install/setup.sh'
[1.043s] INFO:colcon.colcon_core.shell:Creating prefix script '/home/ares/ares_code_projects/install/local_setup.bash'
[1.043s] INFO:colcon.colcon_core.shell:Creating prefix chain script '/home/ares/ares_code_projects/install/setup.bash'
[1.044s] INFO:colcon.colcon_core.shell:Creating prefix script '/home/ares/ares_code_projects/install/local_setup.zsh'
[1.044s] INFO:colcon.colcon_core.shell:Creating prefix chain script '/home/ares/ares_code_projects/install/setup.zsh'
