[0.006s] Invoking command in '/home/ares/ares_code_projects/build/my_robot_bringup': AMENT_PREFIX_PATH=/home/ares/ares_code_projects/install/my_robot_description:${AMENT_PREFIX_PATH} CMAKE_PREFIX_PATH=/home/ares/ares_code_projects/install/my_robot_description:/home/ares/ares_code_projects/R1/install/remote_rc_node:/home/ares/Desktop/dog/install/usb_bulk_node:/home/ares/Desktop/dog/install/sllidar_ros2:/home/ares/Desktop/dog/install/myrobot_controller:/home/ares/Desktop/dog/install/my_robot_bringup:/home/ares/Desktop/dog/install/my_robot_description:/home/ares/Desktop/dog/install/laser_position:/home/ares/ares_code_projects/R1/install/usb_bulk_node:/home/ares/ares_code_projects/R1/install/sllidar_ros2:/home/ares/ares_code_projects/R1/install/myrobot_controller:/home/ares/ares_code_projects/R1/install/my_robot_bringup:/home/ares/ares_code_projects/R1/install/my_robot_description:/home/ares/ros2_ws/install/zed_ros2:/home/ares/ros2_ws/install/zed_wrapper:/home/ares/ros2_ws/install/zed_components:/home/ares/ros2_ws/install/hoop_detector:/home/ares/ros2_ws/install/hik_camera:/home/ares/Desktop/dog/install/omni_mpc_controller:/home/ares/Desktop/dog/install/laser:/home/ares/ares_code_projects/R1/install/omni_mpc_controller:/home/ares/ares_code_projects/R1/install/laser:/opt/ros/humble CONDA_PROMPT_MODIFIER=(base) /usr/bin/cmake /home/ares/ares_code_projects/src/my_robot_bringup -DR1=ON -DCMAKE_BUILD_TYPE=Release -DAMENT_CMAKE_SYMLINK_INSTALL=1 -DCMAKE_INSTALL_PREFIX=/home/ares/ares_code_projects/install/my_robot_bringup
[0.046s] -- The C compiler identification is GNU 11.4.0
[0.081s] -- The CXX compiler identification is GNU 11.4.0
[0.086s] -- Detecting C compiler ABI info
[0.134s] -- Detecting C compiler ABI info - done
[0.139s] -- Check for working C compiler: /usr/bin/cc - skipped
[0.139s] -- Detecting C compile features
[0.139s] -- Detecting C compile features - done
[0.142s] -- Detecting CXX compiler ABI info
[0.191s] -- Detecting CXX compiler ABI info - done
[0.195s] -- Check for working CXX compiler: /usr/bin/c++ - skipped
[0.195s] -- Detecting CXX compile features
[0.196s] -- Detecting CXX compile features - done
[0.198s] -- Found ament_cmake: 1.3.11 (/opt/ros/humble/share/ament_cmake/cmake)
[0.586s] -- Found Python3: /home/ares/miniconda3/bin/python3 (found version "3.13.2") found components: Interpreter 
[0.795s] -- Override CMake install command with custom implementation using symlinks instead of copying resources
[0.838s] -- Found rclpy: 3.3.16 (/opt/ros/humble/share/rclpy/cmake)
[0.990s] -- Configuring done
[1.005s] -- Generating done
[1.016s] -- Build files have been written to: /home/ares/ares_code_projects/build/my_robot_bringup
[1.033s] Invoked command in '/home/ares/ares_code_projects/build/my_robot_bringup' returned '0': AMENT_PREFIX_PATH=/home/ares/ares_code_projects/install/my_robot_description:${AMENT_PREFIX_PATH} CMAKE_PREFIX_PATH=/home/ares/ares_code_projects/install/my_robot_description:/home/ares/ares_code_projects/R1/install/remote_rc_node:/home/ares/Desktop/dog/install/usb_bulk_node:/home/ares/Desktop/dog/install/sllidar_ros2:/home/ares/Desktop/dog/install/myrobot_controller:/home/ares/Desktop/dog/install/my_robot_bringup:/home/ares/Desktop/dog/install/my_robot_description:/home/ares/Desktop/dog/install/laser_position:/home/ares/ares_code_projects/R1/install/usb_bulk_node:/home/ares/ares_code_projects/R1/install/sllidar_ros2:/home/ares/ares_code_projects/R1/install/myrobot_controller:/home/ares/ares_code_projects/R1/install/my_robot_bringup:/home/ares/ares_code_projects/R1/install/my_robot_description:/home/ares/ros2_ws/install/zed_ros2:/home/ares/ros2_ws/install/zed_wrapper:/home/ares/ros2_ws/install/zed_components:/home/ares/ros2_ws/install/hoop_detector:/home/ares/ros2_ws/install/hik_camera:/home/ares/Desktop/dog/install/omni_mpc_controller:/home/ares/Desktop/dog/install/laser:/home/ares/ares_code_projects/R1/install/omni_mpc_controller:/home/ares/ares_code_projects/R1/install/laser:/opt/ros/humble CONDA_PROMPT_MODIFIER=(base) /usr/bin/cmake /home/ares/ares_code_projects/src/my_robot_bringup -DR1=ON -DCMAKE_BUILD_TYPE=Release -DAMENT_CMAKE_SYMLINK_INSTALL=1 -DCMAKE_INSTALL_PREFIX=/home/ares/ares_code_projects/install/my_robot_bringup
[1.034s] Invoking command in '/home/ares/ares_code_projects/build/my_robot_bringup': AMENT_PREFIX_PATH=/home/ares/ares_code_projects/install/my_robot_description:${AMENT_PREFIX_PATH} CMAKE_PREFIX_PATH=/home/ares/ares_code_projects/install/my_robot_description:/home/ares/ares_code_projects/R1/install/remote_rc_node:/home/ares/Desktop/dog/install/usb_bulk_node:/home/ares/Desktop/dog/install/sllidar_ros2:/home/ares/Desktop/dog/install/myrobot_controller:/home/ares/Desktop/dog/install/my_robot_bringup:/home/ares/Desktop/dog/install/my_robot_description:/home/ares/Desktop/dog/install/laser_position:/home/ares/ares_code_projects/R1/install/usb_bulk_node:/home/ares/ares_code_projects/R1/install/sllidar_ros2:/home/ares/ares_code_projects/R1/install/myrobot_controller:/home/ares/ares_code_projects/R1/install/my_robot_bringup:/home/ares/ares_code_projects/R1/install/my_robot_description:/home/ares/ros2_ws/install/zed_ros2:/home/ares/ros2_ws/install/zed_wrapper:/home/ares/ros2_ws/install/zed_components:/home/ares/ros2_ws/install/hoop_detector:/home/ares/ros2_ws/install/hik_camera:/home/ares/Desktop/dog/install/omni_mpc_controller:/home/ares/Desktop/dog/install/laser:/home/ares/ares_code_projects/R1/install/omni_mpc_controller:/home/ares/ares_code_projects/R1/install/laser:/opt/ros/humble CONDA_PROMPT_MODIFIER=(base) /usr/bin/cmake --build /home/ares/ares_code_projects/build/my_robot_bringup -- -j16 -l16
[1.083s] Invoked command in '/home/ares/ares_code_projects/build/my_robot_bringup' returned '0': AMENT_PREFIX_PATH=/home/ares/ares_code_projects/install/my_robot_description:${AMENT_PREFIX_PATH} CMAKE_PREFIX_PATH=/home/ares/ares_code_projects/install/my_robot_description:/home/ares/ares_code_projects/R1/install/remote_rc_node:/home/ares/Desktop/dog/install/usb_bulk_node:/home/ares/Desktop/dog/install/sllidar_ros2:/home/ares/Desktop/dog/install/myrobot_controller:/home/ares/Desktop/dog/install/my_robot_bringup:/home/ares/Desktop/dog/install/my_robot_description:/home/ares/Desktop/dog/install/laser_position:/home/ares/ares_code_projects/R1/install/usb_bulk_node:/home/ares/ares_code_projects/R1/install/sllidar_ros2:/home/ares/ares_code_projects/R1/install/myrobot_controller:/home/ares/ares_code_projects/R1/install/my_robot_bringup:/home/ares/ares_code_projects/R1/install/my_robot_description:/home/ares/ros2_ws/install/zed_ros2:/home/ares/ros2_ws/install/zed_wrapper:/home/ares/ros2_ws/install/zed_components:/home/ares/ros2_ws/install/hoop_detector:/home/ares/ros2_ws/install/hik_camera:/home/ares/Desktop/dog/install/omni_mpc_controller:/home/ares/Desktop/dog/install/laser:/home/ares/ares_code_projects/R1/install/omni_mpc_controller:/home/ares/ares_code_projects/R1/install/laser:/opt/ros/humble CONDA_PROMPT_MODIFIER=(base) /usr/bin/cmake --build /home/ares/ares_code_projects/build/my_robot_bringup -- -j16 -l16
[1.084s] Invoking command in '/home/ares/ares_code_projects/build/my_robot_bringup': AMENT_PREFIX_PATH=/home/ares/ares_code_projects/install/my_robot_description:${AMENT_PREFIX_PATH} CMAKE_PREFIX_PATH=/home/ares/ares_code_projects/install/my_robot_description:/home/ares/ares_code_projects/R1/install/remote_rc_node:/home/ares/Desktop/dog/install/usb_bulk_node:/home/ares/Desktop/dog/install/sllidar_ros2:/home/ares/Desktop/dog/install/myrobot_controller:/home/ares/Desktop/dog/install/my_robot_bringup:/home/ares/Desktop/dog/install/my_robot_description:/home/ares/Desktop/dog/install/laser_position:/home/ares/ares_code_projects/R1/install/usb_bulk_node:/home/ares/ares_code_projects/R1/install/sllidar_ros2:/home/ares/ares_code_projects/R1/install/myrobot_controller:/home/ares/ares_code_projects/R1/install/my_robot_bringup:/home/ares/ares_code_projects/R1/install/my_robot_description:/home/ares/ros2_ws/install/zed_ros2:/home/ares/ros2_ws/install/zed_wrapper:/home/ares/ros2_ws/install/zed_components:/home/ares/ros2_ws/install/hoop_detector:/home/ares/ros2_ws/install/hik_camera:/home/ares/Desktop/dog/install/omni_mpc_controller:/home/ares/Desktop/dog/install/laser:/home/ares/ares_code_projects/R1/install/omni_mpc_controller:/home/ares/ares_code_projects/R1/install/laser:/opt/ros/humble CONDA_PROMPT_MODIFIER=(base) /usr/bin/cmake --install /home/ares/ares_code_projects/build/my_robot_bringup
[1.088s] -- Install configuration: ""
[1.091s] -- Execute custom install script
[1.091s] -- Symlinking: /home/ares/ares_code_projects/install/my_robot_bringup/share/my_robot_bringup/launch/my_robot.launch.py
[1.108s] -- Symlinking: /home/ares/ares_code_projects/install/my_robot_bringup/share/my_robot_bringup/launch/my_robot_gazebo.launch.xml
[1.125s] -- Symlinking: /home/ares/ares_code_projects/install/my_robot_bringup/share/my_robot_bringup/launch/wheel_test.launch.py
[1.142s] -- Symlinking: /home/ares/ares_code_projects/install/my_robot_bringup/share/my_robot_bringup/rviz/urdf_config.rviz
[1.161s] -- Symlinking: /home/ares/ares_code_projects/install/my_robot_bringup/share/my_robot_bringup/src/robot_controller.py
[1.174s] -- Symlinking: /home/ares/ares_code_projects/install/my_robot_bringup/share/ament_index/resource_index/package_run_dependencies/my_robot_bringup
[1.183s] -- Symlinking: /home/ares/ares_code_projects/install/my_robot_bringup/share/ament_index/resource_index/parent_prefix_path/my_robot_bringup
[1.196s] -- Symlinking: /home/ares/ares_code_projects/install/my_robot_bringup/share/my_robot_bringup/environment/ament_prefix_path.sh
[1.203s] -- Symlinking: /home/ares/ares_code_projects/install/my_robot_bringup/share/my_robot_bringup/environment/ament_prefix_path.dsv
[1.213s] -- Symlinking: /home/ares/ares_code_projects/install/my_robot_bringup/share/my_robot_bringup/environment/path.sh
[1.222s] -- Symlinking: /home/ares/ares_code_projects/install/my_robot_bringup/share/my_robot_bringup/environment/path.dsv
[1.231s] -- Symlinking: /home/ares/ares_code_projects/install/my_robot_bringup/share/my_robot_bringup/local_setup.bash
[1.237s] -- Symlinking: /home/ares/ares_code_projects/install/my_robot_bringup/share/my_robot_bringup/local_setup.sh
[1.243s] -- Symlinking: /home/ares/ares_code_projects/install/my_robot_bringup/share/my_robot_bringup/local_setup.zsh
[1.250s] -- Symlinking: /home/ares/ares_code_projects/install/my_robot_bringup/share/my_robot_bringup/local_setup.dsv
[1.258s] -- Symlinking: /home/ares/ares_code_projects/install/my_robot_bringup/share/my_robot_bringup/package.dsv
[1.267s] -- Symlinking: /home/ares/ares_code_projects/install/my_robot_bringup/share/ament_index/resource_index/packages/my_robot_bringup
[1.280s] -- Symlinking: /home/ares/ares_code_projects/install/my_robot_bringup/share/my_robot_bringup/cmake/my_robot_bringupConfig.cmake
[1.286s] -- Symlinking: /home/ares/ares_code_projects/install/my_robot_bringup/share/my_robot_bringup/cmake/my_robot_bringupConfig-version.cmake
[1.294s] -- Symlinking: /home/ares/ares_code_projects/install/my_robot_bringup/share/my_robot_bringup/package.xml
[1.304s] Invoked command in '/home/ares/ares_code_projects/build/my_robot_bringup' returned '0': AMENT_PREFIX_PATH=/home/ares/ares_code_projects/install/my_robot_description:${AMENT_PREFIX_PATH} CMAKE_PREFIX_PATH=/home/ares/ares_code_projects/install/my_robot_description:/home/ares/ares_code_projects/R1/install/remote_rc_node:/home/ares/Desktop/dog/install/usb_bulk_node:/home/ares/Desktop/dog/install/sllidar_ros2:/home/ares/Desktop/dog/install/myrobot_controller:/home/ares/Desktop/dog/install/my_robot_bringup:/home/ares/Desktop/dog/install/my_robot_description:/home/ares/Desktop/dog/install/laser_position:/home/ares/ares_code_projects/R1/install/usb_bulk_node:/home/ares/ares_code_projects/R1/install/sllidar_ros2:/home/ares/ares_code_projects/R1/install/myrobot_controller:/home/ares/ares_code_projects/R1/install/my_robot_bringup:/home/ares/ares_code_projects/R1/install/my_robot_description:/home/ares/ros2_ws/install/zed_ros2:/home/ares/ros2_ws/install/zed_wrapper:/home/ares/ros2_ws/install/zed_components:/home/ares/ros2_ws/install/hoop_detector:/home/ares/ros2_ws/install/hik_camera:/home/ares/Desktop/dog/install/omni_mpc_controller:/home/ares/Desktop/dog/install/laser:/home/ares/ares_code_projects/R1/install/omni_mpc_controller:/home/ares/ares_code_projects/R1/install/laser:/opt/ros/humble CONDA_PROMPT_MODIFIER=(base) /usr/bin/cmake --install /home/ares/ares_code_projects/build/my_robot_bringup
