running develop
running egg_info
creating omni_mpc_controller.egg-info
writing omni_mpc_controller.egg-info/PKG-INFO
writing dependency_links to omni_mpc_controller.egg-info/dependency_links.txt
writing entry points to omni_mpc_controller.egg-info/entry_points.txt
writing requirements to omni_mpc_controller.egg-info/requires.txt
writing top-level names to omni_mpc_controller.egg-info/top_level.txt
writing manifest file 'omni_mpc_controller.egg-info/SOURCES.txt'
reading manifest file 'omni_mpc_controller.egg-info/SOURCES.txt'
writing manifest file 'omni_mpc_controller.egg-info/SOURCES.txt'
running build_ext
Creating /home/ares/ares_code_projects/R2/install/omni_mpc_controller/lib/python3.10/site-packages/omni-mpc-controller.egg-link (link to .)
Installing MPC script to /home/ares/ares_code_projects/R2/install/omni_mpc_controller/lib/omni_mpc_controller
Installing keyboard_control script to /home/ares/ares_code_projects/R2/install/omni_mpc_controller/lib/omni_mpc_controller
Installing omni_mpc_controller_node script to /home/ares/ares_code_projects/R2/install/omni_mpc_controller/lib/omni_mpc_controller

Installed /home/ares/ares_code_projects/R2/build/omni_mpc_controller
running symlink_data
creating /home/ares/ares_code_projects/R2/install/omni_mpc_controller/share/ament_index
creating /home/ares/ares_code_projects/R2/install/omni_mpc_controller/share/ament_index/resource_index
creating /home/ares/ares_code_projects/R2/install/omni_mpc_controller/share/ament_index/resource_index/packages
symbolically linking /home/ares/ares_code_projects/R2/build/omni_mpc_controller/resource/omni_mpc_controller -> /home/ares/ares_code_projects/R2/install/omni_mpc_controller/share/ament_index/resource_index/packages
symbolically linking /home/ares/ares_code_projects/R2/build/omni_mpc_controller/package.xml -> /home/ares/ares_code_projects/R2/install/omni_mpc_controller/share/omni_mpc_controller
creating /home/ares/ares_code_projects/R2/install/omni_mpc_controller/share/omni_mpc_controller/launch
symbolically linking /home/ares/ares_code_projects/R2/build/omni_mpc_controller/launch/keyboard.launch.py -> /home/ares/ares_code_projects/R2/install/omni_mpc_controller/share/omni_mpc_controller/launch
symbolically linking /home/ares/ares_code_projects/R2/build/omni_mpc_controller/launch/MPC.launch.py -> /home/ares/ares_code_projects/R2/install/omni_mpc_controller/share/omni_mpc_controller/launch
creating /home/ares/ares_code_projects/R2/install/omni_mpc_controller/share/omni_mpc_controller/config
symbolically linking /home/ares/ares_code_projects/R2/build/omni_mpc_controller/config/params.yaml -> /home/ares/ares_code_projects/R2/install/omni_mpc_controller/share/omni_mpc_controller/config
