[0.058s] DEBUG:colcon:Command line arguments: ['/usr/bin/colcon', 'build', '--symlink-install', '--cmake-args=-DCMAKE_BUILD_TYPE=Release', '--parallel-workers', '16']
[0.058s] DEBUG:colcon:Parsed command line arguments: Namespace(log_base=None, log_level=None, verb_name='build', build_base='build', install_base='install', merge_install=False, symlink_install=True, test_result_base=None, continue_on_error=False, executor='parallel', parallel_workers=16, event_handlers=None, ignore_user_meta=False, metas=['./colcon.meta'], base_paths=['.'], packages_ignore=None, packages_ignore_regex=None, paths=None, packages_up_to=None, packages_up_to_regex=None, packages_above=None, packages_above_and_dependencies=None, packages_above_depth=None, packages_select_by_dep=None, packages_skip_by_dep=None, packages_skip_up_to=None, packages_select_build_failed=False, packages_skip_build_finished=False, packages_select_test_failures=False, packages_skip_test_passed=False, packages_select=None, packages_skip=None, packages_select_regex=None, packages_skip_regex=None, packages_start=None, packages_end=None, allow_overriding=[], cmake_args=['-DCMAKE_BUILD_TYPE=Release'], cmake_target=None, cmake_target_skip_unavailable=False, cmake_clean_cache=False, cmake_clean_first=False, cmake_force_configure=False, ament_cmake_args=None, catkin_cmake_args=None, catkin_skip_building_tests=False, verb_parser=<colcon_defaults.argument_parser.defaults.DefaultArgumentsDecorator object at 0x7101c3b5f4c0>, verb_extension=<colcon_core.verb.build.BuildVerb object at 0x7101c3b5efe0>, main=<bound method BuildVerb.main of <colcon_core.verb.build.BuildVerb object at 0x7101c3b5efe0>>)
[0.150s] Level 1:colcon.colcon_core.package_discovery:discover_packages(colcon_meta) check parameters
[0.150s] Level 1:colcon.colcon_core.package_discovery:discover_packages(recursive) check parameters
[0.150s] Level 1:colcon.colcon_core.package_discovery:discover_packages(ignore) check parameters
[0.150s] Level 1:colcon.colcon_core.package_discovery:discover_packages(path) check parameters
[0.150s] Level 1:colcon.colcon_core.package_discovery:discover_packages(colcon_meta) discover
[0.150s] Level 1:colcon.colcon_core.package_discovery:discover_packages(recursive) discover
[0.150s] INFO:colcon.colcon_core.package_discovery:Crawling recursively for packages in '/home/ares/ares_code_projects/R1'
[0.150s] Level 1:colcon.colcon_core.package_identification:_identify(.) by extensions ['ignore', 'ignore_ament_install']
[0.150s] Level 1:colcon.colcon_core.package_identification:_identify(.) by extension 'ignore'
[0.150s] Level 1:colcon.colcon_core.package_identification:_identify(.) by extension 'ignore_ament_install'
[0.150s] Level 1:colcon.colcon_core.package_identification:_identify(.) by extensions ['colcon_pkg']
[0.150s] Level 1:colcon.colcon_core.package_identification:_identify(.) by extension 'colcon_pkg'
[0.150s] Level 1:colcon.colcon_core.package_identification:_identify(.) by extensions ['colcon_meta']
[0.150s] Level 1:colcon.colcon_core.package_identification:_identify(.) by extension 'colcon_meta'
[0.150s] Level 1:colcon.colcon_core.package_identification:_identify(.) by extensions ['ros']
[0.150s] Level 1:colcon.colcon_core.package_identification:_identify(.) by extension 'ros'
[0.157s] Level 1:colcon.colcon_core.package_identification:_identify(.) by extensions ['cmake', 'python']
[0.157s] Level 1:colcon.colcon_core.package_identification:_identify(.) by extension 'cmake'
[0.157s] Level 1:colcon.colcon_core.package_identification:_identify(.) by extension 'python'
[0.157s] Level 1:colcon.colcon_core.package_identification:_identify(.) by extensions ['python_setup_py']
[0.157s] Level 1:colcon.colcon_core.package_identification:_identify(.) by extension 'python_setup_py'
[0.157s] Level 1:colcon.colcon_core.package_identification:_identify(build) by extensions ['ignore', 'ignore_ament_install']
[0.157s] Level 1:colcon.colcon_core.package_identification:_identify(build) by extension 'ignore'
[0.157s] Level 1:colcon.colcon_core.package_identification:_identify(build) ignored
[0.157s] Level 1:colcon.colcon_core.package_identification:_identify(install) by extensions ['ignore', 'ignore_ament_install']
[0.157s] Level 1:colcon.colcon_core.package_identification:_identify(install) by extension 'ignore'
[0.157s] Level 1:colcon.colcon_core.package_identification:_identify(install) ignored
[0.157s] Level 1:colcon.colcon_core.package_identification:_identify(log) by extensions ['ignore', 'ignore_ament_install']
[0.157s] Level 1:colcon.colcon_core.package_identification:_identify(log) by extension 'ignore'
[0.157s] Level 1:colcon.colcon_core.package_identification:_identify(log) ignored
[0.157s] Level 1:colcon.colcon_core.package_identification:_identify(src) by extensions ['ignore', 'ignore_ament_install']
[0.157s] Level 1:colcon.colcon_core.package_identification:_identify(src) by extension 'ignore'
[0.157s] Level 1:colcon.colcon_core.package_identification:_identify(src) by extension 'ignore_ament_install'
[0.157s] Level 1:colcon.colcon_core.package_identification:_identify(src) by extensions ['colcon_pkg']
[0.157s] Level 1:colcon.colcon_core.package_identification:_identify(src) by extension 'colcon_pkg'
[0.157s] Level 1:colcon.colcon_core.package_identification:_identify(src) by extensions ['colcon_meta']
[0.157s] Level 1:colcon.colcon_core.package_identification:_identify(src) by extension 'colcon_meta'
[0.157s] Level 1:colcon.colcon_core.package_identification:_identify(src) by extensions ['ros']
[0.157s] Level 1:colcon.colcon_core.package_identification:_identify(src) by extension 'ros'
[0.157s] Level 1:colcon.colcon_core.package_identification:_identify(src) by extensions ['cmake', 'python']
[0.157s] Level 1:colcon.colcon_core.package_identification:_identify(src) by extension 'cmake'
[0.157s] Level 1:colcon.colcon_core.package_identification:_identify(src) by extension 'python'
[0.157s] Level 1:colcon.colcon_core.package_identification:_identify(src) by extensions ['python_setup_py']
[0.157s] Level 1:colcon.colcon_core.package_identification:_identify(src) by extension 'python_setup_py'
[0.158s] Level 1:colcon.colcon_core.package_identification:_identify(src/laser) by extensions ['ignore', 'ignore_ament_install']
[0.158s] Level 1:colcon.colcon_core.package_identification:_identify(src/laser) by extension 'ignore'
[0.158s] Level 1:colcon.colcon_core.package_identification:_identify(src/laser) by extension 'ignore_ament_install'
[0.158s] Level 1:colcon.colcon_core.package_identification:_identify(src/laser) by extensions ['colcon_pkg']
[0.158s] Level 1:colcon.colcon_core.package_identification:_identify(src/laser) by extension 'colcon_pkg'
[0.158s] Level 1:colcon.colcon_core.package_identification:_identify(src/laser) by extensions ['colcon_meta']
[0.158s] Level 1:colcon.colcon_core.package_identification:_identify(src/laser) by extension 'colcon_meta'
[0.158s] Level 1:colcon.colcon_core.package_identification:_identify(src/laser) by extensions ['ros']
[0.158s] Level 1:colcon.colcon_core.package_identification:_identify(src/laser) by extension 'ros'
[0.159s] DEBUG:colcon.colcon_core.package_identification:Package 'src/laser' with type 'ros.ament_python' and name 'laser'
[0.159s] Level 1:colcon.colcon_core.package_identification:_identify(src/my_robot_bringup) by extensions ['ignore', 'ignore_ament_install']
[0.159s] Level 1:colcon.colcon_core.package_identification:_identify(src/my_robot_bringup) by extension 'ignore'
[0.159s] Level 1:colcon.colcon_core.package_identification:_identify(src/my_robot_bringup) by extension 'ignore_ament_install'
[0.159s] Level 1:colcon.colcon_core.package_identification:_identify(src/my_robot_bringup) by extensions ['colcon_pkg']
[0.159s] Level 1:colcon.colcon_core.package_identification:_identify(src/my_robot_bringup) by extension 'colcon_pkg'
[0.159s] Level 1:colcon.colcon_core.package_identification:_identify(src/my_robot_bringup) by extensions ['colcon_meta']
[0.159s] Level 1:colcon.colcon_core.package_identification:_identify(src/my_robot_bringup) by extension 'colcon_meta'
[0.159s] Level 1:colcon.colcon_core.package_identification:_identify(src/my_robot_bringup) by extensions ['ros']
[0.159s] Level 1:colcon.colcon_core.package_identification:_identify(src/my_robot_bringup) by extension 'ros'
[0.164s] DEBUG:colcon.colcon_core.package_identification:Package 'src/my_robot_bringup' with type 'ros.ament_cmake' and name 'my_robot_bringup'
[0.164s] Level 1:colcon.colcon_core.package_identification:_identify(src/my_robot_description) by extensions ['ignore', 'ignore_ament_install']
[0.165s] Level 1:colcon.colcon_core.package_identification:_identify(src/my_robot_description) by extension 'ignore'
[0.165s] Level 1:colcon.colcon_core.package_identification:_identify(src/my_robot_description) by extension 'ignore_ament_install'
[0.165s] Level 1:colcon.colcon_core.package_identification:_identify(src/my_robot_description) by extensions ['colcon_pkg']
[0.165s] Level 1:colcon.colcon_core.package_identification:_identify(src/my_robot_description) by extension 'colcon_pkg'
[0.165s] Level 1:colcon.colcon_core.package_identification:_identify(src/my_robot_description) by extensions ['colcon_meta']
[0.165s] Level 1:colcon.colcon_core.package_identification:_identify(src/my_robot_description) by extension 'colcon_meta'
[0.165s] Level 1:colcon.colcon_core.package_identification:_identify(src/my_robot_description) by extensions ['ros']
[0.165s] Level 1:colcon.colcon_core.package_identification:_identify(src/my_robot_description) by extension 'ros'
[0.165s] DEBUG:colcon.colcon_core.package_identification:Package 'src/my_robot_description' with type 'ros.ament_cmake' and name 'my_robot_description'
[0.165s] Level 1:colcon.colcon_core.package_identification:_identify(src/myrobot_controller) by extensions ['ignore', 'ignore_ament_install']
[0.165s] Level 1:colcon.colcon_core.package_identification:_identify(src/myrobot_controller) by extension 'ignore'
[0.165s] Level 1:colcon.colcon_core.package_identification:_identify(src/myrobot_controller) by extension 'ignore_ament_install'
[0.165s] Level 1:colcon.colcon_core.package_identification:_identify(src/myrobot_controller) by extensions ['colcon_pkg']
[0.165s] Level 1:colcon.colcon_core.package_identification:_identify(src/myrobot_controller) by extension 'colcon_pkg'
[0.165s] Level 1:colcon.colcon_core.package_identification:_identify(src/myrobot_controller) by extensions ['colcon_meta']
[0.165s] Level 1:colcon.colcon_core.package_identification:_identify(src/myrobot_controller) by extension 'colcon_meta'
[0.165s] Level 1:colcon.colcon_core.package_identification:_identify(src/myrobot_controller) by extensions ['ros']
[0.165s] Level 1:colcon.colcon_core.package_identification:_identify(src/myrobot_controller) by extension 'ros'
[0.166s] DEBUG:colcon.colcon_core.package_identification:Package 'src/myrobot_controller' with type 'ros.ament_cmake' and name 'myrobot_controller'
[0.166s] Level 1:colcon.colcon_core.package_identification:_identify(src/omni_mpc_controller) by extensions ['ignore', 'ignore_ament_install']
[0.166s] Level 1:colcon.colcon_core.package_identification:_identify(src/omni_mpc_controller) by extension 'ignore'
[0.166s] Level 1:colcon.colcon_core.package_identification:_identify(src/omni_mpc_controller) by extension 'ignore_ament_install'
[0.166s] Level 1:colcon.colcon_core.package_identification:_identify(src/omni_mpc_controller) by extensions ['colcon_pkg']
[0.166s] Level 1:colcon.colcon_core.package_identification:_identify(src/omni_mpc_controller) by extension 'colcon_pkg'
[0.166s] Level 1:colcon.colcon_core.package_identification:_identify(src/omni_mpc_controller) by extensions ['colcon_meta']
[0.166s] Level 1:colcon.colcon_core.package_identification:_identify(src/omni_mpc_controller) by extension 'colcon_meta'
[0.166s] Level 1:colcon.colcon_core.package_identification:_identify(src/omni_mpc_controller) by extensions ['ros']
[0.166s] Level 1:colcon.colcon_core.package_identification:_identify(src/omni_mpc_controller) by extension 'ros'
[0.166s] DEBUG:colcon.colcon_core.package_identification:Package 'src/omni_mpc_controller' with type 'ros.ament_python' and name 'omni_mpc_controller'
[0.166s] Level 1:colcon.colcon_core.package_identification:_identify(src/remote_rc_node) by extensions ['ignore', 'ignore_ament_install']
[0.167s] Level 1:colcon.colcon_core.package_identification:_identify(src/remote_rc_node) by extension 'ignore'
[0.167s] Level 1:colcon.colcon_core.package_identification:_identify(src/remote_rc_node) by extension 'ignore_ament_install'
[0.167s] Level 1:colcon.colcon_core.package_identification:_identify(src/remote_rc_node) by extensions ['colcon_pkg']
[0.167s] Level 1:colcon.colcon_core.package_identification:_identify(src/remote_rc_node) by extension 'colcon_pkg'
[0.167s] Level 1:colcon.colcon_core.package_identification:_identify(src/remote_rc_node) by extensions ['colcon_meta']
[0.167s] Level 1:colcon.colcon_core.package_identification:_identify(src/remote_rc_node) by extension 'colcon_meta'
[0.167s] Level 1:colcon.colcon_core.package_identification:_identify(src/remote_rc_node) by extensions ['ros']
[0.167s] Level 1:colcon.colcon_core.package_identification:_identify(src/remote_rc_node) by extension 'ros'
[0.167s] DEBUG:colcon.colcon_core.package_identification:Package 'src/remote_rc_node' with type 'ros.ament_cmake' and name 'remote_rc_node'
[0.167s] Level 1:colcon.colcon_core.package_identification:_identify(src/sim_localization) by extensions ['ignore', 'ignore_ament_install']
[0.167s] Level 1:colcon.colcon_core.package_identification:_identify(src/sim_localization) by extension 'ignore'
[0.167s] Level 1:colcon.colcon_core.package_identification:_identify(src/sim_localization) by extension 'ignore_ament_install'
[0.167s] Level 1:colcon.colcon_core.package_identification:_identify(src/sim_localization) by extensions ['colcon_pkg']
[0.167s] Level 1:colcon.colcon_core.package_identification:_identify(src/sim_localization) by extension 'colcon_pkg'
[0.167s] Level 1:colcon.colcon_core.package_identification:_identify(src/sim_localization) by extensions ['colcon_meta']
[0.167s] Level 1:colcon.colcon_core.package_identification:_identify(src/sim_localization) by extension 'colcon_meta'
[0.167s] Level 1:colcon.colcon_core.package_identification:_identify(src/sim_localization) by extensions ['ros']
[0.167s] Level 1:colcon.colcon_core.package_identification:_identify(src/sim_localization) by extension 'ros'
[0.167s] Level 1:colcon.colcon_core.package_identification:_identify(src/sim_localization) by extensions ['cmake', 'python']
[0.167s] Level 1:colcon.colcon_core.package_identification:_identify(src/sim_localization) by extension 'cmake'
[0.167s] Level 1:colcon.colcon_core.package_identification:_identify(src/sim_localization) by extension 'python'
[0.167s] Level 1:colcon.colcon_core.package_identification:_identify(src/sim_localization) by extensions ['python_setup_py']
[0.167s] Level 1:colcon.colcon_core.package_identification:_identify(src/sim_localization) by extension 'python_setup_py'
[0.167s] Level 1:colcon.colcon_core.package_identification:_identify(src/sllidar_ros2) by extensions ['ignore', 'ignore_ament_install']
[0.167s] Level 1:colcon.colcon_core.package_identification:_identify(src/sllidar_ros2) by extension 'ignore'
[0.168s] Level 1:colcon.colcon_core.package_identification:_identify(src/sllidar_ros2) by extension 'ignore_ament_install'
[0.168s] Level 1:colcon.colcon_core.package_identification:_identify(src/sllidar_ros2) by extensions ['colcon_pkg']
[0.168s] Level 1:colcon.colcon_core.package_identification:_identify(src/sllidar_ros2) by extension 'colcon_pkg'
[0.168s] Level 1:colcon.colcon_core.package_identification:_identify(src/sllidar_ros2) by extensions ['colcon_meta']
[0.168s] Level 1:colcon.colcon_core.package_identification:_identify(src/sllidar_ros2) by extension 'colcon_meta'
[0.168s] Level 1:colcon.colcon_core.package_identification:_identify(src/sllidar_ros2) by extensions ['ros']
[0.168s] Level 1:colcon.colcon_core.package_identification:_identify(src/sllidar_ros2) by extension 'ros'
[0.168s] DEBUG:colcon.colcon_core.package_identification:Package 'src/sllidar_ros2' with type 'ros.ament_cmake' and name 'sllidar_ros2'
[0.168s] Level 1:colcon.colcon_core.package_identification:_identify(src/usb_bulk_node) by extensions ['ignore', 'ignore_ament_install']
[0.168s] Level 1:colcon.colcon_core.package_identification:_identify(src/usb_bulk_node) by extension 'ignore'
[0.168s] Level 1:colcon.colcon_core.package_identification:_identify(src/usb_bulk_node) by extension 'ignore_ament_install'
[0.168s] Level 1:colcon.colcon_core.package_identification:_identify(src/usb_bulk_node) by extensions ['colcon_pkg']
[0.168s] Level 1:colcon.colcon_core.package_identification:_identify(src/usb_bulk_node) by extension 'colcon_pkg'
[0.168s] Level 1:colcon.colcon_core.package_identification:_identify(src/usb_bulk_node) by extensions ['colcon_meta']
[0.168s] Level 1:colcon.colcon_core.package_identification:_identify(src/usb_bulk_node) by extension 'colcon_meta'
[0.168s] Level 1:colcon.colcon_core.package_identification:_identify(src/usb_bulk_node) by extensions ['ros']
[0.168s] Level 1:colcon.colcon_core.package_identification:_identify(src/usb_bulk_node) by extension 'ros'
[0.168s] DEBUG:colcon.colcon_core.package_identification:Package 'src/usb_bulk_node' with type 'ros.ament_cmake' and name 'usb_bulk_node'
[0.169s] Level 1:colcon.colcon_core.package_discovery:discover_packages(recursive) using defaults
[0.169s] Level 1:colcon.colcon_core.package_discovery:discover_packages(ignore) discover
[0.169s] Level 1:colcon.colcon_core.package_discovery:discover_packages(ignore) using defaults
[0.169s] Level 1:colcon.colcon_core.package_discovery:discover_packages(path) discover
[0.169s] Level 1:colcon.colcon_core.package_discovery:discover_packages(path) using defaults
[0.181s] Level 1:colcon.colcon_core.package_discovery:discover_packages(prefix_path) check parameters
[0.181s] Level 1:colcon.colcon_core.package_discovery:discover_packages(prefix_path) discover
[0.182s] DEBUG:colcon.colcon_installed_package_information.package_discovery:Found 8 installed packages in /home/ares/ares_code_projects/R1/install
[0.182s] DEBUG:colcon.colcon_installed_package_information.package_discovery:Found 5 installed packages in /home/ares/ros2_ws/install
[0.182s] DEBUG:colcon.colcon_installed_package_information.package_discovery:Found 8 installed packages in /home/ares/Desktop/dog/install
[0.183s] DEBUG:colcon.colcon_installed_package_information.package_discovery:Found 297 installed packages in /opt/ros/humble
[0.184s] Level 1:colcon.colcon_core.package_discovery:discover_packages(prefix_path) using defaults
[0.202s] Level 5:colcon.colcon_core.verb:set package 'laser' build argument 'cmake_args' from command line to '['-DCMAKE_BUILD_TYPE=Release']'
[0.202s] Level 5:colcon.colcon_core.verb:set package 'laser' build argument 'cmake_target' from command line to 'None'
[0.202s] Level 5:colcon.colcon_core.verb:set package 'laser' build argument 'cmake_target_skip_unavailable' from command line to 'False'
[0.202s] Level 5:colcon.colcon_core.verb:set package 'laser' build argument 'cmake_clean_cache' from command line to 'False'
[0.203s] Level 5:colcon.colcon_core.verb:set package 'laser' build argument 'cmake_clean_first' from command line to 'False'
[0.203s] Level 5:colcon.colcon_core.verb:set package 'laser' build argument 'cmake_force_configure' from command line to 'False'
[0.203s] Level 5:colcon.colcon_core.verb:set package 'laser' build argument 'ament_cmake_args' from command line to 'None'
[0.203s] Level 5:colcon.colcon_core.verb:set package 'laser' build argument 'catkin_cmake_args' from command line to 'None'
[0.203s] Level 5:colcon.colcon_core.verb:set package 'laser' build argument 'catkin_skip_building_tests' from command line to 'False'
[0.203s] DEBUG:colcon.colcon_core.verb:Building package 'laser' with the following arguments: {'ament_cmake_args': None, 'build_base': '/home/ares/ares_code_projects/R1/build/laser', 'catkin_cmake_args': None, 'catkin_skip_building_tests': False, 'cmake_args': ['-DCMAKE_BUILD_TYPE=Release'], 'cmake_clean_cache': False, 'cmake_clean_first': False, 'cmake_force_configure': False, 'cmake_target': None, 'cmake_target_skip_unavailable': False, 'install_base': '/home/ares/ares_code_projects/R1/install/laser', 'merge_install': False, 'path': '/home/ares/ares_code_projects/R1/src/laser', 'symlink_install': True, 'test_result_base': None}
[0.203s] Level 5:colcon.colcon_core.verb:set package 'my_robot_description' build argument 'cmake_args' from command line to '['-DCMAKE_BUILD_TYPE=Release']'
[0.203s] Level 5:colcon.colcon_core.verb:set package 'my_robot_description' build argument 'cmake_target' from command line to 'None'
[0.203s] Level 5:colcon.colcon_core.verb:set package 'my_robot_description' build argument 'cmake_target_skip_unavailable' from command line to 'False'
[0.203s] Level 5:colcon.colcon_core.verb:set package 'my_robot_description' build argument 'cmake_clean_cache' from command line to 'False'
[0.203s] Level 5:colcon.colcon_core.verb:set package 'my_robot_description' build argument 'cmake_clean_first' from command line to 'False'
[0.203s] Level 5:colcon.colcon_core.verb:set package 'my_robot_description' build argument 'cmake_force_configure' from command line to 'False'
[0.203s] Level 5:colcon.colcon_core.verb:set package 'my_robot_description' build argument 'ament_cmake_args' from command line to 'None'
[0.203s] Level 5:colcon.colcon_core.verb:set package 'my_robot_description' build argument 'catkin_cmake_args' from command line to 'None'
[0.203s] Level 5:colcon.colcon_core.verb:set package 'my_robot_description' build argument 'catkin_skip_building_tests' from command line to 'False'
[0.203s] DEBUG:colcon.colcon_core.verb:Building package 'my_robot_description' with the following arguments: {'ament_cmake_args': None, 'build_base': '/home/ares/ares_code_projects/R1/build/my_robot_description', 'catkin_cmake_args': None, 'catkin_skip_building_tests': False, 'cmake_args': ['-DCMAKE_BUILD_TYPE=Release'], 'cmake_clean_cache': False, 'cmake_clean_first': False, 'cmake_force_configure': False, 'cmake_target': None, 'cmake_target_skip_unavailable': False, 'install_base': '/home/ares/ares_code_projects/R1/install/my_robot_description', 'merge_install': False, 'path': '/home/ares/ares_code_projects/R1/src/my_robot_description', 'symlink_install': True, 'test_result_base': None}
[0.203s] Level 5:colcon.colcon_core.verb:set package 'myrobot_controller' build argument 'cmake_args' from command line to '['-DCMAKE_BUILD_TYPE=Release']'
[0.203s] Level 5:colcon.colcon_core.verb:set package 'myrobot_controller' build argument 'cmake_target' from command line to 'None'
[0.203s] Level 5:colcon.colcon_core.verb:set package 'myrobot_controller' build argument 'cmake_target_skip_unavailable' from command line to 'False'
[0.203s] Level 5:colcon.colcon_core.verb:set package 'myrobot_controller' build argument 'cmake_clean_cache' from command line to 'False'
[0.203s] Level 5:colcon.colcon_core.verb:set package 'myrobot_controller' build argument 'cmake_clean_first' from command line to 'False'
[0.203s] Level 5:colcon.colcon_core.verb:set package 'myrobot_controller' build argument 'cmake_force_configure' from command line to 'False'
[0.203s] Level 5:colcon.colcon_core.verb:set package 'myrobot_controller' build argument 'ament_cmake_args' from command line to 'None'
[0.203s] Level 5:colcon.colcon_core.verb:set package 'myrobot_controller' build argument 'catkin_cmake_args' from command line to 'None'
[0.203s] Level 5:colcon.colcon_core.verb:set package 'myrobot_controller' build argument 'catkin_skip_building_tests' from command line to 'False'
[0.203s] DEBUG:colcon.colcon_core.verb:Building package 'myrobot_controller' with the following arguments: {'ament_cmake_args': None, 'build_base': '/home/ares/ares_code_projects/R1/build/myrobot_controller', 'catkin_cmake_args': None, 'catkin_skip_building_tests': False, 'cmake_args': ['-DCMAKE_BUILD_TYPE=Release'], 'cmake_clean_cache': False, 'cmake_clean_first': False, 'cmake_force_configure': False, 'cmake_target': None, 'cmake_target_skip_unavailable': False, 'install_base': '/home/ares/ares_code_projects/R1/install/myrobot_controller', 'merge_install': False, 'path': '/home/ares/ares_code_projects/R1/src/myrobot_controller', 'symlink_install': True, 'test_result_base': None}
[0.203s] Level 5:colcon.colcon_core.verb:set package 'omni_mpc_controller' build argument 'cmake_args' from command line to '['-DCMAKE_BUILD_TYPE=Release']'
[0.203s] Level 5:colcon.colcon_core.verb:set package 'omni_mpc_controller' build argument 'cmake_target' from command line to 'None'
[0.203s] Level 5:colcon.colcon_core.verb:set package 'omni_mpc_controller' build argument 'cmake_target_skip_unavailable' from command line to 'False'
[0.203s] Level 5:colcon.colcon_core.verb:set package 'omni_mpc_controller' build argument 'cmake_clean_cache' from command line to 'False'
[0.203s] Level 5:colcon.colcon_core.verb:set package 'omni_mpc_controller' build argument 'cmake_clean_first' from command line to 'False'
[0.203s] Level 5:colcon.colcon_core.verb:set package 'omni_mpc_controller' build argument 'cmake_force_configure' from command line to 'False'
[0.203s] Level 5:colcon.colcon_core.verb:set package 'omni_mpc_controller' build argument 'ament_cmake_args' from command line to 'None'
[0.203s] Level 5:colcon.colcon_core.verb:set package 'omni_mpc_controller' build argument 'catkin_cmake_args' from command line to 'None'
[0.203s] Level 5:colcon.colcon_core.verb:set package 'omni_mpc_controller' build argument 'catkin_skip_building_tests' from command line to 'False'
[0.203s] DEBUG:colcon.colcon_core.verb:Building package 'omni_mpc_controller' with the following arguments: {'ament_cmake_args': None, 'build_base': '/home/ares/ares_code_projects/R1/build/omni_mpc_controller', 'catkin_cmake_args': None, 'catkin_skip_building_tests': False, 'cmake_args': ['-DCMAKE_BUILD_TYPE=Release'], 'cmake_clean_cache': False, 'cmake_clean_first': False, 'cmake_force_configure': False, 'cmake_target': None, 'cmake_target_skip_unavailable': False, 'install_base': '/home/ares/ares_code_projects/R1/install/omni_mpc_controller', 'merge_install': False, 'path': '/home/ares/ares_code_projects/R1/src/omni_mpc_controller', 'symlink_install': True, 'test_result_base': None}
[0.204s] Level 5:colcon.colcon_core.verb:set package 'remote_rc_node' build argument 'cmake_args' from command line to '['-DCMAKE_BUILD_TYPE=Release']'
[0.204s] Level 5:colcon.colcon_core.verb:set package 'remote_rc_node' build argument 'cmake_target' from command line to 'None'
[0.204s] Level 5:colcon.colcon_core.verb:set package 'remote_rc_node' build argument 'cmake_target_skip_unavailable' from command line to 'False'
[0.204s] Level 5:colcon.colcon_core.verb:set package 'remote_rc_node' build argument 'cmake_clean_cache' from command line to 'False'
[0.204s] Level 5:colcon.colcon_core.verb:set package 'remote_rc_node' build argument 'cmake_clean_first' from command line to 'False'
[0.204s] Level 5:colcon.colcon_core.verb:set package 'remote_rc_node' build argument 'cmake_force_configure' from command line to 'False'
[0.204s] Level 5:colcon.colcon_core.verb:set package 'remote_rc_node' build argument 'ament_cmake_args' from command line to 'None'
[0.204s] Level 5:colcon.colcon_core.verb:set package 'remote_rc_node' build argument 'catkin_cmake_args' from command line to 'None'
[0.204s] Level 5:colcon.colcon_core.verb:set package 'remote_rc_node' build argument 'catkin_skip_building_tests' from command line to 'False'
[0.204s] DEBUG:colcon.colcon_core.verb:Building package 'remote_rc_node' with the following arguments: {'ament_cmake_args': None, 'build_base': '/home/ares/ares_code_projects/R1/build/remote_rc_node', 'catkin_cmake_args': None, 'catkin_skip_building_tests': False, 'cmake_args': ['-DCMAKE_BUILD_TYPE=Release'], 'cmake_clean_cache': False, 'cmake_clean_first': False, 'cmake_force_configure': False, 'cmake_target': None, 'cmake_target_skip_unavailable': False, 'install_base': '/home/ares/ares_code_projects/R1/install/remote_rc_node', 'merge_install': False, 'path': '/home/ares/ares_code_projects/R1/src/remote_rc_node', 'symlink_install': True, 'test_result_base': None}
[0.204s] Level 5:colcon.colcon_core.verb:set package 'sllidar_ros2' build argument 'cmake_args' from command line to '['-DCMAKE_BUILD_TYPE=Release']'
[0.204s] Level 5:colcon.colcon_core.verb:set package 'sllidar_ros2' build argument 'cmake_target' from command line to 'None'
[0.204s] Level 5:colcon.colcon_core.verb:set package 'sllidar_ros2' build argument 'cmake_target_skip_unavailable' from command line to 'False'
[0.204s] Level 5:colcon.colcon_core.verb:set package 'sllidar_ros2' build argument 'cmake_clean_cache' from command line to 'False'
[0.204s] Level 5:colcon.colcon_core.verb:set package 'sllidar_ros2' build argument 'cmake_clean_first' from command line to 'False'
[0.204s] Level 5:colcon.colcon_core.verb:set package 'sllidar_ros2' build argument 'cmake_force_configure' from command line to 'False'
[0.204s] Level 5:colcon.colcon_core.verb:set package 'sllidar_ros2' build argument 'ament_cmake_args' from command line to 'None'
[0.204s] Level 5:colcon.colcon_core.verb:set package 'sllidar_ros2' build argument 'catkin_cmake_args' from command line to 'None'
[0.204s] Level 5:colcon.colcon_core.verb:set package 'sllidar_ros2' build argument 'catkin_skip_building_tests' from command line to 'False'
[0.204s] DEBUG:colcon.colcon_core.verb:Building package 'sllidar_ros2' with the following arguments: {'ament_cmake_args': None, 'build_base': '/home/ares/ares_code_projects/R1/build/sllidar_ros2', 'catkin_cmake_args': None, 'catkin_skip_building_tests': False, 'cmake_args': ['-DCMAKE_BUILD_TYPE=Release'], 'cmake_clean_cache': False, 'cmake_clean_first': False, 'cmake_force_configure': False, 'cmake_target': None, 'cmake_target_skip_unavailable': False, 'install_base': '/home/ares/ares_code_projects/R1/install/sllidar_ros2', 'merge_install': False, 'path': '/home/ares/ares_code_projects/R1/src/sllidar_ros2', 'symlink_install': True, 'test_result_base': None}
[0.204s] Level 5:colcon.colcon_core.verb:set package 'usb_bulk_node' build argument 'cmake_args' from command line to '['-DCMAKE_BUILD_TYPE=Release']'
[0.204s] Level 5:colcon.colcon_core.verb:set package 'usb_bulk_node' build argument 'cmake_target' from command line to 'None'
[0.204s] Level 5:colcon.colcon_core.verb:set package 'usb_bulk_node' build argument 'cmake_target_skip_unavailable' from command line to 'False'
[0.204s] Level 5:colcon.colcon_core.verb:set package 'usb_bulk_node' build argument 'cmake_clean_cache' from command line to 'False'
[0.204s] Level 5:colcon.colcon_core.verb:set package 'usb_bulk_node' build argument 'cmake_clean_first' from command line to 'False'
[0.204s] Level 5:colcon.colcon_core.verb:set package 'usb_bulk_node' build argument 'cmake_force_configure' from command line to 'False'
[0.204s] Level 5:colcon.colcon_core.verb:set package 'usb_bulk_node' build argument 'ament_cmake_args' from command line to 'None'
[0.204s] Level 5:colcon.colcon_core.verb:set package 'usb_bulk_node' build argument 'catkin_cmake_args' from command line to 'None'
[0.204s] Level 5:colcon.colcon_core.verb:set package 'usb_bulk_node' build argument 'catkin_skip_building_tests' from command line to 'False'
[0.204s] DEBUG:colcon.colcon_core.verb:Building package 'usb_bulk_node' with the following arguments: {'ament_cmake_args': None, 'build_base': '/home/ares/ares_code_projects/R1/build/usb_bulk_node', 'catkin_cmake_args': None, 'catkin_skip_building_tests': False, 'cmake_args': ['-DCMAKE_BUILD_TYPE=Release'], 'cmake_clean_cache': False, 'cmake_clean_first': False, 'cmake_force_configure': False, 'cmake_target': None, 'cmake_target_skip_unavailable': False, 'install_base': '/home/ares/ares_code_projects/R1/install/usb_bulk_node', 'merge_install': False, 'path': '/home/ares/ares_code_projects/R1/src/usb_bulk_node', 'symlink_install': True, 'test_result_base': None}
[0.204s] Level 5:colcon.colcon_core.verb:set package 'my_robot_bringup' build argument 'cmake_args' from command line to '['-DCMAKE_BUILD_TYPE=Release']'
[0.204s] Level 5:colcon.colcon_core.verb:set package 'my_robot_bringup' build argument 'cmake_target' from command line to 'None'
[0.204s] Level 5:colcon.colcon_core.verb:set package 'my_robot_bringup' build argument 'cmake_target_skip_unavailable' from command line to 'False'
[0.204s] Level 5:colcon.colcon_core.verb:set package 'my_robot_bringup' build argument 'cmake_clean_cache' from command line to 'False'
[0.204s] Level 5:colcon.colcon_core.verb:set package 'my_robot_bringup' build argument 'cmake_clean_first' from command line to 'False'
[0.204s] Level 5:colcon.colcon_core.verb:set package 'my_robot_bringup' build argument 'cmake_force_configure' from command line to 'False'
[0.204s] Level 5:colcon.colcon_core.verb:set package 'my_robot_bringup' build argument 'ament_cmake_args' from command line to 'None'
[0.204s] Level 5:colcon.colcon_core.verb:set package 'my_robot_bringup' build argument 'catkin_cmake_args' from command line to 'None'
[0.204s] Level 5:colcon.colcon_core.verb:set package 'my_robot_bringup' build argument 'catkin_skip_building_tests' from command line to 'False'
[0.204s] DEBUG:colcon.colcon_core.verb:Building package 'my_robot_bringup' with the following arguments: {'ament_cmake_args': None, 'build_base': '/home/ares/ares_code_projects/R1/build/my_robot_bringup', 'catkin_cmake_args': None, 'catkin_skip_building_tests': False, 'cmake_args': ['-DCMAKE_BUILD_TYPE=Release'], 'cmake_clean_cache': False, 'cmake_clean_first': False, 'cmake_force_configure': False, 'cmake_target': None, 'cmake_target_skip_unavailable': False, 'install_base': '/home/ares/ares_code_projects/R1/install/my_robot_bringup', 'merge_install': False, 'path': '/home/ares/ares_code_projects/R1/src/my_robot_bringup', 'symlink_install': True, 'test_result_base': None}
[0.205s] INFO:colcon.colcon_core.executor:Executing jobs using 'parallel' executor
[0.205s] DEBUG:colcon.colcon_parallel_executor.executor.parallel:run_until_complete
[0.205s] INFO:colcon.colcon_ros.task.ament_cmake.build:Building ROS package in '/home/ares/ares_code_projects/R1/src/my_robot_description' with build type 'ament_cmake'
[0.205s] INFO:colcon.colcon_cmake.task.cmake.build:Building CMake package in '/home/ares/ares_code_projects/R1/src/my_robot_description'
[0.207s] INFO:colcon.colcon_core.plugin_system:Skipping extension 'colcon_core.shell.bat': Not used on non-Windows systems
[0.207s] INFO:colcon.colcon_core.shell:Skip shell extension 'powershell' for command environment: Not usable outside of PowerShell
[0.207s] DEBUG:colcon.colcon_core.shell:Skip shell extension 'dsv' for command environment
[0.209s] INFO:colcon.colcon_ros.task.ament_python.build:Building ROS package in '/home/ares/ares_code_projects/R1/src/laser' with build type 'ament_python'
[0.209s] Level 1:colcon.colcon_core.shell:create_environment_hook('laser', 'ament_prefix_path')
[0.210s] INFO:colcon.colcon_core.shell:Creating environment hook '/home/ares/ares_code_projects/R1/install/laser/share/laser/hook/ament_prefix_path.ps1'
[0.210s] INFO:colcon.colcon_core.shell:Creating environment descriptor '/home/ares/ares_code_projects/R1/install/laser/share/laser/hook/ament_prefix_path.dsv'
[0.210s] INFO:colcon.colcon_core.shell:Creating environment hook '/home/ares/ares_code_projects/R1/install/laser/share/laser/hook/ament_prefix_path.sh'
[0.211s] INFO:colcon.colcon_core.shell:Skip shell extension 'powershell' for command environment: Not usable outside of PowerShell
[0.211s] DEBUG:colcon.colcon_core.shell:Skip shell extension 'dsv' for command environment
[0.213s] INFO:colcon.colcon_ros.task.ament_cmake.build:Building ROS package in '/home/ares/ares_code_projects/R1/src/myrobot_controller' with build type 'ament_cmake'
[0.213s] INFO:colcon.colcon_cmake.task.cmake.build:Building CMake package in '/home/ares/ares_code_projects/R1/src/myrobot_controller'
[0.213s] INFO:colcon.colcon_core.shell:Skip shell extension 'powershell' for command environment: Not usable outside of PowerShell
[0.213s] DEBUG:colcon.colcon_core.shell:Skip shell extension 'dsv' for command environment
[0.215s] INFO:colcon.colcon_ros.task.ament_python.build:Building ROS package in '/home/ares/ares_code_projects/R1/src/omni_mpc_controller' with build type 'ament_python'
[0.215s] Level 1:colcon.colcon_core.shell:create_environment_hook('omni_mpc_controller', 'ament_prefix_path')
[0.215s] INFO:colcon.colcon_core.shell:Creating environment hook '/home/ares/ares_code_projects/R1/install/omni_mpc_controller/share/omni_mpc_controller/hook/ament_prefix_path.ps1'
[0.216s] INFO:colcon.colcon_core.shell:Creating environment descriptor '/home/ares/ares_code_projects/R1/install/omni_mpc_controller/share/omni_mpc_controller/hook/ament_prefix_path.dsv'
[0.216s] INFO:colcon.colcon_core.shell:Creating environment hook '/home/ares/ares_code_projects/R1/install/omni_mpc_controller/share/omni_mpc_controller/hook/ament_prefix_path.sh'
[0.216s] INFO:colcon.colcon_core.shell:Skip shell extension 'powershell' for command environment: Not usable outside of PowerShell
[0.216s] DEBUG:colcon.colcon_core.shell:Skip shell extension 'dsv' for command environment
[0.218s] INFO:colcon.colcon_ros.task.ament_cmake.build:Building ROS package in '/home/ares/ares_code_projects/R1/src/remote_rc_node' with build type 'ament_cmake'
[0.218s] INFO:colcon.colcon_cmake.task.cmake.build:Building CMake package in '/home/ares/ares_code_projects/R1/src/remote_rc_node'
[0.218s] INFO:colcon.colcon_core.shell:Skip shell extension 'powershell' for command environment: Not usable outside of PowerShell
[0.218s] DEBUG:colcon.colcon_core.shell:Skip shell extension 'dsv' for command environment
[0.220s] INFO:colcon.colcon_ros.task.ament_cmake.build:Building ROS package in '/home/ares/ares_code_projects/R1/src/sllidar_ros2' with build type 'ament_cmake'
[0.220s] INFO:colcon.colcon_cmake.task.cmake.build:Building CMake package in '/home/ares/ares_code_projects/R1/src/sllidar_ros2'
[0.220s] INFO:colcon.colcon_core.shell:Skip shell extension 'powershell' for command environment: Not usable outside of PowerShell
[0.221s] DEBUG:colcon.colcon_core.shell:Skip shell extension 'dsv' for command environment
[0.223s] INFO:colcon.colcon_ros.task.ament_cmake.build:Building ROS package in '/home/ares/ares_code_projects/R1/src/usb_bulk_node' with build type 'ament_cmake'
[0.223s] INFO:colcon.colcon_cmake.task.cmake.build:Building CMake package in '/home/ares/ares_code_projects/R1/src/usb_bulk_node'
[0.223s] INFO:colcon.colcon_core.shell:Skip shell extension 'powershell' for command environment: Not usable outside of PowerShell
[0.223s] DEBUG:colcon.colcon_core.shell:Skip shell extension 'dsv' for command environment
[0.228s] DEBUG:colcon.colcon_core.event_handler.log_command:Invoking command in '/home/ares/ares_code_projects/R1/build/my_robot_description': CMAKE_PREFIX_PATH=${CMAKE_PREFIX_PATH}:/home/ares/Desktop/dog/install/omni_mpc_controller:/home/ares/Desktop/dog/install/laser:/home/ares/ares_code_projects/R1/install/omni_mpc_controller:/home/ares/ares_code_projects/R1/install/laser:/opt/ros/humble CONDA_PROMPT_MODIFIER=(base) /usr/bin/cmake --build /home/ares/ares_code_projects/R1/build/my_robot_description -- -j16 -l16
[0.373s] INFO:colcon.colcon_core.task.python.build:Building Python package in '/home/ares/ares_code_projects/R1/src/laser'
[0.373s] INFO:colcon.colcon_core.shell:Skip shell extension 'powershell' for command environment: Not usable outside of PowerShell
[0.373s] DEBUG:colcon.colcon_core.shell:Skip shell extension 'dsv' for command environment
[0.378s] DEBUG:colcon.colcon_core.event_handler.log_command:Invoking command in '/home/ares/ares_code_projects/R1/build/myrobot_controller': CMAKE_PREFIX_PATH=${CMAKE_PREFIX_PATH}:/home/ares/Desktop/dog/install/omni_mpc_controller:/home/ares/Desktop/dog/install/laser:/home/ares/ares_code_projects/R1/install/omni_mpc_controller:/home/ares/ares_code_projects/R1/install/laser:/opt/ros/humble CONDA_PROMPT_MODIFIER=(base) /usr/bin/cmake --build /home/ares/ares_code_projects/R1/build/myrobot_controller -- -j16 -l16
[0.521s] INFO:colcon.colcon_core.task.python.build:Building Python package in '/home/ares/ares_code_projects/R1/src/omni_mpc_controller'
[0.521s] INFO:colcon.colcon_core.shell:Skip shell extension 'powershell' for command environment: Not usable outside of PowerShell
[0.521s] DEBUG:colcon.colcon_core.shell:Skip shell extension 'dsv' for command environment
[0.525s] DEBUG:colcon.colcon_core.event_handler.log_command:Invoking command in '/home/ares/ares_code_projects/R1/build/remote_rc_node': CMAKE_PREFIX_PATH=${CMAKE_PREFIX_PATH}:/home/ares/Desktop/dog/install/omni_mpc_controller:/home/ares/Desktop/dog/install/laser:/home/ares/ares_code_projects/R1/install/omni_mpc_controller:/home/ares/ares_code_projects/R1/install/laser:/opt/ros/humble CONDA_PROMPT_MODIFIER=(base) /usr/bin/cmake --build /home/ares/ares_code_projects/R1/build/remote_rc_node -- -j16 -l16
[0.527s] DEBUG:colcon.colcon_core.event_handler.log_command:Invoking command in '/home/ares/ares_code_projects/R1/build/sllidar_ros2': CMAKE_PREFIX_PATH=${CMAKE_PREFIX_PATH}:/home/ares/Desktop/dog/install/omni_mpc_controller:/home/ares/Desktop/dog/install/laser:/home/ares/ares_code_projects/R1/install/omni_mpc_controller:/home/ares/ares_code_projects/R1/install/laser:/opt/ros/humble CONDA_PROMPT_MODIFIER=(base) /usr/bin/cmake --build /home/ares/ares_code_projects/R1/build/sllidar_ros2 -- -j16 -l16
[0.530s] DEBUG:colcon.colcon_core.event_handler.log_command:Invoking command in '/home/ares/ares_code_projects/R1/build/usb_bulk_node': CMAKE_PREFIX_PATH=${CMAKE_PREFIX_PATH}:/home/ares/Desktop/dog/install/omni_mpc_controller:/home/ares/Desktop/dog/install/laser:/home/ares/ares_code_projects/R1/install/omni_mpc_controller:/home/ares/ares_code_projects/R1/install/laser:/opt/ros/humble CONDA_PROMPT_MODIFIER=(base) /usr/bin/cmake --build /home/ares/ares_code_projects/R1/build/usb_bulk_node -- -j16 -l16
[0.531s] DEBUG:colcon.colcon_core.event_handler.log_command:Invoked command in '/home/ares/ares_code_projects/R1/build/my_robot_description' returned '0': CMAKE_PREFIX_PATH=${CMAKE_PREFIX_PATH}:/home/ares/Desktop/dog/install/omni_mpc_controller:/home/ares/Desktop/dog/install/laser:/home/ares/ares_code_projects/R1/install/omni_mpc_controller:/home/ares/ares_code_projects/R1/install/laser:/opt/ros/humble CONDA_PROMPT_MODIFIER=(base) /usr/bin/cmake --build /home/ares/ares_code_projects/R1/build/my_robot_description -- -j16 -l16
[0.535s] DEBUG:colcon.colcon_core.event_handler.log_command:Invoking command in '/home/ares/ares_code_projects/R1/build/my_robot_description': CMAKE_PREFIX_PATH=${CMAKE_PREFIX_PATH}:/home/ares/Desktop/dog/install/omni_mpc_controller:/home/ares/Desktop/dog/install/laser:/home/ares/ares_code_projects/R1/install/omni_mpc_controller:/home/ares/ares_code_projects/R1/install/laser:/opt/ros/humble CONDA_PROMPT_MODIFIER=(base) /usr/bin/cmake --install /home/ares/ares_code_projects/R1/build/my_robot_description
[0.554s] Level 1:colcon.colcon_core.environment:create_environment_scripts_only(my_robot_description)
[0.554s] DEBUG:colcon.colcon_core.event_handler.log_command:Invoked command in '/home/ares/ares_code_projects/R1/build/my_robot_description' returned '0': CMAKE_PREFIX_PATH=${CMAKE_PREFIX_PATH}:/home/ares/Desktop/dog/install/omni_mpc_controller:/home/ares/Desktop/dog/install/laser:/home/ares/ares_code_projects/R1/install/omni_mpc_controller:/home/ares/ares_code_projects/R1/install/laser:/opt/ros/humble CONDA_PROMPT_MODIFIER=(base) /usr/bin/cmake --install /home/ares/ares_code_projects/R1/build/my_robot_description
[0.556s] Level 1:colcon.colcon_core.environment:checking '/home/ares/ares_code_projects/R1/install/my_robot_description' for CMake module files
[0.557s] Level 1:colcon.colcon_core.environment:checking '/home/ares/ares_code_projects/R1/install/my_robot_description' for CMake config files
[0.557s] Level 1:colcon.colcon_core.shell:create_environment_hook('my_robot_description', 'cmake_prefix_path')
[0.557s] INFO:colcon.colcon_core.shell:Creating environment hook '/home/ares/ares_code_projects/R1/install/my_robot_description/share/my_robot_description/hook/cmake_prefix_path.ps1'
[0.559s] INFO:colcon.colcon_core.shell:Creating environment descriptor '/home/ares/ares_code_projects/R1/install/my_robot_description/share/my_robot_description/hook/cmake_prefix_path.dsv'
[0.559s] INFO:colcon.colcon_core.shell:Creating environment hook '/home/ares/ares_code_projects/R1/install/my_robot_description/share/my_robot_description/hook/cmake_prefix_path.sh'
[0.559s] Level 1:colcon.colcon_core.environment:checking '/home/ares/ares_code_projects/R1/install/my_robot_description/bin'
[0.559s] Level 1:colcon.colcon_core.environment:checking '/home/ares/ares_code_projects/R1/install/my_robot_description/lib/pkgconfig/my_robot_description.pc'
[0.560s] Level 1:colcon.colcon_core.environment:checking '/home/ares/ares_code_projects/R1/install/my_robot_description/lib/python3.10/site-packages'
[0.560s] Level 1:colcon.colcon_core.environment:checking '/home/ares/ares_code_projects/R1/install/my_robot_description/bin'
[0.560s] INFO:colcon.colcon_core.shell:Creating package script '/home/ares/ares_code_projects/R1/install/my_robot_description/share/my_robot_description/package.ps1'
[0.560s] INFO:colcon.colcon_core.shell:Creating package descriptor '/home/ares/ares_code_projects/R1/install/my_robot_description/share/my_robot_description/package.dsv'
[0.561s] INFO:colcon.colcon_core.shell:Creating package script '/home/ares/ares_code_projects/R1/install/my_robot_description/share/my_robot_description/package.sh'
[0.561s] INFO:colcon.colcon_core.shell:Creating package script '/home/ares/ares_code_projects/R1/install/my_robot_description/share/my_robot_description/package.bash'
[0.562s] INFO:colcon.colcon_core.shell:Creating package script '/home/ares/ares_code_projects/R1/install/my_robot_description/share/my_robot_description/package.zsh'
[0.562s] Level 1:colcon.colcon_core.environment:create_file_with_runtime_dependencies(/home/ares/ares_code_projects/R1/install/my_robot_description/share/colcon-core/packages/my_robot_description)
[0.562s] Level 1:colcon.colcon_core.environment:create_environment_scripts_only(my_robot_description)
[0.562s] Level 1:colcon.colcon_core.environment:checking '/home/ares/ares_code_projects/R1/install/my_robot_description' for CMake module files
[0.563s] Level 1:colcon.colcon_core.environment:checking '/home/ares/ares_code_projects/R1/install/my_robot_description' for CMake config files
[0.563s] Level 1:colcon.colcon_core.shell:create_environment_hook('my_robot_description', 'cmake_prefix_path')
[0.563s] INFO:colcon.colcon_core.shell:Creating environment hook '/home/ares/ares_code_projects/R1/install/my_robot_description/share/my_robot_description/hook/cmake_prefix_path.ps1'
[0.563s] INFO:colcon.colcon_core.shell:Creating environment descriptor '/home/ares/ares_code_projects/R1/install/my_robot_description/share/my_robot_description/hook/cmake_prefix_path.dsv'
[0.564s] INFO:colcon.colcon_core.shell:Creating environment hook '/home/ares/ares_code_projects/R1/install/my_robot_description/share/my_robot_description/hook/cmake_prefix_path.sh'
[0.564s] Level 1:colcon.colcon_core.environment:checking '/home/ares/ares_code_projects/R1/install/my_robot_description/bin'
[0.564s] Level 1:colcon.colcon_core.environment:checking '/home/ares/ares_code_projects/R1/install/my_robot_description/lib/pkgconfig/my_robot_description.pc'
[0.565s] Level 1:colcon.colcon_core.environment:checking '/home/ares/ares_code_projects/R1/install/my_robot_description/lib/python3.10/site-packages'
[0.565s] Level 1:colcon.colcon_core.environment:checking '/home/ares/ares_code_projects/R1/install/my_robot_description/bin'
[0.565s] INFO:colcon.colcon_core.shell:Creating package script '/home/ares/ares_code_projects/R1/install/my_robot_description/share/my_robot_description/package.ps1'
[0.566s] INFO:colcon.colcon_core.shell:Creating package descriptor '/home/ares/ares_code_projects/R1/install/my_robot_description/share/my_robot_description/package.dsv'
[0.566s] INFO:colcon.colcon_core.shell:Creating package script '/home/ares/ares_code_projects/R1/install/my_robot_description/share/my_robot_description/package.sh'
[0.567s] INFO:colcon.colcon_core.shell:Creating package script '/home/ares/ares_code_projects/R1/install/my_robot_description/share/my_robot_description/package.bash'
[0.567s] INFO:colcon.colcon_core.shell:Creating package script '/home/ares/ares_code_projects/R1/install/my_robot_description/share/my_robot_description/package.zsh'
[0.568s] Level 1:colcon.colcon_core.environment:create_file_with_runtime_dependencies(/home/ares/ares_code_projects/R1/install/my_robot_description/share/colcon-core/packages/my_robot_description)
[0.568s] INFO:colcon.colcon_ros.task.ament_cmake.build:Building ROS package in '/home/ares/ares_code_projects/R1/src/my_robot_bringup' with build type 'ament_cmake'
[0.568s] INFO:colcon.colcon_cmake.task.cmake.build:Building CMake package in '/home/ares/ares_code_projects/R1/src/my_robot_bringup'
[0.569s] INFO:colcon.colcon_core.shell:Skip shell extension 'powershell' for command environment: Not usable outside of PowerShell
[0.569s] DEBUG:colcon.colcon_core.shell:Skip shell extension 'dsv' for command environment
[0.576s] DEBUG:colcon.colcon_core.event_handler.log_command:Invoked command in '/home/ares/ares_code_projects/R1/build/sllidar_ros2' returned '0': CMAKE_PREFIX_PATH=${CMAKE_PREFIX_PATH}:/home/ares/Desktop/dog/install/omni_mpc_controller:/home/ares/Desktop/dog/install/laser:/home/ares/ares_code_projects/R1/install/omni_mpc_controller:/home/ares/ares_code_projects/R1/install/laser:/opt/ros/humble CONDA_PROMPT_MODIFIER=(base) /usr/bin/cmake --build /home/ares/ares_code_projects/R1/build/sllidar_ros2 -- -j16 -l16
[0.577s] DEBUG:colcon.colcon_core.event_handler.log_command:Invoking command in '/home/ares/ares_code_projects/R1/build/sllidar_ros2': CMAKE_PREFIX_PATH=${CMAKE_PREFIX_PATH}:/home/ares/Desktop/dog/install/omni_mpc_controller:/home/ares/Desktop/dog/install/laser:/home/ares/ares_code_projects/R1/install/omni_mpc_controller:/home/ares/ares_code_projects/R1/install/laser:/opt/ros/humble CONDA_PROMPT_MODIFIER=(base) /usr/bin/cmake --install /home/ares/ares_code_projects/R1/build/sllidar_ros2
[0.578s] DEBUG:colcon.colcon_core.event_handler.log_command:Invoked command in '/home/ares/ares_code_projects/R1/build/usb_bulk_node' returned '0': CMAKE_PREFIX_PATH=${CMAKE_PREFIX_PATH}:/home/ares/Desktop/dog/install/omni_mpc_controller:/home/ares/Desktop/dog/install/laser:/home/ares/ares_code_projects/R1/install/omni_mpc_controller:/home/ares/ares_code_projects/R1/install/laser:/opt/ros/humble CONDA_PROMPT_MODIFIER=(base) /usr/bin/cmake --build /home/ares/ares_code_projects/R1/build/usb_bulk_node -- -j16 -l16
[0.579s] DEBUG:colcon.colcon_core.event_handler.log_command:Invoking command in '/home/ares/ares_code_projects/R1/build/usb_bulk_node': CMAKE_PREFIX_PATH=${CMAKE_PREFIX_PATH}:/home/ares/Desktop/dog/install/omni_mpc_controller:/home/ares/Desktop/dog/install/laser:/home/ares/ares_code_projects/R1/install/omni_mpc_controller:/home/ares/ares_code_projects/R1/install/laser:/opt/ros/humble CONDA_PROMPT_MODIFIER=(base) /usr/bin/cmake --install /home/ares/ares_code_projects/R1/build/usb_bulk_node
[0.582s] DEBUG:colcon.colcon_core.event_handler.log_command:Invoking command in '/home/ares/ares_code_projects/R1/build/my_robot_bringup': CMAKE_PREFIX_PATH=/home/ares/ares_code_projects/R1/install/my_robot_description:/home/ares/ares_code_projects/R1/install/remote_rc_node:/home/ares/Desktop/dog/install/usb_bulk_node:/home/ares/Desktop/dog/install/sllidar_ros2:/home/ares/Desktop/dog/install/myrobot_controller:/home/ares/Desktop/dog/install/my_robot_bringup:/home/ares/Desktop/dog/install/my_robot_description:/home/ares/Desktop/dog/install/laser_position:/home/ares/ares_code_projects/R1/install/usb_bulk_node:/home/ares/ares_code_projects/R1/install/sllidar_ros2:/home/ares/ares_code_projects/R1/install/myrobot_controller:/home/ares/ares_code_projects/R1/install/my_robot_bringup:/home/ares/ros2_ws/install/zed_ros2:/home/ares/ros2_ws/install/zed_wrapper:/home/ares/ros2_ws/install/zed_components:/home/ares/ros2_ws/install/hoop_detector:/home/ares/ros2_ws/install/hik_camera:/home/ares/Desktop/dog/install/omni_mpc_controller:/home/ares/Desktop/dog/install/laser:/home/ares/ares_code_projects/R1/install/omni_mpc_controller:/home/ares/ares_code_projects/R1/install/laser:/opt/ros/humble CONDA_PROMPT_MODIFIER=(base) /usr/bin/cmake --build /home/ares/ares_code_projects/R1/build/my_robot_bringup -- -j16 -l16
[0.593s] Level 1:colcon.colcon_core.environment:create_environment_scripts_only(usb_bulk_node)
[0.593s] Level 1:colcon.colcon_core.environment:checking '/home/ares/ares_code_projects/R1/install/usb_bulk_node' for CMake module files
[0.594s] DEBUG:colcon.colcon_core.event_handler.log_command:Invoked command in '/home/ares/ares_code_projects/R1/build/usb_bulk_node' returned '0': CMAKE_PREFIX_PATH=${CMAKE_PREFIX_PATH}:/home/ares/Desktop/dog/install/omni_mpc_controller:/home/ares/Desktop/dog/install/laser:/home/ares/ares_code_projects/R1/install/omni_mpc_controller:/home/ares/ares_code_projects/R1/install/laser:/opt/ros/humble CONDA_PROMPT_MODIFIER=(base) /usr/bin/cmake --install /home/ares/ares_code_projects/R1/build/usb_bulk_node
[0.594s] Level 1:colcon.colcon_core.environment:checking '/home/ares/ares_code_projects/R1/install/usb_bulk_node' for CMake config files
[0.594s] Level 1:colcon.colcon_core.shell:create_environment_hook('usb_bulk_node', 'cmake_prefix_path')
[0.594s] INFO:colcon.colcon_core.shell:Creating environment hook '/home/ares/ares_code_projects/R1/install/usb_bulk_node/share/usb_bulk_node/hook/cmake_prefix_path.ps1'
[0.595s] INFO:colcon.colcon_core.shell:Creating environment descriptor '/home/ares/ares_code_projects/R1/install/usb_bulk_node/share/usb_bulk_node/hook/cmake_prefix_path.dsv'
[0.595s] INFO:colcon.colcon_core.shell:Creating environment hook '/home/ares/ares_code_projects/R1/install/usb_bulk_node/share/usb_bulk_node/hook/cmake_prefix_path.sh'
[0.595s] Level 1:colcon.colcon_core.environment:checking '/home/ares/ares_code_projects/R1/install/usb_bulk_node/lib'
[0.595s] Level 1:colcon.colcon_core.environment:checking '/home/ares/ares_code_projects/R1/install/usb_bulk_node/bin'
[0.595s] Level 1:colcon.colcon_core.environment:checking '/home/ares/ares_code_projects/R1/install/usb_bulk_node/lib/pkgconfig/usb_bulk_node.pc'
[0.596s] Level 1:colcon.colcon_core.environment:checking '/home/ares/ares_code_projects/R1/install/usb_bulk_node/lib/python3.10/site-packages'
[0.596s] Level 1:colcon.colcon_core.environment:checking '/home/ares/ares_code_projects/R1/install/usb_bulk_node/bin'
[0.596s] INFO:colcon.colcon_core.shell:Creating package script '/home/ares/ares_code_projects/R1/install/usb_bulk_node/share/usb_bulk_node/package.ps1'
[0.596s] INFO:colcon.colcon_core.shell:Creating package descriptor '/home/ares/ares_code_projects/R1/install/usb_bulk_node/share/usb_bulk_node/package.dsv'
[0.596s] INFO:colcon.colcon_core.shell:Creating package script '/home/ares/ares_code_projects/R1/install/usb_bulk_node/share/usb_bulk_node/package.sh'
[0.597s] INFO:colcon.colcon_core.shell:Creating package script '/home/ares/ares_code_projects/R1/install/usb_bulk_node/share/usb_bulk_node/package.bash'
[0.597s] INFO:colcon.colcon_core.shell:Creating package script '/home/ares/ares_code_projects/R1/install/usb_bulk_node/share/usb_bulk_node/package.zsh'
[0.597s] Level 1:colcon.colcon_core.environment:create_file_with_runtime_dependencies(/home/ares/ares_code_projects/R1/install/usb_bulk_node/share/colcon-core/packages/usb_bulk_node)
[0.598s] Level 1:colcon.colcon_core.environment:create_environment_scripts_only(usb_bulk_node)
[0.598s] Level 1:colcon.colcon_core.environment:checking '/home/ares/ares_code_projects/R1/install/usb_bulk_node' for CMake module files
[0.599s] Level 1:colcon.colcon_core.environment:checking '/home/ares/ares_code_projects/R1/install/usb_bulk_node' for CMake config files
[0.599s] Level 1:colcon.colcon_core.shell:create_environment_hook('usb_bulk_node', 'cmake_prefix_path')
[0.599s] INFO:colcon.colcon_core.shell:Creating environment hook '/home/ares/ares_code_projects/R1/install/usb_bulk_node/share/usb_bulk_node/hook/cmake_prefix_path.ps1'
[0.599s] INFO:colcon.colcon_core.shell:Creating environment descriptor '/home/ares/ares_code_projects/R1/install/usb_bulk_node/share/usb_bulk_node/hook/cmake_prefix_path.dsv'
[0.600s] INFO:colcon.colcon_core.shell:Creating environment hook '/home/ares/ares_code_projects/R1/install/usb_bulk_node/share/usb_bulk_node/hook/cmake_prefix_path.sh'
[0.600s] Level 1:colcon.colcon_core.environment:checking '/home/ares/ares_code_projects/R1/install/usb_bulk_node/lib'
[0.600s] Level 1:colcon.colcon_core.environment:checking '/home/ares/ares_code_projects/R1/install/usb_bulk_node/bin'
[0.600s] Level 1:colcon.colcon_core.environment:checking '/home/ares/ares_code_projects/R1/install/usb_bulk_node/lib/pkgconfig/usb_bulk_node.pc'
[0.600s] Level 1:colcon.colcon_core.environment:checking '/home/ares/ares_code_projects/R1/install/usb_bulk_node/lib/python3.10/site-packages'
[0.601s] Level 1:colcon.colcon_core.environment:checking '/home/ares/ares_code_projects/R1/install/usb_bulk_node/bin'
[0.601s] INFO:colcon.colcon_core.shell:Creating package script '/home/ares/ares_code_projects/R1/install/usb_bulk_node/share/usb_bulk_node/package.ps1'
[0.601s] INFO:colcon.colcon_core.shell:Creating package descriptor '/home/ares/ares_code_projects/R1/install/usb_bulk_node/share/usb_bulk_node/package.dsv'
[0.602s] INFO:colcon.colcon_core.shell:Creating package script '/home/ares/ares_code_projects/R1/install/usb_bulk_node/share/usb_bulk_node/package.sh'
[0.602s] INFO:colcon.colcon_core.shell:Creating package script '/home/ares/ares_code_projects/R1/install/usb_bulk_node/share/usb_bulk_node/package.bash'
[0.602s] INFO:colcon.colcon_core.shell:Creating package script '/home/ares/ares_code_projects/R1/install/usb_bulk_node/share/usb_bulk_node/package.zsh'
[0.602s] Level 1:colcon.colcon_core.environment:create_file_with_runtime_dependencies(/home/ares/ares_code_projects/R1/install/usb_bulk_node/share/colcon-core/packages/usb_bulk_node)
[0.604s] DEBUG:colcon.colcon_core.event_handler.log_command:Invoked command in '/home/ares/ares_code_projects/R1/build/myrobot_controller' returned '0': CMAKE_PREFIX_PATH=${CMAKE_PREFIX_PATH}:/home/ares/Desktop/dog/install/omni_mpc_controller:/home/ares/Desktop/dog/install/laser:/home/ares/ares_code_projects/R1/install/omni_mpc_controller:/home/ares/ares_code_projects/R1/install/laser:/opt/ros/humble CONDA_PROMPT_MODIFIER=(base) /usr/bin/cmake --build /home/ares/ares_code_projects/R1/build/myrobot_controller -- -j16 -l16
[0.605s] Level 1:colcon.colcon_core.environment:create_environment_scripts_only(sllidar_ros2)
[0.605s] Level 1:colcon.colcon_core.environment:checking '/home/ares/ares_code_projects/R1/install/sllidar_ros2' for CMake module files
[0.606s] DEBUG:colcon.colcon_core.event_handler.log_command:Invoking command in '/home/ares/ares_code_projects/R1/build/myrobot_controller': CMAKE_PREFIX_PATH=${CMAKE_PREFIX_PATH}:/home/ares/Desktop/dog/install/omni_mpc_controller:/home/ares/Desktop/dog/install/laser:/home/ares/ares_code_projects/R1/install/omni_mpc_controller:/home/ares/ares_code_projects/R1/install/laser:/opt/ros/humble CONDA_PROMPT_MODIFIER=(base) /usr/bin/cmake --install /home/ares/ares_code_projects/R1/build/myrobot_controller
[0.606s] Level 1:colcon.colcon_core.environment:checking '/home/ares/ares_code_projects/R1/install/sllidar_ros2' for CMake config files
[0.607s] DEBUG:colcon.colcon_core.event_handler.log_command:Invoked command in '/home/ares/ares_code_projects/R1/build/sllidar_ros2' returned '0': CMAKE_PREFIX_PATH=${CMAKE_PREFIX_PATH}:/home/ares/Desktop/dog/install/omni_mpc_controller:/home/ares/Desktop/dog/install/laser:/home/ares/ares_code_projects/R1/install/omni_mpc_controller:/home/ares/ares_code_projects/R1/install/laser:/opt/ros/humble CONDA_PROMPT_MODIFIER=(base) /usr/bin/cmake --install /home/ares/ares_code_projects/R1/build/sllidar_ros2
[0.607s] Level 1:colcon.colcon_core.shell:create_environment_hook('sllidar_ros2', 'cmake_prefix_path')
[0.607s] INFO:colcon.colcon_core.shell:Creating environment hook '/home/ares/ares_code_projects/R1/install/sllidar_ros2/share/sllidar_ros2/hook/cmake_prefix_path.ps1'
[0.608s] INFO:colcon.colcon_core.shell:Creating environment descriptor '/home/ares/ares_code_projects/R1/install/sllidar_ros2/share/sllidar_ros2/hook/cmake_prefix_path.dsv'
[0.608s] INFO:colcon.colcon_core.shell:Creating environment hook '/home/ares/ares_code_projects/R1/install/sllidar_ros2/share/sllidar_ros2/hook/cmake_prefix_path.sh'
[0.608s] Level 1:colcon.colcon_core.environment:checking '/home/ares/ares_code_projects/R1/install/sllidar_ros2/lib'
[0.608s] Level 1:colcon.colcon_core.environment:checking '/home/ares/ares_code_projects/R1/install/sllidar_ros2/bin'
[0.609s] Level 1:colcon.colcon_core.environment:checking '/home/ares/ares_code_projects/R1/install/sllidar_ros2/lib/pkgconfig/sllidar_ros2.pc'
[0.609s] Level 1:colcon.colcon_core.environment:checking '/home/ares/ares_code_projects/R1/install/sllidar_ros2/lib/python3.10/site-packages'
[0.609s] Level 1:colcon.colcon_core.environment:checking '/home/ares/ares_code_projects/R1/install/sllidar_ros2/bin'
[0.609s] INFO:colcon.colcon_core.shell:Creating package script '/home/ares/ares_code_projects/R1/install/sllidar_ros2/share/sllidar_ros2/package.ps1'
[0.610s] INFO:colcon.colcon_core.shell:Creating package descriptor '/home/ares/ares_code_projects/R1/install/sllidar_ros2/share/sllidar_ros2/package.dsv'
[0.610s] INFO:colcon.colcon_core.shell:Creating package script '/home/ares/ares_code_projects/R1/install/sllidar_ros2/share/sllidar_ros2/package.sh'
[0.611s] INFO:colcon.colcon_core.shell:Creating package script '/home/ares/ares_code_projects/R1/install/sllidar_ros2/share/sllidar_ros2/package.bash'
[0.611s] INFO:colcon.colcon_core.shell:Creating package script '/home/ares/ares_code_projects/R1/install/sllidar_ros2/share/sllidar_ros2/package.zsh'
[0.612s] Level 1:colcon.colcon_core.environment:create_file_with_runtime_dependencies(/home/ares/ares_code_projects/R1/install/sllidar_ros2/share/colcon-core/packages/sllidar_ros2)
[0.613s] Level 1:colcon.colcon_core.environment:create_environment_scripts_only(sllidar_ros2)
[0.614s] Level 1:colcon.colcon_core.environment:checking '/home/ares/ares_code_projects/R1/install/sllidar_ros2' for CMake module files
[0.614s] Level 1:colcon.colcon_core.environment:checking '/home/ares/ares_code_projects/R1/install/sllidar_ros2' for CMake config files
[0.614s] Level 1:colcon.colcon_core.shell:create_environment_hook('sllidar_ros2', 'cmake_prefix_path')
[0.615s] INFO:colcon.colcon_core.shell:Creating environment hook '/home/ares/ares_code_projects/R1/install/sllidar_ros2/share/sllidar_ros2/hook/cmake_prefix_path.ps1'
[0.615s] INFO:colcon.colcon_core.shell:Creating environment descriptor '/home/ares/ares_code_projects/R1/install/sllidar_ros2/share/sllidar_ros2/hook/cmake_prefix_path.dsv'
[0.615s] INFO:colcon.colcon_core.shell:Creating environment hook '/home/ares/ares_code_projects/R1/install/sllidar_ros2/share/sllidar_ros2/hook/cmake_prefix_path.sh'
[0.616s] Level 1:colcon.colcon_core.environment:checking '/home/ares/ares_code_projects/R1/install/sllidar_ros2/lib'
[0.616s] Level 1:colcon.colcon_core.environment:checking '/home/ares/ares_code_projects/R1/install/sllidar_ros2/bin'
[0.616s] Level 1:colcon.colcon_core.environment:checking '/home/ares/ares_code_projects/R1/install/sllidar_ros2/lib/pkgconfig/sllidar_ros2.pc'
[0.616s] Level 1:colcon.colcon_core.environment:checking '/home/ares/ares_code_projects/R1/install/sllidar_ros2/lib/python3.10/site-packages'
[0.616s] Level 1:colcon.colcon_core.environment:checking '/home/ares/ares_code_projects/R1/install/sllidar_ros2/bin'
[0.617s] INFO:colcon.colcon_core.shell:Creating package script '/home/ares/ares_code_projects/R1/install/sllidar_ros2/share/sllidar_ros2/package.ps1'
[0.617s] INFO:colcon.colcon_core.shell:Creating package descriptor '/home/ares/ares_code_projects/R1/install/sllidar_ros2/share/sllidar_ros2/package.dsv'
[0.617s] INFO:colcon.colcon_core.shell:Creating package script '/home/ares/ares_code_projects/R1/install/sllidar_ros2/share/sllidar_ros2/package.sh'
[0.618s] INFO:colcon.colcon_core.shell:Creating package script '/home/ares/ares_code_projects/R1/install/sllidar_ros2/share/sllidar_ros2/package.bash'
[0.618s] INFO:colcon.colcon_core.shell:Creating package script '/home/ares/ares_code_projects/R1/install/sllidar_ros2/share/sllidar_ros2/package.zsh'
[0.619s] Level 1:colcon.colcon_core.environment:create_file_with_runtime_dependencies(/home/ares/ares_code_projects/R1/install/sllidar_ros2/share/colcon-core/packages/sllidar_ros2)
[0.620s] DEBUG:colcon.colcon_core.event_handler.log_command:Invoked command in '/home/ares/ares_code_projects/R1/build/my_robot_bringup' returned '0': CMAKE_PREFIX_PATH=/home/ares/ares_code_projects/R1/install/my_robot_description:/home/ares/ares_code_projects/R1/install/remote_rc_node:/home/ares/Desktop/dog/install/usb_bulk_node:/home/ares/Desktop/dog/install/sllidar_ros2:/home/ares/Desktop/dog/install/myrobot_controller:/home/ares/Desktop/dog/install/my_robot_bringup:/home/ares/Desktop/dog/install/my_robot_description:/home/ares/Desktop/dog/install/laser_position:/home/ares/ares_code_projects/R1/install/usb_bulk_node:/home/ares/ares_code_projects/R1/install/sllidar_ros2:/home/ares/ares_code_projects/R1/install/myrobot_controller:/home/ares/ares_code_projects/R1/install/my_robot_bringup:/home/ares/ros2_ws/install/zed_ros2:/home/ares/ros2_ws/install/zed_wrapper:/home/ares/ros2_ws/install/zed_components:/home/ares/ros2_ws/install/hoop_detector:/home/ares/ros2_ws/install/hik_camera:/home/ares/Desktop/dog/install/omni_mpc_controller:/home/ares/Desktop/dog/install/laser:/home/ares/ares_code_projects/R1/install/omni_mpc_controller:/home/ares/ares_code_projects/R1/install/laser:/opt/ros/humble CONDA_PROMPT_MODIFIER=(base) /usr/bin/cmake --build /home/ares/ares_code_projects/R1/build/my_robot_bringup -- -j16 -l16
[0.621s] DEBUG:colcon.colcon_core.event_handler.log_command:Invoking command in '/home/ares/ares_code_projects/R1/build/my_robot_bringup': CMAKE_PREFIX_PATH=/home/ares/ares_code_projects/R1/install/my_robot_description:/home/ares/ares_code_projects/R1/install/remote_rc_node:/home/ares/Desktop/dog/install/usb_bulk_node:/home/ares/Desktop/dog/install/sllidar_ros2:/home/ares/Desktop/dog/install/myrobot_controller:/home/ares/Desktop/dog/install/my_robot_bringup:/home/ares/Desktop/dog/install/my_robot_description:/home/ares/Desktop/dog/install/laser_position:/home/ares/ares_code_projects/R1/install/usb_bulk_node:/home/ares/ares_code_projects/R1/install/sllidar_ros2:/home/ares/ares_code_projects/R1/install/myrobot_controller:/home/ares/ares_code_projects/R1/install/my_robot_bringup:/home/ares/ros2_ws/install/zed_ros2:/home/ares/ros2_ws/install/zed_wrapper:/home/ares/ros2_ws/install/zed_components:/home/ares/ros2_ws/install/hoop_detector:/home/ares/ros2_ws/install/hik_camera:/home/ares/Desktop/dog/install/omni_mpc_controller:/home/ares/Desktop/dog/install/laser:/home/ares/ares_code_projects/R1/install/omni_mpc_controller:/home/ares/ares_code_projects/R1/install/laser:/opt/ros/humble CONDA_PROMPT_MODIFIER=(base) /usr/bin/cmake --install /home/ares/ares_code_projects/R1/build/my_robot_bringup
[0.636s] Level 1:colcon.colcon_core.environment:create_environment_scripts_only(my_robot_bringup)
[0.637s] Level 1:colcon.colcon_core.environment:checking '/home/ares/ares_code_projects/R1/install/my_robot_bringup' for CMake module files
[0.637s] DEBUG:colcon.colcon_core.event_handler.log_command:Invoked command in '/home/ares/ares_code_projects/R1/build/my_robot_bringup' returned '0': CMAKE_PREFIX_PATH=/home/ares/ares_code_projects/R1/install/my_robot_description:/home/ares/ares_code_projects/R1/install/remote_rc_node:/home/ares/Desktop/dog/install/usb_bulk_node:/home/ares/Desktop/dog/install/sllidar_ros2:/home/ares/Desktop/dog/install/myrobot_controller:/home/ares/Desktop/dog/install/my_robot_bringup:/home/ares/Desktop/dog/install/my_robot_description:/home/ares/Desktop/dog/install/laser_position:/home/ares/ares_code_projects/R1/install/usb_bulk_node:/home/ares/ares_code_projects/R1/install/sllidar_ros2:/home/ares/ares_code_projects/R1/install/myrobot_controller:/home/ares/ares_code_projects/R1/install/my_robot_bringup:/home/ares/ros2_ws/install/zed_ros2:/home/ares/ros2_ws/install/zed_wrapper:/home/ares/ros2_ws/install/zed_components:/home/ares/ros2_ws/install/hoop_detector:/home/ares/ros2_ws/install/hik_camera:/home/ares/Desktop/dog/install/omni_mpc_controller:/home/ares/Desktop/dog/install/laser:/home/ares/ares_code_projects/R1/install/omni_mpc_controller:/home/ares/ares_code_projects/R1/install/laser:/opt/ros/humble CONDA_PROMPT_MODIFIER=(base) /usr/bin/cmake --install /home/ares/ares_code_projects/R1/build/my_robot_bringup
[0.637s] Level 1:colcon.colcon_core.environment:checking '/home/ares/ares_code_projects/R1/install/my_robot_bringup' for CMake config files
[0.637s] Level 1:colcon.colcon_core.shell:create_environment_hook('my_robot_bringup', 'cmake_prefix_path')
[0.638s] INFO:colcon.colcon_core.shell:Creating environment hook '/home/ares/ares_code_projects/R1/install/my_robot_bringup/share/my_robot_bringup/hook/cmake_prefix_path.ps1'
[0.638s] INFO:colcon.colcon_core.shell:Creating environment descriptor '/home/ares/ares_code_projects/R1/install/my_robot_bringup/share/my_robot_bringup/hook/cmake_prefix_path.dsv'
[0.638s] INFO:colcon.colcon_core.shell:Creating environment hook '/home/ares/ares_code_projects/R1/install/my_robot_bringup/share/my_robot_bringup/hook/cmake_prefix_path.sh'
[0.638s] Level 1:colcon.colcon_core.environment:checking '/home/ares/ares_code_projects/R1/install/my_robot_bringup/bin'
[0.638s] Level 1:colcon.colcon_core.environment:checking '/home/ares/ares_code_projects/R1/install/my_robot_bringup/lib/pkgconfig/my_robot_bringup.pc'
[0.639s] Level 1:colcon.colcon_core.environment:checking '/home/ares/ares_code_projects/R1/install/my_robot_bringup/lib/python3.10/site-packages'
[0.639s] Level 1:colcon.colcon_core.environment:checking '/home/ares/ares_code_projects/R1/install/my_robot_bringup/bin'
[0.639s] INFO:colcon.colcon_core.shell:Creating package script '/home/ares/ares_code_projects/R1/install/my_robot_bringup/share/my_robot_bringup/package.ps1'
[0.639s] INFO:colcon.colcon_core.shell:Creating package descriptor '/home/ares/ares_code_projects/R1/install/my_robot_bringup/share/my_robot_bringup/package.dsv'
[0.640s] INFO:colcon.colcon_core.shell:Creating package script '/home/ares/ares_code_projects/R1/install/my_robot_bringup/share/my_robot_bringup/package.sh'
[0.640s] INFO:colcon.colcon_core.shell:Creating package script '/home/ares/ares_code_projects/R1/install/my_robot_bringup/share/my_robot_bringup/package.bash'
[0.640s] INFO:colcon.colcon_core.shell:Creating package script '/home/ares/ares_code_projects/R1/install/my_robot_bringup/share/my_robot_bringup/package.zsh'
[0.640s] Level 1:colcon.colcon_core.environment:create_file_with_runtime_dependencies(/home/ares/ares_code_projects/R1/install/my_robot_bringup/share/colcon-core/packages/my_robot_bringup)
[0.641s] Level 1:colcon.colcon_core.environment:create_environment_scripts_only(my_robot_bringup)
[0.641s] Level 1:colcon.colcon_core.environment:checking '/home/ares/ares_code_projects/R1/install/my_robot_bringup' for CMake module files
[0.641s] Level 1:colcon.colcon_core.environment:checking '/home/ares/ares_code_projects/R1/install/my_robot_bringup' for CMake config files
[0.641s] Level 1:colcon.colcon_core.shell:create_environment_hook('my_robot_bringup', 'cmake_prefix_path')
[0.642s] INFO:colcon.colcon_core.shell:Creating environment hook '/home/ares/ares_code_projects/R1/install/my_robot_bringup/share/my_robot_bringup/hook/cmake_prefix_path.ps1'
[0.642s] INFO:colcon.colcon_core.shell:Creating environment descriptor '/home/ares/ares_code_projects/R1/install/my_robot_bringup/share/my_robot_bringup/hook/cmake_prefix_path.dsv'
[0.642s] INFO:colcon.colcon_core.shell:Creating environment hook '/home/ares/ares_code_projects/R1/install/my_robot_bringup/share/my_robot_bringup/hook/cmake_prefix_path.sh'
[0.642s] Level 1:colcon.colcon_core.environment:checking '/home/ares/ares_code_projects/R1/install/my_robot_bringup/bin'
[0.642s] Level 1:colcon.colcon_core.environment:checking '/home/ares/ares_code_projects/R1/install/my_robot_bringup/lib/pkgconfig/my_robot_bringup.pc'
[0.643s] Level 1:colcon.colcon_core.environment:checking '/home/ares/ares_code_projects/R1/install/my_robot_bringup/lib/python3.10/site-packages'
[0.643s] Level 1:colcon.colcon_core.environment:checking '/home/ares/ares_code_projects/R1/install/my_robot_bringup/bin'
[0.643s] INFO:colcon.colcon_core.shell:Creating package script '/home/ares/ares_code_projects/R1/install/my_robot_bringup/share/my_robot_bringup/package.ps1'
[0.643s] INFO:colcon.colcon_core.shell:Creating package descriptor '/home/ares/ares_code_projects/R1/install/my_robot_bringup/share/my_robot_bringup/package.dsv'
[0.644s] INFO:colcon.colcon_core.shell:Creating package script '/home/ares/ares_code_projects/R1/install/my_robot_bringup/share/my_robot_bringup/package.sh'
[0.644s] INFO:colcon.colcon_core.shell:Creating package script '/home/ares/ares_code_projects/R1/install/my_robot_bringup/share/my_robot_bringup/package.bash'
[0.644s] INFO:colcon.colcon_core.shell:Creating package script '/home/ares/ares_code_projects/R1/install/my_robot_bringup/share/my_robot_bringup/package.zsh'
[0.644s] Level 1:colcon.colcon_core.environment:create_file_with_runtime_dependencies(/home/ares/ares_code_projects/R1/install/my_robot_bringup/share/colcon-core/packages/my_robot_bringup)
[0.651s] Level 1:colcon.colcon_core.environment:create_environment_scripts_only(myrobot_controller)
[0.652s] Level 1:colcon.colcon_core.environment:checking '/home/ares/ares_code_projects/R1/install/myrobot_controller' for CMake module files
[0.652s] DEBUG:colcon.colcon_core.event_handler.log_command:Invoked command in '/home/ares/ares_code_projects/R1/build/myrobot_controller' returned '0': CMAKE_PREFIX_PATH=${CMAKE_PREFIX_PATH}:/home/ares/Desktop/dog/install/omni_mpc_controller:/home/ares/Desktop/dog/install/laser:/home/ares/ares_code_projects/R1/install/omni_mpc_controller:/home/ares/ares_code_projects/R1/install/laser:/opt/ros/humble CONDA_PROMPT_MODIFIER=(base) /usr/bin/cmake --install /home/ares/ares_code_projects/R1/build/myrobot_controller
[0.652s] Level 1:colcon.colcon_core.environment:checking '/home/ares/ares_code_projects/R1/install/myrobot_controller' for CMake config files
[0.652s] Level 1:colcon.colcon_core.shell:create_environment_hook('myrobot_controller', 'cmake_prefix_path')
[0.653s] INFO:colcon.colcon_core.shell:Creating environment hook '/home/ares/ares_code_projects/R1/install/myrobot_controller/share/myrobot_controller/hook/cmake_prefix_path.ps1'
[0.653s] INFO:colcon.colcon_core.shell:Creating environment descriptor '/home/ares/ares_code_projects/R1/install/myrobot_controller/share/myrobot_controller/hook/cmake_prefix_path.dsv'
[0.653s] INFO:colcon.colcon_core.shell:Creating environment hook '/home/ares/ares_code_projects/R1/install/myrobot_controller/share/myrobot_controller/hook/cmake_prefix_path.sh'
[0.653s] Level 1:colcon.colcon_core.environment:checking '/home/ares/ares_code_projects/R1/install/myrobot_controller/lib'
[0.653s] Level 1:colcon.colcon_core.environment:checking '/home/ares/ares_code_projects/R1/install/myrobot_controller/bin'
[0.653s] Level 1:colcon.colcon_core.environment:checking '/home/ares/ares_code_projects/R1/install/myrobot_controller/lib/pkgconfig/myrobot_controller.pc'
[0.654s] Level 1:colcon.colcon_core.environment:checking '/home/ares/ares_code_projects/R1/install/myrobot_controller/lib/python3.10/site-packages'
[0.654s] Level 1:colcon.colcon_core.environment:checking '/home/ares/ares_code_projects/R1/install/myrobot_controller/bin'
[0.654s] INFO:colcon.colcon_core.shell:Creating package script '/home/ares/ares_code_projects/R1/install/myrobot_controller/share/myrobot_controller/package.ps1'
[0.654s] INFO:colcon.colcon_core.shell:Creating package descriptor '/home/ares/ares_code_projects/R1/install/myrobot_controller/share/myrobot_controller/package.dsv'
[0.655s] INFO:colcon.colcon_core.shell:Creating package script '/home/ares/ares_code_projects/R1/install/myrobot_controller/share/myrobot_controller/package.sh'
[0.655s] INFO:colcon.colcon_core.shell:Creating package script '/home/ares/ares_code_projects/R1/install/myrobot_controller/share/myrobot_controller/package.bash'
[0.655s] INFO:colcon.colcon_core.shell:Creating package script '/home/ares/ares_code_projects/R1/install/myrobot_controller/share/myrobot_controller/package.zsh'
[0.655s] Level 1:colcon.colcon_core.environment:create_file_with_runtime_dependencies(/home/ares/ares_code_projects/R1/install/myrobot_controller/share/colcon-core/packages/myrobot_controller)
[0.656s] Level 1:colcon.colcon_core.environment:create_environment_scripts_only(myrobot_controller)
[0.656s] Level 1:colcon.colcon_core.environment:checking '/home/ares/ares_code_projects/R1/install/myrobot_controller' for CMake module files
[0.657s] Level 1:colcon.colcon_core.environment:checking '/home/ares/ares_code_projects/R1/install/myrobot_controller' for CMake config files
[0.657s] Level 1:colcon.colcon_core.shell:create_environment_hook('myrobot_controller', 'cmake_prefix_path')
[0.657s] INFO:colcon.colcon_core.shell:Creating environment hook '/home/ares/ares_code_projects/R1/install/myrobot_controller/share/myrobot_controller/hook/cmake_prefix_path.ps1'
[0.657s] INFO:colcon.colcon_core.shell:Creating environment descriptor '/home/ares/ares_code_projects/R1/install/myrobot_controller/share/myrobot_controller/hook/cmake_prefix_path.dsv'
[0.658s] INFO:colcon.colcon_core.shell:Creating environment hook '/home/ares/ares_code_projects/R1/install/myrobot_controller/share/myrobot_controller/hook/cmake_prefix_path.sh'
[0.658s] Level 1:colcon.colcon_core.environment:checking '/home/ares/ares_code_projects/R1/install/myrobot_controller/lib'
[0.658s] Level 1:colcon.colcon_core.environment:checking '/home/ares/ares_code_projects/R1/install/myrobot_controller/bin'
[0.658s] Level 1:colcon.colcon_core.environment:checking '/home/ares/ares_code_projects/R1/install/myrobot_controller/lib/pkgconfig/myrobot_controller.pc'
[0.658s] Level 1:colcon.colcon_core.environment:checking '/home/ares/ares_code_projects/R1/install/myrobot_controller/lib/python3.10/site-packages'
[0.659s] Level 1:colcon.colcon_core.environment:checking '/home/ares/ares_code_projects/R1/install/myrobot_controller/bin'
[0.659s] INFO:colcon.colcon_core.shell:Creating package script '/home/ares/ares_code_projects/R1/install/myrobot_controller/share/myrobot_controller/package.ps1'
[0.659s] INFO:colcon.colcon_core.shell:Creating package descriptor '/home/ares/ares_code_projects/R1/install/myrobot_controller/share/myrobot_controller/package.dsv'
[0.660s] INFO:colcon.colcon_core.shell:Creating package script '/home/ares/ares_code_projects/R1/install/myrobot_controller/share/myrobot_controller/package.sh'
[0.660s] INFO:colcon.colcon_core.shell:Creating package script '/home/ares/ares_code_projects/R1/install/myrobot_controller/share/myrobot_controller/package.bash'
[0.660s] INFO:colcon.colcon_core.shell:Creating package script '/home/ares/ares_code_projects/R1/install/myrobot_controller/share/myrobot_controller/package.zsh'
[0.660s] Level 1:colcon.colcon_core.environment:create_file_with_runtime_dependencies(/home/ares/ares_code_projects/R1/install/myrobot_controller/share/colcon-core/packages/myrobot_controller)
[0.807s] DEBUG:colcon.colcon_core.event_handler.log_command:Invoking command in '/home/ares/ares_code_projects/R1/build/omni_mpc_controller': CONDA_PROMPT_MODIFIER=(base) PYTHONPATH=/home/ares/ares_code_projects/R1/build/omni_mpc_controller/prefix_override:/usr/lib/python3/dist-packages/colcon_core/task/python/colcon_distutils_commands:/home/ares/ares_code_projects/R1/install/omni_mpc_controller/lib/python3.10/site-packages:${PYTHONPATH} /usr/bin/python3 -W ignore:setup.py install is deprecated -W ignore:easy_install command is deprecated setup.py develop --editable --build-directory /home/ares/ares_code_projects/R1/build/omni_mpc_controller/build --no-deps symlink_data
[0.841s] DEBUG:colcon.colcon_core.event_handler.log_command:Invoking command in '/home/ares/ares_code_projects/R1/build/laser': CONDA_PROMPT_MODIFIER=(base) PYTHONPATH=/home/ares/ares_code_projects/R1/build/laser/prefix_override:/usr/lib/python3/dist-packages/colcon_core/task/python/colcon_distutils_commands:/home/ares/ares_code_projects/R1/install/laser/lib/python3.10/site-packages:${PYTHONPATH} /usr/bin/python3 -W ignore:setup.py install is deprecated -W ignore:easy_install command is deprecated setup.py develop --editable --build-directory /home/ares/ares_code_projects/R1/build/laser/build --no-deps symlink_data
[1.124s] Level 1:colcon.colcon_core.shell:create_environment_hook('omni_mpc_controller', 'pythonpath_develop')
[1.124s] INFO:colcon.colcon_core.shell:Creating environment hook '/home/ares/ares_code_projects/R1/build/omni_mpc_controller/share/omni_mpc_controller/hook/pythonpath_develop.ps1'
[1.124s] DEBUG:colcon.colcon_core.event_handler.log_command:Invoked command in '/home/ares/ares_code_projects/R1/build/omni_mpc_controller' returned '0': CONDA_PROMPT_MODIFIER=(base) PYTHONPATH=/home/ares/ares_code_projects/R1/build/omni_mpc_controller/prefix_override:/usr/lib/python3/dist-packages/colcon_core/task/python/colcon_distutils_commands:/home/ares/ares_code_projects/R1/install/omni_mpc_controller/lib/python3.10/site-packages:${PYTHONPATH} /usr/bin/python3 -W ignore:setup.py install is deprecated -W ignore:easy_install command is deprecated setup.py develop --editable --build-directory /home/ares/ares_code_projects/R1/build/omni_mpc_controller/build --no-deps symlink_data
[1.125s] INFO:colcon.colcon_core.shell:Creating environment descriptor '/home/ares/ares_code_projects/R1/build/omni_mpc_controller/share/omni_mpc_controller/hook/pythonpath_develop.dsv'
[1.125s] INFO:colcon.colcon_core.shell:Creating environment hook '/home/ares/ares_code_projects/R1/build/omni_mpc_controller/share/omni_mpc_controller/hook/pythonpath_develop.sh'
[1.126s] Level 1:colcon.colcon_core.environment:checking '/home/ares/ares_code_projects/R1/install/omni_mpc_controller' for CMake module files
[1.126s] Level 1:colcon.colcon_core.environment:checking '/home/ares/ares_code_projects/R1/install/omni_mpc_controller' for CMake config files
[1.127s] Level 1:colcon.colcon_core.environment:checking '/home/ares/ares_code_projects/R1/install/omni_mpc_controller/lib'
[1.127s] Level 1:colcon.colcon_core.environment:checking '/home/ares/ares_code_projects/R1/install/omni_mpc_controller/bin'
[1.127s] Level 1:colcon.colcon_core.environment:checking '/home/ares/ares_code_projects/R1/install/omni_mpc_controller/lib/pkgconfig/omni_mpc_controller.pc'
[1.127s] Level 1:colcon.colcon_core.environment:checking '/home/ares/ares_code_projects/R1/install/omni_mpc_controller/lib/python3.10/site-packages'
[1.127s] Level 1:colcon.colcon_core.shell:create_environment_hook('omni_mpc_controller', 'pythonpath')
[1.127s] INFO:colcon.colcon_core.shell:Creating environment hook '/home/ares/ares_code_projects/R1/install/omni_mpc_controller/share/omni_mpc_controller/hook/pythonpath.ps1'
[1.128s] INFO:colcon.colcon_core.shell:Creating environment descriptor '/home/ares/ares_code_projects/R1/install/omni_mpc_controller/share/omni_mpc_controller/hook/pythonpath.dsv'
[1.128s] INFO:colcon.colcon_core.shell:Creating environment hook '/home/ares/ares_code_projects/R1/install/omni_mpc_controller/share/omni_mpc_controller/hook/pythonpath.sh'
[1.129s] Level 1:colcon.colcon_core.environment:checking '/home/ares/ares_code_projects/R1/install/omni_mpc_controller/bin'
[1.129s] Level 1:colcon.colcon_core.environment:create_environment_scripts_only(omni_mpc_controller)
[1.129s] INFO:colcon.colcon_core.shell:Creating package script '/home/ares/ares_code_projects/R1/install/omni_mpc_controller/share/omni_mpc_controller/package.ps1'
[1.130s] INFO:colcon.colcon_core.shell:Creating package descriptor '/home/ares/ares_code_projects/R1/install/omni_mpc_controller/share/omni_mpc_controller/package.dsv'
[1.131s] INFO:colcon.colcon_core.shell:Creating package script '/home/ares/ares_code_projects/R1/install/omni_mpc_controller/share/omni_mpc_controller/package.sh'
[1.131s] INFO:colcon.colcon_core.shell:Creating package script '/home/ares/ares_code_projects/R1/install/omni_mpc_controller/share/omni_mpc_controller/package.bash'
[1.131s] INFO:colcon.colcon_core.shell:Creating package script '/home/ares/ares_code_projects/R1/install/omni_mpc_controller/share/omni_mpc_controller/package.zsh'
[1.132s] Level 1:colcon.colcon_core.environment:create_file_with_runtime_dependencies(/home/ares/ares_code_projects/R1/install/omni_mpc_controller/share/colcon-core/packages/omni_mpc_controller)
[1.178s] Level 1:colcon.colcon_core.shell:create_environment_hook('laser', 'pythonpath_develop')
[1.178s] INFO:colcon.colcon_core.shell:Creating environment hook '/home/ares/ares_code_projects/R1/build/laser/share/laser/hook/pythonpath_develop.ps1'
[1.179s] DEBUG:colcon.colcon_core.event_handler.log_command:Invoked command in '/home/ares/ares_code_projects/R1/build/laser' returned '0': CONDA_PROMPT_MODIFIER=(base) PYTHONPATH=/home/ares/ares_code_projects/R1/build/laser/prefix_override:/usr/lib/python3/dist-packages/colcon_core/task/python/colcon_distutils_commands:/home/ares/ares_code_projects/R1/install/laser/lib/python3.10/site-packages:${PYTHONPATH} /usr/bin/python3 -W ignore:setup.py install is deprecated -W ignore:easy_install command is deprecated setup.py develop --editable --build-directory /home/ares/ares_code_projects/R1/build/laser/build --no-deps symlink_data
[1.179s] INFO:colcon.colcon_core.shell:Creating environment descriptor '/home/ares/ares_code_projects/R1/build/laser/share/laser/hook/pythonpath_develop.dsv'
[1.179s] INFO:colcon.colcon_core.shell:Creating environment hook '/home/ares/ares_code_projects/R1/build/laser/share/laser/hook/pythonpath_develop.sh'
[1.180s] Level 1:colcon.colcon_core.environment:checking '/home/ares/ares_code_projects/R1/install/laser' for CMake module files
[1.180s] Level 1:colcon.colcon_core.environment:checking '/home/ares/ares_code_projects/R1/install/laser' for CMake config files
[1.181s] Level 1:colcon.colcon_core.environment:checking '/home/ares/ares_code_projects/R1/install/laser/lib'
[1.181s] Level 1:colcon.colcon_core.environment:checking '/home/ares/ares_code_projects/R1/install/laser/bin'
[1.181s] Level 1:colcon.colcon_core.environment:checking '/home/ares/ares_code_projects/R1/install/laser/lib/pkgconfig/laser.pc'
[1.181s] Level 1:colcon.colcon_core.environment:checking '/home/ares/ares_code_projects/R1/install/laser/lib/python3.10/site-packages'
[1.181s] Level 1:colcon.colcon_core.shell:create_environment_hook('laser', 'pythonpath')
[1.181s] INFO:colcon.colcon_core.shell:Creating environment hook '/home/ares/ares_code_projects/R1/install/laser/share/laser/hook/pythonpath.ps1'
[1.182s] INFO:colcon.colcon_core.shell:Creating environment descriptor '/home/ares/ares_code_projects/R1/install/laser/share/laser/hook/pythonpath.dsv'
[1.182s] INFO:colcon.colcon_core.shell:Creating environment hook '/home/ares/ares_code_projects/R1/install/laser/share/laser/hook/pythonpath.sh'
[1.183s] Level 1:colcon.colcon_core.environment:checking '/home/ares/ares_code_projects/R1/install/laser/bin'
[1.183s] Level 1:colcon.colcon_core.environment:create_environment_scripts_only(laser)
[1.183s] INFO:colcon.colcon_core.shell:Creating package script '/home/ares/ares_code_projects/R1/install/laser/share/laser/package.ps1'
[1.183s] INFO:colcon.colcon_core.shell:Creating package descriptor '/home/ares/ares_code_projects/R1/install/laser/share/laser/package.dsv'
[1.184s] INFO:colcon.colcon_core.shell:Creating package script '/home/ares/ares_code_projects/R1/install/laser/share/laser/package.sh'
[1.184s] INFO:colcon.colcon_core.shell:Creating package script '/home/ares/ares_code_projects/R1/install/laser/share/laser/package.bash'
[1.184s] INFO:colcon.colcon_core.shell:Creating package script '/home/ares/ares_code_projects/R1/install/laser/share/laser/package.zsh'
[1.185s] Level 1:colcon.colcon_core.environment:create_file_with_runtime_dependencies(/home/ares/ares_code_projects/R1/install/laser/share/colcon-core/packages/laser)
[5.424s] DEBUG:colcon.colcon_core.event_handler.log_command:Invoked command in '/home/ares/ares_code_projects/R1/build/remote_rc_node' returned '0': CMAKE_PREFIX_PATH=${CMAKE_PREFIX_PATH}:/home/ares/Desktop/dog/install/omni_mpc_controller:/home/ares/Desktop/dog/install/laser:/home/ares/ares_code_projects/R1/install/omni_mpc_controller:/home/ares/ares_code_projects/R1/install/laser:/opt/ros/humble CONDA_PROMPT_MODIFIER=(base) /usr/bin/cmake --build /home/ares/ares_code_projects/R1/build/remote_rc_node -- -j16 -l16
[5.425s] DEBUG:colcon.colcon_core.event_handler.log_command:Invoking command in '/home/ares/ares_code_projects/R1/build/remote_rc_node': CMAKE_PREFIX_PATH=${CMAKE_PREFIX_PATH}:/home/ares/Desktop/dog/install/omni_mpc_controller:/home/ares/Desktop/dog/install/laser:/home/ares/ares_code_projects/R1/install/omni_mpc_controller:/home/ares/ares_code_projects/R1/install/laser:/opt/ros/humble CONDA_PROMPT_MODIFIER=(base) /usr/bin/cmake --install /home/ares/ares_code_projects/R1/build/remote_rc_node
[5.436s] Level 1:colcon.colcon_core.environment:create_environment_scripts_only(remote_rc_node)
[5.436s] Level 1:colcon.colcon_core.environment:checking '/home/ares/ares_code_projects/R1/install/remote_rc_node' for CMake module files
[5.437s] DEBUG:colcon.colcon_core.event_handler.log_command:Invoked command in '/home/ares/ares_code_projects/R1/build/remote_rc_node' returned '0': CMAKE_PREFIX_PATH=${CMAKE_PREFIX_PATH}:/home/ares/Desktop/dog/install/omni_mpc_controller:/home/ares/Desktop/dog/install/laser:/home/ares/ares_code_projects/R1/install/omni_mpc_controller:/home/ares/ares_code_projects/R1/install/laser:/opt/ros/humble CONDA_PROMPT_MODIFIER=(base) /usr/bin/cmake --install /home/ares/ares_code_projects/R1/build/remote_rc_node
[5.437s] Level 1:colcon.colcon_core.environment:checking '/home/ares/ares_code_projects/R1/install/remote_rc_node' for CMake config files
[5.437s] Level 1:colcon.colcon_core.shell:create_environment_hook('remote_rc_node', 'cmake_prefix_path')
[5.437s] INFO:colcon.colcon_core.shell:Creating environment hook '/home/ares/ares_code_projects/R1/install/remote_rc_node/share/remote_rc_node/hook/cmake_prefix_path.ps1'
[5.437s] INFO:colcon.colcon_core.shell:Creating environment descriptor '/home/ares/ares_code_projects/R1/install/remote_rc_node/share/remote_rc_node/hook/cmake_prefix_path.dsv'
[5.438s] INFO:colcon.colcon_core.shell:Creating environment hook '/home/ares/ares_code_projects/R1/install/remote_rc_node/share/remote_rc_node/hook/cmake_prefix_path.sh'
[5.438s] Level 1:colcon.colcon_core.environment:checking '/home/ares/ares_code_projects/R1/install/remote_rc_node/lib'
[5.438s] Level 1:colcon.colcon_core.environment:checking '/home/ares/ares_code_projects/R1/install/remote_rc_node/bin'
[5.438s] Level 1:colcon.colcon_core.environment:checking '/home/ares/ares_code_projects/R1/install/remote_rc_node/lib/pkgconfig/remote_rc_node.pc'
[5.438s] Level 1:colcon.colcon_core.environment:checking '/home/ares/ares_code_projects/R1/install/remote_rc_node/lib/python3.10/site-packages'
[5.438s] Level 1:colcon.colcon_core.environment:checking '/home/ares/ares_code_projects/R1/install/remote_rc_node/bin'
[5.438s] INFO:colcon.colcon_core.shell:Creating package script '/home/ares/ares_code_projects/R1/install/remote_rc_node/share/remote_rc_node/package.ps1'
[5.439s] INFO:colcon.colcon_core.shell:Creating package descriptor '/home/ares/ares_code_projects/R1/install/remote_rc_node/share/remote_rc_node/package.dsv'
[5.439s] INFO:colcon.colcon_core.shell:Creating package script '/home/ares/ares_code_projects/R1/install/remote_rc_node/share/remote_rc_node/package.sh'
[5.439s] INFO:colcon.colcon_core.shell:Creating package script '/home/ares/ares_code_projects/R1/install/remote_rc_node/share/remote_rc_node/package.bash'
[5.439s] INFO:colcon.colcon_core.shell:Creating package script '/home/ares/ares_code_projects/R1/install/remote_rc_node/share/remote_rc_node/package.zsh'
[5.439s] Level 1:colcon.colcon_core.environment:create_file_with_runtime_dependencies(/home/ares/ares_code_projects/R1/install/remote_rc_node/share/colcon-core/packages/remote_rc_node)
[5.440s] Level 1:colcon.colcon_core.environment:create_environment_scripts_only(remote_rc_node)
[5.440s] Level 1:colcon.colcon_core.environment:checking '/home/ares/ares_code_projects/R1/install/remote_rc_node' for CMake module files
[5.440s] Level 1:colcon.colcon_core.environment:checking '/home/ares/ares_code_projects/R1/install/remote_rc_node' for CMake config files
[5.440s] Level 1:colcon.colcon_core.shell:create_environment_hook('remote_rc_node', 'cmake_prefix_path')
[5.440s] INFO:colcon.colcon_core.shell:Creating environment hook '/home/ares/ares_code_projects/R1/install/remote_rc_node/share/remote_rc_node/hook/cmake_prefix_path.ps1'
[5.440s] INFO:colcon.colcon_core.shell:Creating environment descriptor '/home/ares/ares_code_projects/R1/install/remote_rc_node/share/remote_rc_node/hook/cmake_prefix_path.dsv'
[5.440s] INFO:colcon.colcon_core.shell:Creating environment hook '/home/ares/ares_code_projects/R1/install/remote_rc_node/share/remote_rc_node/hook/cmake_prefix_path.sh'
[5.441s] Level 1:colcon.colcon_core.environment:checking '/home/ares/ares_code_projects/R1/install/remote_rc_node/lib'
[5.441s] Level 1:colcon.colcon_core.environment:checking '/home/ares/ares_code_projects/R1/install/remote_rc_node/bin'
[5.441s] Level 1:colcon.colcon_core.environment:checking '/home/ares/ares_code_projects/R1/install/remote_rc_node/lib/pkgconfig/remote_rc_node.pc'
[5.441s] Level 1:colcon.colcon_core.environment:checking '/home/ares/ares_code_projects/R1/install/remote_rc_node/lib/python3.10/site-packages'
[5.441s] Level 1:colcon.colcon_core.environment:checking '/home/ares/ares_code_projects/R1/install/remote_rc_node/bin'
[5.441s] INFO:colcon.colcon_core.shell:Creating package script '/home/ares/ares_code_projects/R1/install/remote_rc_node/share/remote_rc_node/package.ps1'
[5.441s] INFO:colcon.colcon_core.shell:Creating package descriptor '/home/ares/ares_code_projects/R1/install/remote_rc_node/share/remote_rc_node/package.dsv'
[5.442s] INFO:colcon.colcon_core.shell:Creating package script '/home/ares/ares_code_projects/R1/install/remote_rc_node/share/remote_rc_node/package.sh'
[5.442s] INFO:colcon.colcon_core.shell:Creating package script '/home/ares/ares_code_projects/R1/install/remote_rc_node/share/remote_rc_node/package.bash'
[5.442s] INFO:colcon.colcon_core.shell:Creating package script '/home/ares/ares_code_projects/R1/install/remote_rc_node/share/remote_rc_node/package.zsh'
[5.442s] Level 1:colcon.colcon_core.environment:create_file_with_runtime_dependencies(/home/ares/ares_code_projects/R1/install/remote_rc_node/share/colcon-core/packages/remote_rc_node)
[5.442s] DEBUG:colcon.colcon_parallel_executor.executor.parallel:closing loop
[5.442s] DEBUG:colcon.colcon_parallel_executor.executor.parallel:loop closed
[5.442s] DEBUG:colcon.colcon_parallel_executor.executor.parallel:run_until_complete finished with '0'
[5.442s] DEBUG:colcon.colcon_core.event_reactor:joining thread
[5.446s] INFO:colcon.colcon_core.plugin_system:Skipping extension 'colcon_notification.desktop_notification.terminal_notifier': Not used on non-Darwin systems
[5.446s] INFO:colcon.colcon_core.plugin_system:Skipping extension 'colcon_notification.desktop_notification.win32': Not used on non-Windows systems
[5.446s] INFO:colcon.colcon_notification.desktop_notification:Sending desktop notification using 'notify2'
[5.452s] DEBUG:colcon.colcon_core.event_reactor:joined thread
[5.452s] INFO:colcon.colcon_core.shell:Creating prefix script '/home/ares/ares_code_projects/R1/install/local_setup.ps1'
[5.453s] INFO:colcon.colcon_core.shell:Creating prefix util module '/home/ares/ares_code_projects/R1/install/_local_setup_util_ps1.py'
[5.453s] INFO:colcon.colcon_core.shell:Creating prefix chain script '/home/ares/ares_code_projects/R1/install/setup.ps1'
[5.454s] INFO:colcon.colcon_core.shell:Creating prefix script '/home/ares/ares_code_projects/R1/install/local_setup.sh'
[5.454s] INFO:colcon.colcon_core.shell:Creating prefix util module '/home/ares/ares_code_projects/R1/install/_local_setup_util_sh.py'
[5.455s] INFO:colcon.colcon_core.shell:Creating prefix chain script '/home/ares/ares_code_projects/R1/install/setup.sh'
[5.455s] INFO:colcon.colcon_core.shell:Creating prefix script '/home/ares/ares_code_projects/R1/install/local_setup.bash'
[5.456s] INFO:colcon.colcon_core.shell:Creating prefix chain script '/home/ares/ares_code_projects/R1/install/setup.bash'
[5.457s] INFO:colcon.colcon_core.shell:Creating prefix script '/home/ares/ares_code_projects/R1/install/local_setup.zsh'
[5.457s] INFO:colcon.colcon_core.shell:Creating prefix chain script '/home/ares/ares_code_projects/R1/install/setup.zsh'
