[0.152s] Invoking command in '/home/ares/ares_code_projects/R1/build/myrobot_controller': CMAKE_PREFIX_PATH=${CMAKE_PREFIX_PATH}:/home/ares/ares_code_projects/R1/install/omni_mpc_controller:/home/ares/ares_code_projects/R1/install/laser:/opt/ros/humble CONDA_PROMPT_MODIFIER=(base) /usr/bin/cmake /home/ares/ares_code_projects/R1/src/myrobot_controller -DAMENT_CMAKE_SYMLINK_INSTALL=1 -DCMAKE_INSTALL_PREFIX=/home/ares/ares_code_projects/R1/install/myrobot_controller
[0.300s] -- The C compiler identification is GNU 11.4.0
[0.300s] -- The CXX compiler identification is GNU 11.4.0
[0.300s] -- Detecting C compiler ABI info
[0.300s] -- Detecting C compiler ABI info - done
[0.300s] -- Check for working C compiler: /usr/bin/cc - skipped
[0.300s] -- Detecting C compile features
[0.300s] -- Detecting C compile features - done
[0.300s] -- Detecting CXX compiler ABI info
[0.318s] -- Detecting CXX compiler ABI info - done
[0.322s] -- Check for working CXX compiler: /usr/bin/c++ - skipped
[0.322s] -- Detecting CXX compile features
[0.322s] -- Detecting CXX compile features - done
[0.324s] -- Found ament_cmake: 1.3.11 (/opt/ros/humble/share/ament_cmake/cmake)
[0.587s] -- Found Python3: /home/ares/miniconda3/bin/python3 (found version "3.13.2") found components: Interpreter 
[0.662s] -- Override CMake install command with custom implementation using symlinks instead of copying resources
[0.684s] -- Found rclpy: 3.3.16 (/opt/ros/humble/share/rclpy/cmake)
[0.685s] -- Found std_msgs: 4.9.0 (/opt/ros/humble/share/std_msgs/cmake)
[0.723s] -- Found rosidl_generator_c: 3.1.6 (/opt/ros/humble/share/rosidl_generator_c/cmake)
[0.727s] -- Found rosidl_adapter: 3.1.6 (/opt/ros/humble/share/rosidl_adapter/cmake)
[0.736s] -- Found rosidl_generator_cpp: 3.1.6 (/opt/ros/humble/share/rosidl_generator_cpp/cmake)
[0.752s] -- Using all available rosidl_typesupport_c: rosidl_typesupport_fastrtps_c;rosidl_typesupport_introspection_c
[0.770s] -- Using all available rosidl_typesupport_cpp: rosidl_typesupport_fastrtps_cpp;rosidl_typesupport_introspection_cpp
[0.798s] -- Found geometry_msgs: 4.9.0 (/opt/ros/humble/share/geometry_msgs/cmake)
[0.812s] -- Found rclcpp: 16.0.12 (/opt/ros/humble/share/rclcpp/cmake)
[0.836s] -- Found rmw_implementation_cmake: 6.1.2 (/opt/ros/humble/share/rmw_implementation_cmake/cmake)
[0.838s] -- Found rmw_fastrtps_cpp: 6.2.7 (/opt/ros/humble/share/rmw_fastrtps_cpp/cmake)
[0.905s] -- Found OpenSSL: /usr/lib/x86_64-linux-gnu/libcrypto.so (found version "3.0.2")  
[0.921s] -- Found FastRTPS: /opt/ros/humble/include  
[0.945s] -- Using RMW implementation 'rmw_fastrtps_cpp' as default
[0.949s] -- Looking for pthread.h
[0.988s] -- Looking for pthread.h - found
[0.988s] -- Performing Test CMAKE_HAVE_LIBC_PTHREAD
[1.028s] -- Performing Test CMAKE_HAVE_LIBC_PTHREAD - Success
[1.029s] -- Found Threads: TRUE  
[1.135s] -- Found ament_lint_auto: 0.12.12 (/opt/ros/humble/share/ament_lint_auto/cmake)
[1.206s] -- Added test 'cppcheck' to perform static code analysis on C / C++ code
[1.207s] -- Configured cppcheck include dirs: /home/ares/ares_code_projects/R1/src/myrobot_controller/include
[1.207s] -- Configured cppcheck exclude dirs and/or files: 
[1.207s] -- Added test 'flake8' to check Python code syntax and style conventions
[1.207s] -- Added test 'lint_cmake' to check CMake code style
[1.208s] -- Added test 'pep257' to check Python code against some of the docstring style conventions in PEP 257
[1.210s] -- Added test 'uncrustify' to check C / C++ code style
[1.210s] -- Configured uncrustify additional arguments: 
[1.210s] -- Added test 'xmllint' to check XML markup files
[1.212s] -- Configuring done
[1.219s] -- Generating done
[1.223s] -- Build files have been written to: /home/ares/ares_code_projects/R1/build/myrobot_controller
[1.242s] Invoked command in '/home/ares/ares_code_projects/R1/build/myrobot_controller' returned '0': CMAKE_PREFIX_PATH=${CMAKE_PREFIX_PATH}:/home/ares/ares_code_projects/R1/install/omni_mpc_controller:/home/ares/ares_code_projects/R1/install/laser:/opt/ros/humble CONDA_PROMPT_MODIFIER=(base) /usr/bin/cmake /home/ares/ares_code_projects/R1/src/myrobot_controller -DAMENT_CMAKE_SYMLINK_INSTALL=1 -DCMAKE_INSTALL_PREFIX=/home/ares/ares_code_projects/R1/install/myrobot_controller
[1.245s] Invoking command in '/home/ares/ares_code_projects/R1/build/myrobot_controller': CMAKE_PREFIX_PATH=${CMAKE_PREFIX_PATH}:/home/ares/ares_code_projects/R1/install/omni_mpc_controller:/home/ares/ares_code_projects/R1/install/laser:/opt/ros/humble CONDA_PROMPT_MODIFIER=(base) /usr/bin/cmake --build /home/ares/ares_code_projects/R1/build/myrobot_controller -- -j16 -l16
[1.328s] [ 50%] [32mBuilding CXX object CMakeFiles/simple_controller.dir/src/simple_controller.cpp.o[0m
[1.338s] [ 50%] Built target ament_cmake_python_symlink_myrobot_controller
[1.734s] running egg_info
[1.785s] creating myrobot_controller.egg-info
[1.785s] writing myrobot_controller.egg-info/PKG-INFO
[1.785s] writing dependency_links to myrobot_controller.egg-info/dependency_links.txt
[1.785s] writing top-level names to myrobot_controller.egg-info/top_level.txt
[1.786s] writing manifest file 'myrobot_controller.egg-info/SOURCES.txt'
[1.913s] reading manifest file 'myrobot_controller.egg-info/SOURCES.txt'
[1.917s] writing manifest file 'myrobot_controller.egg-info/SOURCES.txt'
[1.980s] [ 50%] Built target ament_cmake_python_build_myrobot_controller_egg
[6.841s] [100%] [32m[1mLinking CXX executable simple_controller[0m
[7.052s] [100%] Built target simple_controller
[7.059s] Invoked command in '/home/ares/ares_code_projects/R1/build/myrobot_controller' returned '0': CMAKE_PREFIX_PATH=${CMAKE_PREFIX_PATH}:/home/ares/ares_code_projects/R1/install/omni_mpc_controller:/home/ares/ares_code_projects/R1/install/laser:/opt/ros/humble CONDA_PROMPT_MODIFIER=(base) /usr/bin/cmake --build /home/ares/ares_code_projects/R1/build/myrobot_controller -- -j16 -l16
[7.060s] Invoking command in '/home/ares/ares_code_projects/R1/build/myrobot_controller': CMAKE_PREFIX_PATH=${CMAKE_PREFIX_PATH}:/home/ares/ares_code_projects/R1/install/omni_mpc_controller:/home/ares/ares_code_projects/R1/install/laser:/opt/ros/humble CONDA_PROMPT_MODIFIER=(base) /usr/bin/cmake --install /home/ares/ares_code_projects/R1/build/myrobot_controller
[7.064s] -- Install configuration: ""
[7.064s] -- Execute custom install script
[7.064s] -- Symlinking: /home/ares/ares_code_projects/R1/install/myrobot_controller/share/myrobot_controller/environment/pythonpath.sh
[7.069s] -- Symlinking: /home/ares/ares_code_projects/R1/install/myrobot_controller/share/myrobot_controller/environment/pythonpath.dsv
[7.073s] -- Symlinking: /home/ares/ares_code_projects/R1/install/myrobot_controller/lib/python3.13/site-packages/myrobot_controller-0.0.0-py3.13.egg-info/PKG-INFO
[7.078s] -- Symlinking: /home/ares/ares_code_projects/R1/install/myrobot_controller/lib/python3.13/site-packages/myrobot_controller-0.0.0-py3.13.egg-info/SOURCES.txt
[7.082s] -- Symlinking: /home/ares/ares_code_projects/R1/install/myrobot_controller/lib/python3.13/site-packages/myrobot_controller-0.0.0-py3.13.egg-info/dependency_links.txt
[7.088s] -- Symlinking: /home/ares/ares_code_projects/R1/install/myrobot_controller/lib/python3.13/site-packages/myrobot_controller-0.0.0-py3.13.egg-info/top_level.txt
[7.092s] -- Symlinking: /home/ares/ares_code_projects/R1/install/myrobot_controller/lib/python3.13/site-packages/myrobot_controller/__init__.py
[7.097s] -- Symlinking: /home/ares/ares_code_projects/R1/install/myrobot_controller/lib/python3.13/site-packages/myrobot_controller/read_imu_yaw.py
[7.102s] -- Symlinking: /home/ares/ares_code_projects/R1/install/myrobot_controller/lib/python3.13/site-packages/myrobot_controller/read_laser copy.py
[7.106s] -- Symlinking: /home/ares/ares_code_projects/R1/install/myrobot_controller/lib/python3.13/site-packages/myrobot_controller/read_laser.py
[7.110s] -- Symlinking: /home/ares/ares_code_projects/R1/install/myrobot_controller/lib/python3.13/site-packages/myrobot_controller/simple_controller.py
[7.114s] -- Symlinking: /home/ares/ares_code_projects/R1/install/myrobot_controller/lib/python3.13/site-packages/myrobot_controller/test_cmd.py
[7.119s] -- Symlinking: /home/ares/ares_code_projects/R1/install/myrobot_controller/include/include/myrobot_controller/simple_controller.hpp
[7.125s] -- Symlinking: /home/ares/ares_code_projects/R1/install/myrobot_controller/lib/myrobot_controller/simple_controller
[7.130s] -- Symlinking: /home/ares/ares_code_projects/R1/install/myrobot_controller/share/myrobot_controller/config/joy_config.yaml
[7.135s] -- Symlinking: /home/ares/ares_code_projects/R1/install/myrobot_controller/share/myrobot_controller/config/joy_teleop.yaml
[7.139s] -- Symlinking: /home/ares/ares_code_projects/R1/install/myrobot_controller/share/myrobot_controller/config/myrobot_controllers.yaml
[7.145s] -- Symlinking: /home/ares/ares_code_projects/R1/install/myrobot_controller/share/myrobot_controller/launch/controller.launch.py
[7.149s] -- Symlinking: /home/ares/ares_code_projects/R1/install/myrobot_controller/share/myrobot_controller/launch/joystick_teleop.launch.py
[7.154s] -- Symlinking: /home/ares/ares_code_projects/R1/install/myrobot_controller/lib/myrobot_controller/simple_controller.py
[7.158s] -- Symlinking: /home/ares/ares_code_projects/R1/install/myrobot_controller/share/ament_index/resource_index/package_run_dependencies/myrobot_controller
[7.163s] -- Symlinking: /home/ares/ares_code_projects/R1/install/myrobot_controller/share/ament_index/resource_index/parent_prefix_path/myrobot_controller
[7.167s] -- Symlinking: /home/ares/ares_code_projects/R1/install/myrobot_controller/share/myrobot_controller/environment/ament_prefix_path.sh
[7.173s] -- Symlinking: /home/ares/ares_code_projects/R1/install/myrobot_controller/share/myrobot_controller/environment/ament_prefix_path.dsv
[7.177s] -- Symlinking: /home/ares/ares_code_projects/R1/install/myrobot_controller/share/myrobot_controller/environment/path.sh
[7.182s] -- Symlinking: /home/ares/ares_code_projects/R1/install/myrobot_controller/share/myrobot_controller/environment/path.dsv
[7.187s] -- Symlinking: /home/ares/ares_code_projects/R1/install/myrobot_controller/share/myrobot_controller/local_setup.bash
[7.191s] -- Symlinking: /home/ares/ares_code_projects/R1/install/myrobot_controller/share/myrobot_controller/local_setup.sh
[7.195s] -- Symlinking: /home/ares/ares_code_projects/R1/install/myrobot_controller/share/myrobot_controller/local_setup.zsh
[7.200s] -- Symlinking: /home/ares/ares_code_projects/R1/install/myrobot_controller/share/myrobot_controller/local_setup.dsv
[7.205s] -- Symlinking: /home/ares/ares_code_projects/R1/install/myrobot_controller/share/myrobot_controller/package.dsv
[7.209s] -- Symlinking: /home/ares/ares_code_projects/R1/install/myrobot_controller/share/ament_index/resource_index/packages/myrobot_controller
[7.213s] -- Symlinking: /home/ares/ares_code_projects/R1/install/myrobot_controller/share/myrobot_controller/cmake/myrobot_controllerConfig.cmake
[7.218s] -- Symlinking: /home/ares/ares_code_projects/R1/install/myrobot_controller/share/myrobot_controller/cmake/myrobot_controllerConfig-version.cmake
[7.222s] -- Symlinking: /home/ares/ares_code_projects/R1/install/myrobot_controller/share/myrobot_controller/package.xml
[7.250s] Listing '/home/ares/ares_code_projects/R1/install/myrobot_controller/lib/python3.13/site-packages/myrobot_controller'...
[7.250s] Compiling '/home/ares/ares_code_projects/R1/install/myrobot_controller/lib/python3.13/site-packages/myrobot_controller/__init__.py'...
[7.251s] Compiling '/home/ares/ares_code_projects/R1/install/myrobot_controller/lib/python3.13/site-packages/myrobot_controller/read_imu_yaw.py'...
[7.251s] Compiling '/home/ares/ares_code_projects/R1/install/myrobot_controller/lib/python3.13/site-packages/myrobot_controller/read_laser copy.py'...
[7.251s] Compiling '/home/ares/ares_code_projects/R1/install/myrobot_controller/lib/python3.13/site-packages/myrobot_controller/read_laser.py'...
[7.251s] Compiling '/home/ares/ares_code_projects/R1/install/myrobot_controller/lib/python3.13/site-packages/myrobot_controller/simple_controller.py'...
[7.251s] Compiling '/home/ares/ares_code_projects/R1/install/myrobot_controller/lib/python3.13/site-packages/myrobot_controller/test_cmd.py'...
[7.254s] Invoked command in '/home/ares/ares_code_projects/R1/build/myrobot_controller' returned '0': CMAKE_PREFIX_PATH=${CMAKE_PREFIX_PATH}:/home/ares/ares_code_projects/R1/install/omni_mpc_controller:/home/ares/ares_code_projects/R1/install/laser:/opt/ros/humble CONDA_PROMPT_MODIFIER=(base) /usr/bin/cmake --install /home/ares/ares_code_projects/R1/build/myrobot_controller
