[0.590s] Invoking command in '/home/ares/ares_code_projects/R1/build/laser': CONDA_PROMPT_MODIFIER=(base) PYTHONPATH=/home/ares/ares_code_projects/R1/build/laser/prefix_override:/usr/lib/python3/dist-packages/colcon_core/task/python/colcon_distutils_commands:/home/ares/ares_code_projects/R1/install/laser/lib/python3.10/site-packages:${PYTHONPATH} /usr/bin/python3 -W ignore:setup.py install is deprecated -W ignore:easy_install command is deprecated setup.py develop --editable --build-directory /home/ares/ares_code_projects/R1/build/laser/build --no-deps symlink_data
[0.737s] running develop
[0.834s] running egg_info
[0.834s] creating laser.egg-info
[0.834s] writing laser.egg-info/PKG-INFO
[0.834s] writing dependency_links to laser.egg-info/dependency_links.txt
[0.834s] writing entry points to laser.egg-info/entry_points.txt
[0.834s] writing requirements to laser.egg-info/requires.txt
[0.834s] writing top-level names to laser.egg-info/top_level.txt
[0.834s] writing manifest file 'laser.egg-info/SOURCES.txt'
[0.835s] reading manifest file 'laser.egg-info/SOURCES.txt'
[0.836s] writing manifest file 'laser.egg-info/SOURCES.txt'
[0.860s] running build_ext
[0.860s] Creating /home/ares/ares_code_projects/R1/install/laser/lib/python3.10/site-packages/laser.egg-link (link to .)
[0.860s] Installing Real script to /home/ares/ares_code_projects/R1/install/laser/lib/laser
[0.860s] Installing ros2publisher script to /home/ares/ares_code_projects/R1/install/laser/lib/laser
[0.860s] 
[0.860s] Installed /home/ares/ares_code_projects/R1/build/laser
[0.860s] running symlink_data
[0.861s] creating /home/ares/ares_code_projects/R1/install/laser/share/ament_index
[0.861s] creating /home/ares/ares_code_projects/R1/install/laser/share/ament_index/resource_index
[0.861s] creating /home/ares/ares_code_projects/R1/install/laser/share/ament_index/resource_index/packages
[0.861s] symbolically linking /home/ares/ares_code_projects/R1/build/laser/resource/laser -> /home/ares/ares_code_projects/R1/install/laser/share/ament_index/resource_index/packages
[0.861s] symbolically linking /home/ares/ares_code_projects/R1/build/laser/package.xml -> /home/ares/ares_code_projects/R1/install/laser/share/laser
[0.861s] creating /home/ares/ares_code_projects/R1/install/laser/share/laser/config
[0.861s] symbolically linking /home/ares/ares_code_projects/R1/build/laser/config/params.yaml -> /home/ares/ares_code_projects/R1/install/laser/share/laser/config
[0.861s] creating /home/ares/ares_code_projects/R1/install/laser/share/laser/launch
[0.861s] symbolically linking /home/ares/ares_code_projects/R1/build/laser/launch/laser_launch.py -> /home/ares/ares_code_projects/R1/install/laser/share/laser/launch
[0.861s] symbolically linking /home/ares/ares_code_projects/R1/build/laser/launch/start.launch.py -> /home/ares/ares_code_projects/R1/install/laser/share/laser/launch
[0.861s] symbolically linking /home/ares/ares_code_projects/R1/build/laser/launch/all_nodes.launch.py -> /home/ares/ares_code_projects/R1/install/laser/share/laser/launch
[0.882s] Invoked command in '/home/ares/ares_code_projects/R1/build/laser' returned '0': CONDA_PROMPT_MODIFIER=(base) PYTHONPATH=/home/ares/ares_code_projects/R1/build/laser/prefix_override:/usr/lib/python3/dist-packages/colcon_core/task/python/colcon_distutils_commands:/home/ares/ares_code_projects/R1/install/laser/lib/python3.10/site-packages:${PYTHONPATH} /usr/bin/python3 -W ignore:setup.py install is deprecated -W ignore:easy_install command is deprecated setup.py develop --editable --build-directory /home/ares/ares_code_projects/R1/build/laser/build --no-deps symlink_data
