[0.004s] Invoking command in '/home/ares/ares_code_projects/build/my_robot_bringup': CMAKE_PREFIX_PATH=/home/ares/ares_code_projects/install/my_robot_description:/home/ares/ares_code_projects/install/usb_bulk_node:/home/ares/ares_code_projects/install/sllidar_ros2:/home/ares/ares_code_projects/install/remote_rc_node:/home/ares/ares_code_projects/install/myrobot_controller:/home/ares/ares_code_projects/install/my_robot_bringup:/home/ares/ros2_ws/install/zed_ros2:/home/ares/ros2_ws/install/zed_wrapper:/home/ares/ros2_ws/install/zed_components:/home/ares/ros2_ws/install/hoop_detector:/home/ares/ros2_ws/install/hik_camera:/home/ares/ares_code_projects/install/omni_mpc_controller:/home/ares/ares_code_projects/install/laser:/opt/ros/humble CONDA_PROMPT_MODIFIER=(base) /usr/bin/cmake /home/ares/ares_code_projects/src/my_robot_bringup -DR1=ON -DCMAKE_BUILD_TYPE=Release -DAMENT_CMAKE_SYMLINK_INSTALL=1 -DCMAKE_INSTALL_PREFIX=/home/ares/ares_code_projects/install/my_robot_bringup
[0.036s] -- The C compiler identification is GNU 11.4.0
[0.066s] -- The CXX compiler identification is GNU 11.4.0
[0.070s] -- Detecting C compiler ABI info
[0.106s] -- Detecting C compiler ABI info - done
[0.110s] -- Check for working C compiler: /usr/bin/cc - skipped
[0.111s] -- Detecting C compile features
[0.111s] -- Detecting C compile features - done
[0.112s] -- Detecting CXX compiler ABI info
[0.160s] -- Detecting CXX compiler ABI info - done
[0.167s] -- Check for working CXX compiler: /usr/bin/c++ - skipped
[0.167s] -- Detecting CXX compile features
[0.167s] -- Detecting CXX compile features - done
[0.170s] -- Found ament_cmake: 1.3.11 (/opt/ros/humble/share/ament_cmake/cmake)
[0.580s] -- Found Python3: /home/ares/miniconda3/bin/python3 (found version "3.13.2") found components: Interpreter 
[0.674s] -- Override CMake install command with custom implementation using symlinks instead of copying resources
[0.717s] -- Found rclpy: 3.3.16 (/opt/ros/humble/share/rclpy/cmake)
[0.935s] -- Configuring done
[0.955s] -- Generating done
[0.956s] -- Build files have been written to: /home/ares/ares_code_projects/build/my_robot_bringup
[0.966s] Invoked command in '/home/ares/ares_code_projects/build/my_robot_bringup' returned '0': CMAKE_PREFIX_PATH=/home/ares/ares_code_projects/install/my_robot_description:/home/ares/ares_code_projects/install/usb_bulk_node:/home/ares/ares_code_projects/install/sllidar_ros2:/home/ares/ares_code_projects/install/remote_rc_node:/home/ares/ares_code_projects/install/myrobot_controller:/home/ares/ares_code_projects/install/my_robot_bringup:/home/ares/ros2_ws/install/zed_ros2:/home/ares/ros2_ws/install/zed_wrapper:/home/ares/ros2_ws/install/zed_components:/home/ares/ros2_ws/install/hoop_detector:/home/ares/ros2_ws/install/hik_camera:/home/ares/ares_code_projects/install/omni_mpc_controller:/home/ares/ares_code_projects/install/laser:/opt/ros/humble CONDA_PROMPT_MODIFIER=(base) /usr/bin/cmake /home/ares/ares_code_projects/src/my_robot_bringup -DR1=ON -DCMAKE_BUILD_TYPE=Release -DAMENT_CMAKE_SYMLINK_INSTALL=1 -DCMAKE_INSTALL_PREFIX=/home/ares/ares_code_projects/install/my_robot_bringup
[0.967s] Invoking command in '/home/ares/ares_code_projects/build/my_robot_bringup': CMAKE_PREFIX_PATH=/home/ares/ares_code_projects/install/my_robot_description:/home/ares/ares_code_projects/install/usb_bulk_node:/home/ares/ares_code_projects/install/sllidar_ros2:/home/ares/ares_code_projects/install/remote_rc_node:/home/ares/ares_code_projects/install/myrobot_controller:/home/ares/ares_code_projects/install/my_robot_bringup:/home/ares/ros2_ws/install/zed_ros2:/home/ares/ros2_ws/install/zed_wrapper:/home/ares/ros2_ws/install/zed_components:/home/ares/ros2_ws/install/hoop_detector:/home/ares/ros2_ws/install/hik_camera:/home/ares/ares_code_projects/install/omni_mpc_controller:/home/ares/ares_code_projects/install/laser:/opt/ros/humble CONDA_PROMPT_MODIFIER=(base) /usr/bin/cmake --build /home/ares/ares_code_projects/build/my_robot_bringup -- -j16 -l16
[1.033s] Invoked command in '/home/ares/ares_code_projects/build/my_robot_bringup' returned '0': CMAKE_PREFIX_PATH=/home/ares/ares_code_projects/install/my_robot_description:/home/ares/ares_code_projects/install/usb_bulk_node:/home/ares/ares_code_projects/install/sllidar_ros2:/home/ares/ares_code_projects/install/remote_rc_node:/home/ares/ares_code_projects/install/myrobot_controller:/home/ares/ares_code_projects/install/my_robot_bringup:/home/ares/ros2_ws/install/zed_ros2:/home/ares/ros2_ws/install/zed_wrapper:/home/ares/ros2_ws/install/zed_components:/home/ares/ros2_ws/install/hoop_detector:/home/ares/ros2_ws/install/hik_camera:/home/ares/ares_code_projects/install/omni_mpc_controller:/home/ares/ares_code_projects/install/laser:/opt/ros/humble CONDA_PROMPT_MODIFIER=(base) /usr/bin/cmake --build /home/ares/ares_code_projects/build/my_robot_bringup -- -j16 -l16
[1.034s] Invoking command in '/home/ares/ares_code_projects/build/my_robot_bringup': CMAKE_PREFIX_PATH=/home/ares/ares_code_projects/install/my_robot_description:/home/ares/ares_code_projects/install/usb_bulk_node:/home/ares/ares_code_projects/install/sllidar_ros2:/home/ares/ares_code_projects/install/remote_rc_node:/home/ares/ares_code_projects/install/myrobot_controller:/home/ares/ares_code_projects/install/my_robot_bringup:/home/ares/ros2_ws/install/zed_ros2:/home/ares/ros2_ws/install/zed_wrapper:/home/ares/ros2_ws/install/zed_components:/home/ares/ros2_ws/install/hoop_detector:/home/ares/ros2_ws/install/hik_camera:/home/ares/ares_code_projects/install/omni_mpc_controller:/home/ares/ares_code_projects/install/laser:/opt/ros/humble CONDA_PROMPT_MODIFIER=(base) /usr/bin/cmake --install /home/ares/ares_code_projects/build/my_robot_bringup
[1.040s] -- Install configuration: ""
[1.042s] -- Execute custom install script
[1.044s] -- Symlinking: /home/ares/ares_code_projects/install/my_robot_bringup/share/my_robot_bringup/launch/my_robot.launch.py
[1.052s] -- Symlinking: /home/ares/ares_code_projects/install/my_robot_bringup/share/my_robot_bringup/launch/my_robot_gazebo.launch.xml
[1.061s] -- Symlinking: /home/ares/ares_code_projects/install/my_robot_bringup/share/my_robot_bringup/launch/wheel_test.launch.py
[1.070s] -- Symlinking: /home/ares/ares_code_projects/install/my_robot_bringup/share/my_robot_bringup/rviz/urdf_config.rviz
[1.079s] -- Symlinking: /home/ares/ares_code_projects/install/my_robot_bringup/share/my_robot_bringup/src/robot_controller.py
[1.089s] -- Symlinking: /home/ares/ares_code_projects/install/my_robot_bringup/share/ament_index/resource_index/package_run_dependencies/my_robot_bringup
[1.099s] -- Symlinking: /home/ares/ares_code_projects/install/my_robot_bringup/share/ament_index/resource_index/parent_prefix_path/my_robot_bringup
[1.107s] -- Symlinking: /home/ares/ares_code_projects/install/my_robot_bringup/share/my_robot_bringup/environment/ament_prefix_path.sh
[1.115s] -- Symlinking: /home/ares/ares_code_projects/install/my_robot_bringup/share/my_robot_bringup/environment/ament_prefix_path.dsv
[1.122s] -- Symlinking: /home/ares/ares_code_projects/install/my_robot_bringup/share/my_robot_bringup/environment/path.sh
[1.130s] -- Symlinking: /home/ares/ares_code_projects/install/my_robot_bringup/share/my_robot_bringup/environment/path.dsv
[1.139s] -- Symlinking: /home/ares/ares_code_projects/install/my_robot_bringup/share/my_robot_bringup/local_setup.bash
[1.147s] -- Symlinking: /home/ares/ares_code_projects/install/my_robot_bringup/share/my_robot_bringup/local_setup.sh
[1.155s] -- Symlinking: /home/ares/ares_code_projects/install/my_robot_bringup/share/my_robot_bringup/local_setup.zsh
[1.162s] -- Symlinking: /home/ares/ares_code_projects/install/my_robot_bringup/share/my_robot_bringup/local_setup.dsv
[1.169s] -- Symlinking: /home/ares/ares_code_projects/install/my_robot_bringup/share/my_robot_bringup/package.dsv
[1.175s] -- Symlinking: /home/ares/ares_code_projects/install/my_robot_bringup/share/ament_index/resource_index/packages/my_robot_bringup
[1.180s] -- Symlinking: /home/ares/ares_code_projects/install/my_robot_bringup/share/my_robot_bringup/cmake/my_robot_bringupConfig.cmake
[1.185s] -- Symlinking: /home/ares/ares_code_projects/install/my_robot_bringup/share/my_robot_bringup/cmake/my_robot_bringupConfig-version.cmake
[1.191s] -- Symlinking: /home/ares/ares_code_projects/install/my_robot_bringup/share/my_robot_bringup/package.xml
[1.198s] Invoked command in '/home/ares/ares_code_projects/build/my_robot_bringup' returned '0': CMAKE_PREFIX_PATH=/home/ares/ares_code_projects/install/my_robot_description:/home/ares/ares_code_projects/install/usb_bulk_node:/home/ares/ares_code_projects/install/sllidar_ros2:/home/ares/ares_code_projects/install/remote_rc_node:/home/ares/ares_code_projects/install/myrobot_controller:/home/ares/ares_code_projects/install/my_robot_bringup:/home/ares/ros2_ws/install/zed_ros2:/home/ares/ros2_ws/install/zed_wrapper:/home/ares/ros2_ws/install/zed_components:/home/ares/ros2_ws/install/hoop_detector:/home/ares/ros2_ws/install/hik_camera:/home/ares/ares_code_projects/install/omni_mpc_controller:/home/ares/ares_code_projects/install/laser:/opt/ros/humble CONDA_PROMPT_MODIFIER=(base) /usr/bin/cmake --install /home/ares/ares_code_projects/build/my_robot_bringup
