[0.543s] Invoking command in '/home/ares/ares_code_projects/R1/build/omni_mpc_controller': CONDA_PROMPT_MODIFIER=(test) PYTHONPATH=/home/ares/ares_code_projects/R1/build/omni_mpc_controller/prefix_override:/usr/lib/python3/dist-packages/colcon_core/task/python/colcon_distutils_commands:/home/ares/ares_code_projects/R1/install/omni_mpc_controller/lib/python3.10/site-packages:${PYTHONPATH} /usr/bin/python3 -W ignore:setup.py install is deprecated -W ignore:easy_install command is deprecated setup.py develop --editable --build-directory /home/ares/ares_code_projects/R1/build/omni_mpc_controller/build --no-deps symlink_data
[0.696s] running develop
[0.789s] running egg_info
[0.789s] creating omni_mpc_controller.egg-info
[0.790s] writing omni_mpc_controller.egg-info/PKG-INFO
[0.790s] writing dependency_links to omni_mpc_controller.egg-info/dependency_links.txt
[0.790s] writing entry points to omni_mpc_controller.egg-info/entry_points.txt
[0.790s] writing requirements to omni_mpc_controller.egg-info/requires.txt
[0.790s] writing top-level names to omni_mpc_controller.egg-info/top_level.txt
[0.790s] writing manifest file 'omni_mpc_controller.egg-info/SOURCES.txt'
[0.791s] reading manifest file 'omni_mpc_controller.egg-info/SOURCES.txt'
[0.791s] writing manifest file 'omni_mpc_controller.egg-info/SOURCES.txt'
[0.815s] running build_ext
[0.815s] Creating /home/ares/ares_code_projects/R1/install/omni_mpc_controller/lib/python3.10/site-packages/omni-mpc-controller.egg-link (link to .)
[0.815s] Installing MPC script to /home/ares/ares_code_projects/R1/install/omni_mpc_controller/lib/omni_mpc_controller
[0.816s] Installing keyboard_control script to /home/ares/ares_code_projects/R1/install/omni_mpc_controller/lib/omni_mpc_controller
[0.816s] Installing omni_mpc_controller_node script to /home/ares/ares_code_projects/R1/install/omni_mpc_controller/lib/omni_mpc_controller
[0.816s] 
[0.816s] Installed /home/ares/ares_code_projects/R1/build/omni_mpc_controller
[0.816s] running symlink_data
[0.816s] creating /home/ares/ares_code_projects/R1/install/omni_mpc_controller/share/ament_index
[0.816s] creating /home/ares/ares_code_projects/R1/install/omni_mpc_controller/share/ament_index/resource_index
[0.816s] creating /home/ares/ares_code_projects/R1/install/omni_mpc_controller/share/ament_index/resource_index/packages
[0.816s] symbolically linking /home/ares/ares_code_projects/R1/build/omni_mpc_controller/resource/omni_mpc_controller -> /home/ares/ares_code_projects/R1/install/omni_mpc_controller/share/ament_index/resource_index/packages
[0.816s] symbolically linking /home/ares/ares_code_projects/R1/build/omni_mpc_controller/package.xml -> /home/ares/ares_code_projects/R1/install/omni_mpc_controller/share/omni_mpc_controller
[0.816s] creating /home/ares/ares_code_projects/R1/install/omni_mpc_controller/share/omni_mpc_controller/launch
[0.816s] symbolically linking /home/ares/ares_code_projects/R1/build/omni_mpc_controller/launch/keyboard.launch.py -> /home/ares/ares_code_projects/R1/install/omni_mpc_controller/share/omni_mpc_controller/launch
[0.816s] symbolically linking /home/ares/ares_code_projects/R1/build/omni_mpc_controller/launch/MPC.launch.py -> /home/ares/ares_code_projects/R1/install/omni_mpc_controller/share/omni_mpc_controller/launch
[0.816s] creating /home/ares/ares_code_projects/R1/install/omni_mpc_controller/share/omni_mpc_controller/config
[0.816s] symbolically linking /home/ares/ares_code_projects/R1/build/omni_mpc_controller/config/params.yaml -> /home/ares/ares_code_projects/R1/install/omni_mpc_controller/share/omni_mpc_controller/config
[0.839s] Invoked command in '/home/ares/ares_code_projects/R1/build/omni_mpc_controller' returned '0': CONDA_PROMPT_MODIFIER=(test) PYTHONPATH=/home/ares/ares_code_projects/R1/build/omni_mpc_controller/prefix_override:/usr/lib/python3/dist-packages/colcon_core/task/python/colcon_distutils_commands:/home/ares/ares_code_projects/R1/install/omni_mpc_controller/lib/python3.10/site-packages:${PYTHONPATH} /usr/bin/python3 -W ignore:setup.py install is deprecated -W ignore:easy_install command is deprecated setup.py develop --editable --build-directory /home/ares/ares_code_projects/R1/build/omni_mpc_controller/build --no-deps symlink_data
