[0.307s] Invoking command in '/home/ares/ares_code_projects/R1/build/sllidar_ros2': CMAKE_PREFIX_PATH=${CMAKE_PREFIX_PATH}:/home/ares/Desktop/dog/install/omni_mpc_controller:/home/ares/Desktop/dog/install/laser:/home/ares/ares_code_projects/R1/install/omni_mpc_controller:/home/ares/ares_code_projects/R1/install/laser:/opt/ros/humble CONDA_PROMPT_MODIFIER=(base) /usr/bin/cmake --build /home/ares/ares_code_projects/R1/build/sllidar_ros2 -- -j16 -l16
[0.318s] -- Found ament_cmake: 1.3.11 (/opt/ros/humble/share/ament_cmake/cmake)
[0.415s] -- Override CMake install command with custom implementation using symlinks instead of copying resources
[0.419s] -- Found rclcpp: 16.0.12 (/opt/ros/humble/share/rclcpp/cmake)
[0.434s] -- Found rosidl_generator_c: 3.1.6 (/opt/ros/humble/share/rosidl_generator_c/cmake)
[0.436s] -- Found rosidl_adapter: 3.1.6 (/opt/ros/humble/share/rosidl_adapter/cmake)
[0.439s] -- Found rosidl_generator_cpp: 3.1.6 (/opt/ros/humble/share/rosidl_generator_cpp/cmake)
[0.444s] -- Using all available rosidl_typesupport_c: rosidl_typesupport_fastrtps_c;rosidl_typesupport_introspection_c
[0.451s] -- Using all available rosidl_typesupport_cpp: rosidl_typesupport_fastrtps_cpp;rosidl_typesupport_introspection_cpp
[0.468s] -- Found rmw_implementation_cmake: 6.1.2 (/opt/ros/humble/share/rmw_implementation_cmake/cmake)
[0.470s] -- Found rmw_fastrtps_cpp: 6.2.7 (/opt/ros/humble/share/rmw_fastrtps_cpp/cmake)
[0.531s] -- Using RMW implementation 'rmw_fastrtps_cpp' as default
[0.557s] -- Found sensor_msgs: 4.9.0 (/opt/ros/humble/share/sensor_msgs/cmake)
[0.573s] -- Found std_srvs: 4.9.0 (/opt/ros/humble/share/std_srvs/cmake)
[0.652s] -- Configuring done
[0.660s] -- Generating done
[0.663s] -- Build files have been written to: /home/ares/ares_code_projects/R1/build/sllidar_ros2
[0.681s] [35m[1mConsolidate compiler generated dependencies of target sllidar_client[0m
[0.681s] [35m[1mConsolidate compiler generated dependencies of target sllidar_node[0m
[0.693s] [ 10%] Built target sllidar_client
[0.705s] [ 15%] [32mBuilding CXX object CMakeFiles/sllidar_node.dir/src/sllidar_node.cpp.o[0m
[0.705s] [ 25%] [32mBuilding CXX object CMakeFiles/sllidar_node.dir/sdk/src/arch/linux/net_socket.cpp.o[0m
[0.706s] [ 25%] [32mBuilding CXX object CMakeFiles/sllidar_node.dir/sdk/src/arch/linux/net_serial.cpp.o[0m
[0.706s] [ 30%] [32mBuilding CXX object CMakeFiles/sllidar_node.dir/sdk/src/arch/linux/timer.cpp.o[0m
[0.706s] [ 35%] [32mBuilding CXX object CMakeFiles/sllidar_node.dir/sdk/src/dataunpacker/unpacker/handler_hqnode.cpp.o[0m
[0.706s] [ 40%] [32mBuilding CXX object CMakeFiles/sllidar_node.dir/sdk/src/dataunpacker/unpacker/handler_capsules.cpp.o[0m
[0.706s] [ 50%] [32mBuilding CXX object CMakeFiles/sllidar_node.dir/sdk/src/dataunpacker/unpacker/handler_normalnode.cpp.o[0m
[0.706s] [ 50%] [32mBuilding CXX object CMakeFiles/sllidar_node.dir/sdk/src/dataunpacker/dataunpacker.cpp.o[0m
[0.715s] [ 55%] [32mBuilding CXX object CMakeFiles/sllidar_node.dir/sdk/src/hal/thread.cpp.o[0m
[0.715s] [ 60%] [32mBuilding CXX object CMakeFiles/sllidar_node.dir/sdk/src/rplidar_driver.cpp.o[0m
[0.715s] [ 65%] [32mBuilding CXX object CMakeFiles/sllidar_node.dir/sdk/src/sl_async_transceiver.cpp.o[0m
[0.715s] [ 70%] [32mBuilding CXX object CMakeFiles/sllidar_node.dir/sdk/src/sl_crc.cpp.o[0m
[0.715s] [ 75%] [32mBuilding CXX object CMakeFiles/sllidar_node.dir/sdk/src/sl_lidarprotocol_codec.cpp.o[0m
[0.715s] [ 80%] [32mBuilding CXX object CMakeFiles/sllidar_node.dir/sdk/src/sl_serial_channel.cpp.o[0m
[0.717s] [ 90%] [32mBuilding CXX object CMakeFiles/sllidar_node.dir/sdk/src/sl_tcp_channel.cpp.o[0m
[0.717s] [ 90%] [32mBuilding CXX object CMakeFiles/sllidar_node.dir/sdk/src/sl_lidar_driver.cpp.o[0m
[0.815s] [ 95%] [32mBuilding CXX object CMakeFiles/sllidar_node.dir/sdk/src/sl_udp_channel.cpp.o[0m
[1.317s] [01m[K/home/ares/ares_code_projects/R1/src/sllidar_ros2/sdk/src/arch/linux/net_serial.cpp:[m[K In member function ‘[01m[Kvirtual void rp::arch::net::raw_serial::cancelOperation()[m[K’:
[1.318s] [01m[K/home/ares/ares_code_projects/R1/src/sllidar_ros2/sdk/src/arch/linux/net_serial.cpp:427:5:[m[K [01;35m[Kwarning: [m[Kvalue computed is not used [[01;35m[K]8;;https://gcc.gnu.org/onlinedocs/gcc/Warning-Options.html#index-Wunused-value-Wunused-value]8;;[m[K]
[1.319s]   427 |     [01;35m[K(int)::write(_selfpipe[1], "x", 1)[m[K;
[1.320s]       |     [01;35m[K^~~~~~~~~~~~~~~~~~~~~~~~~~~~~~~~~~[m[K
[4.948s] [100%] [32m[1mLinking CXX executable sllidar_node[0m
[5.029s] [100%] Built target sllidar_node
[5.035s] Invoked command in '/home/ares/ares_code_projects/R1/build/sllidar_ros2' returned '0': CMAKE_PREFIX_PATH=${CMAKE_PREFIX_PATH}:/home/ares/Desktop/dog/install/omni_mpc_controller:/home/ares/Desktop/dog/install/laser:/home/ares/ares_code_projects/R1/install/omni_mpc_controller:/home/ares/ares_code_projects/R1/install/laser:/opt/ros/humble CONDA_PROMPT_MODIFIER=(base) /usr/bin/cmake --build /home/ares/ares_code_projects/R1/build/sllidar_ros2 -- -j16 -l16
[5.036s] Invoking command in '/home/ares/ares_code_projects/R1/build/sllidar_ros2': CMAKE_PREFIX_PATH=${CMAKE_PREFIX_PATH}:/home/ares/Desktop/dog/install/omni_mpc_controller:/home/ares/Desktop/dog/install/laser:/home/ares/ares_code_projects/R1/install/omni_mpc_controller:/home/ares/ares_code_projects/R1/install/laser:/opt/ros/humble CONDA_PROMPT_MODIFIER=(base) /usr/bin/cmake --install /home/ares/ares_code_projects/R1/build/sllidar_ros2
[5.040s] -- Install configuration: "Release"
[5.040s] -- Execute custom install script
[5.040s] -- Up-to-date symlink: /home/ares/ares_code_projects/R1/install/sllidar_ros2/share/sllidar_ros2/launch/sllidar_a1_launch.py
[5.040s] -- Up-to-date symlink: /home/ares/ares_code_projects/R1/install/sllidar_ros2/share/sllidar_ros2/launch/sllidar_a2m12_launch .py
[5.040s] -- Up-to-date symlink: /home/ares/ares_code_projects/R1/install/sllidar_ros2/share/sllidar_ros2/launch/sllidar_a2m7_launch.py
[5.040s] -- Up-to-date symlink: /home/ares/ares_code_projects/R1/install/sllidar_ros2/share/sllidar_ros2/launch/sllidar_a2m8_launch.py
[5.040s] -- Up-to-date symlink: /home/ares/ares_code_projects/R1/install/sllidar_ros2/share/sllidar_ros2/launch/sllidar_a3_launch.py
[5.041s] -- Up-to-date symlink: /home/ares/ares_code_projects/R1/install/sllidar_ros2/share/sllidar_ros2/launch/sllidar_c1_launch.py
[5.041s] -- Up-to-date symlink: /home/ares/ares_code_projects/R1/install/sllidar_ros2/share/sllidar_ros2/launch/sllidar_s1_launch.py
[5.041s] -- Up-to-date symlink: /home/ares/ares_code_projects/R1/install/sllidar_ros2/share/sllidar_ros2/launch/sllidar_s1_tcp_launch.py
[5.041s] -- Up-to-date symlink: /home/ares/ares_code_projects/R1/install/sllidar_ros2/share/sllidar_ros2/launch/sllidar_s2_launch.py
[5.041s] -- Up-to-date symlink: /home/ares/ares_code_projects/R1/install/sllidar_ros2/share/sllidar_ros2/launch/sllidar_s2e_launch.py
[5.041s] -- Up-to-date symlink: /home/ares/ares_code_projects/R1/install/sllidar_ros2/share/sllidar_ros2/launch/sllidar_s3_launch.py
[5.041s] -- Up-to-date symlink: /home/ares/ares_code_projects/R1/install/sllidar_ros2/share/sllidar_ros2/launch/sllidar_t1_launch.py
[5.041s] -- Up-to-date symlink: /home/ares/ares_code_projects/R1/install/sllidar_ros2/share/sllidar_ros2/launch/view_sllidar_a1_launch.py
[5.041s] -- Up-to-date symlink: /home/ares/ares_code_projects/R1/install/sllidar_ros2/share/sllidar_ros2/launch/view_sllidar_a2m12_launch.py
[5.041s] -- Up-to-date symlink: /home/ares/ares_code_projects/R1/install/sllidar_ros2/share/sllidar_ros2/launch/view_sllidar_a2m7_launch.py
[5.041s] -- Up-to-date symlink: /home/ares/ares_code_projects/R1/install/sllidar_ros2/share/sllidar_ros2/launch/view_sllidar_a2m8_launch.py
[5.041s] -- Up-to-date symlink: /home/ares/ares_code_projects/R1/install/sllidar_ros2/share/sllidar_ros2/launch/view_sllidar_a3_launch.py
[5.041s] -- Up-to-date symlink: /home/ares/ares_code_projects/R1/install/sllidar_ros2/share/sllidar_ros2/launch/view_sllidar_c1_launch.py
[5.041s] -- Up-to-date symlink: /home/ares/ares_code_projects/R1/install/sllidar_ros2/share/sllidar_ros2/launch/view_sllidar_s1_launch.py
[5.041s] -- Up-to-date symlink: /home/ares/ares_code_projects/R1/install/sllidar_ros2/share/sllidar_ros2/launch/view_sllidar_s1_tcp_launch.py
[5.041s] -- Up-to-date symlink: /home/ares/ares_code_projects/R1/install/sllidar_ros2/share/sllidar_ros2/launch/view_sllidar_s2_launch.py
[5.041s] -- Up-to-date symlink: /home/ares/ares_code_projects/R1/install/sllidar_ros2/share/sllidar_ros2/launch/view_sllidar_s2e_launch.py
[5.041s] -- Up-to-date symlink: /home/ares/ares_code_projects/R1/install/sllidar_ros2/share/sllidar_ros2/launch/view_sllidar_s3_launch.py
[5.041s] -- Up-to-date symlink: /home/ares/ares_code_projects/R1/install/sllidar_ros2/share/sllidar_ros2/launch/view_sllidar_t1_launch.py
[5.041s] -- Up-to-date symlink: /home/ares/ares_code_projects/R1/install/sllidar_ros2/share/sllidar_ros2/rviz/sllidar_ros2.rviz
[5.041s] -- Up-to-date symlink: /home/ares/ares_code_projects/R1/install/sllidar_ros2/lib/sllidar_ros2/sllidar_node
[5.041s] -- Up-to-date symlink: /home/ares/ares_code_projects/R1/install/sllidar_ros2/lib/sllidar_ros2/sllidar_client
[5.042s] -- Up-to-date symlink: /home/ares/ares_code_projects/R1/install/sllidar_ros2/share/ament_index/resource_index/package_run_dependencies/sllidar_ros2
[5.042s] -- Up-to-date symlink: /home/ares/ares_code_projects/R1/install/sllidar_ros2/share/ament_index/resource_index/parent_prefix_path/sllidar_ros2
[5.042s] -- Up-to-date symlink: /home/ares/ares_code_projects/R1/install/sllidar_ros2/share/sllidar_ros2/environment/ament_prefix_path.sh
[5.042s] -- Up-to-date symlink: /home/ares/ares_code_projects/R1/install/sllidar_ros2/share/sllidar_ros2/environment/ament_prefix_path.dsv
[5.042s] -- Up-to-date symlink: /home/ares/ares_code_projects/R1/install/sllidar_ros2/share/sllidar_ros2/environment/path.sh
[5.042s] -- Up-to-date symlink: /home/ares/ares_code_projects/R1/install/sllidar_ros2/share/sllidar_ros2/environment/path.dsv
[5.042s] -- Up-to-date symlink: /home/ares/ares_code_projects/R1/install/sllidar_ros2/share/sllidar_ros2/local_setup.bash
[5.042s] -- Up-to-date symlink: /home/ares/ares_code_projects/R1/install/sllidar_ros2/share/sllidar_ros2/local_setup.sh
[5.042s] -- Up-to-date symlink: /home/ares/ares_code_projects/R1/install/sllidar_ros2/share/sllidar_ros2/local_setup.zsh
[5.042s] -- Up-to-date symlink: /home/ares/ares_code_projects/R1/install/sllidar_ros2/share/sllidar_ros2/local_setup.dsv
[5.042s] -- Symlinking: /home/ares/ares_code_projects/R1/install/sllidar_ros2/share/sllidar_ros2/package.dsv
[5.046s] -- Up-to-date symlink: /home/ares/ares_code_projects/R1/install/sllidar_ros2/share/ament_index/resource_index/packages/sllidar_ros2
[5.046s] -- Up-to-date symlink: /home/ares/ares_code_projects/R1/install/sllidar_ros2/share/sllidar_ros2/cmake/ament_cmake_export_dependencies-extras.cmake
[5.046s] -- Up-to-date symlink: /home/ares/ares_code_projects/R1/install/sllidar_ros2/share/sllidar_ros2/cmake/ament_cmake_export_include_directories-extras.cmake
[5.047s] -- Up-to-date symlink: /home/ares/ares_code_projects/R1/install/sllidar_ros2/share/sllidar_ros2/cmake/sllidar_ros2Config.cmake
[5.047s] -- Up-to-date symlink: /home/ares/ares_code_projects/R1/install/sllidar_ros2/share/sllidar_ros2/cmake/sllidar_ros2Config-version.cmake
[5.047s] -- Up-to-date symlink: /home/ares/ares_code_projects/R1/install/sllidar_ros2/share/sllidar_ros2/package.xml
[5.048s] Invoked command in '/home/ares/ares_code_projects/R1/build/sllidar_ros2' returned '0': CMAKE_PREFIX_PATH=${CMAKE_PREFIX_PATH}:/home/ares/Desktop/dog/install/omni_mpc_controller:/home/ares/Desktop/dog/install/laser:/home/ares/ares_code_projects/R1/install/omni_mpc_controller:/home/ares/ares_code_projects/R1/install/laser:/opt/ros/humble CONDA_PROMPT_MODIFIER=(base) /usr/bin/cmake --install /home/ares/ares_code_projects/R1/build/sllidar_ros2
