[0.159s] Invoking command in '/home/ares/ares_code_projects/R2/build/myrobot_controller': CMAKE_PREFIX_PATH=${CMAKE_PREFIX_PATH}:/home/ares/ares_code_projects/R1/install/omni_mpc_controller:/home/ares/ares_code_projects/R1/install/laser:/opt/ros/humble CONDA_PROMPT_MODIFIER=(base) /usr/bin/cmake /home/ares/ares_code_projects/R2/src/myrobot_controller -DAMENT_CMAKE_SYMLINK_INSTALL=1 -DCMAKE_INSTALL_PREFIX=/home/ares/ares_code_projects/R2/install/myrobot_controller
[0.302s] -- The C compiler identification is GNU 11.4.0
[0.302s] -- The CXX compiler identification is GNU 11.4.0
[0.302s] -- Detecting C compiler ABI info
[0.302s] -- Detecting C compiler ABI info - done
[0.302s] -- Check for working C compiler: /usr/bin/cc - skipped
[0.302s] -- Detecting C compile features
[0.302s] -- Detecting C compile features - done
[0.302s] -- Detecting CXX compiler ABI info
[0.323s] -- Detecting CXX compiler ABI info - done
[0.327s] -- Check for working CXX compiler: /usr/bin/c++ - skipped
[0.327s] -- Detecting CXX compile features
[0.327s] -- Detecting CXX compile features - done
[0.329s] -- Found ament_cmake: 1.3.11 (/opt/ros/humble/share/ament_cmake/cmake)
[0.562s] -- Found Python3: /home/ares/miniconda3/bin/python3 (found version "3.13.2") found components: Interpreter 
[0.611s] -- Override CMake install command with custom implementation using symlinks instead of copying resources
[0.631s] -- Found rclpy: 3.3.16 (/opt/ros/humble/share/rclpy/cmake)
[0.633s] -- Found std_msgs: 4.9.0 (/opt/ros/humble/share/std_msgs/cmake)
[0.657s] -- Found rosidl_generator_c: 3.1.6 (/opt/ros/humble/share/rosidl_generator_c/cmake)
[0.660s] -- Found rosidl_adapter: 3.1.6 (/opt/ros/humble/share/rosidl_adapter/cmake)
[0.665s] -- Found rosidl_generator_cpp: 3.1.6 (/opt/ros/humble/share/rosidl_generator_cpp/cmake)
[0.672s] -- Using all available rosidl_typesupport_c: rosidl_typesupport_fastrtps_c;rosidl_typesupport_introspection_c
[0.682s] -- Using all available rosidl_typesupport_cpp: rosidl_typesupport_fastrtps_cpp;rosidl_typesupport_introspection_cpp
[0.698s] -- Found geometry_msgs: 4.9.0 (/opt/ros/humble/share/geometry_msgs/cmake)
[0.706s] -- Found rclcpp: 16.0.12 (/opt/ros/humble/share/rclcpp/cmake)
[0.728s] -- Found rmw_implementation_cmake: 6.1.2 (/opt/ros/humble/share/rmw_implementation_cmake/cmake)
[0.730s] -- Found rmw_fastrtps_cpp: 6.2.7 (/opt/ros/humble/share/rmw_fastrtps_cpp/cmake)
[0.779s] -- Found OpenSSL: /usr/lib/x86_64-linux-gnu/libcrypto.so (found version "3.0.2")  
[0.798s] -- Found FastRTPS: /opt/ros/humble/include  
[0.824s] -- Using RMW implementation 'rmw_fastrtps_cpp' as default
[0.829s] -- Looking for pthread.h
[0.877s] -- Looking for pthread.h - found
[0.877s] -- Performing Test CMAKE_HAVE_LIBC_PTHREAD
[0.919s] -- Performing Test CMAKE_HAVE_LIBC_PTHREAD - Success
[0.920s] -- Found Threads: TRUE  
[1.012s] -- Found ament_lint_auto: 0.12.12 (/opt/ros/humble/share/ament_lint_auto/cmake)
[1.082s] -- Added test 'cppcheck' to perform static code analysis on C / C++ code
[1.082s] -- Configured cppcheck include dirs: /home/ares/ares_code_projects/R2/src/myrobot_controller/include
[1.082s] -- Configured cppcheck exclude dirs and/or files: 
[1.082s] -- Added test 'flake8' to check Python code syntax and style conventions
[1.083s] -- Added test 'lint_cmake' to check CMake code style
[1.083s] -- Added test 'pep257' to check Python code against some of the docstring style conventions in PEP 257
[1.084s] -- Added test 'uncrustify' to check C / C++ code style
[1.084s] -- Configured uncrustify additional arguments: 
[1.084s] -- Added test 'xmllint' to check XML markup files
[1.085s] -- Configuring done
[1.090s] -- Generating done
[1.092s] -- Build files have been written to: /home/ares/ares_code_projects/R2/build/myrobot_controller
[1.098s] Invoked command in '/home/ares/ares_code_projects/R2/build/myrobot_controller' returned '0': CMAKE_PREFIX_PATH=${CMAKE_PREFIX_PATH}:/home/ares/ares_code_projects/R1/install/omni_mpc_controller:/home/ares/ares_code_projects/R1/install/laser:/opt/ros/humble CONDA_PROMPT_MODIFIER=(base) /usr/bin/cmake /home/ares/ares_code_projects/R2/src/myrobot_controller -DAMENT_CMAKE_SYMLINK_INSTALL=1 -DCMAKE_INSTALL_PREFIX=/home/ares/ares_code_projects/R2/install/myrobot_controller
[1.098s] Invoking command in '/home/ares/ares_code_projects/R2/build/myrobot_controller': CMAKE_PREFIX_PATH=${CMAKE_PREFIX_PATH}:/home/ares/ares_code_projects/R1/install/omni_mpc_controller:/home/ares/ares_code_projects/R1/install/laser:/opt/ros/humble CONDA_PROMPT_MODIFIER=(base) /usr/bin/cmake --build /home/ares/ares_code_projects/R2/build/myrobot_controller -- -j16 -l16
[1.128s] [ 50%] [32mBuilding CXX object CMakeFiles/simple_controller.dir/src/simple_controller.cpp.o[0m
[1.130s] [ 50%] Built target ament_cmake_python_symlink_myrobot_controller
[1.288s] running egg_info
[1.304s] creating myrobot_controller.egg-info
[1.304s] writing myrobot_controller.egg-info/PKG-INFO
[1.304s] writing dependency_links to myrobot_controller.egg-info/dependency_links.txt
[1.304s] writing top-level names to myrobot_controller.egg-info/top_level.txt
[1.304s] writing manifest file 'myrobot_controller.egg-info/SOURCES.txt'
[1.354s] reading manifest file 'myrobot_controller.egg-info/SOURCES.txt'
[1.355s] writing manifest file 'myrobot_controller.egg-info/SOURCES.txt'
[1.408s] [ 50%] Built target ament_cmake_python_build_myrobot_controller_egg
[6.642s] [100%] [32m[1mLinking CXX executable simple_controller[0m
[6.859s] [100%] Built target simple_controller
[6.867s] Invoked command in '/home/ares/ares_code_projects/R2/build/myrobot_controller' returned '0': CMAKE_PREFIX_PATH=${CMAKE_PREFIX_PATH}:/home/ares/ares_code_projects/R1/install/omni_mpc_controller:/home/ares/ares_code_projects/R1/install/laser:/opt/ros/humble CONDA_PROMPT_MODIFIER=(base) /usr/bin/cmake --build /home/ares/ares_code_projects/R2/build/myrobot_controller -- -j16 -l16
[6.868s] Invoking command in '/home/ares/ares_code_projects/R2/build/myrobot_controller': CMAKE_PREFIX_PATH=${CMAKE_PREFIX_PATH}:/home/ares/ares_code_projects/R1/install/omni_mpc_controller:/home/ares/ares_code_projects/R1/install/laser:/opt/ros/humble CONDA_PROMPT_MODIFIER=(base) /usr/bin/cmake --install /home/ares/ares_code_projects/R2/build/myrobot_controller
[6.872s] -- Install configuration: ""
[6.872s] -- Execute custom install script
[6.872s] -- Symlinking: /home/ares/ares_code_projects/R2/install/myrobot_controller/share/myrobot_controller/environment/pythonpath.sh
[6.877s] -- Symlinking: /home/ares/ares_code_projects/R2/install/myrobot_controller/share/myrobot_controller/environment/pythonpath.dsv
[6.882s] -- Symlinking: /home/ares/ares_code_projects/R2/install/myrobot_controller/lib/python3.13/site-packages/myrobot_controller-0.0.0-py3.13.egg-info/PKG-INFO
[6.886s] -- Symlinking: /home/ares/ares_code_projects/R2/install/myrobot_controller/lib/python3.13/site-packages/myrobot_controller-0.0.0-py3.13.egg-info/SOURCES.txt
[6.890s] -- Symlinking: /home/ares/ares_code_projects/R2/install/myrobot_controller/lib/python3.13/site-packages/myrobot_controller-0.0.0-py3.13.egg-info/dependency_links.txt
[6.894s] -- Symlinking: /home/ares/ares_code_projects/R2/install/myrobot_controller/lib/python3.13/site-packages/myrobot_controller-0.0.0-py3.13.egg-info/top_level.txt
[6.898s] -- Symlinking: /home/ares/ares_code_projects/R2/install/myrobot_controller/lib/python3.13/site-packages/myrobot_controller/__init__.py
[6.903s] -- Symlinking: /home/ares/ares_code_projects/R2/install/myrobot_controller/lib/python3.13/site-packages/myrobot_controller/read_imu_yaw.py
[6.907s] -- Symlinking: /home/ares/ares_code_projects/R2/install/myrobot_controller/lib/python3.13/site-packages/myrobot_controller/read_laser copy.py
[6.911s] -- Symlinking: /home/ares/ares_code_projects/R2/install/myrobot_controller/lib/python3.13/site-packages/myrobot_controller/read_laser.py
[6.916s] -- Symlinking: /home/ares/ares_code_projects/R2/install/myrobot_controller/lib/python3.13/site-packages/myrobot_controller/simple_controller.py
[6.920s] -- Symlinking: /home/ares/ares_code_projects/R2/install/myrobot_controller/lib/python3.13/site-packages/myrobot_controller/test_cmd.py
[6.926s] -- Symlinking: /home/ares/ares_code_projects/R2/install/myrobot_controller/include/include/myrobot_controller/simple_controller.hpp
[6.932s] -- Symlinking: /home/ares/ares_code_projects/R2/install/myrobot_controller/lib/myrobot_controller/simple_controller
[6.936s] -- Symlinking: /home/ares/ares_code_projects/R2/install/myrobot_controller/share/myrobot_controller/config/joy_config.yaml
[6.940s] -- Symlinking: /home/ares/ares_code_projects/R2/install/myrobot_controller/share/myrobot_controller/config/joy_teleop.yaml
[6.944s] -- Symlinking: /home/ares/ares_code_projects/R2/install/myrobot_controller/share/myrobot_controller/config/myrobot_controllers.yaml
[6.949s] -- Symlinking: /home/ares/ares_code_projects/R2/install/myrobot_controller/share/myrobot_controller/launch/controller.launch.py
[6.953s] -- Symlinking: /home/ares/ares_code_projects/R2/install/myrobot_controller/share/myrobot_controller/launch/joystick_teleop.launch.py
[6.958s] -- Symlinking: /home/ares/ares_code_projects/R2/install/myrobot_controller/lib/myrobot_controller/simple_controller.py
[6.963s] -- Symlinking: /home/ares/ares_code_projects/R2/install/myrobot_controller/share/ament_index/resource_index/package_run_dependencies/myrobot_controller
[6.967s] -- Symlinking: /home/ares/ares_code_projects/R2/install/myrobot_controller/share/ament_index/resource_index/parent_prefix_path/myrobot_controller
[6.972s] -- Symlinking: /home/ares/ares_code_projects/R2/install/myrobot_controller/share/myrobot_controller/environment/ament_prefix_path.sh
[6.976s] -- Symlinking: /home/ares/ares_code_projects/R2/install/myrobot_controller/share/myrobot_controller/environment/ament_prefix_path.dsv
[6.980s] -- Symlinking: /home/ares/ares_code_projects/R2/install/myrobot_controller/share/myrobot_controller/environment/path.sh
[6.984s] -- Symlinking: /home/ares/ares_code_projects/R2/install/myrobot_controller/share/myrobot_controller/environment/path.dsv
[6.988s] -- Symlinking: /home/ares/ares_code_projects/R2/install/myrobot_controller/share/myrobot_controller/local_setup.bash
[6.992s] -- Symlinking: /home/ares/ares_code_projects/R2/install/myrobot_controller/share/myrobot_controller/local_setup.sh
[6.998s] -- Symlinking: /home/ares/ares_code_projects/R2/install/myrobot_controller/share/myrobot_controller/local_setup.zsh
[7.003s] -- Symlinking: /home/ares/ares_code_projects/R2/install/myrobot_controller/share/myrobot_controller/local_setup.dsv
[7.007s] -- Symlinking: /home/ares/ares_code_projects/R2/install/myrobot_controller/share/myrobot_controller/package.dsv
[7.011s] -- Symlinking: /home/ares/ares_code_projects/R2/install/myrobot_controller/share/ament_index/resource_index/packages/myrobot_controller
[7.015s] -- Symlinking: /home/ares/ares_code_projects/R2/install/myrobot_controller/share/myrobot_controller/cmake/myrobot_controllerConfig.cmake
[7.020s] -- Symlinking: /home/ares/ares_code_projects/R2/install/myrobot_controller/share/myrobot_controller/cmake/myrobot_controllerConfig-version.cmake
[7.026s] -- Symlinking: /home/ares/ares_code_projects/R2/install/myrobot_controller/share/myrobot_controller/package.xml
[7.051s] Listing '/home/ares/ares_code_projects/R2/install/myrobot_controller/lib/python3.13/site-packages/myrobot_controller'...
[7.051s] Compiling '/home/ares/ares_code_projects/R2/install/myrobot_controller/lib/python3.13/site-packages/myrobot_controller/__init__.py'...
[7.051s] Compiling '/home/ares/ares_code_projects/R2/install/myrobot_controller/lib/python3.13/site-packages/myrobot_controller/read_imu_yaw.py'...
[7.051s] Compiling '/home/ares/ares_code_projects/R2/install/myrobot_controller/lib/python3.13/site-packages/myrobot_controller/read_laser copy.py'...
[7.051s] Compiling '/home/ares/ares_code_projects/R2/install/myrobot_controller/lib/python3.13/site-packages/myrobot_controller/read_laser.py'...
[7.051s] Compiling '/home/ares/ares_code_projects/R2/install/myrobot_controller/lib/python3.13/site-packages/myrobot_controller/simple_controller.py'...
[7.051s] Compiling '/home/ares/ares_code_projects/R2/install/myrobot_controller/lib/python3.13/site-packages/myrobot_controller/test_cmd.py'...
[7.055s] Invoked command in '/home/ares/ares_code_projects/R2/build/myrobot_controller' returned '0': CMAKE_PREFIX_PATH=${CMAKE_PREFIX_PATH}:/home/ares/ares_code_projects/R1/install/omni_mpc_controller:/home/ares/ares_code_projects/R1/install/laser:/opt/ros/humble CONDA_PROMPT_MODIFIER=(base) /usr/bin/cmake --install /home/ares/ares_code_projects/R2/build/myrobot_controller
