[0.303s] Invoking command in '/home/ares/ares_code_projects/build/usb_bulk_node': CMAKE_PREFIX_PATH=${CMAKE_PREFIX_PATH}:/home/ares/Desktop/dog/install/omni_mpc_controller:/home/ares/Desktop/dog/install/laser:/home/ares/ares_code_projects/R1/install/omni_mpc_controller:/home/ares/ares_code_projects/R1/install/laser:/opt/ros/humble CONDA_PROMPT_MODIFIER=(base) /usr/bin/cmake /home/ares/ares_code_projects/src/usb_bulk_node -DR1=ON -DCMAKE_BUILD_TYPE=Release -DAMENT_CMAKE_SYMLINK_INSTALL=1 -DCMAKE_INSTALL_PREFIX=/home/ares/ares_code_projects/install/usb_bulk_node
[0.307s] -- ===== 开始配置 =====
[0.307s] -- Build configured for R1
[0.308s] -- Found ament_cmake: 1.3.11 (/opt/ros/humble/share/ament_cmake/cmake)
[0.557s] -- Found Python3: /home/ares/miniconda3/bin/python3 (found version "3.13.2") found components: Interpreter 
[0.622s] -- Override CMake install command with custom implementation using symlinks instead of copying resources
[0.641s] -- Found rclcpp: 16.0.12 (/opt/ros/humble/share/rclcpp/cmake)
[0.682s] -- Found rosidl_generator_c: 3.1.6 (/opt/ros/humble/share/rosidl_generator_c/cmake)
[0.688s] -- Found rosidl_adapter: 3.1.6 (/opt/ros/humble/share/rosidl_adapter/cmake)
[0.698s] -- Found rosidl_generator_cpp: 3.1.6 (/opt/ros/humble/share/rosidl_generator_cpp/cmake)
[0.712s] -- Using all available rosidl_typesupport_c: rosidl_typesupport_fastrtps_c;rosidl_typesupport_introspection_c
[0.730s] -- Using all available rosidl_typesupport_cpp: rosidl_typesupport_fastrtps_cpp;rosidl_typesupport_introspection_cpp
[0.782s] -- Found rmw_implementation_cmake: 6.1.2 (/opt/ros/humble/share/rmw_implementation_cmake/cmake)
[0.786s] -- Found rmw_fastrtps_cpp: 6.2.7 (/opt/ros/humble/share/rmw_fastrtps_cpp/cmake)
[0.862s] -- Found OpenSSL: /usr/lib/x86_64-linux-gnu/libcrypto.so (found version "3.0.2")  
[0.892s] -- Found FastRTPS: /opt/ros/humble/include  
[0.921s] -- Using RMW implementation 'rmw_fastrtps_cpp' as default
[0.927s] -- Looking for C++ include pthread.h
[0.979s] -- Looking for C++ include pthread.h - found
[0.980s] -- Performing Test CMAKE_HAVE_LIBC_PTHREAD
[1.035s] -- Performing Test CMAKE_HAVE_LIBC_PTHREAD - Success
[1.036s] -- Found Threads: TRUE  
[1.066s] -- Found sensor_msgs: 4.9.0 (/opt/ros/humble/share/sensor_msgs/cmake)
[1.087s] -- Found PkgConfig: /usr/bin/pkg-config (found version "0.29.2") 
[1.087s] -- Checking for module 'libusb-1.0'
[1.098s] --   Found libusb-1.0, version 1.0.25
[1.122s] -- Found ament_lint_auto: 0.12.12 (/opt/ros/humble/share/ament_lint_auto/cmake)
[1.232s] -- Added test 'cppcheck' to perform static code analysis on C / C++ code
[1.232s] -- Configured cppcheck include dirs: /home/ares/ares_code_projects/src/usb_bulk_node/include/usb_bulk_node
[1.233s] -- Configured cppcheck exclude dirs and/or files: 
[1.240s] -- Added test 'lint_cmake' to check CMake code style
[1.242s] -- Added test 'uncrustify' to check C / C++ code style
[1.242s] -- Configured uncrustify additional arguments: 
[1.243s] -- Added test 'xmllint' to check XML markup files
[1.250s] -- Configuring done
[1.276s] -- Generating done
[1.287s] -- Build files have been written to: /home/ares/ares_code_projects/build/usb_bulk_node
[1.298s] Invoked command in '/home/ares/ares_code_projects/build/usb_bulk_node' returned '0': CMAKE_PREFIX_PATH=${CMAKE_PREFIX_PATH}:/home/ares/Desktop/dog/install/omni_mpc_controller:/home/ares/Desktop/dog/install/laser:/home/ares/ares_code_projects/R1/install/omni_mpc_controller:/home/ares/ares_code_projects/R1/install/laser:/opt/ros/humble CONDA_PROMPT_MODIFIER=(base) /usr/bin/cmake /home/ares/ares_code_projects/src/usb_bulk_node -DR1=ON -DCMAKE_BUILD_TYPE=Release -DAMENT_CMAKE_SYMLINK_INSTALL=1 -DCMAKE_INSTALL_PREFIX=/home/ares/ares_code_projects/install/usb_bulk_node
[1.299s] Invoking command in '/home/ares/ares_code_projects/build/usb_bulk_node': CMAKE_PREFIX_PATH=${CMAKE_PREFIX_PATH}:/home/ares/Desktop/dog/install/omni_mpc_controller:/home/ares/Desktop/dog/install/laser:/home/ares/ares_code_projects/R1/install/omni_mpc_controller:/home/ares/ares_code_projects/R1/install/laser:/opt/ros/humble CONDA_PROMPT_MODIFIER=(base) /usr/bin/cmake --build /home/ares/ares_code_projects/build/usb_bulk_node -- -j16 -l16
[1.395s] [ 33%] [32mBuilding CXX object CMakeFiles/usb_bulk_node.dir/src/usb_bulk_node.cpp.o[0m
[1.400s] [ 66%] [32mBuilding CXX object CMakeFiles/usb_bulk_node.dir/src/ares_protocol.cpp.o[0m
[6.462s] [100%] [32m[1mLinking CXX executable usb_bulk_node[0m
[6.689s] [100%] Built target usb_bulk_node
[6.695s] Invoked command in '/home/ares/ares_code_projects/build/usb_bulk_node' returned '0': CMAKE_PREFIX_PATH=${CMAKE_PREFIX_PATH}:/home/ares/Desktop/dog/install/omni_mpc_controller:/home/ares/Desktop/dog/install/laser:/home/ares/ares_code_projects/R1/install/omni_mpc_controller:/home/ares/ares_code_projects/R1/install/laser:/opt/ros/humble CONDA_PROMPT_MODIFIER=(base) /usr/bin/cmake --build /home/ares/ares_code_projects/build/usb_bulk_node -- -j16 -l16
[6.696s] Invoking command in '/home/ares/ares_code_projects/build/usb_bulk_node': CMAKE_PREFIX_PATH=${CMAKE_PREFIX_PATH}:/home/ares/Desktop/dog/install/omni_mpc_controller:/home/ares/Desktop/dog/install/laser:/home/ares/ares_code_projects/R1/install/omni_mpc_controller:/home/ares/ares_code_projects/R1/install/laser:/opt/ros/humble CONDA_PROMPT_MODIFIER=(base) /usr/bin/cmake --install /home/ares/ares_code_projects/build/usb_bulk_node
[6.700s] -- Install configuration: ""
[6.701s] -- Execute custom install script
[6.701s] -- Symlinking: /home/ares/ares_code_projects/install/usb_bulk_node/lib/usb_bulk_node/usb_bulk_node
[6.705s] -- Symlinking: /home/ares/ares_code_projects/install/usb_bulk_node/share/ament_index/resource_index/package_run_dependencies/usb_bulk_node
[6.709s] -- Symlinking: /home/ares/ares_code_projects/install/usb_bulk_node/share/ament_index/resource_index/parent_prefix_path/usb_bulk_node
[6.714s] -- Symlinking: /home/ares/ares_code_projects/install/usb_bulk_node/share/usb_bulk_node/environment/ament_prefix_path.sh
[6.719s] -- Symlinking: /home/ares/ares_code_projects/install/usb_bulk_node/share/usb_bulk_node/environment/ament_prefix_path.dsv
[6.723s] -- Symlinking: /home/ares/ares_code_projects/install/usb_bulk_node/share/usb_bulk_node/environment/path.sh
[6.729s] -- Symlinking: /home/ares/ares_code_projects/install/usb_bulk_node/share/usb_bulk_node/environment/path.dsv
[6.735s] -- Symlinking: /home/ares/ares_code_projects/install/usb_bulk_node/share/usb_bulk_node/local_setup.bash
[6.741s] -- Symlinking: /home/ares/ares_code_projects/install/usb_bulk_node/share/usb_bulk_node/local_setup.sh
[6.745s] -- Symlinking: /home/ares/ares_code_projects/install/usb_bulk_node/share/usb_bulk_node/local_setup.zsh
[6.752s] -- Symlinking: /home/ares/ares_code_projects/install/usb_bulk_node/share/usb_bulk_node/local_setup.dsv
[6.757s] -- Symlinking: /home/ares/ares_code_projects/install/usb_bulk_node/share/usb_bulk_node/package.dsv
[6.762s] -- Symlinking: /home/ares/ares_code_projects/install/usb_bulk_node/share/ament_index/resource_index/packages/usb_bulk_node
[6.768s] -- Symlinking: /home/ares/ares_code_projects/install/usb_bulk_node/share/usb_bulk_node/cmake/usb_bulk_nodeConfig.cmake
[6.772s] -- Symlinking: /home/ares/ares_code_projects/install/usb_bulk_node/share/usb_bulk_node/cmake/usb_bulk_nodeConfig-version.cmake
[6.776s] -- Symlinking: /home/ares/ares_code_projects/install/usb_bulk_node/share/usb_bulk_node/package.xml
[6.784s] Invoked command in '/home/ares/ares_code_projects/build/usb_bulk_node' returned '0': CMAKE_PREFIX_PATH=${CMAKE_PREFIX_PATH}:/home/ares/Desktop/dog/install/omni_mpc_controller:/home/ares/Desktop/dog/install/laser:/home/ares/ares_code_projects/R1/install/omni_mpc_controller:/home/ares/ares_code_projects/R1/install/laser:/opt/ros/humble CONDA_PROMPT_MODIFIER=(base) /usr/bin/cmake --install /home/ares/ares_code_projects/build/usb_bulk_node
